"../../../OverHeat/Content/MAT_PowerSupply.uasset" 0
"../../../OverHeat/Content/sci_fi_searchligh_BaseColor.uasset" 1
"../../../OverHeat/Content/sci_fi_searchligh_Emitters.uasset" 2
"../../../OverHeat/Content/sci_fi_searchligh_Normal.uasset" 3
"../../../OverHeat/Content/sci_fi_searchligh_Roughness.uasset" 4
"../../../OverHeat/Content/sci_fi_searchligh_Specular.uasset" 5
"../../../OverHeat/Content/MAT_Searchlight.uasset" 6
"../../../OverHeat/Content/PowerSupply.uasset" 7
"../../../OverHeat/Content/sci_fi_searchligh_Height.uasset" 8
"../../../OverHeat/Content/SearchLight.uasset" 9
"../../../OverHeat/Content/Bucket/BucketBP.uasset" 10
"../../../OverHeat/Content/Bucket/Materials/Bucket.uasset" 11
"../../../OverHeat/Content/Bucket/Materials/mat_metal.uasset" 12
"../../../OverHeat/Content/Bucket/Materials/mat_wood_03.uasset" 13
"../../../OverHeat/Content/Bucket/Materials/mat_wood_07.uasset" 14
"../../../OverHeat/Content/Bucket/Textures/metal_diffuse.uasset" 15
"../../../OverHeat/Content/Bucket/Textures/metal_normal.uasset" 16
"../../../OverHeat/Content/Bucket/Textures/metal_occlusion.uasset" 17
"../../../OverHeat/Content/Bucket/Textures/metal_roughness.uasset" 18
"../../../OverHeat/Content/Bucket/Textures/metal_specular.uasset" 19
"../../../OverHeat/Content/Bucket/Textures/wood_03_diffuse.uasset" 20
"../../../OverHeat/Content/Bucket/Textures/wood_03_normal.uasset" 21
"../../../OverHeat/Content/Bucket/Textures/wood_03_occlusion.uasset" 22
"../../../OverHeat/Content/Bucket/Textures/wood_03_roughness.uasset" 23
"../../../OverHeat/Content/Bucket/Textures/wood_03_specular.uasset" 24
"../../../OverHeat/Content/Bucket/Textures/wood_07_diffuse.uasset" 25
"../../../OverHeat/Content/Bucket/Textures/wood_07_normal.uasset" 26
"../../../OverHeat/Content/Bucket/Textures/wood_07_occlusion.uasset" 27
"../../../OverHeat/Content/Bucket/Textures/wood_07_roughness.uasset" 28
"../../../OverHeat/Content/Bucket/Textures/wood_07_specular.uasset" 29
"../../../OverHeat/Content/FuturisticBucketMaterial/EBase.uasset" 30
"../../../OverHeat/Content/FuturisticBucketMaterial/EBlue.uasset" 31
"../../../OverHeat/Content/Geometry/Meshes/CubeMaterial.uasset" 32
"../../../OverHeat/Content/Geometry/Meshes/1M_Cube.uasset" 33
"../../../OverHeat/Content/Geometry/Meshes/1M_Cube_Chamfer.uasset" 34
"../../../OverHeat/Content/Geometry/Meshes/TemplateFloor.uasset" 35
"../../../OverHeat/Content/PowerSupply/_polySurface25Mat.uasset" 36
"../../../OverHeat/Content/SearchLight/blinn1SG.uasset" 37
"../../../OverHeat/Content/SearchLight/sci_fi_searchlight.uasset" 38
"../../../OverHeat/Content/StarterContent/Audio/Explosion01.uasset" 39
"../../../OverHeat/Content/StarterContent/Audio/Explosion02.uasset" 40
"../../../OverHeat/Content/StarterContent/Audio/Fire01_Cue.uasset" 41
"../../../OverHeat/Content/StarterContent/Audio/Light02_Cue.uasset" 42
"../../../OverHeat/Content/StarterContent/Audio/Smoke01_Cue.uasset" 43
"../../../OverHeat/Content/StarterContent/Audio/Steam01_Cue.uasset" 44
"../../../OverHeat/Content/StarterContent/Particles/P_Fire.uasset" 45
"../../../OverHeat/Content/StarterContent/Particles/P_Smoke.uasset" 46
"../../../OverHeat/Content/StarterContent/Particles/P_Sparks.uasset" 47
"../../../OverHeat/Content/StarterContent/Props/SM_Bush.uasset" 48
"../../../OverHeat/Content/StarterContent/Props/SM_Couch.uasset" 49
"../../../OverHeat/Content/StarterContent/Materials/M_Glass.uasset" 50
"../../../OverHeat/Content/StarterContent/Props/SM_Door.uasset" 51
"../../../OverHeat/Content/StarterContent/Props/SM_Lamp_Wall.uasset" 52
"../../../OverHeat/Content/StarterContent/Props/SM_Rock.uasset" 53
"../../../OverHeat/Content/StarterContent/Props/SM_Shelf.uasset" 54
"../../../OverHeat/Content/StarterContent/Props/SM_Stairs.uasset" 55
"../../../OverHeat/Content/StarterContent/Shapes/Shape_Cone.uasset" 56
"../../../OverHeat/Content/StarterContent/Shapes/Shape_Pipe.uasset" 57
"../../../OverHeat/Content/StarterContent/Shapes/Shape_Plane.uasset" 58
"../../../OverHeat/Content/StarterContent/Shapes/Shape_Torus.uasset" 59
"../../../OverHeat/Content/StarterContent/Shapes/Shape_Trim.uasset" 60
"../../../OverHeat/Content/StarterContent/Shapes/Shape_Tube.uasset" 61
"../../../OverHeat/Content/StarterContent/Textures/T_Burst_M.uasset" 62
"../../../OverHeat/Content/StarterContent/Textures/T_Bush_D.uasset" 63
"../../../OverHeat/Content/StarterContent/Textures/T_Bush_N.uasset" 64
"../../../OverHeat/Content/StarterContent/Textures/T_Chair_M.uasset" 65
"../../../OverHeat/Content/StarterContent/Textures/T_Chair_N.uasset" 66
"../../../OverHeat/Content/StarterContent/Textures/T_Door_M.uasset" 67
"../../../OverHeat/Content/StarterContent/Textures/T_Door_N.uasset" 68
"../../../OverHeat/Content/StarterContent/Textures/T_Frame_M.uasset" 69
"../../../OverHeat/Content/StarterContent/Textures/T_Frame_N.uasset" 70
"../../../OverHeat/Content/StarterContent/Textures/T_Lamp_M.uasset" 71
"../../../OverHeat/Content/StarterContent/Textures/T_Lamp_N.uasset" 72
"../../../OverHeat/Content/StarterContent/Textures/T_Shelf_M.uasset" 73
"../../../OverHeat/Content/StarterContent/Textures/T_Shelf_N.uasset" 74
"../../../OverHeat/Content/StarterContent/Textures/T_Water_M.uasset" 75
"../../../OverHeat/Content/StarterContent/Textures/T_Water_N.uasset" 76
"../../../OverHeat/Content/ThirdPerson/Meshes/RampMaterial.uasset" 77
"../../../Engine/Content/EngineMaterials/DefaultMaterial.uasset" 78
"../../../Engine/Content/BasicShapes/Cylinder.uasset" 79
"../../../OverHeat/Content/StarterContent/Audio/Light01_Cue.uasset" 80
"../../../OverHeat/Content/StarterContent/Props/SM_Statue.uasset" 81
"../../../OverHeat/Content/ThirdPersonBP/Blueprints/BP_Item.uasset" 82
"../../../OverHeat/Content/Bucket/WaterPartFXBP.uasset" 83
"../../../OverHeat/Content/WaterSurface.uasset" 84
"../../../OverHeat/Content/WaterSurface_BP.uasset" 85
"../../../OverHeat/Content/FuturisticBucketMaterial/EGreen.uasset" 86
"../../../OverHeat/Content/FuturisticBucketMaterial/ERed.uasset" 87
"../../../OverHeat/Content/FuturisticBucketMaterial/EYellow.uasset" 88
"../../../Engine/Content/EngineMaterials/WorldGridMaterial.uasset" 89
"../../../OverHeat/Content/Bucket_SM.uasset" 90
"../../../OverHeat/Content/Bucket_BP.uasset" 91
"../../../OverHeat/Content/ThirdPersonBP/UMG/RunHUD.uasset" 92
"../../../Engine/Content/BasicShapes/Cone.uasset" 93
"../../../Engine/Content/BasicShapes/Cube.uasset" 94
"../../../Engine/Content/BasicShapes/Plane.uasset" 95
"../../../Engine/Content/BasicShapes/Sphere.uasset" 96
"../../../Engine/Content/EditorLandscapeResources/DataLayer.uasset" 97
"../../../Engine/Content/EditorMaterials/GizmoMaterial.uasset" 98
"../../../Engine/Content/EditorMaterials/MAT_Groups_Toggle.uasset" 99
"../../../Engine/Content/EditorMaterials/Camera/CineMat.uasset" 100
"../../../Engine/Content/EditorMaterials/Cascade/CASC_Cross.uasset" 101
"../../../Engine/Content/EditorMaterials/Cascade/CASC_None.uasset" 102
"../../../Engine/Content/EditorMeshes/Camera/SM_CraneRig_Arm.uasset" 103
"../../../Engine/Content/EditorResources/BSPVertex.uasset" 104
"../../../Engine/Content/EditorResources/EmptyActor.uasset" 105
"../../../Engine/Content/EditorResources/S_Actor.uasset" 106
"../../../Engine/Content/EditorResources/S_Trigger.uasset" 107
"../../../Engine/Content/EngineDebugMaterials/ClothMaterial.uasset" 108
"../../../Engine/Content/EngineDebugMaterials/GeomMaterial.uasset" 109
"../../../Engine/Content/EngineFonts/Faces/RobotoBold.uasset" 110
"../../../Engine/Content/EngineFonts/Faces/RobotoBoldItalic.uasset" 111
"../../../Engine/Content/EngineFonts/Faces/RobotoItalic.uasset" 112
"../../../Engine/Content/EngineFonts/Faces/RobotoLight.uasset" 113
"../../../Engine/Content/EngineFonts/Faces/RobotoRegular.uasset" 114
"../../../Engine/Content/EngineFonts/Roboto.uasset" 115
"../../../Engine/Content/EngineFonts/RobotoDistanceField.uasset" 116
"../../../Engine/Content/EngineFonts/Faces/RobotoTiny.uasset" 117
"../../../Engine/Content/EngineFonts/RobotoTiny.uasset" 118
"../../../Engine/Content/EngineMaterials/DefaultBloomKernel.uasset" 119
"../../../Engine/Content/EngineMaterials/DefaultBokeh.uasset" 120
"../../../Engine/Content/EngineMaterials/DefaultDiffuse.uasset" 121
"../../../Engine/Content/EngineMaterials/DefaultWhiteGrid.uasset" 122
"../../../Engine/Content/EngineMaterials/EditorBrushMaterial.uasset" 123
"../../../Engine/Content/EngineMaterials/MiniFont.uasset" 124
"../../../Engine/Content/EngineResources/WhiteSquareTexture.uasset" 125
"../../../Engine/Content/EngineMaterials/Widget3DPassThrough.uasset" 126
"../../../Engine/Content/EngineMeshes/Cube.uasset" 127
"../../../Engine/Content/EngineMeshes/Cylinder.uasset" 128
"../../../Engine/Content/EngineMeshes/Sphere.uasset" 129
"../../../Engine/Content/EngineResources/Black.uasset" 130
"../../../Engine/Content/EngineResources/DefaultTexture.uasset" 131
"../../../Engine/Content/EngineResources/DefaultTextureCube.uasset" 132
"../../../Engine/Content/EngineResources/GradientTexture0.uasset" 133
"../../../Engine/Content/EngineSounds/Master.uasset" 134
"../../../Engine/Content/Maps/Templates/Thumbnails/Default.uasset" 135
"../../../Engine/Content/Maps/Templates/Thumbnails/VR-Basic.uasset" 136
"../../../Engine/Content/MobileResources/T_MobileMenu2.uasset" 137
"../../../Engine/Content/MobileResources/HUD/AnalogHat.uasset" 138
"../../../Engine/Content/Tutorial/ContentIntroCurve.uasset" 139
"../../../Engine/Content/VREditor/Devices/Generic/GenericHMD.uasset" 140
"../../../Engine/Content/VREditor/FloatingText/LineMaterial.uasset" 141
"../../../Engine/Content/VREditor/FloatingText/JointSphere.uasset" 142
"../../../Engine/Content/VREditor/Fonts/VRText_RobotoLarge.uasset" 143
"../../../Engine/Content/VREditor/Fonts/VRTextMaterial.uasset" 144
"../../../Engine/Content/VREditor/LaserPointer/CursorPointer.uasset" 145
"../../../Engine/Content/VREditor/LaserPointer/HoverMaterial.uasset" 146
"../../../Engine/Content/VREditor/LaserPointer/HoverMesh.uasset" 147
"../../../Engine/Content/VREditor/SnapGrid/SnapGridMaterial.uasset" 148
"../../../Engine/Content/VREditor/SnapGrid/SnapGridPlaneMesh.uasset" 149
"../../../Engine/Content/VREditor/Sounds/VR_teleport.uasset" 150
"../../../Engine/Content/VREditor/Sounds/UI/Click_on_Button.uasset" 151
"../../../Engine/Content/VREditor/Sounds/UI/Object_PickUp.uasset" 152
"../../../Engine/Content/VREditor/Sounds/UI/Scaling_Down.uasset" 153
"../../../Engine/Content/VREditor/Sounds/UI/Scaling_Up.uasset" 154
"../../../Engine/Content/VREditor/TransformGizmo/Main.uasset" 155
"../../../Engine/Content/VREditor/TransformGizmo/Xray.uasset" 156
"../../../Engine/Content/VREditor/UI/KeyDiskMaterial.uasset" 157
"../../../Engine/Content/VREditor/UI/DiscMaterial.uasset" 158
"../../../Engine/Content/VREditor/UI/SM_Radial_Disk.uasset" 159
"../../../Engine/Plugins/2D/Paper2D/Content/DummySprite.uasset" 160
"../../../Engine/Content/EngineSky/C_Sky_Cloud_Color.uasset" 161
"../../../Engine/Content/EngineSky/C_Sky_Horizon_Color.uasset" 162
"../../../Engine/Content/EngineSky/C_Sky_Zenith_Color.uasset" 163
"../../../Engine/Content/EngineSky/T_Sky_Blue.uasset" 164
"../../../Engine/Content/EngineSky/T_Sky_Clouds_M.uasset" 165
"../../../Engine/Content/EngineSky/T_Sky_Stars.uasset" 166
"../../../Engine/Content/EngineSky/M_Sky_Panning_Clouds2.uasset" 167
"../../../Engine/Content/EngineSky/SM_SkySphere.uasset" 168
"../../../Engine/Content/EngineSky/BP_Sky_Sphere.uasset" 169
"../../../OverHeat/Content/StarterContent/Props/SM_Chair.uasset" 170
"../../../OverHeat/Content/StarterContent/Maps/Minimal_Default.umap" 171
"../../../OverHeat/Content/StarterContent/Audio/Collapse_Cue.uasset" 172
"../../../OverHeat/Content/StarterContent/Props/SM_DoorFrame.uasset" 173
"../../../OverHeat/Content/StarterContent/Shapes/Shape_Cube.uasset" 174
"../../../OverHeat/Content/StarterContent/Maps/StarterMap.umap" 175
"../../../OverHeat/Content/MySaveGame.uasset" 176
"../../../OverHeat/Content/ThirdPersonBP/UMG/maxresdefault.uasset" 177
"../../../OverHeat/Content/ThirdPersonBP/UMG/Instructions.uasset" 178
"../../../OverHeat/Content/ThirdPersonBP/UMG/MainMenu.uasset" 179
"../../../OverHeat/Content/ThirdPersonBP/Maps/MainMenu.umap" 180
"../../../OverHeat/Content/background_music.uasset" 181
"../../../OverHeat/Content/ThirdPersonBP/Maps/ProceduralMap.umap" 182
"../../../Engine/Content/Maps/Entry.umap" 183
