Log file open, 03/20/18 12:02:10
LogWindows: Failed to load 'aqProf.dll' (GetLastError=126)
LogWindows: File 'aqProf.dll' does not exist
LogWindows: Failed to load 'VtuneApi.dll' (GetLastError=126)
LogWindows: File 'VtuneApi.dll' does not exist
LogWindows: Failed to load 'VtuneApi32e.dll' (GetLastError=126)
LogWindows: File 'VtuneApi32e.dll' does not exist
LogInit: Display: Running engine for game: WaterRunnerAlpha_1
LogPlatformFile: Not using cached read wrapper
LogInit: Display: RandInit(-217334182) SRandInit(-217334182).
LogInit: Read version file with build ID '3709383'
LogInit: Overriding engine version to CL 3832480, compatible CL 3709383
LogInit: Registered custom module enumerator with build ID '3709383'
LogInit: Warning: Passing commandline switches using / instead of - has been deprecated and will be removed in future versions of Unreal Engine.
LogTaskGraph: Started task graph with 5 named threads and 14 total threads with 3 sets of task threads.
LogStats: Stats thread started at 0.210690
LogD3D11RHI: Aftermath initialized
LogInit: Warning: Passing commandline switches using / instead of - has been deprecated and will be removed in future versions of Unreal Engine.
LogModuleManager: Display: Found up-to-date module file ../../../Engine/Plugins/2D/Paper2D/Binaries/Win64/UE4Editor-Paper2D.dll (API version 3709383).
LogModuleManager: Display: Found up-to-date module file ../../../Engine/Plugins/2D/Paper2D/Binaries/Win64/UE4Editor-Paper2DEditor.dll (API version 3709383).
LogModuleManager: Display: Found up-to-date module file ../../../Engine/Plugins/2D/Paper2D/Binaries/Win64/UE4Editor-PaperSpriteSheetImporter.dll (API version 3709383).
LogModuleManager: Display: Found up-to-date module file ../../../Engine/Plugins/2D/Paper2D/Binaries/Win64/UE4Editor-PaperTiledImporter.dll (API version 3709383).
LogModuleManager: Display: Found up-to-date module file ../../../Engine/Plugins/2D/Paper2D/Binaries/Win64/UE4Editor-SmartSnapping.dll (API version 3709383).
LogModuleManager: Display: Found up-to-date module file ../../../Engine/Plugins/Blendables/LightPropagationVolume/Binaries/Win64/UE4Editor-LightPropagationVolumeRuntime.dll (API version 3709383).
LogModuleManager: Display: Found up-to-date module file ../../../Engine/Plugins/Blendables/LightPropagationVolume/Binaries/Win64/UE4Editor-LightPropagationVolumeEditor.dll (API version 3709383).
LogModuleManager: Display: Found up-to-date module file ../../../Engine/Plugins/Developer/GitSourceControl/Binaries/Win64/UE4Editor-GitSourceControl.dll (API version 3709383).
LogModuleManager: Display: Found up-to-date module file ../../../Engine/Plugins/Developer/PerforceSourceControl/Binaries/Win64/UE4Editor-PerforceSourceControl.dll (API version 3709383).
LogModuleManager: Display: Found up-to-date module file ../../../Engine/Plugins/Developer/SubversionSourceControl/Binaries/Win64/UE4Editor-SubversionSourceControl.dll (API version 3709383).
LogModuleManager: Display: Found up-to-date module file ../../../Engine/Plugins/Developer/UObjectPlugin/Binaries/Win64/UE4Editor-UObjectPlugin.dll (API version 3709383).
LogModuleManager: Display: Found up-to-date module file ../../../Engine/Plugins/Developer/VisualStudioCodeSourceCodeAccess/Binaries/Win64/UE4Editor-VisualStudioCodeSourceCodeAccess.dll (API version 3709383).
LogModuleManager: Display: Found up-to-date module file ../../../Engine/Plugins/Developer/VisualStudioSourceCodeAccess/Binaries/Win64/UE4Editor-VisualStudioSourceCodeAccess.dll (API version 3709383).
LogModuleManager: Display: Found up-to-date module file ../../../Engine/Plugins/Editor/AssetManagerEditor/Binaries/Win64/UE4Editor-AssetManagerEditor.dll (API version 3709383).
LogModuleManager: Display: Found up-to-date module file ../../../Engine/Plugins/Editor/AudioCapture/Binaries/Win64/UE4Editor-AudioCapture.dll (API version 3709383).
LogModuleManager: Display: Found up-to-date module file ../../../Engine/Plugins/Editor/FacialAnimation/Binaries/Win64/UE4Editor-FacialAnimation.dll (API version 3709383).
LogModuleManager: Display: Found up-to-date module file ../../../Engine/Plugins/Editor/FacialAnimation/Binaries/Win64/UE4Editor-FacialAnimationEditor.dll (API version 3709383).
LogModuleManager: Display: Found up-to-date module file ../../../Engine/Plugins/Editor/GameplayTagsEditor/Binaries/Win64/UE4Editor-GameplayTagsEditor.dll (API version 3709383).
LogModuleManager: Display: Found up-to-date module file ../../../Engine/Plugins/Editor/MobileLauncherProfileWizard/Binaries/Win64/UE4Editor-MobileLauncherProfileWizard.dll (API version 3709383).
LogModuleManager: Display: Found up-to-date module file ../../../Engine/Plugins/Editor/PluginBrowser/Binaries/Win64/UE4Editor-PluginBrowser.dll (API version 3709383).
LogModuleManager: Display: Found up-to-date module file ../../../Engine/Plugins/Editor/SpeedTreeImporter/Binaries/Win64/UE4Editor-SpeedTreeImporter.dll (API version 3709383).
LogModuleManager: Display: Found up-to-date module file ../../../Engine/Plugins/Experimental/AlembicImporter/Binaries/Win64/UE4Editor-AlembicImporter.dll (API version 3709383).
LogModuleManager: Display: Found up-to-date module file ../../../Engine/Plugins/Experimental/AlembicImporter/Binaries/Win64/UE4Editor-AlembicLibrary.dll (API version 3709383).
LogModuleManager: Display: Found up-to-date module file ../../../Engine/Plugins/Experimental/CharacterAI/Binaries/Win64/UE4Editor-CharacterAI.dll (API version 3709383).
LogModuleManager: Display: Found up-to-date module file ../../../Engine/Plugins/Experimental/HTML5Networking/Binaries/Win64/UE4Editor-HTML5Networking.dll (API version 3709383).
LogModuleManager: Display: Found up-to-date module file ../../../Engine/Plugins/Media/AndroidMedia/Binaries/Win64/UE4Editor-AndroidMediaEditor.dll (API version 3709383).
LogModuleManager: Display: Found up-to-date module file ../../../Engine/Plugins/Media/AndroidMedia/Binaries/Win64/UE4Editor-AndroidMediaFactory.dll (API version 3709383).
LogModuleManager: Display: Found up-to-date module file ../../../Engine/Plugins/Media/AvfMedia/Binaries/Win64/UE4Editor-AvfMediaEditor.dll (API version 3709383).
LogModuleManager: Display: Found up-to-date module file ../../../Engine/Plugins/Media/AvfMedia/Binaries/Win64/UE4Editor-AvfMediaFactory.dll (API version 3709383).
LogModuleManager: Display: Found up-to-date module file ../../../Engine/Plugins/Media/AvfMedia/Binaries/Win64/UE4Editor-AvfMediaFactory.dll (API version 3709383).
LogModuleManager: Display: Found up-to-date module file ../../../Engine/Plugins/Media/ImgMedia/Binaries/Win64/UE4Editor-ImgMedia.dll (API version 3709383).
LogModuleManager: Display: Found up-to-date module file ../../../Engine/Plugins/Media/ImgMedia/Binaries/Win64/UE4Editor-ImgMediaEditor.dll (API version 3709383).
LogModuleManager: Display: Found up-to-date module file ../../../Engine/Plugins/Media/ImgMedia/Binaries/Win64/UE4Editor-ImgMediaFactory.dll (API version 3709383).
LogModuleManager: Display: Found up-to-date module file ../../../Engine/Plugins/Media/ImgMedia/Binaries/Win64/UE4Editor-ImgMediaFactory.dll (API version 3709383).
LogModuleManager: Display: Found up-to-date module file ../../../Engine/Plugins/Media/ImgMedia/Binaries/Win64/UE4Editor-OpenExrWrapper.dll (API version 3709383).
LogModuleManager: Display: Found up-to-date module file ../../../Engine/Plugins/Media/MediaCompositing/Binaries/Win64/UE4Editor-MediaCompositing.dll (API version 3709383).
LogModuleManager: Display: Found up-to-date module file ../../../Engine/Plugins/Media/MediaCompositing/Binaries/Win64/UE4Editor-MediaCompositingEditor.dll (API version 3709383).
LogModuleManager: Display: Found up-to-date module file ../../../Engine/Plugins/Media/MediaPlayerEditor/Binaries/Win64/UE4Editor-MediaPlayerEditor.dll (API version 3709383).
LogModuleManager: Display: Found up-to-date module file ../../../Engine/Plugins/Media/WmfMedia/Binaries/Win64/UE4Editor-WmfMedia.dll (API version 3709383).
LogModuleManager: Display: Found up-to-date module file ../../../Engine/Plugins/Media/WmfMedia/Binaries/Win64/UE4Editor-WmfMediaEditor.dll (API version 3709383).
LogModuleManager: Display: Found up-to-date module file ../../../Engine/Plugins/Media/WmfMedia/Binaries/Win64/UE4Editor-WmfMediaFactory.dll (API version 3709383).
LogModuleManager: Display: Found up-to-date module file ../../../Engine/Plugins/Media/WmfMedia/Binaries/Win64/UE4Editor-WmfMediaFactory.dll (API version 3709383).
LogModuleManager: Display: Found up-to-date module file ../../../Engine/Plugins/Messaging/TcpMessaging/Binaries/Win64/UE4Editor-TcpMessaging.dll (API version 3709383).
LogModuleManager: Display: Found up-to-date module file ../../../Engine/Plugins/Messaging/UdpMessaging/Binaries/Win64/UE4Editor-UdpMessaging.dll (API version 3709383).
LogModuleManager: Display: Found up-to-date module file ../../../Engine/Plugins/MovieScene/ActorSequence/Binaries/Win64/UE4Editor-ActorSequence.dll (API version 3709383).
LogModuleManager: Display: Found up-to-date module file ../../../Engine/Plugins/MovieScene/LevelSequenceEditor/Binaries/Win64/UE4Editor-LevelSequenceEditor.dll (API version 3709383).
LogModuleManager: Display: Found up-to-date module file ../../../Engine/Plugins/MovieScene/MatineeToLevelSequence/Binaries/Win64/UE4Editor-MatineeToLevelSequence.dll (API version 3709383).
LogModuleManager: Display: Found up-to-date module file ../../../Engine/Plugins/Online/OnlineSubsystem/Binaries/Win64/UE4Editor-OnlineSubsystem.dll (API version 3709383).
LogModuleManager: Display: Found up-to-date module file ../../../Engine/Plugins/Runtime/AndroidPermission/Binaries/Win64/UE4Editor-AndroidPermission.dll (API version 3709383).
LogModuleManager: Display: Found up-to-date module file ../../../Engine/Plugins/Online/OnlineSubsystemNull/Binaries/Win64/UE4Editor-OnlineSubsystemNull.dll (API version 3709383).
LogModuleManager: Display: Found up-to-date module file ../../../Engine/Plugins/Online/OnlineSubsystemUtils/Binaries/Win64/UE4Editor-OnlineSubsystemUtils.dll (API version 3709383).
LogModuleManager: Display: Found up-to-date module file ../../../Engine/Plugins/Online/OnlineSubsystemUtils/Binaries/Win64/UE4Editor-OnlineBlueprintSupport.dll (API version 3709383).
LogModuleManager: Display: Found up-to-date module file ../../../Engine/Plugins/Runtime/AndroidDeviceProfileSelector/Binaries/Win64/UE4Editor-AndroidDeviceProfileSelector.dll (API version 3709383).
LogModuleManager: Display: Found up-to-date module file ../../../Engine/Plugins/Runtime/AppleARKit/Binaries/Win64/UE4Editor-AppleARKit.dll (API version 3709383).
LogModuleManager: Display: Found up-to-date module file ../../../Engine/Plugins/Runtime/ArchVisCharacter/Binaries/Win64/UE4Editor-ArchVisCharacter.dll (API version 3709383).
LogModuleManager: Display: Found up-to-date module file ../../../Engine/Plugins/Runtime/CableComponent/Binaries/Win64/UE4Editor-CableComponent.dll (API version 3709383).
LogModuleManager: Display: Found up-to-date module file ../../../Engine/Plugins/Runtime/CustomMeshComponent/Binaries/Win64/UE4Editor-CustomMeshComponent.dll (API version 3709383).
LogModuleManager: Display: Found up-to-date module file ../../../Engine/Plugins/Runtime/ExampleDeviceProfileSelector/Binaries/Win64/UE4Editor-ExampleDeviceProfileSelector.dll (API version 3709383).
LogModuleManager: Display: Found up-to-date module file ../../../Engine/Plugins/Runtime/ImmediatePhysics/Binaries/Win64/UE4Editor-ImmediatePhysics.dll (API version 3709383).
LogModuleManager: Display: Found up-to-date module file ../../../Engine/Plugins/Runtime/ImmediatePhysics/Binaries/Win64/UE4Editor-ImmediatePhysicsEditor.dll (API version 3709383).
LogModuleManager: Display: Found up-to-date module file ../../../Engine/Plugins/Runtime/LocationServicesBPLibrary/Binaries/Win64/UE4Editor-LocationServicesBPLibrary.dll (API version 3709383).
LogModuleManager: Display: Found up-to-date module file ../../../Engine/Plugins/Runtime/MobilePatchingUtils/Binaries/Win64/UE4Editor-MobilePatchingUtils.dll (API version 3709383).
LogModuleManager: Display: Found up-to-date module file ../../../Engine/Plugins/Runtime/Oculus/OculusVR/Binaries/Win64/UE4Editor-OculusHMD.dll (API version 3709383).
LogModuleManager: Display: Found up-to-date module file ../../../Engine/Plugins/Runtime/Oculus/OculusVR/Binaries/Win64/UE4Editor-OculusInput.dll (API version 3709383).
LogModuleManager: Display: Found up-to-date module file ../../../Engine/Plugins/Runtime/Oculus/OculusVR/Binaries/Win64/UE4Editor-OculusEditor.dll (API version 3709383).
LogModuleManager: Display: Found up-to-date module file ../../../Engine/Plugins/Runtime/PhysXVehicles/Binaries/Win64/UE4Editor-PhysXVehicles.dll (API version 3709383).
LogModuleManager: Display: Found up-to-date module file ../../../Engine/Plugins/Runtime/PhysXVehicles/Binaries/Win64/UE4Editor-PhysXVehiclesEditor.dll (API version 3709383).
LogModuleManager: Display: Found up-to-date module file ../../../Engine/Plugins/Runtime/ProceduralMeshComponent/Binaries/Win64/UE4Editor-ProceduralMeshComponent.dll (API version 3709383).
LogModuleManager: Display: Found up-to-date module file ../../../Engine/Plugins/Runtime/ProceduralMeshComponent/Binaries/Win64/UE4Editor-ProceduralMeshComponentEditor.dll (API version 3709383).
LogModuleManager: Display: Found up-to-date module file ../../../Engine/Plugins/Runtime/RuntimePhysXCooking/Binaries/Win64/UE4Editor-RuntimePhysXCooking.dll (API version 3709383).
LogModuleManager: Display: Found up-to-date module file ../../../Engine/Plugins/Runtime/Steam/SteamVR/Binaries/Win64/UE4Editor-SteamVR.dll (API version 3709383).
LogModuleManager: Display: Found up-to-date module file ../../../Engine/Plugins/Runtime/Steam/SteamVR/Binaries/Win64/UE4Editor-SteamVRController.dll (API version 3709383).
LogModuleManager: Display: Found up-to-date module file ../../../Engine/Plugins/Runtime/WindowsMoviePlayer/Binaries/Win64/UE4Editor-WindowsMoviePlayer.dll (API version 3709383).
LogPluginManager: Mounting plugin Paper2D
LogPluginManager: Mounting plugin LightPropagationVolume
LogPluginManager: Mounting plugin CodeLiteSourceCodeAccess
LogPluginManager: Mounting plugin GitSourceControl
LogPluginManager: Mounting plugin KDevelopSourceCodeAccess
LogPluginManager: Mounting plugin NullSourceCodeAccess
LogPluginManager: Mounting plugin PerforceSourceControl
LogPluginManager: Mounting plugin SubversionSourceControl
LogPluginManager: Mounting plugin UObjectPlugin
LogPluginManager: Mounting plugin VisualStudioCodeSourceCodeAccess
LogPluginManager: Mounting plugin VisualStudioSourceCodeAccess
LogPluginManager: Mounting plugin XCodeSourceCodeAccess
LogPluginManager: Mounting plugin AssetManagerEditor
LogPluginManager: Mounting plugin AudioCapture
LogPluginManager: Mounting plugin FacialAnimation
LogPluginManager: Mounting plugin GameplayTagsEditor
LogPluginManager: Mounting plugin MobileLauncherProfileWizard
LogPluginManager: Mounting plugin PluginBrowser
LogPluginManager: Mounting plugin SpeedTreeImporter
LogPluginManager: Mounting plugin AlembicImporter
LogPluginManager: Mounting plugin CharacterAI
LogPluginManager: Mounting plugin HTML5Networking
LogPluginManager: Mounting plugin AndroidMedia
LogPluginManager: Mounting plugin AvfMedia
LogPluginManager: Mounting plugin ImgMedia
LogPluginManager: Mounting plugin MediaCompositing
LogPluginManager: Mounting plugin MediaPlayerEditor
LogPluginManager: Mounting plugin WmfMedia
LogPluginManager: Mounting plugin TcpMessaging
LogPluginManager: Mounting plugin UdpMessaging
LogPluginManager: Mounting plugin ActorSequence
LogPluginManager: Mounting plugin LevelSequenceEditor
LogPluginManager: Mounting plugin MatineeToLevelSequence
LogPluginManager: Mounting plugin OnlineSubsystemGooglePlay
LogPluginManager: Mounting plugin OnlineSubsystemIOS
LogPluginManager: Mounting plugin OnlineSubsystem
LogPluginManager: Mounting plugin OnlineSubsystemNull
LogPluginManager: Mounting plugin OnlineSubsystemUtils
LogPluginManager: Mounting plugin AndroidDeviceProfileSelector
LogPluginManager: Mounting plugin AndroidMoviePlayer
LogPluginManager: Mounting plugin AndroidPermission
LogPluginManager: Mounting plugin AppleARKit
LogPluginManager: Mounting plugin AppleMoviePlayer
LogPluginManager: Mounting plugin ArchVisCharacter
LogPluginManager: Mounting plugin CableComponent
LogPluginManager: Mounting plugin CustomMeshComponent
LogPluginManager: Mounting plugin ExampleDeviceProfileSelector
LogPluginManager: Mounting plugin GoogleCloudMessaging
LogPluginManager: Mounting plugin ImmediatePhysics
LogPluginManager: Mounting plugin IOSDeviceProfileSelector
LogPluginManager: Mounting plugin LinuxDeviceProfileSelector
LogPluginManager: Mounting plugin LocationServicesBPLibrary
LogPluginManager: Mounting plugin MobilePatchingUtils
LogPluginManager: Mounting plugin OculusVR
LogPluginManager: Plugin shader directory ../../../Engine/Plugins/Runtime/Oculus/OculusVR/Shaders found
LogPluginManager: Mapping shader source directory ../../../Engine/Plugins/Runtime/Oculus/OculusVR/Shaders to virtual directory /Plugin/OculusVR
LogPluginManager: Mounting plugin PhysXVehicles
LogPluginManager: Mounting plugin ProceduralMeshComponent
LogPluginManager: Mounting plugin RuntimePhysXCooking
LogPluginManager: Mounting plugin SteamVR
LogPluginManager: Mounting plugin WindowsMoviePlayer
LogInit: Using libcurl 7.47.1
LogInit:  - built for x86_64-pc-win32
LogInit:  - supports SSL with OpenSSL/1.0.2g
LogInit:  - supports HTTP deflate (compression) using libz 1.2.8
LogInit:  - other features:
LogInit:      CURL_VERSION_SSL
LogInit:      CURL_VERSION_LIBZ
LogInit:      CURL_VERSION_IPV6
LogInit:      CURL_VERSION_ASYNCHDNS
LogInit:      CURL_VERSION_LARGEFILE
LogInit:      CURL_VERSION_IDN
LogInit:  CurlRequestOptions (configurable via config and command line):
LogInit:  - bVerifyPeer = false  - Libcurl will NOT verify peer certificate
LogInit:  - bUseHttpProxy = false  - Libcurl will NOT use HTTP proxy
LogInit:  - bDontReuseConnections = false  - Libcurl will reuse connections
LogInit:  - CertBundlePath = nullptr  - Libcurl will use whatever was configured at build time.
LogInit: Build: ++UE4+Release-4.18-CL-3832480
LogInit: Engine Version: 4.18.3-3832480+++UE4+Release-4.18
LogInit: Compatible Engine Version: 4.18.0-3709383+++UE4+Release-4.18
LogInit: Net CL: 3709383
LogDevObjectVersion: Number of dev versions registered: 16
LogDevObjectVersion:   Dev-Blueprints (B0D832E4-1F89-4F0D-ACCF-7EB736FD4AA2): 10
LogDevObjectVersion:   Dev-Build (E1C64328-A22C-4D53-A36C-8E866417BD8C): 0
LogDevObjectVersion:   Dev-Core (375EC13C-06E4-48FB-B500-84F0262A717E): 2
LogDevObjectVersion:   Dev-Editor (E4B068ED-F494-42E9-A231-DA0B2E46BB41): 20
LogDevObjectVersion:   Dev-Framework (CFFC743F-43B0-4480-9391-14DF171D2073): 30
LogDevObjectVersion:   Dev-Mobile (B02B49B5-BB20-44E9-A304-32B752E40360): 0
LogDevObjectVersion:   Dev-Networking (A4E4105C-59A1-49B5-A7C5-40C4547EDFEE): 0
LogDevObjectVersion:   Dev-Online (39C831C9-5AE6-47DC-9A44-9C173E1C8E7C): 0
LogDevObjectVersion:   Dev-Physics (78F01B33-EBEA-4F98-B9B4-84EACCB95AA2): 0
LogDevObjectVersion:   Dev-Platform (6631380F-2D4D-43E0-8009-CF276956A95A): 0
LogDevObjectVersion:   Dev-Rendering (12F88B9F-8875-4AFC-A67C-D90C383ABD29): 20
LogDevObjectVersion:   Dev-Sequencer (7B5AE74C-D270-4C10-A958-57980B212A5A): 4
LogDevObjectVersion:   Dev-VR (D7296918-1DD6-4BDD-9DE2-64A83CC13884): 0
LogDevObjectVersion:   Dev-LoadTimes (C2A15278-BFE7-4AFE-6C17-90FF531DF755): 1
LogDevObjectVersion:   Private-Geometry (6EACA3D4-40EC-4CC1-B786-8BED09428FC5): 1
LogDevObjectVersion:   Dev-AnimPhys (29E575DD-E0A3-4627-9D10-D276232CDCEA): 12
LogInit: Compiled (64-bit): Jan 12 2018 02:04:55
LogInit: Compiled with Visual C++: 19.00.24215.01
LogInit: Build Configuration: Development
LogInit: Branch Name: ++UE4+Release-4.18
LogInit: Command line:  /Game/ThirdPersonBP/Maps/ProceduralMap -game -PIEVIACONSOLE -ResX=1280 -ResY=720  -Multiprocess -messaging -SessionName="Play in Standalone Game" -windowed 
LogInit: Base directory: C:/Program Files/Epic Games/UE_4.18/Engine/Binaries/Win64/
LogInit: Installed Engine Build: 1
LogInit: Presizing for max 8388607 objects, including 0 objects not considered by GC, pre-allocating 0 bytes for permanent pool.
LogInit: Object subsystem initialized
[2018.03.20-16.02.12:267][  0]LogInit: Selected Device Profile: [Windows]
[2018.03.20-16.02.12:267][  0]LogInit: Applying CVar settings loaded from the selected device profile: [Windows]
[2018.03.20-16.02.12:288][  0]LogInit: Computer: RUDRAKSHA
[2018.03.20-16.02.12:288][  0]LogInit: User: rudra
[2018.03.20-16.02.12:288][  0]LogInit: CPU Page size=4096, Cores=4
[2018.03.20-16.02.12:288][  0]LogInit: High frequency timer resolution =2.742190 MHz
[2018.03.20-16.02.12:288][  0]LogMemory: Memory total: Physical=15.9GB (16GB approx)
[2018.03.20-16.02.12:288][  0]LogMemory: Platform Memory Stats for Windows
[2018.03.20-16.02.12:288][  0]LogMemory: Process Physical Memory: 273.27 MB used, 273.27 MB peak
[2018.03.20-16.02.12:288][  0]LogMemory: Process Virtual Memory: 269.97 MB used, 269.97 MB peak
[2018.03.20-16.02.12:288][  0]LogMemory: Physical Memory: 10565.75 MB used,  5670.20 MB free, 16235.95 MB total
[2018.03.20-16.02.12:288][  0]LogMemory: Virtual Memory: 682.53 MB used,  5670.20 MB free, 134217728.00 MB total
[2018.03.20-16.02.12:542][  0]LogInit: Using OS detected language (en-US).
[2018.03.20-16.02.12:542][  0]LogInit: Using OS detected locale (en-US).
[2018.03.20-16.02.12:592][  0]LogTextLocalizationManager: No specific localization for 'en-US' exists, so the 'en' localization will be used.
[2018.03.20-16.02.13:289][  0]LogD3D11RHI: D3D11 adapters:
[2018.03.20-16.02.13:337][  0]LogD3D11RHI:    0. 'NVIDIA GeForce GTX 1050' (Feature Level 11_0)
[2018.03.20-16.02.13:337][  0]LogD3D11RHI:       4031/0/8117 MB DedicatedVideo/DedicatedSystem/SharedSystem, Outputs:1, VendorId:0x10de
[2018.03.20-16.02.13:349][  0]LogD3D11RHI:    1. 'Intel(R) HD Graphics 630' (Feature Level 11_0)
[2018.03.20-16.02.13:349][  0]LogD3D11RHI:       128/0/8117 MB DedicatedVideo/DedicatedSystem/SharedSystem, Outputs:0, VendorId:0x8086
[2018.03.20-16.02.13:351][  0]LogD3D11RHI:    2. 'Microsoft Basic Render Driver' (Feature Level 11_0)
[2018.03.20-16.02.13:351][  0]LogD3D11RHI:       0/0/8117 MB DedicatedVideo/DedicatedSystem/SharedSystem, Outputs:0, VendorId:0x1414
[2018.03.20-16.02.13:351][  0]LogD3D11RHI: Chosen D3D11 Adapter: 0
[2018.03.20-16.02.13:365][  0]LogD3D11RHI: Creating new Direct3DDevice
[2018.03.20-16.02.13:365][  0]LogD3D11RHI:     GPU DeviceId: 0x1c8d (for the marketing name, search the web for "GPU Device Id")
[2018.03.20-16.02.13:365][  0]LogWindows: EnumDisplayDevices:
[2018.03.20-16.02.13:365][  0]LogWindows:    0. 'Intel(R) HD Graphics 630' (P:1 D:1)
[2018.03.20-16.02.13:365][  0]LogWindows:    1. 'Intel(R) HD Graphics 630' (P:0 D:0)
[2018.03.20-16.02.13:365][  0]LogWindows:    2. 'Intel(R) HD Graphics 630' (P:0 D:0)
[2018.03.20-16.02.13:365][  0]LogWindows: DebugString: GetVideoDriverDetailsInvalid PrimaryIsNotTheChoosenAdapter GetVideoDriverDetailsInvalid PrimaryIsNotTheChoosenAdapter GetVideoDriverDetailsInvalid PrimaryIsNotTheChoosenAdapter FoundDriverCount:0 
[2018.03.20-16.02.13:365][  0]LogD3D11RHI:     Adapter Name: NVIDIA GeForce GTX 1050
[2018.03.20-16.02.13:365][  0]LogD3D11RHI:   Driver Version: Unknown (internal:Unknown, unified:Unknown)
[2018.03.20-16.02.13:365][  0]LogD3D11RHI:      Driver Date: Unknown
[2018.03.20-16.02.13:365][  0]LogRHI: Texture pool is 2821 MB (70% of 4031 MB)
[2018.03.20-16.02.13:395][  0]LogD3D11RHI: Async texture creation enabled
[2018.03.20-16.02.13:408][  0]LogD3D11RHI: GPU Timing Frequency: 1000.000000 (Debug: 2 1)
[2018.03.20-16.02.13:409][  0]LogShaderCompilers: Guid format shader working directory is -110 characters bigger than the processId version (../../../../../../Users/rudra/Documents/UPenn Documents/Spring 2018 Class Docs/CIS 568 Game Design Practicum/Game1 (Rishabh Git Repo)/Water-Run/WaterRunner/Intermediate/Shaders/WorkingDirectory/33136/).
[2018.03.20-16.02.13:409][  0]LogShaderCompilers: Cleaned the shader compiler working directory 'C:/Users/rudra/AppData/Local/Temp/UnrealShaderWorkingDir/0705FEEA408106F02A604296DE296DBB/'.
[2018.03.20-16.02.13:410][  0]LogShaderCompilers: Display: Using Local Shader Compiler.
[2018.03.20-16.02.15:349][  0]LogTemp: Display: Loaded TP WindowsClientTargetPlatform
[2018.03.20-16.02.15:426][  0]LogTemp: Display: Loaded TP WindowsNoEditorTargetPlatform
[2018.03.20-16.02.15:492][  0]LogTemp: Display: Loaded TP WindowsServerTargetPlatform
[2018.03.20-16.02.15:562][  0]LogTemp: Display: Loaded TP WindowsTargetPlatform
[2018.03.20-16.02.15:562][  0]LogTargetPlatformManager: Display: Building Assets For Windows
[2018.03.20-16.02.16:288][  0]LogDerivedDataCache: Display: Max Cache Size: 512 MB
[2018.03.20-16.02.16:483][  0]LogDerivedDataCache: Loaded boot cache 0.19s 78MB C:/Users/rudra/AppData/Local/UnrealEngine/4.18/DerivedDataCache/Boot.ddc.
[2018.03.20-16.02.16:483][  0]LogDerivedDataCache: Display: Loaded Boot cache: C:/Users/rudra/AppData/Local/UnrealEngine/4.18/DerivedDataCache/Boot.ddc
[2018.03.20-16.02.16:483][  0]LogDerivedDataCache: FDerivedDataBackendGraph:  Pak pak cache file ../../../../../../Users/rudra/Documents/UPenn Documents/Spring 2018 Class Docs/CIS 568 Game Design Practicum/Game1 (Rishabh Git Repo)/Water-Run/WaterRunner/DerivedDataCache/DDC.ddp not found, will not use a pak cache.
[2018.03.20-16.02.16:484][  0]LogDerivedDataCache: Unable to find inner node Pak for hierarchical cache Hierarchy.
[2018.03.20-16.02.16:484][  0]LogDerivedDataCache: FDerivedDataBackendGraph:  CompressedPak pak cache file ../../../../../../Users/rudra/Documents/UPenn Documents/Spring 2018 Class Docs/CIS 568 Game Design Practicum/Game1 (Rishabh Git Repo)/Water-Run/WaterRunner/DerivedDataCache/Compressed.ddp not found, will not use a pak cache.
[2018.03.20-16.02.16:484][  0]LogDerivedDataCache: Unable to find inner node CompressedPak for hierarchical cache Hierarchy.
[2018.03.20-16.02.16:501][  0]LogDerivedDataCache: Display: Pak cache opened for reading ../../../Engine/DerivedDataCache/Compressed.ddp.
[2018.03.20-16.02.16:514][  0]LogDerivedDataCache: Using Local data cache path C:/Users/rudra/AppData/Local/UnrealEngine/Common/DerivedDataCache: Writable
[2018.03.20-16.02.16:526][  0]LogMaterial: Verifying Global Shaders for PCD3D_SM5
[2018.03.20-16.02.16:527][  0]LogSlate: Using Freetype 2.6.0
[2018.03.20-16.02.16:539][  0]LogSlate: SlateFontCache - WITH_FREETYPE: 1, WITH_HARFBUZZ: 1
[2018.03.20-16.02.16:539][  0]LogSlate: SlateFontCache - WITH_FREETYPE: 1, WITH_HARFBUZZ: 1
[2018.03.20-16.02.17:269][  0]LogAssetRegistry: FAssetRegistry took 0.0055 seconds to start up
[2018.03.20-16.02.17:291][  0]LogPackageLocalizationCache: Processed 7 localized package path(s) for 2 prioritized culture(s) in 0.021070 seconds
[2018.03.20-16.02.17:435][  0]LogInit: Selected Device Profile: [Windows]
[2018.03.20-16.02.17:871][  0]LogSimplygon: Simplygon DLL not present - disabling.
[2018.03.20-16.02.17:931][  0]LogMeshReduction: Using SimplygonSwarm for distributed automatic mesh merging
[2018.03.20-16.02.17:931][  0]LogMeshReduction: Using QuadricMeshReduction for automatic static mesh reduction
[2018.03.20-16.02.17:931][  0]LogMeshReduction: No automatic skeletal mesh reduction module available
[2018.03.20-16.02.17:931][  0]LogMeshReduction: No automatic mesh merging module available
[2018.03.20-16.02.17:931][  0]LogMeshMerging: No automatic mesh merging module available
[2018.03.20-16.02.17:958][  0]LogNetVersion: WaterRunnerAlpha_1 , NetCL: 3709383, EngineNetVer: 2, GameNetVer: 0 (Checksum: 1999119835)
[2018.03.20-16.02.18:208][  0]LogInit: Warning: Passing commandline switches using / instead of - has been deprecated and will be removed in future versions of Unreal Engine.
[2018.03.20-16.02.18:208][  0]LogInit: Warning: Passing commandline switches using / instead of - has been deprecated and will be removed in future versions of Unreal Engine.
[2018.03.20-16.02.18:208][  0]LogInit: Warning: Passing commandline switches using / instead of - has been deprecated and will be removed in future versions of Unreal Engine.
[2018.03.20-16.02.18:607][  0]LogInit: WinSock: version 1.1 (2.2), MaxSocks=32767, MaxUdp=65467
[2018.03.20-16.02.20:503][  0]LogMoviePlayer: Initializing movie player
[2018.03.20-16.02.20:963][  0]LogCollectionManager: Loaded 0 collections in 0.002021 seconds
[2018.03.20-16.02.21:022][  0]LogFileCache: Scanning file cache for directory 'C:/Users/rudra/Documents/UPenn Documents/Spring 2018 Class Docs/CIS 568 Game Design Practicum/Game1 (Rishabh Git Repo)/Water-Run/WaterRunner/Saved/Collections/' took 0.01s
[2018.03.20-16.02.21:022][  0]LogFileCache: Scanning file cache for directory 'C:/Users/rudra/Documents/UPenn Documents/Spring 2018 Class Docs/CIS 568 Game Design Practicum/Game1 (Rishabh Git Repo)/Water-Run/WaterRunner/Content/Developers/rudra/Collections/' took 0.01s
[2018.03.20-16.02.21:022][  0]LogFileCache: Scanning file cache for directory 'C:/Users/rudra/Documents/UPenn Documents/Spring 2018 Class Docs/CIS 568 Game Design Practicum/Game1 (Rishabh Git Repo)/Water-Run/WaterRunner/Content/Collections/' took 0.01s
[2018.03.20-16.02.21:022][  0]LogCollectionManager: Rebuilt the object cache for 0 collections in 0.000000 seconds (found 0 objects)
[2018.03.20-16.02.21:022][  0]LogCollectionManager: Fixed up redirectors for 0 collections in 0.000108 seconds (updated 0 objects)
[2018.03.20-16.02.21:270][  0]LogTcpMessaging: Initializing TcpMessaging bridge
[2018.03.20-16.02.21:319][  0]LogUdpMessaging: Initializing bridge on interface 0.0.0.0:0 to multicast group 230.0.0.1:6666.
[2018.03.20-16.02.21:937][  0]LogInit: Warning: Passing commandline switches using / instead of - has been deprecated and will be removed in future versions of Unreal Engine.
[2018.03.20-16.02.21:939][  0]SourceControl: Source control is disabled
[2018.03.20-16.02.21:939][  0]SourceControl: Source control is disabled
[2018.03.20-16.02.22:009][  0]SourceControl: Source control is disabled
[2018.03.20-16.02.22:543][  0]LogAndroidPermission: UAndroidPermissionCallbackProxy::GetInstance
[2018.03.20-16.02.22:890][  0]LogOcInput: OculusInput pre-init called
[2018.03.20-16.02.23:039][  0]LogUObjectArray: 38923 objects as part of root set at end of initial load.
[2018.03.20-16.02.23:039][  0]LogUObjectAllocator: 8349192 out of 0 bytes used by permanent object pool.
[2018.03.20-16.02.23:039][  0]LogUObjectArray: CloseDisregardForGC: 0/0 objects in disregard for GC pool
[2018.03.20-16.02.23:172][  0]LogEngine: Initializing Engine...
[2018.03.20-16.02.23:174][  0]LogHMD: Failed to initialize OpenVR with code 110
[2018.03.20-16.02.23:359][  0]LogStats: UGameplayTagsManager::ConstructGameplayTagTree: Construct from data asset -  0.000 s
[2018.03.20-16.02.23:359][  0]LogStats: UGameplayTagsManager::ConstructGameplayTagTree: GameplayTagTreeChangedEvent.Broadcast -  0.000 s
[2018.03.20-16.02.23:382][  0]LogInit: XAudio2 using 'Speakers / Headphones (Realtek Audio)' : 2 channels at 48 kHz using 32 bits per sample (channel mask 0x3)
[2018.03.20-16.02.23:398][  0]LogInit: FAudioDevice initialized.
[2018.03.20-16.02.23:419][  0]LogInit: Texture streaming: Enabled
[2018.03.20-16.02.23:446][  0]LogMaterial: Uniform references updated for custom material expression Custom.
[2018.03.20-16.02.23:977][  0]LogInit: Warning: Passing commandline switches using / instead of - has been deprecated and will be removed in future versions of Unreal Engine.
[2018.03.20-16.02.24:036][  0]LogInit: Display: Game Engine Initialized.
[2018.03.20-16.02.24:036][  0]LogGameplayTags: Display: UGameplayTagsManager::DoneAddingNativeTags. DelegateIsBound: 0
[2018.03.20-16.02.24:249][  0]LogInit: Display: Starting Game.
[2018.03.20-16.02.24:250][  0]LogNet: Browse: /Game/ThirdPersonBP/Maps/ProceduralMap?Name=Player
[2018.03.20-16.02.24:250][  0]LogLoad: LoadMap: /Game/ThirdPersonBP/Maps/ProceduralMap?Name=Player
[2018.03.20-16.02.24:918][  0]LogAIModule: Creating AISystem for world ProceduralMap
[2018.03.20-16.02.25:268][  0]LogLoad: Game class is 'RunGameMode_C'
[2018.03.20-16.02.25:275][  0]LogWorld: Bringing World /Game/ThirdPersonBP/Maps/ProceduralMap.ProceduralMap up for play (max tick rate 0) at 2018.03.20-12.02.25
[2018.03.20-16.02.25:276][  0]LogWorld: Bringing up level for play took: 0.006956
[2018.03.20-16.02.25:295][  0]LogLoad: Took 1.045451 seconds to LoadMap(/Game/ThirdPersonBP/Maps/ProceduralMap)
[2018.03.20-16.02.25:551][  0]LogRenderer: Reallocating scene render targets to support 1280x720 Format 10 NumSamples 1 (Frame:1).
[2018.03.20-16.02.25:551][  0]LogLoad: (Engine Initialization) Total time: 17.63 seconds
[2018.03.20-16.02.25:551][  0]LogLoad: (Engine Initialization) Total Blueprint compile time: 0.00 seconds
[2018.03.20-16.02.25:551][  0]LogExternalProfiler: Found external profiler: VSPerf
[2018.03.20-16.02.25:551][  0]LogExternalProfiler: Using external profiler: VSPerf
[2018.03.20-16.02.25:568][  0]LogWindowsTextInputMethodSystem: Display: IME system now deactivated.
[2018.03.20-16.02.25:571][  0]LogContentStreaming: Texture pool size now 1000 MB
[2018.03.20-16.02.27:576][118]LogAudio: Warning: Detected orphaned looping sound 'Light01_Cue'.
[2018.03.20-16.02.27:769][130]LogAudio: Warning: Detected orphaned looping sound 'Light01_Cue'.
[2018.03.20-16.02.30:719][312]Set new viewmode: Lit
[2018.03.20-16.02.31:396][354]LogNet: Browse: /Game/ThirdPersonBP/Maps/ProceduralMap?Name=Player?restart
[2018.03.20-16.02.31:397][354]LogLoad: LoadMap: /Game/ThirdPersonBP/Maps/ProceduralMap?Name=Player
[2018.03.20-16.02.31:808][354]LogAIModule: Creating AISystem for world ProceduralMap
[2018.03.20-16.02.32:041][354]LogLoad: Game class is 'RunGameMode_C'
[2018.03.20-16.02.32:046][354]LogWorld: Bringing World /Game/ThirdPersonBP/Maps/ProceduralMap.ProceduralMap up for play (max tick rate 0) at 2018.03.20-12.02.32
[2018.03.20-16.02.32:046][354]LogWorld: Bringing up level for play took: 0.004811
[2018.03.20-16.02.32:062][354]LogLoad: Took 0.665458 seconds to LoadMap(/Game/ThirdPersonBP/Maps/ProceduralMap)
[2018.03.20-16.02.36:331][606]LogAudio: Warning: Detected orphaned looping sound 'Light01_Cue'.
[2018.03.20-16.02.42:330][977]LogCharacterMovement: CHris_char is stuck and failed to move! Velocity: X=33.03 Y=-0.01 Z=0.00 Location: X=11235.14 Y=-12953.00 Z=583.15 Normal: X=1.00 Y=-0.00 Z=-0.00 PenetrationDepth:20.758 Actor:Bucket_BP_52 Component:StaticMesh BoneName:None (0 other events since notify)
[2018.03.20-16.02.42:945][ 16]LogAudio: Warning: Detected orphaned looping sound 'Light01_Cue'.
[2018.03.20-16.02.45:414][169]LogAudio: Warning: Detected orphaned looping sound 'Light01_Cue'.
[2018.03.20-16.02.47:801][317]LogAudio: Warning: Detected orphaned looping sound 'Light01_Cue'.
[2018.03.20-16.02.48:123][337]LogAudio: Warning: Detected orphaned looping sound 'Light01_Cue'.
[2018.03.20-16.02.52:430][604]LogAudio: Warning: Detected orphaned looping sound 'Light01_Cue'.
[2018.03.20-16.02.55:961][822]LogCharacterMovement: CHris_char is stuck and failed to move! Velocity: X=-167.24 Y=-139.48 Z=0.00 Location: X=9486.85 Y=-25023.65 Z=1334.39 Normal: X=-0.79 Y=-0.61 Z=-0.00 PenetrationDepth:20.748 Actor:Bucket_BP_52 Component:StaticMesh BoneName:None (6 other events since notify)
[2018.03.20-16.02.57:913][943]LogNet: Browse: /Game/ThirdPersonBP/Maps/ProceduralMap?Name=Player?restart
[2018.03.20-16.02.57:913][943]LogLoad: LoadMap: /Game/ThirdPersonBP/Maps/ProceduralMap?Name=Player
[2018.03.20-16.02.58:303][943]LogAIModule: Creating AISystem for world ProceduralMap
[2018.03.20-16.02.58:505][943]LogLoad: Game class is 'RunGameMode_C'
[2018.03.20-16.02.58:509][943]LogWorld: Bringing World /Game/ThirdPersonBP/Maps/ProceduralMap.ProceduralMap up for play (max tick rate 0) at 2018.03.20-12.02.58
[2018.03.20-16.02.58:510][943]LogWorld: Bringing up level for play took: 0.004033
[2018.03.20-16.02.58:522][943]LogLoad: Took 0.609130 seconds to LoadMap(/Game/ThirdPersonBP/Maps/ProceduralMap)
[2018.03.20-16.03.02:403][182]LogAudio: Warning: Detected orphaned looping sound 'Light01_Cue'.
[2018.03.20-16.03.04:080][285]LogCharacterMovement: CHris_char is stuck and failed to move! Velocity: X=23.36 Y=23.36 Z=0.00 Location: X=10952.66 Y=2966.53 Z=343.15 Normal: X=0.71 Y=0.71 Z=-0.00 PenetrationDepth:20.758 Actor:Bucket_BP_52 Component:StaticMesh BoneName:None (0 other events since notify)
[2018.03.20-16.03.07:679][509]LogAudio: Warning: Detected orphaned looping sound 'Light01_Cue'.
[2018.03.20-16.03.13:082][844]LogAudio: Warning: Detected orphaned looping sound 'Light01_Cue'.
[2018.03.20-16.03.14:050][904]LogAudio: Warning: Detected orphaned looping sound 'Light01_Cue'.
[2018.03.20-16.03.17:468][115]LogCharacterMovement: CHris_char is stuck and failed to move! Velocity: X=4.23 Y=9.88 Z=0.00 Location: X=25330.16 Y=-1047.16 Z=-1836.85 Normal: X=0.00 Y=1.00 Z=-0.00 PenetrationDepth:20.764 Actor:Bucket_BP_52 Component:StaticMesh BoneName:None (9 other events since notify)
[2018.03.20-16.03.19:354][232]LogNet: Browse: /Game/ThirdPersonBP/Maps/ProceduralMap?Name=Player?restart
[2018.03.20-16.03.19:355][232]LogLoad: LoadMap: /Game/ThirdPersonBP/Maps/ProceduralMap?Name=Player
[2018.03.20-16.03.19:745][232]LogAIModule: Creating AISystem for world ProceduralMap
[2018.03.20-16.03.19:951][232]LogLoad: Game class is 'RunGameMode_C'
[2018.03.20-16.03.19:957][232]LogWorld: Bringing World /Game/ThirdPersonBP/Maps/ProceduralMap.ProceduralMap up for play (max tick rate 0) at 2018.03.20-12.03.19
[2018.03.20-16.03.19:957][232]LogWorld: Bringing up level for play took: 0.005519
[2018.03.20-16.03.19:969][232]LogLoad: Took 0.614003 seconds to LoadMap(/Game/ThirdPersonBP/Maps/ProceduralMap)
[2018.03.20-16.03.21:404][313]LogAudio: Warning: Detected orphaned looping sound 'Light01_Cue'.
[2018.03.20-16.03.22:660][390]LogCharacterMovement: CHris_char is stuck and failed to move! Velocity: X=23.36 Y=23.36 Z=0.00 Location: X=6472.34 Y=452.57 Z=-216.85 Normal: X=0.71 Y=0.71 Z=-0.00 PenetrationDepth:20.760 Actor:Bucket_BP_52 Component:StaticMesh BoneName:None (0 other events since notify)
[2018.03.20-16.03.23:950][470]LogCharacterMovement: CHris_char is stuck and failed to move! Velocity: X=0.00 Y=33.03 Z=0.00 Location: X=7908.72 Y=-176.43 Z=-516.85 Normal: X=0.59 Y=0.81 Z=-0.00 PenetrationDepth:20.760 Actor:Bucket_BP_52 Component:StaticMesh BoneName:None (15 other events since notify)
[2018.03.20-16.03.26:031][599]LogNet: Browse: /Game/ThirdPersonBP/Maps/ProceduralMap?Name=Player?restart
[2018.03.20-16.03.26:031][599]LogLoad: LoadMap: /Game/ThirdPersonBP/Maps/ProceduralMap?Name=Player
[2018.03.20-16.03.26:400][599]LogAIModule: Creating AISystem for world ProceduralMap
[2018.03.20-16.03.26:597][599]LogLoad: Game class is 'RunGameMode_C'
[2018.03.20-16.03.26:601][599]LogWorld: Bringing World /Game/ThirdPersonBP/Maps/ProceduralMap.ProceduralMap up for play (max tick rate 0) at 2018.03.20-12.03.26
[2018.03.20-16.03.26:601][599]LogWorld: Bringing up level for play took: 0.003930
[2018.03.20-16.03.26:615][599]LogLoad: Took 0.583410 seconds to LoadMap(/Game/ThirdPersonBP/Maps/ProceduralMap)
[2018.03.20-16.03.27:195][624]LogAudio: Warning: Detected orphaned looping sound 'Light01_Cue'.
[2018.03.20-16.03.27:227][626]LogAudio: Warning: Detected orphaned looping sound 'Light01_Cue'.
[2018.03.20-16.03.27:937][670]LogAudio: Warning: Detected orphaned looping sound 'Light01_Cue'.
[2018.03.20-16.03.28:211][687]LogAudio: Warning: Detected orphaned looping sound 'Light01_Cue'.
[2018.03.20-16.03.28:841][726]LogAudio: Warning: Detected orphaned looping sound 'Light01_Cue'.
[2018.03.20-16.03.29:695][779]LogAudio: Warning: Detected orphaned looping sound 'Light01_Cue'.
[2018.03.20-16.03.31:097][865]LogCharacterMovement: CHris_char is stuck and failed to move! Velocity: X=-33.03 Y=0.38 Z=0.00 Location: X=10376.36 Y=1419.83 Z=643.15 Normal: X=-0.77 Y=0.63 Z=-0.00 PenetrationDepth:20.761 Actor:Bucket_BP_52 Component:StaticMesh BoneName:None (0 other events since notify)
[2018.03.20-16.03.33:179][994]LogNet: Browse: /Game/ThirdPersonBP/Maps/ProceduralMap?Name=Player?restart
[2018.03.20-16.03.33:180][994]LogLoad: LoadMap: /Game/ThirdPersonBP/Maps/ProceduralMap?Name=Player
[2018.03.20-16.03.33:580][994]LogAIModule: Creating AISystem for world ProceduralMap
[2018.03.20-16.03.33:818][994]LogLoad: Game class is 'RunGameMode_C'
[2018.03.20-16.03.33:825][994]LogWorld: Bringing World /Game/ThirdPersonBP/Maps/ProceduralMap.ProceduralMap up for play (max tick rate 0) at 2018.03.20-12.03.33
[2018.03.20-16.03.33:826][994]LogWorld: Bringing up level for play took: 0.006208
[2018.03.20-16.03.33:847][994]LogLoad: Took 0.667353 seconds to LoadMap(/Game/ThirdPersonBP/Maps/ProceduralMap)
[2018.03.20-16.03.34:623][ 41]LogCharacterMovement: CHris_char is stuck and failed to move! Velocity: X=0.00 Y=33.03 Z=0.00 Location: X=2301.54 Y=-161.50 Z=-196.85 Normal: X=0.59 Y=0.81 Z=-0.00 PenetrationDepth:20.760 Actor:Bucket_BP_52 Component:StaticMesh BoneName:None (0 other events since notify)
[2018.03.20-16.03.36:704][170]LogNet: Browse: /Game/ThirdPersonBP/Maps/ProceduralMap?Name=Player?restart
[2018.03.20-16.03.36:704][170]LogLoad: LoadMap: /Game/ThirdPersonBP/Maps/ProceduralMap?Name=Player
[2018.03.20-16.03.37:111][170]LogAIModule: Creating AISystem for world ProceduralMap
[2018.03.20-16.03.37:332][170]LogLoad: Game class is 'RunGameMode_C'
[2018.03.20-16.03.37:337][170]LogWorld: Bringing World /Game/ThirdPersonBP/Maps/ProceduralMap.ProceduralMap up for play (max tick rate 0) at 2018.03.20-12.03.37
[2018.03.20-16.03.37:337][170]LogWorld: Bringing up level for play took: 0.004051
[2018.03.20-16.03.37:350][170]LogLoad: Took 0.646337 seconds to LoadMap(/Game/ThirdPersonBP/Maps/ProceduralMap)
[2018.03.20-16.03.38:926][268]LogAudio: Warning: Detected orphaned looping sound 'Light01_Cue'.
[2018.03.20-16.03.43:604][558]LogAudio: Warning: Detected orphaned looping sound 'Light01_Cue'.
[2018.03.20-16.03.44:282][600]LogAudio: Warning: Detected orphaned looping sound 'Light01_Cue'.
[2018.03.20-16.03.44:347][604]LogAudio: Warning: Detected orphaned looping sound 'Light01_Cue'.
[2018.03.20-16.03.49:877][946]LogCharacterMovement: CHris_char is stuck and failed to move! Velocity: X=23.36 Y=-23.36 Z=0.00 Location: X=19462.92 Y=11547.16 Z=243.15 Normal: X=0.89 Y=-0.46 Z=-0.00 PenetrationDepth:20.756 Actor:Bucket_BP_52 Component:StaticMesh BoneName:None (0 other events since notify)
[2018.03.20-16.03.51:975][ 77]LogAudio: Warning: Detected orphaned looping sound 'Light01_Cue'.
[2018.03.20-16.03.54:686][245]LogAudio: Warning: Detected orphaned looping sound 'Light01_Cue'.
[2018.03.20-16.04.07:395][ 32]LogNet: Browse: /Game/ThirdPersonBP/Maps/ProceduralMap?Name=Player?restart
[2018.03.20-16.04.07:395][ 32]LogLoad: LoadMap: /Game/ThirdPersonBP/Maps/ProceduralMap?Name=Player
[2018.03.20-16.04.07:841][ 32]LogAIModule: Creating AISystem for world ProceduralMap
[2018.03.20-16.04.08:064][ 32]LogLoad: Game class is 'RunGameMode_C'
[2018.03.20-16.04.08:069][ 32]LogWorld: Bringing World /Game/ThirdPersonBP/Maps/ProceduralMap.ProceduralMap up for play (max tick rate 0) at 2018.03.20-12.04.08
[2018.03.20-16.04.08:070][ 32]LogWorld: Bringing up level for play took: 0.004601
[2018.03.20-16.04.08:085][ 32]LogLoad: Took 0.689873 seconds to LoadMap(/Game/ThirdPersonBP/Maps/ProceduralMap)
[2018.03.20-16.04.11:046][203]LogNet: Browse: /Game/ThirdPersonBP/Maps/ProceduralMap?Name=Player?restart
[2018.03.20-16.04.11:047][203]LogLoad: LoadMap: /Game/ThirdPersonBP/Maps/ProceduralMap?Name=Player
[2018.03.20-16.04.11:461][203]LogAIModule: Creating AISystem for world ProceduralMap
[2018.03.20-16.04.11:674][203]LogLoad: Game class is 'RunGameMode_C'
[2018.03.20-16.04.11:680][203]LogWorld: Bringing World /Game/ThirdPersonBP/Maps/ProceduralMap.ProceduralMap up for play (max tick rate 0) at 2018.03.20-12.04.11
[2018.03.20-16.04.11:681][203]LogWorld: Bringing up level for play took: 0.005671
[2018.03.20-16.04.11:693][203]LogLoad: Took 0.646350 seconds to LoadMap(/Game/ThirdPersonBP/Maps/ProceduralMap)
[2018.03.20-16.04.13:618][314]LogWindowsTextInputMethodSystem: Display: IME system now deactivated.
[2018.03.20-16.04.13:621][314]LogEngine: All Windows Closed
[2018.03.20-16.04.13:621][314]LogWindows: FPlatformMisc::RequestExit(0)
[2018.03.20-16.04.14:223][315]LogExit: Preparing to exit.
[2018.03.20-16.04.14:223][315]LogMoviePlayer: Shutting down movie player
[2018.03.20-16.04.14:421][315]LogExit: Game engine shut down
[2018.03.20-16.04.14:525][315]LogExit: Object subsystem successfully closed.
[2018.03.20-16.04.14:553][315]LogD3D11RHI: Shutdown
[2018.03.20-16.04.14:553][315]LogD3D11RHI: CleanupD3DDevice
[2018.03.20-16.04.14:555][315]LogD3D11RHI: ~FD3D11DynamicRHI
[2018.03.20-16.04.14:578][315]LogModuleManager: Shutting down and abandoning module SequenceRecorderSections (312)
[2018.03.20-16.04.14:578][315]LogModuleManager: Shutting down and abandoning module SequenceRecorder (310)
[2018.03.20-16.04.14:579][315]LogModuleManager: Shutting down and abandoning module AutomationController (308)
[2018.03.20-16.04.14:579][315]LogModuleManager: Shutting down and abandoning module AutomationWorker (306)
[2018.03.20-16.04.14:579][315]LogModuleManager: Shutting down and abandoning module AIModule (304)
[2018.03.20-16.04.14:580][315]LogModuleManager: Shutting down and abandoning module GameplayDebugger (303)
[2018.03.20-16.04.14:580][315]LogModuleManager: Shutting down and abandoning module AITestSuite (301)
[2018.03.20-16.04.14:580][315]LogModuleManager: Shutting down and abandoning module WmfMediaFactory (298)
[2018.03.20-16.04.14:580][315]LogModuleManager: Shutting down and abandoning module OpenExrWrapper (296)
[2018.03.20-16.04.14:580][315]LogModuleManager: Shutting down and abandoning module ImgMediaFactory (294)
[2018.03.20-16.04.14:580][315]LogModuleManager: Shutting down and abandoning module AvfMediaFactory (292)
[2018.03.20-16.04.14:580][315]LogModuleManager: Shutting down and abandoning module CharacterAI (290)
[2018.03.20-16.04.14:580][315]LogModuleManager: Shutting down and abandoning module SessionServices (288)
[2018.03.20-16.04.14:580][315]LogModuleManager: Shutting down and abandoning module MovieSceneCapture (286)
[2018.03.20-16.04.14:580][315]LogModuleManager: Shutting down and abandoning module MovieSceneTracks (284)
[2018.03.20-16.04.14:580][315]LogModuleManager: Shutting down and abandoning module MovieScene (282)
[2018.03.20-16.04.14:580][315]LogModuleManager: Shutting down and abandoning module GeometryCache (280)
[2018.03.20-16.04.14:580][315]LogModuleManager: Shutting down and abandoning module GeometryCacheEd (279)
[2018.03.20-16.04.14:580][315]LogModuleManager: Shutting down and abandoning module StreamingPauseRendering (276)
[2018.03.20-16.04.14:580][315]LogModuleManager: Shutting down and abandoning module PortalServices (274)
[2018.03.20-16.04.14:580][315]LogModuleManager: Shutting down and abandoning module PortalRpc (272)
[2018.03.20-16.04.14:580][315]LogModuleManager: Shutting down and abandoning module MessagingRpc (270)
[2018.03.20-16.04.14:580][315]LogModuleManager: Shutting down and abandoning module ProfilerService (268)
[2018.03.20-16.04.14:777][315]LogModuleManager: Shutting down and abandoning module TaskGraph (266)
[2018.03.20-16.04.14:778][315]LogModuleManager: Shutting down and abandoning module SteamVRController (264)
[2018.03.20-16.04.14:778][315]LogModuleManager: Shutting down and abandoning module ProceduralMeshComponent (262)
[2018.03.20-16.04.14:778][315]LogModuleManager: Shutting down and abandoning module OculusInput (260)
[2018.03.20-16.04.14:778][315]LogModuleManager: Shutting down and abandoning module MobilePatchingUtils (258)
[2018.03.20-16.04.14:778][315]LogModuleManager: Shutting down and abandoning module CustomMeshComponent (256)
[2018.03.20-16.04.14:778][315]LogModuleManager: Shutting down and abandoning module CableComponent (254)
[2018.03.20-16.04.14:778][315]LogModuleManager: Shutting down and abandoning module ArchVisCharacter (252)
[2018.03.20-16.04.14:778][315]LogModuleManager: Shutting down and abandoning module AndroidPermission (250)
[2018.03.20-16.04.14:778][315]LogModuleManager: Shutting down and abandoning module ActorSequence (246)
[2018.03.20-16.04.14:778][315]LogModuleManager: Shutting down and abandoning module MediaCompositing (244)
[2018.03.20-16.04.14:778][315]LogModuleManager: Shutting down and abandoning module HTML5Networking (242)
[2018.03.20-16.04.14:778][315]LogModuleManager: Shutting down and abandoning module VisualStudioSourceCodeAccess (240)
[2018.03.20-16.04.14:778][315]LogModuleManager: Shutting down and abandoning module HotReload (239)
[2018.03.20-16.04.14:778][315]LogModuleManager: Shutting down and abandoning module VisualStudioCodeSourceCodeAccess (236)
[2018.03.20-16.04.14:779][315]LogModuleManager: Shutting down and abandoning module UObjectPlugin (234)
[2018.03.20-16.04.14:779][315]LogModuleManager: Shutting down and abandoning module SubversionSourceControl (232)
[2018.03.20-16.04.14:779][315]LogModuleManager: Shutting down and abandoning module PerforceSourceControl (230)
[2018.03.20-16.04.14:780][315]LogModuleManager: Shutting down and abandoning module SourceControl (229)
[2018.03.20-16.04.14:781][315]LogModuleManager: Shutting down and abandoning module RuntimePhysXCooking (226)
[2018.03.20-16.04.14:781][315]LogModuleManager: Shutting down and abandoning module PhysXVehiclesEditor (224)
[2018.03.20-16.04.14:781][315]LogModuleManager: Shutting down and abandoning module PhysXVehicles (222)
[2018.03.20-16.04.14:781][315]LogModuleManager: Shutting down and abandoning module LocationServicesBPLibrary (220)
[2018.03.20-16.04.14:781][315]LogModuleManager: Shutting down and abandoning module ImmediatePhysicsEditor (218)
[2018.03.20-16.04.14:781][315]LogModuleManager: Shutting down and abandoning module ImmediatePhysics (216)
[2018.03.20-16.04.14:782][315]LogModuleManager: Shutting down and abandoning module UdpMessaging (214)
[2018.03.20-16.04.14:883][315]LogModuleManager: Shutting down and abandoning module TcpMessaging (212)
[2018.03.20-16.04.15:315][315]LogModuleManager: Shutting down and abandoning module GameplayTagsEditor (210)
[2018.03.20-16.04.15:316][315]LogModuleManager: Shutting down and abandoning module FacialAnimation (208)
[2018.03.20-16.04.15:316][315]LogModuleManager: Shutting down and abandoning module AssetManagerEditor (206)
[2018.03.20-16.04.15:317][315]LogModuleManager: Shutting down and abandoning module GraphEditor (205)
[2018.03.20-16.04.15:317][315]LogModuleManager: Shutting down and abandoning module ContentBrowser (203)
[2018.03.20-16.04.15:317][315]LogModuleManager: Shutting down and abandoning module CollectionManager (202)
[2018.03.20-16.04.15:317][315]LogDirectoryWatcher: A directory notification for 'C:/Users/rudra/Documents/UPenn Documents/Spring 2018 Class Docs/CIS 568 Game Design Practicum/Game1 (Rishabh Git Repo)/Water-Run/WaterRunner/Content/Collections/' was aborted.
[2018.03.20-16.04.15:317][315]LogDirectoryWatcher: A directory notification for 'C:/Users/rudra/Documents/UPenn Documents/Spring 2018 Class Docs/CIS 568 Game Design Practicum/Game1 (Rishabh Git Repo)/Water-Run/WaterRunner/Content/Developers/rudra/Collections/' was aborted.
[2018.03.20-16.04.15:317][315]LogDirectoryWatcher: A directory notification for 'C:/Users/rudra/Documents/UPenn Documents/Spring 2018 Class Docs/CIS 568 Game Design Practicum/Game1 (Rishabh Git Repo)/Water-Run/WaterRunner/Saved/Collections/' was aborted.
[2018.03.20-16.04.15:317][315]LogModuleManager: Shutting down and abandoning module DirectoryWatcher (201)
[2018.03.20-16.04.15:318][315]LogModuleManager: Shutting down and abandoning module LightPropagationVolumeRuntime (196)
[2018.03.20-16.04.15:318][315]LogModuleManager: Shutting down and abandoning module Paper2D (194)
[2018.03.20-16.04.15:318][315]LogModuleManager: Shutting down and abandoning module WindowsMoviePlayer (192)
[2018.03.20-16.04.15:318][315]LogModuleManager: Shutting down and abandoning module WmfMedia (190)
[2018.03.20-16.04.15:319][315]LogModuleManager: Shutting down and abandoning module ImgMedia (188)
[2018.03.20-16.04.15:319][315]LogModuleManager: Shutting down and abandoning module PacketHandler (186)
[2018.03.20-16.04.15:319][315]LogModuleManager: Shutting down and abandoning module ClothingSystemEditor (184)
[2018.03.20-16.04.15:319][315]LogModuleManager: Shutting down and abandoning module ClothingSystemRuntime (182)
[2018.03.20-16.04.15:319][315]LogModuleManager: Shutting down and abandoning module MediaAssets (180)
[2018.03.20-16.04.15:319][315]LogModuleManager: Shutting down and abandoning module Media (179)
[2018.03.20-16.04.15:325][315]LogModuleManager: Shutting down and abandoning module Overlay (176)
[2018.03.20-16.04.15:325][315]LogModuleManager: Shutting down and abandoning module OverlayEditor (175)
[2018.03.20-16.04.15:325][315]LogModuleManager: Shutting down and abandoning module VREditor (172)
[2018.03.20-16.04.15:325][315]LogModuleManager: Shutting down and abandoning module StringTableEditor (170)
[2018.03.20-16.04.15:325][315]LogModuleManager: Shutting down and abandoning module GameplayTasksEditor (168)
[2018.03.20-16.04.15:326][315]LogModuleManager: Shutting down and abandoning module BehaviorTreeEditor (166)
[2018.03.20-16.04.15:327][315]LogModuleManager: Shutting down and abandoning module FunctionalTesting (164)
[2018.03.20-16.04.15:327][315]LogModuleManager: Shutting down and abandoning module CollisionAnalyzer (162)
[2018.03.20-16.04.15:328][315]LogModuleManager: Shutting down and abandoning module WorkspaceMenuStructure (161)
[2018.03.20-16.04.15:328][315]LogModuleManager: Shutting down and abandoning module UMG (158)
[2018.03.20-16.04.15:328][315]LogModuleManager: Shutting down and abandoning module UMGEditor (157)
[2018.03.20-16.04.15:330][315]LogModuleManager: Shutting down and abandoning module Sequencer (156)
[2018.03.20-16.04.15:331][315]LogModuleManager: Shutting down and abandoning module MessageLog (153)
[2018.03.20-16.04.15:331][315]LogModuleManager: Shutting down and abandoning module SlateReflector (148)
[2018.03.20-16.04.15:332][315]LogModuleManager: Shutting down and abandoning module Slate (146)
[2018.03.20-16.04.15:332][315]LogModuleManager: Shutting down and abandoning module EditorStyle (144)
[2018.03.20-16.04.15:335][315]LogModuleManager: Shutting down and abandoning module MRMesh (142)
[2018.03.20-16.04.15:335][315]LogModuleManager: Shutting down and abandoning module Messaging (140)
[2018.03.20-16.04.15:335][315]LogModuleManager: Shutting down and abandoning module SourceCodeAccess (138)
[2018.03.20-16.04.15:335][315]LogModuleManager: Shutting down and abandoning module HeadMountedDisplay (136)
[2018.03.20-16.04.15:335][315]LogModuleManager: Shutting down and abandoning module XAudio2 (134)
[2018.03.20-16.04.15:335][315]LogModuleManager: Shutting down and abandoning module Networking (132)
[2018.03.20-16.04.15:335][315]LogModuleManager: Shutting down and abandoning module Core (128)
[2018.03.20-16.04.15:335][315]LogModuleManager: Shutting down and abandoning module LevelSequence (126)
[2018.03.20-16.04.15:335][315]LogModuleManager: Shutting down and abandoning module KismetCompiler (124)
[2018.03.20-16.04.15:335][315]LogModuleManager: Shutting down and abandoning module MeshUtilities (122)
[2018.03.20-16.04.15:336][315]LogModuleManager: Shutting down and abandoning module MeshMergeUtilities (121)
[2018.03.20-16.04.15:336][315]LogModuleManager: Shutting down and abandoning module MeshReductionInterface (120)
[2018.03.20-16.04.15:336][315]LogModuleManager: Shutting down and abandoning module SimplygonSwarm (119)
[2018.03.20-16.04.15:337][315]LogModuleManager: Shutting down and abandoning module SimplygonMeshReduction (117)
[2018.03.20-16.04.15:337][315]LogModuleManager: Shutting down and abandoning module QuadricMeshReduction (115)
[2018.03.20-16.04.15:337][315]LogModuleManager: Shutting down and abandoning module MaterialBaking (111)
[2018.03.20-16.04.15:337][315]LogModuleManager: Shutting down and abandoning module DerivedDataCache (106)
[2018.03.20-16.04.15:596][315]LogDerivedDataCache: Shutdown
[2018.03.20-16.04.15:596][315]LogModuleManager: Shutting down and abandoning module TargetPlatform (104)
[2018.03.20-16.04.15:596][315]LogModuleManager: Shutting down and abandoning module VulkanShaderFormat (103)
[2018.03.20-16.04.15:597][315]LogModuleManager: Shutting down and abandoning module ShaderFormatVectorVM (101)
[2018.03.20-16.04.15:597][315]LogModuleManager: Shutting down and abandoning module ShaderFormatOpenGL (99)
[2018.03.20-16.04.15:597][315]LogModuleManager: Shutting down and abandoning module ShaderFormatD3D (97)
[2018.03.20-16.04.15:597][315]LogModuleManager: Shutting down and abandoning module MetalShaderFormat (95)
[2018.03.20-16.04.15:598][315]LogModuleManager: Shutting down and abandoning module TextureFormatUncompressed (93)
[2018.03.20-16.04.15:598][315]LogModuleManager: Shutting down and abandoning module TextureFormatPVR (91)
[2018.03.20-16.04.15:598][315]LogModuleManager: Shutting down and abandoning module TextureFormatDXT (89)
[2018.03.20-16.04.15:598][315]LogModuleManager: Shutting down and abandoning module TextureFormatIntelISPCTexComp (87)
[2018.03.20-16.04.15:598][315]LogModuleManager: Shutting down and abandoning module TextureFormatASTC (85)
[2018.03.20-16.04.15:598][315]LogModuleManager: Shutting down and abandoning module ImageWrapper (84)
[2018.03.20-16.04.15:598][315]LogModuleManager: Shutting down and abandoning module TextureFormatAndroid (81)
[2018.03.20-16.04.15:598][315]LogModuleManager: Shutting down and abandoning module AudioFormatOpus (79)
[2018.03.20-16.04.15:598][315]LogModuleManager: Shutting down and abandoning module AudioFormatOgg (77)
[2018.03.20-16.04.15:598][315]LogModuleManager: Shutting down and abandoning module AudioFormatADPCM (75)
[2018.03.20-16.04.15:598][315]LogModuleManager: Shutting down and abandoning module WindowsTargetPlatform (73)
[2018.03.20-16.04.15:598][315]LogModuleManager: Shutting down and abandoning module WindowsServerTargetPlatform (71)
[2018.03.20-16.04.15:598][315]LogModuleManager: Shutting down and abandoning module WindowsNoEditorTargetPlatform (69)
[2018.03.20-16.04.15:598][315]LogModuleManager: Shutting down and abandoning module WindowsClientTargetPlatform (67)
[2018.03.20-16.04.15:598][315]LogModuleManager: Shutting down and abandoning module InputCore (64)
[2018.03.20-16.04.15:598][315]LogModuleManager: Shutting down and abandoning module Settings (62)
[2018.03.20-16.04.15:598][315]LogModuleManager: Shutting down and abandoning module PhysXCooking (60)
[2018.03.20-16.04.15:598][315]LogModuleManager: Shutting down and abandoning module SteamVR (58)
[2018.03.20-16.04.15:598][315]LogModuleManager: Shutting down and abandoning module OculusHMD (56)
[2018.03.20-16.04.15:598][315]LogModuleManager: Shutting down and abandoning module ExampleDeviceProfileSelector (54)
[2018.03.20-16.04.15:598][315]LogModuleManager: Shutting down and abandoning module AppleARKit (52)
[2018.03.20-16.04.15:598][315]LogModuleManager: Shutting down and abandoning module AugmentedReality (51)
[2018.03.20-16.04.15:598][315]LogModuleManager: Shutting down and abandoning module OnlineBlueprintSupport (48)
[2018.03.20-16.04.15:598][315]LogModuleManager: Shutting down and abandoning module OnlineSubsystem (44)
[2018.03.20-16.04.15:599][315]LogModuleManager: Shutting down and abandoning module XMPP (43)
[2018.03.20-16.04.15:599][315]LogModuleManager: Shutting down and abandoning module HTTP (41)
[2018.03.20-16.04.15:633][315]LogModuleManager: Shutting down and abandoning module SSL (40)
[2018.03.20-16.04.15:635][315]LogModuleManager: Shutting down and abandoning module AnimationModifiers (36)
[2018.03.20-16.04.15:636][315]LogModuleManager: Shutting down and abandoning module PropertyEditor (35)
[2018.03.20-16.04.15:636][315]LogModuleManager: Shutting down and abandoning module AudioEditor (32)
[2018.03.20-16.04.15:636][315]LogModuleManager: Shutting down and abandoning module TextureCompressor (30)
[2018.03.20-16.04.15:637][315]LogModuleManager: Shutting down and abandoning module ShaderCore (28)
[2018.03.20-16.04.15:637][315]LogModuleManager: Shutting down and abandoning module Landscape (26)
[2018.03.20-16.04.15:637][315]LogModuleManager: Shutting down and abandoning module SlateRHIRenderer (24)
[2018.03.20-16.04.15:638][315]LogModuleManager: Shutting down and abandoning module OpenGLDrv (22)
[2018.03.20-16.04.15:638][315]LogModuleManager: Shutting down and abandoning module D3D11RHI (20)
[2018.03.20-16.04.15:638][315]LogModuleManager: Shutting down and abandoning module AnimGraphRuntime (18)
[2018.03.20-16.04.15:638][315]LogModuleManager: Shutting down and abandoning module Renderer (16)
[2018.03.20-16.04.15:638][315]LogModuleManager: Shutting down and abandoning module Engine (14)
[2018.03.20-16.04.15:638][315]LogModuleManager: Shutting down and abandoning module CoreUObject (12)
[2018.03.20-16.04.15:638][315]LogModuleManager: Shutting down and abandoning module NetworkFile (10)
[2018.03.20-16.04.15:639][315]LogModuleManager: Shutting down and abandoning module CookedIterativeFile (8)
[2018.03.20-16.04.15:639][315]LogModuleManager: Shutting down and abandoning module StreamingFile (6)
[2018.03.20-16.04.15:639][315]LogModuleManager: Shutting down and abandoning module SandboxFile (4)
[2018.03.20-16.04.15:639][315]LogModuleManager: Shutting down and abandoning module PakFile (2)
[2018.03.20-16.04.15:641][315]LogExit: Exiting.
[2018.03.20-16.04.15:642][315]Log file closed, 03/20/18 12:04:15
