Log file open, 03/15/18 17:25:34
LogWindows: Failed to load 'aqProf.dll' (GetLastError=126)
LogWindows: File 'aqProf.dll' does not exist
LogWindows: Failed to load 'VtuneApi.dll' (GetLastError=126)
LogWindows: File 'VtuneApi.dll' does not exist
LogWindows: Failed to load 'VtuneApi32e.dll' (GetLastError=126)
LogWindows: File 'VtuneApi32e.dll' does not exist
LogInit: Display: Running engine for game: WaterRunner
LogPlatformFile: Not using cached read wrapper
LogInit: Display: RandInit(2147314468) SRandInit(2147314468).
LogInit: Read version file with build ID '3709383'
LogInit: Overriding engine version to CL 3832480, compatible CL 3709383
LogInit: Registered custom module enumerator with build ID '3709383'
LogTaskGraph: Started task graph with 5 named threads and 14 total threads with 3 sets of task threads.
LogStats: Stats thread started at 0.241364
LogD3D11RHI: Aftermath initialized
LogModuleManager: Display: Found up-to-date module file ../../../Engine/Plugins/2D/Paper2D/Binaries/Win64/UE4Editor-Paper2D.dll (API version 3709383).
LogModuleManager: Display: Found up-to-date module file ../../../Engine/Plugins/2D/Paper2D/Binaries/Win64/UE4Editor-Paper2DEditor.dll (API version 3709383).
LogModuleManager: Display: Found up-to-date module file ../../../Engine/Plugins/2D/Paper2D/Binaries/Win64/UE4Editor-PaperSpriteSheetImporter.dll (API version 3709383).
LogModuleManager: Display: Found up-to-date module file ../../../Engine/Plugins/2D/Paper2D/Binaries/Win64/UE4Editor-PaperTiledImporter.dll (API version 3709383).
LogModuleManager: Display: Found up-to-date module file ../../../Engine/Plugins/2D/Paper2D/Binaries/Win64/UE4Editor-SmartSnapping.dll (API version 3709383).
LogModuleManager: Display: Found up-to-date module file ../../../Engine/Plugins/Blendables/LightPropagationVolume/Binaries/Win64/UE4Editor-LightPropagationVolumeRuntime.dll (API version 3709383).
LogModuleManager: Display: Found up-to-date module file ../../../Engine/Plugins/Blendables/LightPropagationVolume/Binaries/Win64/UE4Editor-LightPropagationVolumeEditor.dll (API version 3709383).
LogModuleManager: Display: Found up-to-date module file ../../../Engine/Plugins/Developer/GitSourceControl/Binaries/Win64/UE4Editor-GitSourceControl.dll (API version 3709383).
LogModuleManager: Display: Found up-to-date module file ../../../Engine/Plugins/Developer/PerforceSourceControl/Binaries/Win64/UE4Editor-PerforceSourceControl.dll (API version 3709383).
LogModuleManager: Display: Found up-to-date module file ../../../Engine/Plugins/Developer/SubversionSourceControl/Binaries/Win64/UE4Editor-SubversionSourceControl.dll (API version 3709383).
LogModuleManager: Display: Found up-to-date module file ../../../Engine/Plugins/Developer/UObjectPlugin/Binaries/Win64/UE4Editor-UObjectPlugin.dll (API version 3709383).
LogModuleManager: Display: Found up-to-date module file ../../../Engine/Plugins/Developer/VisualStudioCodeSourceCodeAccess/Binaries/Win64/UE4Editor-VisualStudioCodeSourceCodeAccess.dll (API version 3709383).
LogModuleManager: Display: Found up-to-date module file ../../../Engine/Plugins/Developer/VisualStudioSourceCodeAccess/Binaries/Win64/UE4Editor-VisualStudioSourceCodeAccess.dll (API version 3709383).
LogModuleManager: Display: Found up-to-date module file ../../../Engine/Plugins/Editor/AssetManagerEditor/Binaries/Win64/UE4Editor-AssetManagerEditor.dll (API version 3709383).
LogModuleManager: Display: Found up-to-date module file ../../../Engine/Plugins/Editor/AudioCapture/Binaries/Win64/UE4Editor-AudioCapture.dll (API version 3709383).
LogModuleManager: Display: Found up-to-date module file ../../../Engine/Plugins/Editor/FacialAnimation/Binaries/Win64/UE4Editor-FacialAnimation.dll (API version 3709383).
LogModuleManager: Display: Found up-to-date module file ../../../Engine/Plugins/Editor/FacialAnimation/Binaries/Win64/UE4Editor-FacialAnimationEditor.dll (API version 3709383).
LogModuleManager: Display: Found up-to-date module file ../../../Engine/Plugins/Editor/GameplayTagsEditor/Binaries/Win64/UE4Editor-GameplayTagsEditor.dll (API version 3709383).
LogModuleManager: Display: Found up-to-date module file ../../../Engine/Plugins/Editor/MobileLauncherProfileWizard/Binaries/Win64/UE4Editor-MobileLauncherProfileWizard.dll (API version 3709383).
LogModuleManager: Display: Found up-to-date module file ../../../Engine/Plugins/Editor/PluginBrowser/Binaries/Win64/UE4Editor-PluginBrowser.dll (API version 3709383).
LogModuleManager: Display: Found up-to-date module file ../../../Engine/Plugins/Editor/SpeedTreeImporter/Binaries/Win64/UE4Editor-SpeedTreeImporter.dll (API version 3709383).
LogModuleManager: Display: Found up-to-date module file ../../../Engine/Plugins/Experimental/AlembicImporter/Binaries/Win64/UE4Editor-AlembicImporter.dll (API version 3709383).
LogModuleManager: Display: Found up-to-date module file ../../../Engine/Plugins/Experimental/AlembicImporter/Binaries/Win64/UE4Editor-AlembicLibrary.dll (API version 3709383).
LogModuleManager: Display: Found up-to-date module file ../../../Engine/Plugins/Experimental/CharacterAI/Binaries/Win64/UE4Editor-CharacterAI.dll (API version 3709383).
LogModuleManager: Display: Found up-to-date module file ../../../Engine/Plugins/Experimental/HTML5Networking/Binaries/Win64/UE4Editor-HTML5Networking.dll (API version 3709383).
LogModuleManager: Display: Found up-to-date module file ../../../Engine/Plugins/Media/AndroidMedia/Binaries/Win64/UE4Editor-AndroidMediaEditor.dll (API version 3709383).
LogModuleManager: Display: Found up-to-date module file ../../../Engine/Plugins/Media/AndroidMedia/Binaries/Win64/UE4Editor-AndroidMediaFactory.dll (API version 3709383).
LogModuleManager: Display: Found up-to-date module file ../../../Engine/Plugins/Media/AvfMedia/Binaries/Win64/UE4Editor-AvfMediaEditor.dll (API version 3709383).
LogModuleManager: Display: Found up-to-date module file ../../../Engine/Plugins/Media/AvfMedia/Binaries/Win64/UE4Editor-AvfMediaFactory.dll (API version 3709383).
LogModuleManager: Display: Found up-to-date module file ../../../Engine/Plugins/Media/AvfMedia/Binaries/Win64/UE4Editor-AvfMediaFactory.dll (API version 3709383).
LogModuleManager: Display: Found up-to-date module file ../../../Engine/Plugins/Media/ImgMedia/Binaries/Win64/UE4Editor-ImgMedia.dll (API version 3709383).
LogModuleManager: Display: Found up-to-date module file ../../../Engine/Plugins/Media/ImgMedia/Binaries/Win64/UE4Editor-ImgMediaEditor.dll (API version 3709383).
LogModuleManager: Display: Found up-to-date module file ../../../Engine/Plugins/Media/ImgMedia/Binaries/Win64/UE4Editor-ImgMediaFactory.dll (API version 3709383).
LogModuleManager: Display: Found up-to-date module file ../../../Engine/Plugins/Media/ImgMedia/Binaries/Win64/UE4Editor-ImgMediaFactory.dll (API version 3709383).
LogModuleManager: Display: Found up-to-date module file ../../../Engine/Plugins/Media/ImgMedia/Binaries/Win64/UE4Editor-OpenExrWrapper.dll (API version 3709383).
LogModuleManager: Display: Found up-to-date module file ../../../Engine/Plugins/Media/MediaCompositing/Binaries/Win64/UE4Editor-MediaCompositing.dll (API version 3709383).
LogModuleManager: Display: Found up-to-date module file ../../../Engine/Plugins/Media/MediaCompositing/Binaries/Win64/UE4Editor-MediaCompositingEditor.dll (API version 3709383).
LogModuleManager: Display: Found up-to-date module file ../../../Engine/Plugins/Media/MediaPlayerEditor/Binaries/Win64/UE4Editor-MediaPlayerEditor.dll (API version 3709383).
LogModuleManager: Display: Found up-to-date module file ../../../Engine/Plugins/Media/WmfMedia/Binaries/Win64/UE4Editor-WmfMedia.dll (API version 3709383).
LogModuleManager: Display: Found up-to-date module file ../../../Engine/Plugins/Media/WmfMedia/Binaries/Win64/UE4Editor-WmfMediaEditor.dll (API version 3709383).
LogModuleManager: Display: Found up-to-date module file ../../../Engine/Plugins/Media/WmfMedia/Binaries/Win64/UE4Editor-WmfMediaFactory.dll (API version 3709383).
LogModuleManager: Display: Found up-to-date module file ../../../Engine/Plugins/Media/WmfMedia/Binaries/Win64/UE4Editor-WmfMediaFactory.dll (API version 3709383).
LogModuleManager: Display: Found up-to-date module file ../../../Engine/Plugins/Messaging/TcpMessaging/Binaries/Win64/UE4Editor-TcpMessaging.dll (API version 3709383).
LogModuleManager: Display: Found up-to-date module file ../../../Engine/Plugins/Messaging/UdpMessaging/Binaries/Win64/UE4Editor-UdpMessaging.dll (API version 3709383).
LogModuleManager: Display: Found up-to-date module file ../../../Engine/Plugins/MovieScene/ActorSequence/Binaries/Win64/UE4Editor-ActorSequence.dll (API version 3709383).
LogModuleManager: Display: Found up-to-date module file ../../../Engine/Plugins/MovieScene/LevelSequenceEditor/Binaries/Win64/UE4Editor-LevelSequenceEditor.dll (API version 3709383).
LogModuleManager: Display: Found up-to-date module file ../../../Engine/Plugins/MovieScene/MatineeToLevelSequence/Binaries/Win64/UE4Editor-MatineeToLevelSequence.dll (API version 3709383).
LogModuleManager: Display: Found up-to-date module file ../../../Engine/Plugins/Online/OnlineSubsystem/Binaries/Win64/UE4Editor-OnlineSubsystem.dll (API version 3709383).
LogModuleManager: Display: Found up-to-date module file ../../../Engine/Plugins/Runtime/AndroidPermission/Binaries/Win64/UE4Editor-AndroidPermission.dll (API version 3709383).
LogModuleManager: Display: Found up-to-date module file ../../../Engine/Plugins/Online/OnlineSubsystemNull/Binaries/Win64/UE4Editor-OnlineSubsystemNull.dll (API version 3709383).
LogModuleManager: Display: Found up-to-date module file ../../../Engine/Plugins/Online/OnlineSubsystemUtils/Binaries/Win64/UE4Editor-OnlineSubsystemUtils.dll (API version 3709383).
LogModuleManager: Display: Found up-to-date module file ../../../Engine/Plugins/Online/OnlineSubsystemUtils/Binaries/Win64/UE4Editor-OnlineBlueprintSupport.dll (API version 3709383).
LogModuleManager: Display: Found up-to-date module file ../../../Engine/Plugins/Runtime/AndroidDeviceProfileSelector/Binaries/Win64/UE4Editor-AndroidDeviceProfileSelector.dll (API version 3709383).
LogModuleManager: Display: Found up-to-date module file ../../../Engine/Plugins/Runtime/AppleARKit/Binaries/Win64/UE4Editor-AppleARKit.dll (API version 3709383).
LogModuleManager: Display: Found up-to-date module file ../../../Engine/Plugins/Runtime/ArchVisCharacter/Binaries/Win64/UE4Editor-ArchVisCharacter.dll (API version 3709383).
LogModuleManager: Display: Found up-to-date module file ../../../Engine/Plugins/Runtime/CableComponent/Binaries/Win64/UE4Editor-CableComponent.dll (API version 3709383).
LogModuleManager: Display: Found up-to-date module file ../../../Engine/Plugins/Runtime/CustomMeshComponent/Binaries/Win64/UE4Editor-CustomMeshComponent.dll (API version 3709383).
LogModuleManager: Display: Found up-to-date module file ../../../Engine/Plugins/Runtime/ExampleDeviceProfileSelector/Binaries/Win64/UE4Editor-ExampleDeviceProfileSelector.dll (API version 3709383).
LogModuleManager: Display: Found up-to-date module file ../../../Engine/Plugins/Runtime/ImmediatePhysics/Binaries/Win64/UE4Editor-ImmediatePhysics.dll (API version 3709383).
LogModuleManager: Display: Found up-to-date module file ../../../Engine/Plugins/Runtime/ImmediatePhysics/Binaries/Win64/UE4Editor-ImmediatePhysicsEditor.dll (API version 3709383).
LogModuleManager: Display: Found up-to-date module file ../../../Engine/Plugins/Runtime/LocationServicesBPLibrary/Binaries/Win64/UE4Editor-LocationServicesBPLibrary.dll (API version 3709383).
LogModuleManager: Display: Found up-to-date module file ../../../Engine/Plugins/Runtime/MobilePatchingUtils/Binaries/Win64/UE4Editor-MobilePatchingUtils.dll (API version 3709383).
LogModuleManager: Display: Found up-to-date module file ../../../Engine/Plugins/Runtime/Oculus/OculusVR/Binaries/Win64/UE4Editor-OculusHMD.dll (API version 3709383).
LogModuleManager: Display: Found up-to-date module file ../../../Engine/Plugins/Runtime/Oculus/OculusVR/Binaries/Win64/UE4Editor-OculusInput.dll (API version 3709383).
LogModuleManager: Display: Found up-to-date module file ../../../Engine/Plugins/Runtime/Oculus/OculusVR/Binaries/Win64/UE4Editor-OculusEditor.dll (API version 3709383).
LogModuleManager: Display: Found up-to-date module file ../../../Engine/Plugins/Runtime/PhysXVehicles/Binaries/Win64/UE4Editor-PhysXVehicles.dll (API version 3709383).
LogModuleManager: Display: Found up-to-date module file ../../../Engine/Plugins/Runtime/PhysXVehicles/Binaries/Win64/UE4Editor-PhysXVehiclesEditor.dll (API version 3709383).
LogModuleManager: Display: Found up-to-date module file ../../../Engine/Plugins/Runtime/ProceduralMeshComponent/Binaries/Win64/UE4Editor-ProceduralMeshComponent.dll (API version 3709383).
LogModuleManager: Display: Found up-to-date module file ../../../Engine/Plugins/Runtime/ProceduralMeshComponent/Binaries/Win64/UE4Editor-ProceduralMeshComponentEditor.dll (API version 3709383).
LogModuleManager: Display: Found up-to-date module file ../../../Engine/Plugins/Runtime/RuntimePhysXCooking/Binaries/Win64/UE4Editor-RuntimePhysXCooking.dll (API version 3709383).
LogModuleManager: Display: Found up-to-date module file ../../../Engine/Plugins/Runtime/Steam/SteamVR/Binaries/Win64/UE4Editor-SteamVR.dll (API version 3709383).
LogModuleManager: Display: Found up-to-date module file ../../../Engine/Plugins/Runtime/Steam/SteamVR/Binaries/Win64/UE4Editor-SteamVRController.dll (API version 3709383).
LogModuleManager: Display: Found up-to-date module file ../../../Engine/Plugins/Runtime/WindowsMoviePlayer/Binaries/Win64/UE4Editor-WindowsMoviePlayer.dll (API version 3709383).
LogPluginManager: Mounting plugin Paper2D
LogPluginManager: Mounting plugin LightPropagationVolume
LogPluginManager: Mounting plugin CodeLiteSourceCodeAccess
LogPluginManager: Mounting plugin GitSourceControl
LogPluginManager: Mounting plugin KDevelopSourceCodeAccess
LogPluginManager: Mounting plugin NullSourceCodeAccess
LogPluginManager: Mounting plugin PerforceSourceControl
LogPluginManager: Mounting plugin SubversionSourceControl
LogPluginManager: Mounting plugin UObjectPlugin
LogPluginManager: Mounting plugin VisualStudioCodeSourceCodeAccess
LogPluginManager: Mounting plugin VisualStudioSourceCodeAccess
LogPluginManager: Mounting plugin XCodeSourceCodeAccess
LogPluginManager: Mounting plugin AssetManagerEditor
LogPluginManager: Mounting plugin AudioCapture
LogPluginManager: Mounting plugin FacialAnimation
LogPluginManager: Mounting plugin GameplayTagsEditor
LogPluginManager: Mounting plugin MobileLauncherProfileWizard
LogPluginManager: Mounting plugin PluginBrowser
LogPluginManager: Mounting plugin SpeedTreeImporter
LogPluginManager: Mounting plugin AlembicImporter
LogPluginManager: Mounting plugin CharacterAI
LogPluginManager: Mounting plugin HTML5Networking
LogPluginManager: Mounting plugin AndroidMedia
LogPluginManager: Mounting plugin AvfMedia
LogPluginManager: Mounting plugin ImgMedia
LogPluginManager: Mounting plugin MediaCompositing
LogPluginManager: Mounting plugin MediaPlayerEditor
LogPluginManager: Mounting plugin WmfMedia
LogPluginManager: Mounting plugin TcpMessaging
LogPluginManager: Mounting plugin UdpMessaging
LogPluginManager: Mounting plugin ActorSequence
LogPluginManager: Mounting plugin LevelSequenceEditor
LogPluginManager: Mounting plugin MatineeToLevelSequence
LogPluginManager: Mounting plugin OnlineSubsystemGooglePlay
LogPluginManager: Mounting plugin OnlineSubsystemIOS
LogPluginManager: Mounting plugin OnlineSubsystem
LogPluginManager: Mounting plugin OnlineSubsystemNull
LogPluginManager: Mounting plugin OnlineSubsystemUtils
LogPluginManager: Mounting plugin AndroidDeviceProfileSelector
LogPluginManager: Mounting plugin AndroidMoviePlayer
LogPluginManager: Mounting plugin AndroidPermission
LogPluginManager: Mounting plugin AppleARKit
LogPluginManager: Mounting plugin AppleMoviePlayer
LogPluginManager: Mounting plugin ArchVisCharacter
LogPluginManager: Mounting plugin CableComponent
LogPluginManager: Mounting plugin CustomMeshComponent
LogPluginManager: Mounting plugin ExampleDeviceProfileSelector
LogPluginManager: Mounting plugin GoogleCloudMessaging
LogPluginManager: Mounting plugin ImmediatePhysics
LogPluginManager: Mounting plugin IOSDeviceProfileSelector
LogPluginManager: Mounting plugin LinuxDeviceProfileSelector
LogPluginManager: Mounting plugin LocationServicesBPLibrary
LogPluginManager: Mounting plugin MobilePatchingUtils
LogPluginManager: Mounting plugin OculusVR
LogPluginManager: Plugin shader directory ../../../Engine/Plugins/Runtime/Oculus/OculusVR/Shaders found
LogPluginManager: Mapping shader source directory ../../../Engine/Plugins/Runtime/Oculus/OculusVR/Shaders to virtual directory /Plugin/OculusVR
LogPluginManager: Mounting plugin PhysXVehicles
LogPluginManager: Mounting plugin ProceduralMeshComponent
LogPluginManager: Mounting plugin RuntimePhysXCooking
LogPluginManager: Mounting plugin SteamVR
LogPluginManager: Mounting plugin WindowsMoviePlayer
LogInit: Using libcurl 7.47.1
LogInit:  - built for x86_64-pc-win32
LogInit:  - supports SSL with OpenSSL/1.0.2g
LogInit:  - supports HTTP deflate (compression) using libz 1.2.8
LogInit:  - other features:
LogInit:      CURL_VERSION_SSL
LogInit:      CURL_VERSION_LIBZ
LogInit:      CURL_VERSION_IPV6
LogInit:      CURL_VERSION_ASYNCHDNS
LogInit:      CURL_VERSION_LARGEFILE
LogInit:      CURL_VERSION_IDN
LogInit:  CurlRequestOptions (configurable via config and command line):
LogInit:  - bVerifyPeer = false  - Libcurl will NOT verify peer certificate
LogInit:  - bUseHttpProxy = false  - Libcurl will NOT use HTTP proxy
LogInit:  - bDontReuseConnections = false  - Libcurl will reuse connections
LogInit:  - CertBundlePath = nullptr  - Libcurl will use whatever was configured at build time.
LogInit: Build: ++UE4+Release-4.18-CL-3832480
LogInit: Engine Version: 4.18.3-3832480+++UE4+Release-4.18
LogInit: Compatible Engine Version: 4.18.0-3709383+++UE4+Release-4.18
LogInit: Net CL: 3709383
LogDevObjectVersion: Number of dev versions registered: 16
LogDevObjectVersion:   Dev-Blueprints (B0D832E4-1F89-4F0D-ACCF-7EB736FD4AA2): 10
LogDevObjectVersion:   Dev-Build (E1C64328-A22C-4D53-A36C-8E866417BD8C): 0
LogDevObjectVersion:   Dev-Core (375EC13C-06E4-48FB-B500-84F0262A717E): 2
LogDevObjectVersion:   Dev-Editor (E4B068ED-F494-42E9-A231-DA0B2E46BB41): 20
LogDevObjectVersion:   Dev-Framework (CFFC743F-43B0-4480-9391-14DF171D2073): 30
LogDevObjectVersion:   Dev-Mobile (B02B49B5-BB20-44E9-A304-32B752E40360): 0
LogDevObjectVersion:   Dev-Networking (A4E4105C-59A1-49B5-A7C5-40C4547EDFEE): 0
LogDevObjectVersion:   Dev-Online (39C831C9-5AE6-47DC-9A44-9C173E1C8E7C): 0
LogDevObjectVersion:   Dev-Physics (78F01B33-EBEA-4F98-B9B4-84EACCB95AA2): 0
LogDevObjectVersion:   Dev-Platform (6631380F-2D4D-43E0-8009-CF276956A95A): 0
LogDevObjectVersion:   Dev-Rendering (12F88B9F-8875-4AFC-A67C-D90C383ABD29): 20
LogDevObjectVersion:   Dev-Sequencer (7B5AE74C-D270-4C10-A958-57980B212A5A): 4
LogDevObjectVersion:   Dev-VR (D7296918-1DD6-4BDD-9DE2-64A83CC13884): 0
LogDevObjectVersion:   Dev-LoadTimes (C2A15278-BFE7-4AFE-6C17-90FF531DF755): 1
LogDevObjectVersion:   Private-Geometry (6EACA3D4-40EC-4CC1-B786-8BED09428FC5): 1
LogDevObjectVersion:   Dev-AnimPhys (29E575DD-E0A3-4627-9D10-D276232CDCEA): 12
LogInit: Compiled (64-bit): Jan 12 2018 02:04:55
LogInit: Compiled with Visual C++: 19.00.24215.01
LogInit: Build Configuration: Development
LogInit: Branch Name: ++UE4+Release-4.18
LogInit: Command line:  
LogInit: Base directory: C:/Program Files/Epic Games/UE_4.18/Engine/Binaries/Win64/
LogInit: Installed Engine Build: 1
LogInit: Presizing for max 8388607 objects, including 0 objects not considered by GC, pre-allocating 0 bytes for permanent pool.
LogInit: Object subsystem initialized
[2018.03.15-21.25.36:407][  0]LogInit: Selected Device Profile: [Windows]
[2018.03.15-21.25.36:407][  0]LogInit: Applying CVar settings loaded from the selected device profile: [Windows]
[2018.03.15-21.25.36:438][  0]LogInit: Computer: RUDRAKSHA
[2018.03.15-21.25.36:438][  0]LogInit: User: rudra
[2018.03.15-21.25.36:438][  0]LogInit: CPU Page size=4096, Cores=4
[2018.03.15-21.25.36:438][  0]LogInit: High frequency timer resolution =2.742190 MHz
[2018.03.15-21.25.36:438][  0]LogMemory: Memory total: Physical=15.9GB (16GB approx)
[2018.03.15-21.25.36:438][  0]LogMemory: Platform Memory Stats for Windows
[2018.03.15-21.25.36:438][  0]LogMemory: Process Physical Memory: 276.75 MB used, 276.75 MB peak
[2018.03.15-21.25.36:438][  0]LogMemory: Process Virtual Memory: 270.18 MB used, 270.18 MB peak
[2018.03.15-21.25.36:438][  0]LogMemory: Physical Memory: 8854.54 MB used,  7381.41 MB free, 16235.95 MB total
[2018.03.15-21.25.36:438][  0]LogMemory: Virtual Memory: 683.06 MB used,  7381.41 MB free, 134217728.00 MB total
[2018.03.15-21.25.36:764][  0]LogInit: Using OS detected language (en-US).
[2018.03.15-21.25.36:764][  0]LogInit: Using OS detected locale (en-US).
[2018.03.15-21.25.36:807][  0]LogTextLocalizationManager: No specific localization for 'en-US' exists, so the 'en' localization will be used.
[2018.03.15-21.25.37:266][  0]LogInit: Setting process to per monitor DPI aware
[2018.03.15-21.25.39:534][  0]LogD3D11RHI: D3D11 adapters:
[2018.03.15-21.25.39:601][  0]LogD3D11RHI:    0. 'NVIDIA GeForce GTX 1050' (Feature Level 11_0)
[2018.03.15-21.25.39:601][  0]LogD3D11RHI:       4031/0/8117 MB DedicatedVideo/DedicatedSystem/SharedSystem, Outputs:1, VendorId:0x10de
[2018.03.15-21.25.39:614][  0]LogD3D11RHI:    1. 'Intel(R) HD Graphics 630' (Feature Level 11_0)
[2018.03.15-21.25.39:614][  0]LogD3D11RHI:       128/0/8117 MB DedicatedVideo/DedicatedSystem/SharedSystem, Outputs:0, VendorId:0x8086
[2018.03.15-21.25.39:616][  0]LogD3D11RHI:    2. 'Microsoft Basic Render Driver' (Feature Level 11_0)
[2018.03.15-21.25.39:616][  0]LogD3D11RHI:       0/0/8117 MB DedicatedVideo/DedicatedSystem/SharedSystem, Outputs:0, VendorId:0x1414
[2018.03.15-21.25.39:616][  0]LogD3D11RHI: Chosen D3D11 Adapter: 0
[2018.03.15-21.25.39:628][  0]LogD3D11RHI: Creating new Direct3DDevice
[2018.03.15-21.25.39:628][  0]LogD3D11RHI:     GPU DeviceId: 0x1c8d (for the marketing name, search the web for "GPU Device Id")
[2018.03.15-21.25.39:628][  0]LogWindows: EnumDisplayDevices:
[2018.03.15-21.25.39:628][  0]LogWindows:    0. 'Intel(R) HD Graphics 630' (P:1 D:1)
[2018.03.15-21.25.39:629][  0]LogWindows:    1. 'Intel(R) HD Graphics 630' (P:0 D:0)
[2018.03.15-21.25.39:629][  0]LogWindows:    2. 'Intel(R) HD Graphics 630' (P:0 D:0)
[2018.03.15-21.25.39:629][  0]LogWindows: DebugString: GetVideoDriverDetailsInvalid PrimaryIsNotTheChoosenAdapter GetVideoDriverDetailsInvalid PrimaryIsNotTheChoosenAdapter GetVideoDriverDetailsInvalid PrimaryIsNotTheChoosenAdapter FoundDriverCount:0 
[2018.03.15-21.25.39:629][  0]LogD3D11RHI:     Adapter Name: NVIDIA GeForce GTX 1050
[2018.03.15-21.25.39:629][  0]LogD3D11RHI:   Driver Version: Unknown (internal:Unknown, unified:Unknown)
[2018.03.15-21.25.39:629][  0]LogD3D11RHI:      Driver Date: Unknown
[2018.03.15-21.25.39:629][  0]LogRHI: Texture pool is 2821 MB (70% of 4031 MB)
[2018.03.15-21.25.39:662][  0]LogD3D11RHI: Async texture creation enabled
[2018.03.15-21.25.39:675][  0]LogD3D11RHI: GPU Timing Frequency: 1000.000000 (Debug: 2 1)
[2018.03.15-21.25.39:677][  0]LogShaderCompilers: Guid format shader working directory is -110 characters bigger than the processId version (../../../../../../Users/rudra/Documents/UPenn Documents/Spring 2018 Class Docs/CIS 568 Game Design Practicum/Game1 (Rishabh Git Repo)/Water-Run/WaterRunner/Intermediate/Shaders/WorkingDirectory/20852/).
[2018.03.15-21.25.39:677][  0]LogShaderCompilers: Cleaned the shader compiler working directory 'C:/Users/rudra/AppData/Local/Temp/UnrealShaderWorkingDir/58B5545B4ECB1E1BFBB1D189C45380D0/'.
[2018.03.15-21.25.39:677][  0]LogShaderCompilers: Display: Using Local Shader Compiler.
[2018.03.15-21.25.41:743][  0]LogTemp: Display: Loaded TP AllDesktopTargetPlatform
[2018.03.15-21.25.41:813][  0]LogTemp: Display: Loaded TP MacClientTargetPlatform
[2018.03.15-21.25.41:893][  0]LogTemp: Display: Loaded TP MacNoEditorTargetPlatform
[2018.03.15-21.25.41:968][  0]LogTemp: Display: Loaded TP MacServerTargetPlatform
[2018.03.15-21.25.42:041][  0]LogTemp: Display: Loaded TP MacTargetPlatform
[2018.03.15-21.25.42:109][  0]LogTemp: Display: Loaded TP WindowsClientTargetPlatform
[2018.03.15-21.25.42:183][  0]LogTemp: Display: Loaded TP WindowsNoEditorTargetPlatform
[2018.03.15-21.25.42:257][  0]LogTemp: Display: Loaded TP WindowsServerTargetPlatform
[2018.03.15-21.25.42:325][  0]LogTemp: Display: Loaded TP WindowsTargetPlatform
[2018.03.15-21.25.42:397][  0]LogTemp: Display: Loaded TP Android_ASTCTargetPlatform
[2018.03.15-21.25.42:465][  0]LogTemp: Display: Loaded TP Android_ATCTargetPlatform
[2018.03.15-21.25.42:534][  0]LogTemp: Display: Loaded TP Android_DXTTargetPlatform
[2018.03.15-21.25.42:605][  0]LogTemp: Display: Loaded TP Android_ETC1TargetPlatform
[2018.03.15-21.25.42:682][  0]LogTemp: Display: Loaded TP Android_ETC2TargetPlatform
[2018.03.15-21.25.42:820][  0]LogTemp: Display: Loaded TP Android_MultiTargetPlatform
[2018.03.15-21.25.42:820][  0]LogTemp: Display: Loaded TP Android_PVRTCTargetPlatform
[2018.03.15-21.25.42:899][  0]LogTemp: Display: Loaded TP AndroidTargetPlatform
[2018.03.15-21.25.42:963][  0]LogTemp: Display: Loaded TP HTML5TargetPlatform
[2018.03.15-21.25.43:092][  0]LogTemp: Display: Loaded TP IOSTargetPlatform
[2018.03.15-21.25.43:131][  0]LogTemp: Display: Loaded TP TVOSTargetPlatform
[2018.03.15-21.25.43:200][  0]LogTemp: Display: Loaded TP LinuxClientTargetPlatform
[2018.03.15-21.25.43:266][  0]LogTemp: Display: Loaded TP LinuxNoEditorTargetPlatform
[2018.03.15-21.25.43:336][  0]LogTemp: Display: Loaded TP LinuxServerTargetPlatform
[2018.03.15-21.25.43:411][  0]LogTemp: Display: Loaded TP LinuxTargetPlatform
[2018.03.15-21.25.43:411][  0]LogTargetPlatformManager: Display: Building Assets For Windows
[2018.03.15-21.25.44:167][  0]LogDerivedDataCache: Display: Max Cache Size: 512 MB
[2018.03.15-21.25.44:373][  0]LogDerivedDataCache: Loaded boot cache 0.21s 78MB C:/Users/rudra/AppData/Local/UnrealEngine/4.18/DerivedDataCache/Boot.ddc.
[2018.03.15-21.25.44:373][  0]LogDerivedDataCache: Display: Loaded Boot cache: C:/Users/rudra/AppData/Local/UnrealEngine/4.18/DerivedDataCache/Boot.ddc
[2018.03.15-21.25.44:374][  0]LogDerivedDataCache: FDerivedDataBackendGraph:  Pak pak cache file ../../../../../../Users/rudra/Documents/UPenn Documents/Spring 2018 Class Docs/CIS 568 Game Design Practicum/Game1 (Rishabh Git Repo)/Water-Run/WaterRunner/DerivedDataCache/DDC.ddp not found, will not use a pak cache.
[2018.03.15-21.25.44:374][  0]LogDerivedDataCache: Unable to find inner node Pak for hierarchical cache Hierarchy.
[2018.03.15-21.25.44:374][  0]LogDerivedDataCache: FDerivedDataBackendGraph:  CompressedPak pak cache file ../../../../../../Users/rudra/Documents/UPenn Documents/Spring 2018 Class Docs/CIS 568 Game Design Practicum/Game1 (Rishabh Git Repo)/Water-Run/WaterRunner/DerivedDataCache/Compressed.ddp not found, will not use a pak cache.
[2018.03.15-21.25.44:374][  0]LogDerivedDataCache: Unable to find inner node CompressedPak for hierarchical cache Hierarchy.
[2018.03.15-21.25.44:397][  0]LogDerivedDataCache: Display: Pak cache opened for reading ../../../Engine/DerivedDataCache/Compressed.ddp.
[2018.03.15-21.25.44:410][  0]LogDerivedDataCache: Using Local data cache path C:/Users/rudra/AppData/Local/UnrealEngine/Common/DerivedDataCache: Writable
[2018.03.15-21.25.44:420][  0]LogMaterial: Verifying Global Shaders for PCD3D_SM5
[2018.03.15-21.25.44:420][  0]LogSlate: Using Freetype 2.6.0
[2018.03.15-21.25.44:434][  0]LogSlate: SlateFontCache - WITH_FREETYPE: 1, WITH_HARFBUZZ: 1
[2018.03.15-21.25.44:434][  0]LogSlate: SlateFontCache - WITH_FREETYPE: 1, WITH_HARFBUZZ: 1
[2018.03.15-21.25.45:274][  0]LogInit: Selected Device Profile: [Windows]
[2018.03.15-21.25.45:930][  0]LogSimplygon: Simplygon DLL not present - disabling.
[2018.03.15-21.25.46:006][  0]LogMeshReduction: Using SimplygonSwarm for distributed automatic mesh merging
[2018.03.15-21.25.46:006][  0]LogMeshReduction: Using QuadricMeshReduction for automatic static mesh reduction
[2018.03.15-21.25.46:006][  0]LogMeshReduction: No automatic skeletal mesh reduction module available
[2018.03.15-21.25.46:006][  0]LogMeshReduction: No automatic mesh merging module available
[2018.03.15-21.25.46:006][  0]LogMeshMerging: No automatic mesh merging module available
[2018.03.15-21.25.46:064][  0]LogNetVersion: WaterRunner , NetCL: 3709383, EngineNetVer: 2, GameNetVer: 0 (Checksum: 1329346148)
[2018.03.15-21.25.46:475][  0]LogAssetRegistry: FAssetRegistry took 0.0272 seconds to start up
[2018.03.15-21.25.47:708][  0]LogPackageLocalizationCache: Processed 7 localized package path(s) for 2 prioritized culture(s) in 0.111490 seconds
[2018.03.15-21.25.47:713][  0]LogUObjectArray: 35870 objects as part of root set at end of initial load.
[2018.03.15-21.25.47:714][  0]LogUObjectAllocator: 7363704 out of 0 bytes used by permanent object pool.
[2018.03.15-21.25.47:714][  0]LogUObjectArray: CloseDisregardForGC: 0/0 objects in disregard for GC pool
[2018.03.15-21.25.47:807][  0]LogInit: WinSock: version 1.1 (2.2), MaxSocks=32767, MaxUdp=65467
[2018.03.15-21.25.54:672][  0]LogTcpMessaging: Initializing TcpMessaging bridge
[2018.03.15-21.25.54:736][  0]LogUdpMessaging: Initializing bridge on interface 0.0.0.0:0 to multicast group 230.0.0.1:6666.
[2018.03.15-21.25.55:958][  0]LogMaterial: Uniform references updated for custom material expression Custom.
[2018.03.15-21.25.56:760][  0]SourceControl: Source control is disabled
[2018.03.15-21.25.56:760][  0]SourceControl: Source control is disabled
[2018.03.15-21.25.56:844][  0]SourceControl: Source control is disabled
[2018.03.15-21.25.56:920][  0]SourceControl: Source control is disabled
[2018.03.15-21.25.58:239][  0]LogAndroidPermission: UAndroidPermissionCallbackProxy::GetInstance
[2018.03.15-21.25.58:644][  0]LogOcInput: OculusInput pre-init called
[2018.03.15-21.25.59:103][  0]LogEngine: Initializing Engine...
[2018.03.15-21.25.59:105][  0]LogHMD: Failed to initialize OpenVR with code 110
[2018.03.15-21.25.59:526][  0]LogStats: UGameplayTagsManager::ConstructGameplayTagTree: Construct from data asset -  0.000 s
[2018.03.15-21.25.59:526][  0]LogStats: UGameplayTagsManager::ConstructGameplayTagTree: GameplayTagTreeChangedEvent.Broadcast -  0.000 s
[2018.03.15-21.25.59:731][  0]LogAIModule: Creating AISystem for world Untitled
[2018.03.15-21.25.59:751][  0]LogInit: XAudio2 using 'Speakers / Headphones (Realtek Audio)' : 2 channels at 48 kHz using 32 bits per sample (channel mask 0x3)
[2018.03.15-21.25.59:769][  0]LogInit: FAudioDevice initialized.
[2018.03.15-21.25.59:829][  0]LogDerivedDataCache: Saved boot cache 0.06s 78MB C:/Users/rudra/AppData/Local/UnrealEngine/4.18/DerivedDataCache/Boot.ddc.
[2018.03.15-21.25.59:852][  0]LogInit: Texture streaming: Enabled
[2018.03.15-21.26.00:008][  0]LogEngineSessionManager: EngineSessionManager initialized
[2018.03.15-21.26.00:009][  0]LogEngineSessionManager: EngineSessionManager sent abnormal shutdown report. Type=AbnormalShutdown, SessionId={C7AFD2EF-4D9C-ECD0-9306-C4B0C8994881}
[2018.03.15-21.26.00:238][  0]LogInit: Transaction tracking system initialized
[2018.03.15-21.26.00:776][  0]BlueprintLog: New page: Editor Load
[2018.03.15-21.26.02:232][  0]LocalizationService: Localization service is disabled
[2018.03.15-21.26.03:418][  0]LogConsoleResponse: Display: 
[2018.03.15-21.26.04:014][  0]LogCook: Display: Max memory allowance for cook 16384mb min free memory 0mb
[2018.03.15-21.26.04:014][  0]LogCook: Display: Mobile HDR setting 1
[2018.03.15-21.26.04:014][  0]LogGameplayTags: Display: UGameplayTagsManager::DoneAddingNativeTags. DelegateIsBound: 0
[2018.03.15-21.26.04:102][  0]LogFileCache: Scanning file cache for directory 'C:/Users/rudra/Documents/UPenn Documents/Spring 2018 Class Docs/CIS 568 Game Design Practicum/Game1 (Rishabh Git Repo)/Water-Run/WaterRunner/Content/' took 0.02s
[2018.03.15-21.26.05:959][  0]SourceControl: Source control is disabled
[2018.03.15-21.26.06:057][  0]LogSlate: Took 0.005838 seconds to synchronously load lazily loaded font '../../../Engine/Content/Slate/Fonts/Roboto-Regular.ttf' (155K)
[2018.03.15-21.29.34:097][  0]LogWindowsTextInputMethodSystem: Display: IME system now deactivated.
[2018.03.15-21.29.34:107][  0]LogWindowsTextInputMethodSystem: Display: IME system now deactivated.
[2018.03.15-21.29.34:109][  0]LightingResults: New page: Lighting Build
[2018.03.15-21.29.34:186][  0]MapCheck: New page: Map Check
[2018.03.15-21.29.34:186][  0]LightingResults: New page: Lighting Build
[2018.03.15-21.29.34:551][  0]LogAIModule: Creating AISystem for world Minimal_Default
[2018.03.15-21.29.34:562][  0]LogEditorServer: Finished looking for orphan Actors (0.000 secs)
[2018.03.15-21.29.34:575][  0]Cmd: MAP CHECKDEP NOCLEARLOG
[2018.03.15-21.29.34:646][  0]MapCheck: Map check complete: 0 Error(s), 0 Warning(s), took 70.665ms to complete.
[2018.03.15-21.29.34:646][  0]LogFileHelpers: Loading map 'Minimal_Default' took 0.537
[2018.03.15-21.29.34:738][  0]LogStats: Warning: MetaData mismatch. Did you assign a stat to two groups? New //STATGROUP_Threads//SplashScreenThread///Thread_4ac8_0///####STATCAT_Advanced#### old //STATGROUP_Threads//SplashScreenThread///Thread_59e4_0///####STATCAT_Advanced####
[2018.03.15-21.29.34:738][  0]LogCollectionManager: Loaded 0 collections in 0.001876 seconds
[2018.03.15-21.29.34:839][  0]LogFileCache: Scanning file cache for directory 'C:/Users/rudra/Documents/UPenn Documents/Spring 2018 Class Docs/CIS 568 Game Design Practicum/Game1 (Rishabh Git Repo)/Water-Run/WaterRunner/Saved/Collections/' took 0.01s
[2018.03.15-21.29.34:839][  0]LogFileCache: Scanning file cache for directory 'C:/Users/rudra/Documents/UPenn Documents/Spring 2018 Class Docs/CIS 568 Game Design Practicum/Game1 (Rishabh Git Repo)/Water-Run/WaterRunner/Content/Developers/rudra/Collections/' took 0.01s
[2018.03.15-21.29.34:839][  0]LogFileCache: Scanning file cache for directory 'C:/Users/rudra/Documents/UPenn Documents/Spring 2018 Class Docs/CIS 568 Game Design Practicum/Game1 (Rishabh Git Repo)/Water-Run/WaterRunner/Content/Collections/' took 0.01s
[2018.03.15-21.29.34:839][  0]LogCollectionManager: Rebuilt the GUID cache for 0 collections in 0.000000 seconds
[2018.03.15-21.29.34:847][  0]LogContentBrowser: Native class hierarchy populated in 0.0083 seconds. Added 2363 classes and 519 folders.
[2018.03.15-21.29.34:939][  0]LogContentBrowser: Native class hierarchy updated for 'WidgetCarousel' in 0.0002 seconds. Added 0 classes and 0 folders.
[2018.03.15-21.29.34:983][  0]LogContentBrowser: Native class hierarchy updated for 'AddContentDialog' in 0.0002 seconds. Added 0 classes and 0 folders.
[2018.03.15-21.29.35:041][  0]LogContentBrowser: Native class hierarchy updated for 'SceneOutliner' in 0.0003 seconds. Added 1 classes and 2 folders.
[2018.03.15-21.29.35:149][  0]LogContentBrowser: Native class hierarchy updated for 'HierarchicalLODOutliner' in 0.0003 seconds. Added 1 classes and 2 folders.
[2018.03.15-21.29.35:149][  0]LogLoad: (Engine Initialization) Total time: 242.82 seconds
[2018.03.15-21.29.35:149][  0]LogLoad: (Engine Initialization) Total Blueprint compile time: 0.00 seconds
[2018.03.15-21.29.35:149][  0]LogExternalProfiler: Found external profiler: VSPerf
[2018.03.15-21.29.35:149][  0]LogExternalProfiler: Using external profiler: VSPerf
[2018.03.15-21.29.35:185][  0]LogContentStreaming: Texture pool size now 1000 MB
[2018.03.15-21.29.35:189][  0]LogSlate: Took 0.000234 seconds to synchronously load lazily loaded font '../../../Engine/Content/Slate/Fonts/Roboto-Bold.ttf' (160K)
[2018.03.15-21.29.35:193][  0]LogSlate: Took 0.000228 seconds to synchronously load lazily loaded font '../../../Engine/Content/Editor/Slate/Fonts/FontAwesome.ttf' (139K)
[2018.03.15-21.29.35:348][  0]LogRenderer: Reallocating scene render targets to support 1204x732 Format 10 NumSamples 1 (Frame:1).
[2018.03.15-21.29.35:402][  0]LogSlate: Took 0.000192 seconds to synchronously load lazily loaded font '../../../Engine/Content/Slate/Fonts/Roboto-Light.ttf' (159K)
[2018.03.15-21.29.35:460][  1]LogAssetRegistry: Asset discovery search completed in 229.0078 seconds
[2018.03.15-21.29.35:462][  1]LogCollectionManager: Rebuilt the object cache for 0 collections in 0.000000 seconds (found 0 objects)
[2018.03.15-21.29.35:462][  1]LogCollectionManager: Fixed up redirectors for 0 collections in 0.000059 seconds (updated 0 objects)
[2018.03.15-21.29.36:183][ 33]LogSlate: Took 0.000247 seconds to synchronously load lazily loaded font '../../../Engine/Content/Slate/Fonts/Roboto-Light.ttf' (159K)
[2018.03.15-21.29.40:524][292]LogSlate: Took 0.000213 seconds to synchronously load lazily loaded font '../../../Engine/Content/Slate/Fonts/Roboto-Light.ttf' (159K)
[2018.03.15-21.29.40:912][292]LogContentBrowser: Native class hierarchy updated for 'BlueprintGraph' in 0.0008 seconds. Added 116 classes and 0 folders.
[2018.03.15-21.29.41:760][292]LogBlueprint: Warning: [Compiler Bucket_BP] Sequence  has no valid output
[2018.03.15-21.29.41:763][292]LogBlueprint: Warning: [Compiler Bucket_BP] [0249.43] Compile of Bucket_BP successful, but with 1 Warning(s) [in 26 ms] (/Game/Bucket_BP.Bucket_BP)
[2018.03.15-21.29.42:257][292]LogSlate: Took 0.006040 seconds to synchronously load lazily loaded font '../../../Engine/Content/Editor/Slate/Fonts/Roboto-BoldCondensed.ttf' (158K)
[2018.03.15-21.29.42:624][293]LogSlate: Took 0.004561 seconds to synchronously load lazily loaded font '../../../Engine/Content/Editor/Slate/Fonts/Roboto-Italic.ttf' (157K)
[2018.03.15-21.30.04:289][303]LogRenderer: Reallocating scene render targets to support 1208x732 Format 10 NumSamples 1 (Frame:4).
[2018.03.15-21.30.18:965][994]LogAIModule: Creating AISystem for world GamePlayLevel
[2018.03.15-21.30.18:992][994]LightingResults: New page: Lighting Build
[2018.03.15-21.30.18:993][994]LoadErrors: New page: Loading map: GamePlayLevel.umap
[2018.03.15-21.30.18:994][994]MapCheck: New page: Map Check
[2018.03.15-21.30.18:994][994]LightingResults: New page: Lighting Build
[2018.03.15-21.30.19:019][994]LogEditorServer: Finished looking for orphan Actors (0.000 secs)
[2018.03.15-21.30.19:067][994]Cmd: MAP CHECKDEP NOCLEARLOG
[2018.03.15-21.30.19:133][994]MapCheck: Map check complete: 0 Error(s), 0 Warning(s), took 66.257ms to complete.
[2018.03.15-21.30.19:133][994]LogFileHelpers: Loading map 'GamePlayLevel' took 0.142
[2018.03.15-21.31.15:550][301]BlueprintLog: New page: Compile Bucket_BP
[2018.03.15-21.31.15:616][301]LogBlueprint: Warning: [Compiler Bucket_BP] Sequence  has no valid output
[2018.03.15-21.31.15:959][301]LogBlueprint: Warning: [Compiler Bucket_BP] [0343.63] Compile of Bucket_BP successful, but with 1 Warning(s) [in 408 ms] (/Game/Bucket_BP.Bucket_BP)
[2018.03.15-21.31.55:945][520]LogSavePackage: Save=193.48ms
[2018.03.15-21.31.55:945][520]LogSavePackage: Moving '../../../../../../Users/rudra/Documents/UPenn Documents/Spring 2018 Class Docs/CIS 568 Game Design Practicum/Game1 (Rishabh Git Repo)/Water-Run/WaterRunner/Saved/Bucket_BPBFBADEF74B34824E1BBC0580EC40F0B2.tmp' to '../../../../../../Users/rudra/Documents/UPenn Documents/Spring 2018 Class Docs/CIS 568 Game Design Practicum/Game1 (Rishabh Git Repo)/Water-Run/WaterRunner/Content/Bucket_BP.uasset'
[2018.03.15-21.31.55:953][520]LogSavePackage: Display: Finished SavePackage ../../../../../../Users/rudra/Documents/UPenn Documents/Spring 2018 Class Docs/CIS 568 Game Design Practicum/Game1 (Rishabh Git Repo)/Water-Run/WaterRunner/Content/Bucket_BP.uasset
[2018.03.15-21.31.59:275][672]LogTemp: Repeating last play command: Selected Viewport
[2018.03.15-21.31.59:370][672]LogBlueprintUserMessages: Early PlayInEditor Detection: Level '/Game/GamePlayLevel.GamePlayLevel:PersistentLevel' has LevelScriptBlueprint '/Game/GamePlayLevel.GamePlayLevel:PersistentLevel.GamePlayLevel' with GeneratedClass '/Game/GamePlayLevel.GamePlayLevel_C' with ClassGeneratedBy '/Game/GamePlayLevel.GamePlayLevel:PersistentLevel.GamePlayLevel'
[2018.03.15-21.31.59:370][672]BlueprintLog: New page: Pre-Play auto-recompile
[2018.03.15-21.31.59:397][672]LogPlayLevel: [PlayLevel] Compiling Bucket_BP before play...
[2018.03.15-21.31.59:439][672]LogBlueprint: Warning: [Compiler Bucket_BP] Sequence  has no valid output
[2018.03.15-21.31.59:440][672]LogBlueprint: Warning: [Compiler Bucket_BP] [0387.11] Compile of Bucket_BP successful, but with 1 Warning(s) [in 44 ms] (/Game/Bucket_BP.Bucket_BP)
[2018.03.15-21.31.59:780][672]LogPlayLevel: PlayLevel: Blueprint regeneration took 409 ms (1 blueprints)
[2018.03.15-21.31.59:783][672]PIE: New page: PIE session: GamePlayLevel (Mar 15, 2018, 1:31:59 PM)
[2018.03.15-21.31.59:783][672]LogPlayLevel: Creating play world package: /Game/UEDPIE_0_GamePlayLevel
[2018.03.15-21.31.59:784][672]LogPlayLevel: PIE: StaticDuplicateObject took: (0.001689s)
[2018.03.15-21.31.59:785][672]LogAIModule: Creating AISystem for world GamePlayLevel
[2018.03.15-21.31.59:785][672]LogPlayLevel: PIE: World Init took: (0.000661s)
[2018.03.15-21.31.59:785][672]LogPlayLevel: PIE: Created PIE world by copying editor world from /Game/GamePlayLevel.GamePlayLevel to /Game/UEDPIE_0_GamePlayLevel.GamePlayLevel (0.002629s)
[2018.03.15-21.31.59:804][672]LogInit: XAudio2 using 'Speakers / Headphones (Realtek Audio)' : 2 channels at 48 kHz using 32 bits per sample (channel mask 0x3)
[2018.03.15-21.31.59:816][672]LogInit: FAudioDevice initialized.
[2018.03.15-21.31.59:861][672]LogLoad: Game class is 'GameModeBase'
[2018.03.15-21.31.59:863][672]LogWorld: Bringing World /Game/UEDPIE_0_GamePlayLevel.GamePlayLevel up for play (max tick rate 60) at 2018.03.15-17.31.59
[2018.03.15-21.31.59:864][672]LogWorld: Bringing up level for play took: 0.001195
[2018.03.15-21.31.59:925][672]LogContentBrowser: Native class hierarchy updated for 'MovieSceneCapture' in 0.0003 seconds. Added 11 classes and 0 folders.
[2018.03.15-21.31.59:926][672]PIE: Play in editor start time for /Game/UEDPIE_0_GamePlayLevel 1.417
[2018.03.15-21.31.59:927][672]LogBlueprintUserMessages: Late PlayInEditor Detection: Level '/Game/GamePlayLevel.GamePlayLevel:PersistentLevel' has LevelScriptBlueprint '/Game/GamePlayLevel.GamePlayLevel:PersistentLevel.GamePlayLevel' with GeneratedClass '/Game/GamePlayLevel.GamePlayLevel_C' with ClassGeneratedBy '/Game/GamePlayLevel.GamePlayLevel:PersistentLevel.GamePlayLevel'
[2018.03.15-21.32.17:137][683]LogBlueprintUserMessages: Early EndPlayMap Detection: Level '/Game/GamePlayLevel.GamePlayLevel:PersistentLevel' has LevelScriptBlueprint '/Game/GamePlayLevel.GamePlayLevel:PersistentLevel.GamePlayLevel' with GeneratedClass '/Game/GamePlayLevel.GamePlayLevel_C' with ClassGeneratedBy '/Game/GamePlayLevel.GamePlayLevel:PersistentLevel.GamePlayLevel'
[2018.03.15-21.32.17:173][683]LogBlueprintUserMessages: Late EndPlayMap Detection: Level '/Game/GamePlayLevel.GamePlayLevel:PersistentLevel' has LevelScriptBlueprint '/Game/GamePlayLevel.GamePlayLevel:PersistentLevel.GamePlayLevel' with GeneratedClass '/Game/GamePlayLevel.GamePlayLevel_C' with ClassGeneratedBy '/Game/GamePlayLevel.GamePlayLevel:PersistentLevel.GamePlayLevel'
[2018.03.15-21.32.56:642][986]BlueprintLog: New page: Compile Bucket_BP
[2018.03.15-21.32.56:712][986]LogBlueprint: Warning: [Compiler Bucket_BP] Sequence  has no valid output
[2018.03.15-21.32.57:133][986]LogBlueprint: Warning: [Compiler Bucket_BP] [0444.80] Compile of Bucket_BP successful, but with 1 Warning(s) [in 491 ms] (/Game/Bucket_BP.Bucket_BP)
[2018.03.15-21.33.15:203][870]BlueprintLog: New page: Compile Bucket_BP
[2018.03.15-21.33.15:273][870]LogBlueprint: Warning: [Compiler Bucket_BP] Sequence  has no valid output
[2018.03.15-21.33.15:609][870]LogBlueprint: Warning: [Compiler Bucket_BP] [0463.28] Compile of Bucket_BP successful, but with 1 Warning(s) [in 406 ms] (/Game/Bucket_BP.Bucket_BP)
[2018.03.15-21.33.17:034][939]LogSavePackage: Save=185.43ms
[2018.03.15-21.33.17:034][939]LogSavePackage: Moving '../../../../../../Users/rudra/Documents/UPenn Documents/Spring 2018 Class Docs/CIS 568 Game Design Practicum/Game1 (Rishabh Git Repo)/Water-Run/WaterRunner/Saved/Bucket_BPD5F87A544E0B79F9F653D18E1B2A14A2.tmp' to '../../../../../../Users/rudra/Documents/UPenn Documents/Spring 2018 Class Docs/CIS 568 Game Design Practicum/Game1 (Rishabh Git Repo)/Water-Run/WaterRunner/Content/Bucket_BP.uasset'
[2018.03.15-21.33.17:041][939]LogSavePackage: Display: Finished SavePackage ../../../../../../Users/rudra/Documents/UPenn Documents/Spring 2018 Class Docs/CIS 568 Game Design Practicum/Game1 (Rishabh Git Repo)/Water-Run/WaterRunner/Content/Bucket_BP.uasset
[2018.03.15-21.33.20:138][ 97]LogTemp: Repeating last play command: Selected Viewport
[2018.03.15-21.33.20:180][ 97]LogBlueprintUserMessages: Early PlayInEditor Detection: Level '/Game/GamePlayLevel.GamePlayLevel:PersistentLevel' has LevelScriptBlueprint '/Game/GamePlayLevel.GamePlayLevel:PersistentLevel.GamePlayLevel' with GeneratedClass '/Game/GamePlayLevel.GamePlayLevel_C' with ClassGeneratedBy '/Game/GamePlayLevel.GamePlayLevel:PersistentLevel.GamePlayLevel'
[2018.03.15-21.33.20:180][ 97]LogPlayLevel: PlayLevel: No blueprints needed recompiling
[2018.03.15-21.33.20:180][ 97]PIE: New page: PIE session: GamePlayLevel (Mar 15, 2018, 1:33:20 PM)
[2018.03.15-21.33.20:181][ 97]LogPlayLevel: Creating play world package: /Game/UEDPIE_0_GamePlayLevel
[2018.03.15-21.33.20:183][ 97]LogPlayLevel: PIE: StaticDuplicateObject took: (0.002074s)
[2018.03.15-21.33.20:183][ 97]LogAIModule: Creating AISystem for world GamePlayLevel
[2018.03.15-21.33.20:183][ 97]LogPlayLevel: PIE: World Init took: (0.000527s)
[2018.03.15-21.33.20:183][ 97]LogPlayLevel: PIE: Created PIE world by copying editor world from /Game/GamePlayLevel.GamePlayLevel to /Game/UEDPIE_0_GamePlayLevel.GamePlayLevel (0.002809s)
[2018.03.15-21.33.20:202][ 97]LogInit: XAudio2 using 'Speakers / Headphones (Realtek Audio)' : 2 channels at 48 kHz using 32 bits per sample (channel mask 0x3)
[2018.03.15-21.33.20:214][ 97]LogInit: FAudioDevice initialized.
[2018.03.15-21.33.20:247][ 97]LogLoad: Game class is 'GameModeBase'
[2018.03.15-21.33.20:248][ 97]LogWorld: Bringing World /Game/UEDPIE_0_GamePlayLevel.GamePlayLevel up for play (max tick rate 60) at 2018.03.15-17.33.20
[2018.03.15-21.33.20:249][ 97]LogWorld: Bringing up level for play took: 0.000940
[2018.03.15-21.33.20:250][ 97]PIE: Play in editor start time for /Game/UEDPIE_0_GamePlayLevel -0.26
[2018.03.15-21.33.20:250][ 97]LogBlueprintUserMessages: Late PlayInEditor Detection: Level '/Game/GamePlayLevel.GamePlayLevel:PersistentLevel' has LevelScriptBlueprint '/Game/GamePlayLevel.GamePlayLevel:PersistentLevel.GamePlayLevel' with GeneratedClass '/Game/GamePlayLevel.GamePlayLevel_C' with ClassGeneratedBy '/Game/GamePlayLevel.GamePlayLevel:PersistentLevel.GamePlayLevel'
[2018.03.15-21.33.32:005][781]LogBlueprintUserMessages: Early EndPlayMap Detection: Level '/Game/GamePlayLevel.GamePlayLevel:PersistentLevel' has LevelScriptBlueprint '/Game/GamePlayLevel.GamePlayLevel:PersistentLevel.GamePlayLevel' with GeneratedClass '/Game/GamePlayLevel.GamePlayLevel_C' with ClassGeneratedBy '/Game/GamePlayLevel.GamePlayLevel:PersistentLevel.GamePlayLevel'
[2018.03.15-21.33.32:058][781]LogBlueprintUserMessages: Late EndPlayMap Detection: Level '/Game/GamePlayLevel.GamePlayLevel:PersistentLevel' has LevelScriptBlueprint '/Game/GamePlayLevel.GamePlayLevel:PersistentLevel.GamePlayLevel' with GeneratedClass '/Game/GamePlayLevel.GamePlayLevel_C' with ClassGeneratedBy '/Game/GamePlayLevel.GamePlayLevel:PersistentLevel.GamePlayLevel'
[2018.03.15-21.33.39:760][165]LogSavePackage: Save=186.86ms
[2018.03.15-21.33.39:760][165]LogSavePackage: Moving '../../../../../../Users/rudra/Documents/UPenn Documents/Spring 2018 Class Docs/CIS 568 Game Design Practicum/Game1 (Rishabh Git Repo)/Water-Run/WaterRunner/Saved/Bucket_BP62BBCF994511C2CC25E4719970C6504B.tmp' to '../../../../../../Users/rudra/Documents/UPenn Documents/Spring 2018 Class Docs/CIS 568 Game Design Practicum/Game1 (Rishabh Git Repo)/Water-Run/WaterRunner/Content/Bucket_BP.uasset'
[2018.03.15-21.33.39:765][165]LogSavePackage: Display: Finished SavePackage ../../../../../../Users/rudra/Documents/UPenn Documents/Spring 2018 Class Docs/CIS 568 Game Design Practicum/Game1 (Rishabh Git Repo)/Water-Run/WaterRunner/Content/Bucket_BP.uasset
[2018.03.15-21.33.40:776][225]LogTemp: Repeating last play command: Selected Viewport
[2018.03.15-21.33.40:800][225]LogBlueprintUserMessages: Early PlayInEditor Detection: Level '/Game/GamePlayLevel.GamePlayLevel:PersistentLevel' has LevelScriptBlueprint '/Game/GamePlayLevel.GamePlayLevel:PersistentLevel.GamePlayLevel' with GeneratedClass '/Game/GamePlayLevel.GamePlayLevel_C' with ClassGeneratedBy '/Game/GamePlayLevel.GamePlayLevel:PersistentLevel.GamePlayLevel'
[2018.03.15-21.33.40:800][225]BlueprintLog: New page: Pre-Play auto-recompile
[2018.03.15-21.33.40:826][225]LogPlayLevel: [PlayLevel] Compiling Bucket_BP before play...
[2018.03.15-21.33.40:867][225]LogBlueprint: Warning: [Compiler Bucket_BP] Sequence  has no valid output
[2018.03.15-21.33.40:869][225]LogBlueprint: Warning: [Compiler Bucket_BP] [0488.54] Compile of Bucket_BP successful, but with 1 Warning(s) [in 43 ms] (/Game/Bucket_BP.Bucket_BP)
[2018.03.15-21.33.41:208][225]LogPlayLevel: PlayLevel: Blueprint regeneration took 408 ms (1 blueprints)
[2018.03.15-21.33.41:209][225]PIE: New page: PIE session: GamePlayLevel (Mar 15, 2018, 1:33:41 PM)
[2018.03.15-21.33.41:209][225]LogPlayLevel: Creating play world package: /Game/UEDPIE_0_GamePlayLevel
[2018.03.15-21.33.41:211][225]LogPlayLevel: PIE: StaticDuplicateObject took: (0.001902s)
[2018.03.15-21.33.41:212][225]LogAIModule: Creating AISystem for world GamePlayLevel
[2018.03.15-21.33.41:212][225]LogPlayLevel: PIE: World Init took: (0.000565s)
[2018.03.15-21.33.41:212][225]LogPlayLevel: PIE: Created PIE world by copying editor world from /Game/GamePlayLevel.GamePlayLevel to /Game/UEDPIE_0_GamePlayLevel.GamePlayLevel (0.002754s)
[2018.03.15-21.33.41:229][225]LogInit: XAudio2 using 'Speakers / Headphones (Realtek Audio)' : 2 channels at 48 kHz using 32 bits per sample (channel mask 0x3)
[2018.03.15-21.33.41:241][225]LogInit: FAudioDevice initialized.
[2018.03.15-21.33.41:273][225]LogLoad: Game class is 'GameModeBase'
[2018.03.15-21.33.41:274][225]LogWorld: Bringing World /Game/UEDPIE_0_GamePlayLevel.GamePlayLevel up for play (max tick rate 60) at 2018.03.15-17.33.41
[2018.03.15-21.33.41:275][225]LogWorld: Bringing up level for play took: 0.000928
[2018.03.15-21.33.41:276][225]PIE: Play in editor start time for /Game/UEDPIE_0_GamePlayLevel 0.766
[2018.03.15-21.33.41:276][225]LogBlueprintUserMessages: Late PlayInEditor Detection: Level '/Game/GamePlayLevel.GamePlayLevel:PersistentLevel' has LevelScriptBlueprint '/Game/GamePlayLevel.GamePlayLevel:PersistentLevel.GamePlayLevel' with GeneratedClass '/Game/GamePlayLevel.GamePlayLevel_C' with ClassGeneratedBy '/Game/GamePlayLevel.GamePlayLevel:PersistentLevel.GamePlayLevel'
[2018.03.15-21.33.57:447][192]LogBlueprintUserMessages: Early EndPlayMap Detection: Level '/Game/GamePlayLevel.GamePlayLevel:PersistentLevel' has LevelScriptBlueprint '/Game/GamePlayLevel.GamePlayLevel:PersistentLevel.GamePlayLevel' with GeneratedClass '/Game/GamePlayLevel.GamePlayLevel_C' with ClassGeneratedBy '/Game/GamePlayLevel.GamePlayLevel:PersistentLevel.GamePlayLevel'
[2018.03.15-21.33.57:479][192]LogBlueprintUserMessages: Late EndPlayMap Detection: Level '/Game/GamePlayLevel.GamePlayLevel:PersistentLevel' has LevelScriptBlueprint '/Game/GamePlayLevel.GamePlayLevel:PersistentLevel.GamePlayLevel' with GeneratedClass '/Game/GamePlayLevel.GamePlayLevel_C' with ClassGeneratedBy '/Game/GamePlayLevel.GamePlayLevel:PersistentLevel.GamePlayLevel'
[2018.03.15-21.41.06:064][569]LogSavePackage: Save=124.01ms
[2018.03.15-21.41.06:064][569]LogSavePackage: Moving '../../../../../../Users/rudra/Documents/UPenn Documents/Spring 2018 Class Docs/CIS 568 Game Design Practicum/Game1 (Rishabh Git Repo)/Water-Run/WaterRunner/Saved/GamePlayLevel_Auto1B77C733D430AFEE3887B56B4AC3A15D7.tmp' to '../../../../../../Users/rudra/Documents/UPenn Documents/Spring 2018 Class Docs/CIS 568 Game Design Practicum/Game1 (Rishabh Git Repo)/Water-Run/WaterRunner/Saved/Autosaves/Game/GamePlayLevel_Auto1.umap'
[2018.03.15-21.41.06:067][569]LogSavePackage: Display: Finished SavePackage ../../../../../../Users/rudra/Documents/UPenn Documents/Spring 2018 Class Docs/CIS 568 Game Design Practicum/Game1 (Rishabh Git Repo)/Water-Run/WaterRunner/Saved/Autosaves/Game/GamePlayLevel_Auto1.umap
[2018.03.15-21.41.06:070][569]LogFileHelpers: Editor autosave (incl. sublevels) for '/Game/GamePlayLevel' took 0.188
[2018.03.15-21.41.06:070][569]LogFileHelpers: Editor autosave (incl. sublevels) for all levels took 0.188
[2018.03.15-21.42.25:893][809]LogInit: XAudio2 using 'Headphones (Darshi Patel’s BeatsX Stereo)' : 2 channels at 44.1 kHz using 16 bits per sample (channel mask 0x3)
[2018.03.15-21.42.26:275][810]LogInit: XAudio2 using 'Headphones (Darshi Patel’s BeatsX Stereo)' : 2 channels at 44.1 kHz using 16 bits per sample (channel mask 0x3)
[2018.03.15-21.44.19:509][222]LogEditorViewport: Clicking on Actor (LMB): Bucket_BP_C (Bucket_BP)
[2018.03.15-21.44.33:104][983]Cmd: CAMERA ALIGN ACTIVEVIEWPORTONLY
[2018.03.15-21.44.33:788][ 24]Cmd: CAMERA ALIGN ACTIVEVIEWPORTONLY
[2018.03.15-21.44.34:471][ 65]LogEditorViewport: Clicking Background
[2018.03.15-21.44.34:604][ 73]Cmd: CAMERA ALIGN ACTIVEVIEWPORTONLY
[2018.03.15-21.44.34:604][ 73]Can't find target actor or component.
[2018.03.15-21.44.35:221][110]LogEditorViewport: Clicking Background
[2018.03.15-21.44.35:488][126]Cmd: CAMERA ALIGN ACTIVEVIEWPORTONLY
[2018.03.15-21.44.35:488][126]Can't find target actor or component.
[2018.03.15-21.44.36:936][212]Cmd: CAMERA ALIGN ACTIVEVIEWPORTONLY
[2018.03.15-21.45.06:833][  4]LogEditorViewport: Clicking on Actor (context menu): Bucket_BP_C (Bucket_BP)
[2018.03.15-21.45.07:630][ 48]LogLinker: Can't find file '/Game/Vehicle/Bucket/BucketBP'
[2018.03.15-21.45.07:630][ 48]LogLinker: Can't find file '/Game/Vehicle/Bucket/BucketBP'
[2018.03.15-21.45.22:701][950]Cmd: ACTOR BAKEPREPIVOT
[2018.03.15-21.45.28:759][305]LogEditorViewport: Clicking Background
[2018.03.15-21.45.30:651][418]LogTemp: Repeating last play command: Selected Viewport
[2018.03.15-21.45.30:704][418]LogBlueprintUserMessages: Early PlayInEditor Detection: Level '/Game/GamePlayLevel.GamePlayLevel:PersistentLevel' has LevelScriptBlueprint '/Game/GamePlayLevel.GamePlayLevel:PersistentLevel.GamePlayLevel' with GeneratedClass '/Game/GamePlayLevel.GamePlayLevel_C' with ClassGeneratedBy '/Game/GamePlayLevel.GamePlayLevel:PersistentLevel.GamePlayLevel'
[2018.03.15-21.45.30:704][418]LogPlayLevel: PlayLevel: No blueprints needed recompiling
[2018.03.15-21.45.30:704][418]PIE: New page: PIE session: GamePlayLevel (Mar 15, 2018, 1:45:30 PM)
[2018.03.15-21.45.30:704][418]LogPlayLevel: Creating play world package: /Game/UEDPIE_0_GamePlayLevel
[2018.03.15-21.45.30:706][418]LogPlayLevel: PIE: StaticDuplicateObject took: (0.001730s)
[2018.03.15-21.45.30:707][418]LogAIModule: Creating AISystem for world GamePlayLevel
[2018.03.15-21.45.30:707][418]LogPlayLevel: PIE: World Init took: (0.000913s)
[2018.03.15-21.45.30:707][418]LogPlayLevel: PIE: Created PIE world by copying editor world from /Game/GamePlayLevel.GamePlayLevel to /Game/UEDPIE_0_GamePlayLevel.GamePlayLevel (0.002983s)
[2018.03.15-21.45.30:735][418]LogInit: XAudio2 using 'Headphones (Darshi Patel’s BeatsX Stereo)' : 2 channels at 44.1 kHz using 16 bits per sample (channel mask 0x3)
[2018.03.15-21.45.30:745][418]LogInit: FAudioDevice initialized.
[2018.03.15-21.45.30:778][418]LogLoad: Game class is 'GameModeBase'
[2018.03.15-21.45.30:780][418]LogWorld: Bringing World /Game/UEDPIE_0_GamePlayLevel.GamePlayLevel up for play (max tick rate 60) at 2018.03.15-17.45.30
[2018.03.15-21.45.30:780][418]LogWorld: Bringing up level for play took: 0.001362
[2018.03.15-21.45.30:782][418]PIE: Play in editor start time for /Game/UEDPIE_0_GamePlayLevel 0.272
[2018.03.15-21.45.30:782][418]LogBlueprintUserMessages: Late PlayInEditor Detection: Level '/Game/GamePlayLevel.GamePlayLevel:PersistentLevel' has LevelScriptBlueprint '/Game/GamePlayLevel.GamePlayLevel:PersistentLevel.GamePlayLevel' with GeneratedClass '/Game/GamePlayLevel.GamePlayLevel_C' with ClassGeneratedBy '/Game/GamePlayLevel.GamePlayLevel:PersistentLevel.GamePlayLevel'
[2018.03.15-21.45.43:293][168]LogBlueprintUserMessages: Early EndPlayMap Detection: Level '/Game/GamePlayLevel.GamePlayLevel:PersistentLevel' has LevelScriptBlueprint '/Game/GamePlayLevel.GamePlayLevel:PersistentLevel.GamePlayLevel' with GeneratedClass '/Game/GamePlayLevel.GamePlayLevel_C' with ClassGeneratedBy '/Game/GamePlayLevel.GamePlayLevel:PersistentLevel.GamePlayLevel'
[2018.03.15-21.45.43:334][168]LogBlueprintUserMessages: Late EndPlayMap Detection: Level '/Game/GamePlayLevel.GamePlayLevel:PersistentLevel' has LevelScriptBlueprint '/Game/GamePlayLevel.GamePlayLevel:PersistentLevel.GamePlayLevel' with GeneratedClass '/Game/GamePlayLevel.GamePlayLevel_C' with ClassGeneratedBy '/Game/GamePlayLevel.GamePlayLevel:PersistentLevel.GamePlayLevel'
[2018.03.15-21.45.47:630][423]Cmd: SELECT NONE
[2018.03.15-21.47.06:505][105]LogEditorViewport: Clicking on Actor (LMB): WaterSurface_BP_C (WaterSurface_BP1)
[2018.03.15-21.47.23:487][121]LogTemp: Repeating last play command: Selected Viewport
[2018.03.15-21.47.23:512][121]LogBlueprintUserMessages: Early PlayInEditor Detection: Level '/Game/GamePlayLevel.GamePlayLevel:PersistentLevel' has LevelScriptBlueprint '/Game/GamePlayLevel.GamePlayLevel:PersistentLevel.GamePlayLevel' with GeneratedClass '/Game/GamePlayLevel.GamePlayLevel_C' with ClassGeneratedBy '/Game/GamePlayLevel.GamePlayLevel:PersistentLevel.GamePlayLevel'
[2018.03.15-21.47.23:513][121]LogPlayLevel: PlayLevel: No blueprints needed recompiling
[2018.03.15-21.47.23:513][121]PIE: New page: PIE session: GamePlayLevel (Mar 15, 2018, 1:47:23 PM)
[2018.03.15-21.47.23:513][121]LogPlayLevel: Creating play world package: /Game/UEDPIE_0_GamePlayLevel
[2018.03.15-21.47.23:514][121]LogPlayLevel: PIE: StaticDuplicateObject took: (0.001602s)
[2018.03.15-21.47.23:515][121]LogAIModule: Creating AISystem for world GamePlayLevel
[2018.03.15-21.47.23:515][121]LogPlayLevel: PIE: World Init took: (0.000643s)
[2018.03.15-21.47.23:515][121]LogPlayLevel: PIE: Created PIE world by copying editor world from /Game/GamePlayLevel.GamePlayLevel to /Game/UEDPIE_0_GamePlayLevel.GamePlayLevel (0.002466s)
[2018.03.15-21.47.23:536][121]LogInit: XAudio2 using 'Headphones (Darshi Patel’s BeatsX Stereo)' : 2 channels at 44.1 kHz using 16 bits per sample (channel mask 0x3)
[2018.03.15-21.47.23:543][121]LogInit: FAudioDevice initialized.
[2018.03.15-21.47.23:575][121]LogLoad: Game class is 'GameModeBase'
[2018.03.15-21.47.23:577][121]LogWorld: Bringing World /Game/UEDPIE_0_GamePlayLevel.GamePlayLevel up for play (max tick rate 60) at 2018.03.15-17.47.23
[2018.03.15-21.47.23:577][121]LogWorld: Bringing up level for play took: 0.001078
[2018.03.15-21.47.23:580][121]PIE: Play in editor start time for /Game/UEDPIE_0_GamePlayLevel 1.071
[2018.03.15-21.47.23:581][121]LogBlueprintUserMessages: Late PlayInEditor Detection: Level '/Game/GamePlayLevel.GamePlayLevel:PersistentLevel' has LevelScriptBlueprint '/Game/GamePlayLevel.GamePlayLevel:PersistentLevel.GamePlayLevel' with GeneratedClass '/Game/GamePlayLevel.GamePlayLevel_C' with ClassGeneratedBy '/Game/GamePlayLevel.GamePlayLevel:PersistentLevel.GamePlayLevel'
[2018.03.15-21.47.40:213][118]LogBlueprintUserMessages: Early EndPlayMap Detection: Level '/Game/GamePlayLevel.GamePlayLevel:PersistentLevel' has LevelScriptBlueprint '/Game/GamePlayLevel.GamePlayLevel:PersistentLevel.GamePlayLevel' with GeneratedClass '/Game/GamePlayLevel.GamePlayLevel_C' with ClassGeneratedBy '/Game/GamePlayLevel.GamePlayLevel:PersistentLevel.GamePlayLevel'
[2018.03.15-21.47.40:265][118]LogBlueprintUserMessages: Late EndPlayMap Detection: Level '/Game/GamePlayLevel.GamePlayLevel:PersistentLevel' has LevelScriptBlueprint '/Game/GamePlayLevel.GamePlayLevel:PersistentLevel.GamePlayLevel' with GeneratedClass '/Game/GamePlayLevel.GamePlayLevel_C' with ClassGeneratedBy '/Game/GamePlayLevel.GamePlayLevel:PersistentLevel.GamePlayLevel'
[2018.03.15-21.48.18:431][354]LogRenderer: Reallocating scene render targets to support 1208x760 Format 10 NumSamples 1 (Frame:1).
[2018.03.15-21.51.35:926][ 99]LogSavePackage: Save=124.14ms
[2018.03.15-21.51.35:926][ 99]LogSavePackage: Moving '../../../../../../Users/rudra/Documents/UPenn Documents/Spring 2018 Class Docs/CIS 568 Game Design Practicum/Game1 (Rishabh Git Repo)/Water-Run/WaterRunner/Saved/GamePlayLevel_Auto238C5971544ED5D743C1E25A6E82A2A3A.tmp' to '../../../../../../Users/rudra/Documents/UPenn Documents/Spring 2018 Class Docs/CIS 568 Game Design Practicum/Game1 (Rishabh Git Repo)/Water-Run/WaterRunner/Saved/Autosaves/Game/GamePlayLevel_Auto2.umap'
[2018.03.15-21.51.35:929][ 99]LogSavePackage: Display: Finished SavePackage ../../../../../../Users/rudra/Documents/UPenn Documents/Spring 2018 Class Docs/CIS 568 Game Design Practicum/Game1 (Rishabh Git Repo)/Water-Run/WaterRunner/Saved/Autosaves/Game/GamePlayLevel_Auto2.umap
[2018.03.15-21.51.35:932][ 99]LogFileHelpers: Editor autosave (incl. sublevels) for '/Game/GamePlayLevel' took 0.184
[2018.03.15-21.51.35:932][ 99]LogFileHelpers: Editor autosave (incl. sublevels) for all levels took 0.184
[2018.03.15-21.51.35:934][ 99]OBJ SavePackage: Generating thumbnails for [1] asset(s) in package [/Game/Bucket_BP] ([1] browsable assets)...
[2018.03.15-21.51.35:968][ 99]OBJ SavePackage:     Rendered thumbnail for [Blueprint /Game/Bucket_BP.Bucket_BP]
[2018.03.15-21.51.35:968][ 99]OBJ SavePackage: Finished generating thumbnails for package [/Game/Bucket_BP]
[2018.03.15-21.51.36:181][ 99]LogSavePackage: Save=190.78ms
[2018.03.15-21.51.36:182][ 99]LogSavePackage: Moving '../../../../../../Users/rudra/Documents/UPenn Documents/Spring 2018 Class Docs/CIS 568 Game Design Practicum/Game1 (Rishabh Git Repo)/Water-Run/WaterRunner/Saved/Bucket_BP_Auto20436363B4F5C4FE7DD3A53A0D59E90EB.tmp' to '../../../../../../Users/rudra/Documents/UPenn Documents/Spring 2018 Class Docs/CIS 568 Game Design Practicum/Game1 (Rishabh Git Repo)/Water-Run/WaterRunner/Saved/Autosaves/Game/Bucket_BP_Auto2.uasset'
[2018.03.15-21.51.36:184][ 99]LogSavePackage: Display: Finished SavePackage ../../../../../../Users/rudra/Documents/UPenn Documents/Spring 2018 Class Docs/CIS 568 Game Design Practicum/Game1 (Rishabh Git Repo)/Water-Run/WaterRunner/Saved/Autosaves/Game/Bucket_BP_Auto2.uasset
[2018.03.15-21.51.36:184][ 99]LogFileHelpers: Auto-saving content packages took 0.251
[2018.03.15-21.57.03:441][501]LogSavePackage: Save=189.02ms
[2018.03.15-21.57.03:441][501]LogSavePackage: Moving '../../../../../../Users/rudra/Documents/UPenn Documents/Spring 2018 Class Docs/CIS 568 Game Design Practicum/Game1 (Rishabh Git Repo)/Water-Run/WaterRunner/Saved/Bucket_BP02C916974412DD341EB4E8B410355466.tmp' to '../../../../../../Users/rudra/Documents/UPenn Documents/Spring 2018 Class Docs/CIS 568 Game Design Practicum/Game1 (Rishabh Git Repo)/Water-Run/WaterRunner/Content/Bucket_BP.uasset'
[2018.03.15-21.57.03:450][501]LogSavePackage: Display: Finished SavePackage ../../../../../../Users/rudra/Documents/UPenn Documents/Spring 2018 Class Docs/CIS 568 Game Design Practicum/Game1 (Rishabh Git Repo)/Water-Run/WaterRunner/Content/Bucket_BP.uasset
[2018.03.15-21.57.04:302][552]BlueprintLog: New page: Compile Bucket_BP
[2018.03.15-21.57.04:374][552]LogBlueprint: Warning: [Compiler Bucket_BP] Sequence  has no valid output
[2018.03.15-21.57.04:808][552]LogBlueprint: Warning: [Compiler Bucket_BP] [1892.48] Compile of Bucket_BP successful, but with 1 Warning(s) [in 505 ms] (/Game/Bucket_BP.Bucket_BP)
[2018.03.15-21.57.07:903][643]LogTemp: Repeating last play command: Selected Viewport
[2018.03.15-21.57.07:942][643]LogBlueprintUserMessages: Early PlayInEditor Detection: Level '/Game/GamePlayLevel.GamePlayLevel:PersistentLevel' has LevelScriptBlueprint '/Game/GamePlayLevel.GamePlayLevel:PersistentLevel.GamePlayLevel' with GeneratedClass '/Game/GamePlayLevel.GamePlayLevel_C' with ClassGeneratedBy '/Game/GamePlayLevel.GamePlayLevel:PersistentLevel.GamePlayLevel'
[2018.03.15-21.57.07:942][643]LogPlayLevel: PlayLevel: No blueprints needed recompiling
[2018.03.15-21.57.07:942][643]PIE: New page: PIE session: GamePlayLevel (Mar 15, 2018, 1:57:07 PM)
[2018.03.15-21.57.07:943][643]LogPlayLevel: Creating play world package: /Game/UEDPIE_0_GamePlayLevel
[2018.03.15-21.57.07:944][643]LogPlayLevel: PIE: StaticDuplicateObject took: (0.001709s)
[2018.03.15-21.57.07:945][643]LogAIModule: Creating AISystem for world GamePlayLevel
[2018.03.15-21.57.07:945][643]LogPlayLevel: PIE: World Init took: (0.000759s)
[2018.03.15-21.57.07:945][643]LogPlayLevel: PIE: Created PIE world by copying editor world from /Game/GamePlayLevel.GamePlayLevel to /Game/UEDPIE_0_GamePlayLevel.GamePlayLevel (0.002817s)
[2018.03.15-21.57.07:969][643]LogInit: XAudio2 using 'Headphones (Darshi Patel’s BeatsX Stereo)' : 2 channels at 44.1 kHz using 16 bits per sample (channel mask 0x3)
[2018.03.15-21.57.07:978][643]LogInit: FAudioDevice initialized.
[2018.03.15-21.57.08:011][643]LogLoad: Game class is 'GameModeBase'
[2018.03.15-21.57.08:012][643]LogWorld: Bringing World /Game/UEDPIE_0_GamePlayLevel.GamePlayLevel up for play (max tick rate 60) at 2018.03.15-17.57.08
[2018.03.15-21.57.08:013][643]LogWorld: Bringing up level for play took: 0.001156
[2018.03.15-21.57.08:014][643]PIE: Play in editor start time for /Game/UEDPIE_0_GamePlayLevel -0.496
[2018.03.15-21.57.08:014][643]LogBlueprintUserMessages: Late PlayInEditor Detection: Level '/Game/GamePlayLevel.GamePlayLevel:PersistentLevel' has LevelScriptBlueprint '/Game/GamePlayLevel.GamePlayLevel:PersistentLevel.GamePlayLevel' with GeneratedClass '/Game/GamePlayLevel.GamePlayLevel_C' with ClassGeneratedBy '/Game/GamePlayLevel.GamePlayLevel:PersistentLevel.GamePlayLevel'
[2018.03.15-21.57.18:266][249]LogBlueprintUserMessages: Early EndPlayMap Detection: Level '/Game/GamePlayLevel.GamePlayLevel:PersistentLevel' has LevelScriptBlueprint '/Game/GamePlayLevel.GamePlayLevel:PersistentLevel.GamePlayLevel' with GeneratedClass '/Game/GamePlayLevel.GamePlayLevel_C' with ClassGeneratedBy '/Game/GamePlayLevel.GamePlayLevel:PersistentLevel.GamePlayLevel'
[2018.03.15-21.57.18:321][249]LogBlueprintUserMessages: Late EndPlayMap Detection: Level '/Game/GamePlayLevel.GamePlayLevel:PersistentLevel' has LevelScriptBlueprint '/Game/GamePlayLevel.GamePlayLevel:PersistentLevel.GamePlayLevel' with GeneratedClass '/Game/GamePlayLevel.GamePlayLevel_C' with ClassGeneratedBy '/Game/GamePlayLevel.GamePlayLevel:PersistentLevel.GamePlayLevel'
[2018.03.15-21.57.35:972][273]LogSavePackage: Save=201.05ms
[2018.03.15-21.57.35:972][273]LogSavePackage: Moving '../../../../../../Users/rudra/Documents/UPenn Documents/Spring 2018 Class Docs/CIS 568 Game Design Practicum/Game1 (Rishabh Git Repo)/Water-Run/WaterRunner/Saved/Bucket_BP84126239493E796BD859559DF5DCD582.tmp' to '../../../../../../Users/rudra/Documents/UPenn Documents/Spring 2018 Class Docs/CIS 568 Game Design Practicum/Game1 (Rishabh Git Repo)/Water-Run/WaterRunner/Content/Bucket_BP.uasset'
[2018.03.15-21.57.35:977][273]LogSavePackage: Display: Finished SavePackage ../../../../../../Users/rudra/Documents/UPenn Documents/Spring 2018 Class Docs/CIS 568 Game Design Practicum/Game1 (Rishabh Git Repo)/Water-Run/WaterRunner/Content/Bucket_BP.uasset
[2018.03.15-21.57.36:861][326]BlueprintLog: New page: Compile Bucket_BP
[2018.03.15-21.57.37:655][348]LogEditorViewport: Clicking Background
[2018.03.15-21.57.38:477][397]LogTemp: Repeating last play command: Selected Viewport
[2018.03.15-21.57.38:516][397]LogBlueprintUserMessages: Early PlayInEditor Detection: Level '/Game/GamePlayLevel.GamePlayLevel:PersistentLevel' has LevelScriptBlueprint '/Game/GamePlayLevel.GamePlayLevel:PersistentLevel.GamePlayLevel' with GeneratedClass '/Game/GamePlayLevel.GamePlayLevel_C' with ClassGeneratedBy '/Game/GamePlayLevel.GamePlayLevel:PersistentLevel.GamePlayLevel'
[2018.03.15-21.57.38:516][397]LogPlayLevel: PlayLevel: No blueprints needed recompiling
[2018.03.15-21.57.38:516][397]PIE: New page: PIE session: GamePlayLevel (Mar 15, 2018, 1:57:38 PM)
[2018.03.15-21.57.38:516][397]LogPlayLevel: Creating play world package: /Game/UEDPIE_0_GamePlayLevel
[2018.03.15-21.57.38:518][397]LogPlayLevel: PIE: StaticDuplicateObject took: (0.001575s)
[2018.03.15-21.57.38:518][397]LogAIModule: Creating AISystem for world GamePlayLevel
[2018.03.15-21.57.38:519][397]LogPlayLevel: PIE: World Init took: (0.000539s)
[2018.03.15-21.57.38:519][397]LogPlayLevel: PIE: Created PIE world by copying editor world from /Game/GamePlayLevel.GamePlayLevel to /Game/UEDPIE_0_GamePlayLevel.GamePlayLevel (0.002311s)
[2018.03.15-21.57.38:539][397]LogInit: XAudio2 using 'Headphones (Darshi Patel’s BeatsX Stereo)' : 2 channels at 44.1 kHz using 16 bits per sample (channel mask 0x3)
[2018.03.15-21.57.38:545][397]LogInit: FAudioDevice initialized.
[2018.03.15-21.57.38:575][397]LogLoad: Game class is 'GameModeBase'
[2018.03.15-21.57.38:577][397]LogWorld: Bringing World /Game/UEDPIE_0_GamePlayLevel.GamePlayLevel up for play (max tick rate 60) at 2018.03.15-17.57.38
[2018.03.15-21.57.38:577][397]LogWorld: Bringing up level for play took: 0.001011
[2018.03.15-21.57.38:578][397]PIE: Play in editor start time for /Game/UEDPIE_0_GamePlayLevel 0.069
[2018.03.15-21.57.38:579][397]LogBlueprintUserMessages: Late PlayInEditor Detection: Level '/Game/GamePlayLevel.GamePlayLevel:PersistentLevel' has LevelScriptBlueprint '/Game/GamePlayLevel.GamePlayLevel:PersistentLevel.GamePlayLevel' with GeneratedClass '/Game/GamePlayLevel.GamePlayLevel_C' with ClassGeneratedBy '/Game/GamePlayLevel.GamePlayLevel:PersistentLevel.GamePlayLevel'
[2018.03.15-21.57.56:965][492]LogBlueprintUserMessages: Early EndPlayMap Detection: Level '/Game/GamePlayLevel.GamePlayLevel:PersistentLevel' has LevelScriptBlueprint '/Game/GamePlayLevel.GamePlayLevel:PersistentLevel.GamePlayLevel' with GeneratedClass '/Game/GamePlayLevel.GamePlayLevel_C' with ClassGeneratedBy '/Game/GamePlayLevel.GamePlayLevel:PersistentLevel.GamePlayLevel'
[2018.03.15-21.57.57:018][492]LogBlueprintUserMessages: Late EndPlayMap Detection: Level '/Game/GamePlayLevel.GamePlayLevel:PersistentLevel' has LevelScriptBlueprint '/Game/GamePlayLevel.GamePlayLevel:PersistentLevel.GamePlayLevel' with GeneratedClass '/Game/GamePlayLevel.GamePlayLevel_C' with ClassGeneratedBy '/Game/GamePlayLevel.GamePlayLevel:PersistentLevel.GamePlayLevel'
[2018.03.15-21.57.58:164][536]LogSavePackage: Save=117.81ms
[2018.03.15-21.57.58:164][536]LogSavePackage: Moving '../../../../../../Users/rudra/Documents/UPenn Documents/Spring 2018 Class Docs/CIS 568 Game Design Practicum/Game1 (Rishabh Git Repo)/Water-Run/WaterRunner/Saved/GamePlayLevel17F9B492452822A24376ED8EF3A47964.tmp' to '../../../../../../Users/rudra/Documents/UPenn Documents/Spring 2018 Class Docs/CIS 568 Game Design Practicum/Game1 (Rishabh Git Repo)/Water-Run/WaterRunner/Content/GamePlayLevel.umap'
[2018.03.15-21.57.58:169][536]LogSavePackage: Display: Finished SavePackage ../../../../../../Users/rudra/Documents/UPenn Documents/Spring 2018 Class Docs/CIS 568 Game Design Practicum/Game1 (Rishabh Git Repo)/Water-Run/WaterRunner/Content/GamePlayLevel.umap
[2018.03.15-21.57.58:236][536]LogSavePackage: Save=5.95ms
[2018.03.15-21.57.58:236][536]LogSavePackage: Moving '../../../../../../Users/rudra/Documents/UPenn Documents/Spring 2018 Class Docs/CIS 568 Game Design Practicum/Game1 (Rishabh Git Repo)/Water-Run/WaterRunner/Saved/GamePlayLevel_BuiltDataD90A990B4BC58EF7B2CB4594876D3BAF.tmp' to '../../../../../../Users/rudra/Documents/UPenn Documents/Spring 2018 Class Docs/CIS 568 Game Design Practicum/Game1 (Rishabh Git Repo)/Water-Run/WaterRunner/Content/GamePlayLevel_BuiltData.uasset'
[2018.03.15-21.57.58:239][536]LogSavePackage: Display: Finished SavePackage ../../../../../../Users/rudra/Documents/UPenn Documents/Spring 2018 Class Docs/CIS 568 Game Design Practicum/Game1 (Rishabh Git Repo)/Water-Run/WaterRunner/Content/GamePlayLevel_BuiltData.uasset
[2018.03.15-21.58.20:710][812]LogSavePackage: Save=191.85ms
[2018.03.15-21.58.20:710][812]LogSavePackage: Moving '../../../../../../Users/rudra/Documents/UPenn Documents/Spring 2018 Class Docs/CIS 568 Game Design Practicum/Game1 (Rishabh Git Repo)/Water-Run/WaterRunner/Saved/Bucket_BP59E2469E4F755556CD11EF8379610F12.tmp' to '../../../../../../Users/rudra/Documents/UPenn Documents/Spring 2018 Class Docs/CIS 568 Game Design Practicum/Game1 (Rishabh Git Repo)/Water-Run/WaterRunner/Content/Bucket_BP.uasset'
[2018.03.15-21.58.20:715][812]LogSavePackage: Display: Finished SavePackage ../../../../../../Users/rudra/Documents/UPenn Documents/Spring 2018 Class Docs/CIS 568 Game Design Practicum/Game1 (Rishabh Git Repo)/Water-Run/WaterRunner/Content/Bucket_BP.uasset
[2018.03.15-21.59.20:955][391]LogEditorTransaction: Undo Create Pin Link
[2018.03.15-21.59.38:183][410]LogEditorTransaction: Undo Delete current selection
[2018.03.15-22.00.23:843][ 97]LogSavePackage: Save=190.60ms
[2018.03.15-22.00.23:843][ 97]LogSavePackage: Moving '../../../../../../Users/rudra/Documents/UPenn Documents/Spring 2018 Class Docs/CIS 568 Game Design Practicum/Game1 (Rishabh Git Repo)/Water-Run/WaterRunner/Saved/Bucket_BP04D5879E45D131418D2C7BB02F442B24.tmp' to '../../../../../../Users/rudra/Documents/UPenn Documents/Spring 2018 Class Docs/CIS 568 Game Design Practicum/Game1 (Rishabh Git Repo)/Water-Run/WaterRunner/Content/Bucket_BP.uasset'
[2018.03.15-22.00.23:861][ 97]LogSavePackage: Display: Finished SavePackage ../../../../../../Users/rudra/Documents/UPenn Documents/Spring 2018 Class Docs/CIS 568 Game Design Practicum/Game1 (Rishabh Git Repo)/Water-Run/WaterRunner/Content/Bucket_BP.uasset
[2018.03.15-22.00.26:383][211]BlueprintLog: New page: Compile Bucket_BP
[2018.03.15-22.00.28:095][286]LogTemp: Repeating last play command: Selected Viewport
[2018.03.15-22.00.28:142][286]LogBlueprintUserMessages: Early PlayInEditor Detection: Level '/Game/GamePlayLevel.GamePlayLevel:PersistentLevel' has LevelScriptBlueprint '/Game/GamePlayLevel.GamePlayLevel:PersistentLevel.GamePlayLevel' with GeneratedClass '/Game/GamePlayLevel.GamePlayLevel_C' with ClassGeneratedBy '/Game/GamePlayLevel.GamePlayLevel:PersistentLevel.GamePlayLevel'
[2018.03.15-22.00.28:142][286]LogPlayLevel: PlayLevel: No blueprints needed recompiling
[2018.03.15-22.00.28:142][286]PIE: New page: PIE session: GamePlayLevel (Mar 15, 2018, 2:00:28 PM)
[2018.03.15-22.00.28:142][286]LogPlayLevel: Creating play world package: /Game/UEDPIE_0_GamePlayLevel
[2018.03.15-22.00.28:144][286]LogPlayLevel: PIE: StaticDuplicateObject took: (0.002099s)
[2018.03.15-22.00.28:145][286]LogAIModule: Creating AISystem for world GamePlayLevel
[2018.03.15-22.00.28:145][286]LogPlayLevel: PIE: World Init took: (0.000650s)
[2018.03.15-22.00.28:145][286]LogPlayLevel: PIE: Created PIE world by copying editor world from /Game/GamePlayLevel.GamePlayLevel to /Game/UEDPIE_0_GamePlayLevel.GamePlayLevel (0.003027s)
[2018.03.15-22.00.28:167][286]LogInit: XAudio2 using 'Headphones (Darshi Patel’s BeatsX Stereo)' : 2 channels at 44.1 kHz using 16 bits per sample (channel mask 0x3)
[2018.03.15-22.00.28:174][286]LogInit: FAudioDevice initialized.
[2018.03.15-22.00.28:205][286]LogLoad: Game class is 'GameModeBase'
[2018.03.15-22.00.28:206][286]LogWorld: Bringing World /Game/UEDPIE_0_GamePlayLevel.GamePlayLevel up for play (max tick rate 60) at 2018.03.15-18.00.28
[2018.03.15-22.00.28:207][286]LogWorld: Bringing up level for play took: 0.001068
[2018.03.15-22.00.28:208][286]PIE: Play in editor start time for /Game/UEDPIE_0_GamePlayLevel -0.302
[2018.03.15-22.00.28:208][286]LogBlueprintUserMessages: Late PlayInEditor Detection: Level '/Game/GamePlayLevel.GamePlayLevel:PersistentLevel' has LevelScriptBlueprint '/Game/GamePlayLevel.GamePlayLevel:PersistentLevel.GamePlayLevel' with GeneratedClass '/Game/GamePlayLevel.GamePlayLevel_C' with ClassGeneratedBy '/Game/GamePlayLevel.GamePlayLevel:PersistentLevel.GamePlayLevel'
[2018.03.15-22.00.37:032][803]LogBlueprintUserMessages: Early EndPlayMap Detection: Level '/Game/GamePlayLevel.GamePlayLevel:PersistentLevel' has LevelScriptBlueprint '/Game/GamePlayLevel.GamePlayLevel:PersistentLevel.GamePlayLevel' with GeneratedClass '/Game/GamePlayLevel.GamePlayLevel_C' with ClassGeneratedBy '/Game/GamePlayLevel.GamePlayLevel:PersistentLevel.GamePlayLevel'
[2018.03.15-22.00.37:083][803]LogBlueprintUserMessages: Late EndPlayMap Detection: Level '/Game/GamePlayLevel.GamePlayLevel:PersistentLevel' has LevelScriptBlueprint '/Game/GamePlayLevel.GamePlayLevel:PersistentLevel.GamePlayLevel' with GeneratedClass '/Game/GamePlayLevel.GamePlayLevel_C' with ClassGeneratedBy '/Game/GamePlayLevel.GamePlayLevel:PersistentLevel.GamePlayLevel'
[2018.03.15-22.00.38:570][868]LogSavePackage: Save=117.18ms
[2018.03.15-22.00.38:570][868]LogSavePackage: Moving '../../../../../../Users/rudra/Documents/UPenn Documents/Spring 2018 Class Docs/CIS 568 Game Design Practicum/Game1 (Rishabh Git Repo)/Water-Run/WaterRunner/Saved/GamePlayLevelF9FA03834E5F1B9C019A509E887E84A5.tmp' to '../../../../../../Users/rudra/Documents/UPenn Documents/Spring 2018 Class Docs/CIS 568 Game Design Practicum/Game1 (Rishabh Git Repo)/Water-Run/WaterRunner/Content/GamePlayLevel.umap'
[2018.03.15-22.00.38:575][868]LogSavePackage: Display: Finished SavePackage ../../../../../../Users/rudra/Documents/UPenn Documents/Spring 2018 Class Docs/CIS 568 Game Design Practicum/Game1 (Rishabh Git Repo)/Water-Run/WaterRunner/Content/GamePlayLevel.umap
[2018.03.15-22.00.38:646][868]LogSavePackage: Save=4.93ms
[2018.03.15-22.00.38:646][868]LogSavePackage: Moving '../../../../../../Users/rudra/Documents/UPenn Documents/Spring 2018 Class Docs/CIS 568 Game Design Practicum/Game1 (Rishabh Git Repo)/Water-Run/WaterRunner/Saved/GamePlayLevel_BuiltData2B2B4D694DC3B5D9BC07CE974CCBBCC3.tmp' to '../../../../../../Users/rudra/Documents/UPenn Documents/Spring 2018 Class Docs/CIS 568 Game Design Practicum/Game1 (Rishabh Git Repo)/Water-Run/WaterRunner/Content/GamePlayLevel_BuiltData.uasset'
[2018.03.15-22.00.38:648][868]LogSavePackage: Display: Finished SavePackage ../../../../../../Users/rudra/Documents/UPenn Documents/Spring 2018 Class Docs/CIS 568 Game Design Practicum/Game1 (Rishabh Git Repo)/Water-Run/WaterRunner/Content/GamePlayLevel_BuiltData.uasset
