Log file open, 03/19/18 15:46:48
LogWindows: Failed to load 'aqProf.dll' (GetLastError=126)
LogWindows: File 'aqProf.dll' does not exist
LogWindows: Failed to load 'VtuneApi.dll' (GetLastError=126)
LogWindows: File 'VtuneApi.dll' does not exist
LogWindows: Failed to load 'VtuneApi32e.dll' (GetLastError=126)
LogWindows: File 'VtuneApi32e.dll' does not exist
LogInit: Display: Running engine for game: WaterRunnerAlpha_1
LogPlatformFile: Not using cached read wrapper
LogInit: Display: RandInit(1676019589) SRandInit(1676019589).
LogInit: Read version file with build ID '3709383'
LogInit: Overriding engine version to CL 3832480, compatible CL 3709383
LogInit: Registered custom module enumerator with build ID '3709383'
LogInit: Warning: Passing commandline switches using / instead of - has been deprecated and will be removed in future versions of Unreal Engine.
LogTaskGraph: Started task graph with 5 named threads and 14 total threads with 3 sets of task threads.
LogStats: Stats thread started at 0.193915
LogD3D11RHI: Aftermath initialized
LogInit: Warning: Passing commandline switches using / instead of - has been deprecated and will be removed in future versions of Unreal Engine.
LogModuleManager: Display: Found up-to-date module file ../../../Engine/Plugins/2D/Paper2D/Binaries/Win64/UE4Editor-Paper2D.dll (API version 3709383).
LogModuleManager: Display: Found up-to-date module file ../../../Engine/Plugins/2D/Paper2D/Binaries/Win64/UE4Editor-Paper2DEditor.dll (API version 3709383).
LogModuleManager: Display: Found up-to-date module file ../../../Engine/Plugins/2D/Paper2D/Binaries/Win64/UE4Editor-PaperSpriteSheetImporter.dll (API version 3709383).
LogModuleManager: Display: Found up-to-date module file ../../../Engine/Plugins/2D/Paper2D/Binaries/Win64/UE4Editor-PaperTiledImporter.dll (API version 3709383).
LogModuleManager: Display: Found up-to-date module file ../../../Engine/Plugins/2D/Paper2D/Binaries/Win64/UE4Editor-SmartSnapping.dll (API version 3709383).
LogModuleManager: Display: Found up-to-date module file ../../../Engine/Plugins/Blendables/LightPropagationVolume/Binaries/Win64/UE4Editor-LightPropagationVolumeRuntime.dll (API version 3709383).
LogModuleManager: Display: Found up-to-date module file ../../../Engine/Plugins/Blendables/LightPropagationVolume/Binaries/Win64/UE4Editor-LightPropagationVolumeEditor.dll (API version 3709383).
LogModuleManager: Display: Found up-to-date module file ../../../Engine/Plugins/Developer/GitSourceControl/Binaries/Win64/UE4Editor-GitSourceControl.dll (API version 3709383).
LogModuleManager: Display: Found up-to-date module file ../../../Engine/Plugins/Developer/PerforceSourceControl/Binaries/Win64/UE4Editor-PerforceSourceControl.dll (API version 3709383).
LogModuleManager: Display: Found up-to-date module file ../../../Engine/Plugins/Developer/SubversionSourceControl/Binaries/Win64/UE4Editor-SubversionSourceControl.dll (API version 3709383).
LogModuleManager: Display: Found up-to-date module file ../../../Engine/Plugins/Developer/UObjectPlugin/Binaries/Win64/UE4Editor-UObjectPlugin.dll (API version 3709383).
LogModuleManager: Display: Found up-to-date module file ../../../Engine/Plugins/Developer/VisualStudioCodeSourceCodeAccess/Binaries/Win64/UE4Editor-VisualStudioCodeSourceCodeAccess.dll (API version 3709383).
LogModuleManager: Display: Found up-to-date module file ../../../Engine/Plugins/Developer/VisualStudioSourceCodeAccess/Binaries/Win64/UE4Editor-VisualStudioSourceCodeAccess.dll (API version 3709383).
LogModuleManager: Display: Found up-to-date module file ../../../Engine/Plugins/Editor/AssetManagerEditor/Binaries/Win64/UE4Editor-AssetManagerEditor.dll (API version 3709383).
LogModuleManager: Display: Found up-to-date module file ../../../Engine/Plugins/Editor/AudioCapture/Binaries/Win64/UE4Editor-AudioCapture.dll (API version 3709383).
LogModuleManager: Display: Found up-to-date module file ../../../Engine/Plugins/Editor/FacialAnimation/Binaries/Win64/UE4Editor-FacialAnimation.dll (API version 3709383).
LogModuleManager: Display: Found up-to-date module file ../../../Engine/Plugins/Editor/FacialAnimation/Binaries/Win64/UE4Editor-FacialAnimationEditor.dll (API version 3709383).
LogModuleManager: Display: Found up-to-date module file ../../../Engine/Plugins/Editor/GameplayTagsEditor/Binaries/Win64/UE4Editor-GameplayTagsEditor.dll (API version 3709383).
LogModuleManager: Display: Found up-to-date module file ../../../Engine/Plugins/Editor/MobileLauncherProfileWizard/Binaries/Win64/UE4Editor-MobileLauncherProfileWizard.dll (API version 3709383).
LogModuleManager: Display: Found up-to-date module file ../../../Engine/Plugins/Editor/PluginBrowser/Binaries/Win64/UE4Editor-PluginBrowser.dll (API version 3709383).
LogModuleManager: Display: Found up-to-date module file ../../../Engine/Plugins/Editor/SpeedTreeImporter/Binaries/Win64/UE4Editor-SpeedTreeImporter.dll (API version 3709383).
LogModuleManager: Display: Found up-to-date module file ../../../Engine/Plugins/Experimental/AlembicImporter/Binaries/Win64/UE4Editor-AlembicImporter.dll (API version 3709383).
LogModuleManager: Display: Found up-to-date module file ../../../Engine/Plugins/Experimental/AlembicImporter/Binaries/Win64/UE4Editor-AlembicLibrary.dll (API version 3709383).
LogModuleManager: Display: Found up-to-date module file ../../../Engine/Plugins/Experimental/CharacterAI/Binaries/Win64/UE4Editor-CharacterAI.dll (API version 3709383).
LogModuleManager: Display: Found up-to-date module file ../../../Engine/Plugins/Experimental/HTML5Networking/Binaries/Win64/UE4Editor-HTML5Networking.dll (API version 3709383).
LogModuleManager: Display: Found up-to-date module file ../../../Engine/Plugins/Media/AndroidMedia/Binaries/Win64/UE4Editor-AndroidMediaEditor.dll (API version 3709383).
LogModuleManager: Display: Found up-to-date module file ../../../Engine/Plugins/Media/AndroidMedia/Binaries/Win64/UE4Editor-AndroidMediaFactory.dll (API version 3709383).
LogModuleManager: Display: Found up-to-date module file ../../../Engine/Plugins/Media/AvfMedia/Binaries/Win64/UE4Editor-AvfMediaEditor.dll (API version 3709383).
LogModuleManager: Display: Found up-to-date module file ../../../Engine/Plugins/Media/AvfMedia/Binaries/Win64/UE4Editor-AvfMediaFactory.dll (API version 3709383).
LogModuleManager: Display: Found up-to-date module file ../../../Engine/Plugins/Media/AvfMedia/Binaries/Win64/UE4Editor-AvfMediaFactory.dll (API version 3709383).
LogModuleManager: Display: Found up-to-date module file ../../../Engine/Plugins/Media/ImgMedia/Binaries/Win64/UE4Editor-ImgMedia.dll (API version 3709383).
LogModuleManager: Display: Found up-to-date module file ../../../Engine/Plugins/Media/ImgMedia/Binaries/Win64/UE4Editor-ImgMediaEditor.dll (API version 3709383).
LogModuleManager: Display: Found up-to-date module file ../../../Engine/Plugins/Media/ImgMedia/Binaries/Win64/UE4Editor-ImgMediaFactory.dll (API version 3709383).
LogModuleManager: Display: Found up-to-date module file ../../../Engine/Plugins/Media/ImgMedia/Binaries/Win64/UE4Editor-ImgMediaFactory.dll (API version 3709383).
LogModuleManager: Display: Found up-to-date module file ../../../Engine/Plugins/Media/ImgMedia/Binaries/Win64/UE4Editor-OpenExrWrapper.dll (API version 3709383).
LogModuleManager: Display: Found up-to-date module file ../../../Engine/Plugins/Media/MediaCompositing/Binaries/Win64/UE4Editor-MediaCompositing.dll (API version 3709383).
LogModuleManager: Display: Found up-to-date module file ../../../Engine/Plugins/Media/MediaCompositing/Binaries/Win64/UE4Editor-MediaCompositingEditor.dll (API version 3709383).
LogModuleManager: Display: Found up-to-date module file ../../../Engine/Plugins/Media/MediaPlayerEditor/Binaries/Win64/UE4Editor-MediaPlayerEditor.dll (API version 3709383).
LogModuleManager: Display: Found up-to-date module file ../../../Engine/Plugins/Media/WmfMedia/Binaries/Win64/UE4Editor-WmfMedia.dll (API version 3709383).
LogModuleManager: Display: Found up-to-date module file ../../../Engine/Plugins/Media/WmfMedia/Binaries/Win64/UE4Editor-WmfMediaEditor.dll (API version 3709383).
LogModuleManager: Display: Found up-to-date module file ../../../Engine/Plugins/Media/WmfMedia/Binaries/Win64/UE4Editor-WmfMediaFactory.dll (API version 3709383).
LogModuleManager: Display: Found up-to-date module file ../../../Engine/Plugins/Media/WmfMedia/Binaries/Win64/UE4Editor-WmfMediaFactory.dll (API version 3709383).
LogModuleManager: Display: Found up-to-date module file ../../../Engine/Plugins/Messaging/TcpMessaging/Binaries/Win64/UE4Editor-TcpMessaging.dll (API version 3709383).
LogModuleManager: Display: Found up-to-date module file ../../../Engine/Plugins/Messaging/UdpMessaging/Binaries/Win64/UE4Editor-UdpMessaging.dll (API version 3709383).
LogModuleManager: Display: Found up-to-date module file ../../../Engine/Plugins/MovieScene/ActorSequence/Binaries/Win64/UE4Editor-ActorSequence.dll (API version 3709383).
LogModuleManager: Display: Found up-to-date module file ../../../Engine/Plugins/MovieScene/LevelSequenceEditor/Binaries/Win64/UE4Editor-LevelSequenceEditor.dll (API version 3709383).
LogModuleManager: Display: Found up-to-date module file ../../../Engine/Plugins/MovieScene/MatineeToLevelSequence/Binaries/Win64/UE4Editor-MatineeToLevelSequence.dll (API version 3709383).
LogModuleManager: Display: Found up-to-date module file ../../../Engine/Plugins/Online/OnlineSubsystem/Binaries/Win64/UE4Editor-OnlineSubsystem.dll (API version 3709383).
LogModuleManager: Display: Found up-to-date module file ../../../Engine/Plugins/Runtime/AndroidPermission/Binaries/Win64/UE4Editor-AndroidPermission.dll (API version 3709383).
LogModuleManager: Display: Found up-to-date module file ../../../Engine/Plugins/Online/OnlineSubsystemNull/Binaries/Win64/UE4Editor-OnlineSubsystemNull.dll (API version 3709383).
LogModuleManager: Display: Found up-to-date module file ../../../Engine/Plugins/Online/OnlineSubsystemUtils/Binaries/Win64/UE4Editor-OnlineSubsystemUtils.dll (API version 3709383).
LogModuleManager: Display: Found up-to-date module file ../../../Engine/Plugins/Online/OnlineSubsystemUtils/Binaries/Win64/UE4Editor-OnlineBlueprintSupport.dll (API version 3709383).
LogModuleManager: Display: Found up-to-date module file ../../../Engine/Plugins/Runtime/AndroidDeviceProfileSelector/Binaries/Win64/UE4Editor-AndroidDeviceProfileSelector.dll (API version 3709383).
LogModuleManager: Display: Found up-to-date module file ../../../Engine/Plugins/Runtime/AppleARKit/Binaries/Win64/UE4Editor-AppleARKit.dll (API version 3709383).
LogModuleManager: Display: Found up-to-date module file ../../../Engine/Plugins/Runtime/ArchVisCharacter/Binaries/Win64/UE4Editor-ArchVisCharacter.dll (API version 3709383).
LogModuleManager: Display: Found up-to-date module file ../../../Engine/Plugins/Runtime/CableComponent/Binaries/Win64/UE4Editor-CableComponent.dll (API version 3709383).
LogModuleManager: Display: Found up-to-date module file ../../../Engine/Plugins/Runtime/CustomMeshComponent/Binaries/Win64/UE4Editor-CustomMeshComponent.dll (API version 3709383).
LogModuleManager: Display: Found up-to-date module file ../../../Engine/Plugins/Runtime/ExampleDeviceProfileSelector/Binaries/Win64/UE4Editor-ExampleDeviceProfileSelector.dll (API version 3709383).
LogModuleManager: Display: Found up-to-date module file ../../../Engine/Plugins/Runtime/ImmediatePhysics/Binaries/Win64/UE4Editor-ImmediatePhysics.dll (API version 3709383).
LogModuleManager: Display: Found up-to-date module file ../../../Engine/Plugins/Runtime/ImmediatePhysics/Binaries/Win64/UE4Editor-ImmediatePhysicsEditor.dll (API version 3709383).
LogModuleManager: Display: Found up-to-date module file ../../../Engine/Plugins/Runtime/LocationServicesBPLibrary/Binaries/Win64/UE4Editor-LocationServicesBPLibrary.dll (API version 3709383).
LogModuleManager: Display: Found up-to-date module file ../../../Engine/Plugins/Runtime/MobilePatchingUtils/Binaries/Win64/UE4Editor-MobilePatchingUtils.dll (API version 3709383).
LogModuleManager: Display: Found up-to-date module file ../../../Engine/Plugins/Runtime/Oculus/OculusVR/Binaries/Win64/UE4Editor-OculusHMD.dll (API version 3709383).
LogModuleManager: Display: Found up-to-date module file ../../../Engine/Plugins/Runtime/Oculus/OculusVR/Binaries/Win64/UE4Editor-OculusInput.dll (API version 3709383).
LogModuleManager: Display: Found up-to-date module file ../../../Engine/Plugins/Runtime/Oculus/OculusVR/Binaries/Win64/UE4Editor-OculusEditor.dll (API version 3709383).
LogModuleManager: Display: Found up-to-date module file ../../../Engine/Plugins/Runtime/PhysXVehicles/Binaries/Win64/UE4Editor-PhysXVehicles.dll (API version 3709383).
LogModuleManager: Display: Found up-to-date module file ../../../Engine/Plugins/Runtime/PhysXVehicles/Binaries/Win64/UE4Editor-PhysXVehiclesEditor.dll (API version 3709383).
LogModuleManager: Display: Found up-to-date module file ../../../Engine/Plugins/Runtime/ProceduralMeshComponent/Binaries/Win64/UE4Editor-ProceduralMeshComponent.dll (API version 3709383).
LogModuleManager: Display: Found up-to-date module file ../../../Engine/Plugins/Runtime/ProceduralMeshComponent/Binaries/Win64/UE4Editor-ProceduralMeshComponentEditor.dll (API version 3709383).
LogModuleManager: Display: Found up-to-date module file ../../../Engine/Plugins/Runtime/RuntimePhysXCooking/Binaries/Win64/UE4Editor-RuntimePhysXCooking.dll (API version 3709383).
LogModuleManager: Display: Found up-to-date module file ../../../Engine/Plugins/Runtime/Steam/SteamVR/Binaries/Win64/UE4Editor-SteamVR.dll (API version 3709383).
LogModuleManager: Display: Found up-to-date module file ../../../Engine/Plugins/Runtime/Steam/SteamVR/Binaries/Win64/UE4Editor-SteamVRController.dll (API version 3709383).
LogModuleManager: Display: Found up-to-date module file ../../../Engine/Plugins/Runtime/WindowsMoviePlayer/Binaries/Win64/UE4Editor-WindowsMoviePlayer.dll (API version 3709383).
LogPluginManager: Mounting plugin Paper2D
LogPluginManager: Mounting plugin LightPropagationVolume
LogPluginManager: Mounting plugin CodeLiteSourceCodeAccess
LogPluginManager: Mounting plugin GitSourceControl
LogPluginManager: Mounting plugin KDevelopSourceCodeAccess
LogPluginManager: Mounting plugin NullSourceCodeAccess
LogPluginManager: Mounting plugin PerforceSourceControl
LogPluginManager: Mounting plugin SubversionSourceControl
LogPluginManager: Mounting plugin UObjectPlugin
LogPluginManager: Mounting plugin VisualStudioCodeSourceCodeAccess
LogPluginManager: Mounting plugin VisualStudioSourceCodeAccess
LogPluginManager: Mounting plugin XCodeSourceCodeAccess
LogPluginManager: Mounting plugin AssetManagerEditor
LogPluginManager: Mounting plugin AudioCapture
LogPluginManager: Mounting plugin FacialAnimation
LogPluginManager: Mounting plugin GameplayTagsEditor
LogPluginManager: Mounting plugin MobileLauncherProfileWizard
LogPluginManager: Mounting plugin PluginBrowser
LogPluginManager: Mounting plugin SpeedTreeImporter
LogPluginManager: Mounting plugin AlembicImporter
LogPluginManager: Mounting plugin CharacterAI
LogPluginManager: Mounting plugin HTML5Networking
LogPluginManager: Mounting plugin AndroidMedia
LogPluginManager: Mounting plugin AvfMedia
LogPluginManager: Mounting plugin ImgMedia
LogPluginManager: Mounting plugin MediaCompositing
LogPluginManager: Mounting plugin MediaPlayerEditor
LogPluginManager: Mounting plugin WmfMedia
LogPluginManager: Mounting plugin TcpMessaging
LogPluginManager: Mounting plugin UdpMessaging
LogPluginManager: Mounting plugin ActorSequence
LogPluginManager: Mounting plugin LevelSequenceEditor
LogPluginManager: Mounting plugin MatineeToLevelSequence
LogPluginManager: Mounting plugin OnlineSubsystemGooglePlay
LogPluginManager: Mounting plugin OnlineSubsystemIOS
LogPluginManager: Mounting plugin OnlineSubsystem
LogPluginManager: Mounting plugin OnlineSubsystemNull
LogPluginManager: Mounting plugin OnlineSubsystemUtils
LogPluginManager: Mounting plugin AndroidDeviceProfileSelector
LogPluginManager: Mounting plugin AndroidMoviePlayer
LogPluginManager: Mounting plugin AndroidPermission
LogPluginManager: Mounting plugin AppleARKit
LogPluginManager: Mounting plugin AppleMoviePlayer
LogPluginManager: Mounting plugin ArchVisCharacter
LogPluginManager: Mounting plugin CableComponent
LogPluginManager: Mounting plugin CustomMeshComponent
LogPluginManager: Mounting plugin ExampleDeviceProfileSelector
LogPluginManager: Mounting plugin GoogleCloudMessaging
LogPluginManager: Mounting plugin ImmediatePhysics
LogPluginManager: Mounting plugin IOSDeviceProfileSelector
LogPluginManager: Mounting plugin LinuxDeviceProfileSelector
LogPluginManager: Mounting plugin LocationServicesBPLibrary
LogPluginManager: Mounting plugin MobilePatchingUtils
LogPluginManager: Mounting plugin OculusVR
LogPluginManager: Plugin shader directory ../../../Engine/Plugins/Runtime/Oculus/OculusVR/Shaders found
LogPluginManager: Mapping shader source directory ../../../Engine/Plugins/Runtime/Oculus/OculusVR/Shaders to virtual directory /Plugin/OculusVR
LogPluginManager: Mounting plugin PhysXVehicles
LogPluginManager: Mounting plugin ProceduralMeshComponent
LogPluginManager: Mounting plugin RuntimePhysXCooking
LogPluginManager: Mounting plugin SteamVR
LogPluginManager: Mounting plugin WindowsMoviePlayer
LogInit: Using libcurl 7.47.1
LogInit:  - built for x86_64-pc-win32
LogInit:  - supports SSL with OpenSSL/1.0.2g
LogInit:  - supports HTTP deflate (compression) using libz 1.2.8
LogInit:  - other features:
LogInit:      CURL_VERSION_SSL
LogInit:      CURL_VERSION_LIBZ
LogInit:      CURL_VERSION_IPV6
LogInit:      CURL_VERSION_ASYNCHDNS
LogInit:      CURL_VERSION_LARGEFILE
LogInit:      CURL_VERSION_IDN
LogInit:  CurlRequestOptions (configurable via config and command line):
LogInit:  - bVerifyPeer = false  - Libcurl will NOT verify peer certificate
LogInit:  - bUseHttpProxy = false  - Libcurl will NOT use HTTP proxy
LogInit:  - bDontReuseConnections = false  - Libcurl will reuse connections
LogInit:  - CertBundlePath = nullptr  - Libcurl will use whatever was configured at build time.
LogInit: Build: ++UE4+Release-4.18-CL-3832480
LogInit: Engine Version: 4.18.3-3832480+++UE4+Release-4.18
LogInit: Compatible Engine Version: 4.18.0-3709383+++UE4+Release-4.18
LogInit: Net CL: 3709383
LogDevObjectVersion: Number of dev versions registered: 16
LogDevObjectVersion:   Dev-Blueprints (B0D832E4-1F89-4F0D-ACCF-7EB736FD4AA2): 10
LogDevObjectVersion:   Dev-Build (E1C64328-A22C-4D53-A36C-8E866417BD8C): 0
LogDevObjectVersion:   Dev-Core (375EC13C-06E4-48FB-B500-84F0262A717E): 2
LogDevObjectVersion:   Dev-Editor (E4B068ED-F494-42E9-A231-DA0B2E46BB41): 20
LogDevObjectVersion:   Dev-Framework (CFFC743F-43B0-4480-9391-14DF171D2073): 30
LogDevObjectVersion:   Dev-Mobile (B02B49B5-BB20-44E9-A304-32B752E40360): 0
LogDevObjectVersion:   Dev-Networking (A4E4105C-59A1-49B5-A7C5-40C4547EDFEE): 0
LogDevObjectVersion:   Dev-Online (39C831C9-5AE6-47DC-9A44-9C173E1C8E7C): 0
LogDevObjectVersion:   Dev-Physics (78F01B33-EBEA-4F98-B9B4-84EACCB95AA2): 0
LogDevObjectVersion:   Dev-Platform (6631380F-2D4D-43E0-8009-CF276956A95A): 0
LogDevObjectVersion:   Dev-Rendering (12F88B9F-8875-4AFC-A67C-D90C383ABD29): 20
LogDevObjectVersion:   Dev-Sequencer (7B5AE74C-D270-4C10-A958-57980B212A5A): 4
LogDevObjectVersion:   Dev-VR (D7296918-1DD6-4BDD-9DE2-64A83CC13884): 0
LogDevObjectVersion:   Dev-LoadTimes (C2A15278-BFE7-4AFE-6C17-90FF531DF755): 1
LogDevObjectVersion:   Private-Geometry (6EACA3D4-40EC-4CC1-B786-8BED09428FC5): 1
LogDevObjectVersion:   Dev-AnimPhys (29E575DD-E0A3-4627-9D10-D276232CDCEA): 12
LogInit: Compiled (64-bit): Jan 12 2018 02:04:55
LogInit: Compiled with Visual C++: 19.00.24215.01
LogInit: Build Configuration: Development
LogInit: Branch Name: ++UE4+Release-4.18
LogInit: Command line:  /Game/ThirdPersonBP/Maps/ProceduralMap -game -PIEVIACONSOLE -ResX=1280 -ResY=720  -Multiprocess -messaging -SessionName="Play in Standalone Game" -windowed 
LogInit: Base directory: C:/Program Files/Epic Games/UE_4.18/Engine/Binaries/Win64/
LogInit: Installed Engine Build: 1
LogInit: Presizing for max 8388607 objects, including 0 objects not considered by GC, pre-allocating 0 bytes for permanent pool.
LogInit: Object subsystem initialized
[2018.03.19-19.46.50:655][  0]LogInit: Selected Device Profile: [Windows]
[2018.03.19-19.46.50:655][  0]LogInit: Applying CVar settings loaded from the selected device profile: [Windows]
[2018.03.19-19.46.50:663][  0]LogInit: Computer: RUDRAKSHA
[2018.03.19-19.46.50:663][  0]LogInit: User: rudra
[2018.03.19-19.46.50:663][  0]LogInit: CPU Page size=4096, Cores=4
[2018.03.19-19.46.50:663][  0]LogInit: High frequency timer resolution =2.742190 MHz
[2018.03.19-19.46.50:663][  0]LogMemory: Memory total: Physical=15.9GB (16GB approx)
[2018.03.19-19.46.50:663][  0]LogMemory: Platform Memory Stats for Windows
[2018.03.19-19.46.50:663][  0]LogMemory: Process Physical Memory: 273.36 MB used, 273.36 MB peak
[2018.03.19-19.46.50:663][  0]LogMemory: Process Virtual Memory: 270.13 MB used, 270.13 MB peak
[2018.03.19-19.46.50:663][  0]LogMemory: Physical Memory: 9786.75 MB used,  6449.20 MB free, 16235.95 MB total
[2018.03.19-19.46.50:664][  0]LogMemory: Virtual Memory: 682.53 MB used,  6449.20 MB free, 134217728.00 MB total
[2018.03.19-19.46.50:927][  0]LogInit: Using OS detected language (en-US).
[2018.03.19-19.46.50:927][  0]LogInit: Using OS detected locale (en-US).
[2018.03.19-19.46.50:932][  0]LogTextLocalizationManager: No specific localization for 'en-US' exists, so the 'en' localization will be used.
[2018.03.19-19.46.51:580][  0]LogD3D11RHI: D3D11 adapters:
[2018.03.19-19.46.51:646][  0]LogD3D11RHI:    0. 'NVIDIA GeForce GTX 1050' (Feature Level 11_0)
[2018.03.19-19.46.51:646][  0]LogD3D11RHI:       4031/0/8117 MB DedicatedVideo/DedicatedSystem/SharedSystem, Outputs:1, VendorId:0x10de
[2018.03.19-19.46.51:660][  0]LogD3D11RHI:    1. 'Intel(R) HD Graphics 630' (Feature Level 11_0)
[2018.03.19-19.46.51:660][  0]LogD3D11RHI:       128/0/8117 MB DedicatedVideo/DedicatedSystem/SharedSystem, Outputs:0, VendorId:0x8086
[2018.03.19-19.46.51:663][  0]LogD3D11RHI:    2. 'Microsoft Basic Render Driver' (Feature Level 11_0)
[2018.03.19-19.46.51:663][  0]LogD3D11RHI:       0/0/8117 MB DedicatedVideo/DedicatedSystem/SharedSystem, Outputs:0, VendorId:0x1414
[2018.03.19-19.46.51:663][  0]LogD3D11RHI: Chosen D3D11 Adapter: 0
[2018.03.19-19.46.51:682][  0]LogD3D11RHI: Creating new Direct3DDevice
[2018.03.19-19.46.51:682][  0]LogD3D11RHI:     GPU DeviceId: 0x1c8d (for the marketing name, search the web for "GPU Device Id")
[2018.03.19-19.46.51:682][  0]LogWindows: EnumDisplayDevices:
[2018.03.19-19.46.51:682][  0]LogWindows:    0. 'Intel(R) HD Graphics 630' (P:1 D:1)
[2018.03.19-19.46.51:682][  0]LogWindows:    1. 'Intel(R) HD Graphics 630' (P:0 D:0)
[2018.03.19-19.46.51:682][  0]LogWindows:    2. 'Intel(R) HD Graphics 630' (P:0 D:0)
[2018.03.19-19.46.51:683][  0]LogWindows: DebugString: GetVideoDriverDetailsInvalid PrimaryIsNotTheChoosenAdapter GetVideoDriverDetailsInvalid PrimaryIsNotTheChoosenAdapter GetVideoDriverDetailsInvalid PrimaryIsNotTheChoosenAdapter FoundDriverCount:0 
[2018.03.19-19.46.51:683][  0]LogD3D11RHI:     Adapter Name: NVIDIA GeForce GTX 1050
[2018.03.19-19.46.51:683][  0]LogD3D11RHI:   Driver Version: Unknown (internal:Unknown, unified:Unknown)
[2018.03.19-19.46.51:683][  0]LogD3D11RHI:      Driver Date: Unknown
[2018.03.19-19.46.51:683][  0]LogRHI: Texture pool is 2821 MB (70% of 4031 MB)
[2018.03.19-19.46.51:716][  0]LogD3D11RHI: Async texture creation enabled
[2018.03.19-19.46.51:728][  0]LogD3D11RHI: GPU Timing Frequency: 1000.000000 (Debug: 2 1)
[2018.03.19-19.46.51:729][  0]LogShaderCompilers: Guid format shader working directory is -110 characters bigger than the processId version (../../../../../../Users/rudra/Documents/UPenn Documents/Spring 2018 Class Docs/CIS 568 Game Design Practicum/Game1 (Rishabh Git Repo)/Water-Run/WaterRunner/Intermediate/Shaders/WorkingDirectory/25488/).
[2018.03.19-19.46.51:729][  0]LogShaderCompilers: Cleaned the shader compiler working directory 'C:/Users/rudra/AppData/Local/Temp/UnrealShaderWorkingDir/9E45AA384463B55F3FA643916762133B/'.
[2018.03.19-19.46.51:729][  0]LogShaderCompilers: Display: Using Local Shader Compiler.
[2018.03.19-19.46.53:026][  0]LogTemp: Display: Loaded TP WindowsClientTargetPlatform
[2018.03.19-19.46.53:196][  0]LogTemp: Display: Loaded TP WindowsNoEditorTargetPlatform
[2018.03.19-19.46.53:346][  0]LogTemp: Display: Loaded TP WindowsServerTargetPlatform
[2018.03.19-19.46.53:528][  0]LogTemp: Display: Loaded TP WindowsTargetPlatform
[2018.03.19-19.46.53:528][  0]LogTargetPlatformManager: Display: Building Assets For Windows
[2018.03.19-19.46.54:897][  0]LogDerivedDataCache: Display: Max Cache Size: 512 MB
[2018.03.19-19.46.54:981][  0]LogDerivedDataCache: Loaded boot cache 0.08s 78MB C:/Users/rudra/AppData/Local/UnrealEngine/4.18/DerivedDataCache/Boot.ddc.
[2018.03.19-19.46.54:981][  0]LogDerivedDataCache: Display: Loaded Boot cache: C:/Users/rudra/AppData/Local/UnrealEngine/4.18/DerivedDataCache/Boot.ddc
[2018.03.19-19.46.54:981][  0]LogDerivedDataCache: FDerivedDataBackendGraph:  Pak pak cache file ../../../../../../Users/rudra/Documents/UPenn Documents/Spring 2018 Class Docs/CIS 568 Game Design Practicum/Game1 (Rishabh Git Repo)/Water-Run/WaterRunner/DerivedDataCache/DDC.ddp not found, will not use a pak cache.
[2018.03.19-19.46.54:981][  0]LogDerivedDataCache: Unable to find inner node Pak for hierarchical cache Hierarchy.
[2018.03.19-19.46.54:981][  0]LogDerivedDataCache: FDerivedDataBackendGraph:  CompressedPak pak cache file ../../../../../../Users/rudra/Documents/UPenn Documents/Spring 2018 Class Docs/CIS 568 Game Design Practicum/Game1 (Rishabh Git Repo)/Water-Run/WaterRunner/DerivedDataCache/Compressed.ddp not found, will not use a pak cache.
[2018.03.19-19.46.54:981][  0]LogDerivedDataCache: Unable to find inner node CompressedPak for hierarchical cache Hierarchy.
[2018.03.19-19.46.55:001][  0]LogDerivedDataCache: Display: Pak cache opened for reading ../../../Engine/DerivedDataCache/Compressed.ddp.
[2018.03.19-19.46.55:013][  0]LogDerivedDataCache: Using Local data cache path C:/Users/rudra/AppData/Local/UnrealEngine/Common/DerivedDataCache: Writable
[2018.03.19-19.46.55:024][  0]LogMaterial: Verifying Global Shaders for PCD3D_SM5
[2018.03.19-19.46.55:024][  0]LogSlate: Using Freetype 2.6.0
[2018.03.19-19.46.55:025][  0]LogSlate: SlateFontCache - WITH_FREETYPE: 1, WITH_HARFBUZZ: 1
[2018.03.19-19.46.55:025][  0]LogSlate: SlateFontCache - WITH_FREETYPE: 1, WITH_HARFBUZZ: 1
[2018.03.19-19.46.55:404][  0]LogAssetRegistry: FAssetRegistry took 0.0047 seconds to start up
[2018.03.19-19.46.55:417][  0]LogPackageLocalizationCache: Processed 7 localized package path(s) for 2 prioritized culture(s) in 0.013258 seconds
[2018.03.19-19.46.55:740][  0]LogInit: Selected Device Profile: [Windows]
[2018.03.19-19.46.56:710][  0]LogSimplygon: Simplygon DLL not present - disabling.
[2018.03.19-19.46.56:964][  0]LogMeshReduction: Using SimplygonSwarm for distributed automatic mesh merging
[2018.03.19-19.46.56:964][  0]LogMeshReduction: Using QuadricMeshReduction for automatic static mesh reduction
[2018.03.19-19.46.56:964][  0]LogMeshReduction: No automatic skeletal mesh reduction module available
[2018.03.19-19.46.56:964][  0]LogMeshReduction: No automatic mesh merging module available
[2018.03.19-19.46.56:964][  0]LogMeshMerging: No automatic mesh merging module available
[2018.03.19-19.46.57:087][  0]LogNetVersion: WaterRunnerAlpha_1 , NetCL: 3709383, EngineNetVer: 2, GameNetVer: 0 (Checksum: 1999119835)
[2018.03.19-19.46.57:723][  0]LogInit: Warning: Passing commandline switches using / instead of - has been deprecated and will be removed in future versions of Unreal Engine.
[2018.03.19-19.46.57:723][  0]LogInit: Warning: Passing commandline switches using / instead of - has been deprecated and will be removed in future versions of Unreal Engine.
[2018.03.19-19.46.57:723][  0]LogInit: Warning: Passing commandline switches using / instead of - has been deprecated and will be removed in future versions of Unreal Engine.
[2018.03.19-19.46.58:538][  0]LogInit: WinSock: version 1.1 (2.2), MaxSocks=32767, MaxUdp=65467
[2018.03.19-19.47.02:011][  0]LogMoviePlayer: Initializing movie player
[2018.03.19-19.47.02:674][  0]LogCollectionManager: Loaded 0 collections in 0.001746 seconds
[2018.03.19-19.47.02:737][  0]LogFileCache: Scanning file cache for directory 'C:/Users/rudra/Documents/UPenn Documents/Spring 2018 Class Docs/CIS 568 Game Design Practicum/Game1 (Rishabh Git Repo)/Water-Run/WaterRunner/Saved/Collections/' took 0.01s
[2018.03.19-19.47.02:737][  0]LogFileCache: Scanning file cache for directory 'C:/Users/rudra/Documents/UPenn Documents/Spring 2018 Class Docs/CIS 568 Game Design Practicum/Game1 (Rishabh Git Repo)/Water-Run/WaterRunner/Content/Developers/rudra/Collections/' took 0.01s
[2018.03.19-19.47.02:737][  0]LogFileCache: Scanning file cache for directory 'C:/Users/rudra/Documents/UPenn Documents/Spring 2018 Class Docs/CIS 568 Game Design Practicum/Game1 (Rishabh Git Repo)/Water-Run/WaterRunner/Content/Collections/' took 0.01s
[2018.03.19-19.47.02:737][  0]LogCollectionManager: Rebuilt the object cache for 0 collections in 0.000000 seconds (found 0 objects)
[2018.03.19-19.47.02:737][  0]LogCollectionManager: Fixed up redirectors for 0 collections in 0.000091 seconds (updated 0 objects)
[2018.03.19-19.47.03:063][  0]LogTcpMessaging: Initializing TcpMessaging bridge
[2018.03.19-19.47.03:151][  0]LogUdpMessaging: Initializing bridge on interface 0.0.0.0:0 to multicast group 230.0.0.1:6666.
[2018.03.19-19.47.03:798][  0]LogInit: Warning: Passing commandline switches using / instead of - has been deprecated and will be removed in future versions of Unreal Engine.
[2018.03.19-19.47.03:798][  0]SourceControl: Source control is disabled
[2018.03.19-19.47.03:799][  0]SourceControl: Source control is disabled
[2018.03.19-19.47.03:874][  0]SourceControl: Source control is disabled
[2018.03.19-19.47.04:690][  0]LogAndroidPermission: UAndroidPermissionCallbackProxy::GetInstance
[2018.03.19-19.47.05:062][  0]LogOcInput: OculusInput pre-init called
[2018.03.19-19.47.05:235][  0]LogUObjectArray: 38923 objects as part of root set at end of initial load.
[2018.03.19-19.47.05:235][  0]LogUObjectAllocator: 8349192 out of 0 bytes used by permanent object pool.
[2018.03.19-19.47.05:235][  0]LogUObjectArray: CloseDisregardForGC: 0/0 objects in disregard for GC pool
[2018.03.19-19.47.05:372][  0]LogEngine: Initializing Engine...
[2018.03.19-19.47.05:374][  0]LogHMD: Failed to initialize OpenVR with code 110
[2018.03.19-19.47.05:564][  0]LogStats: UGameplayTagsManager::ConstructGameplayTagTree: Construct from data asset -  0.000 s
[2018.03.19-19.47.05:564][  0]LogStats: UGameplayTagsManager::ConstructGameplayTagTree: GameplayTagTreeChangedEvent.Broadcast -  0.000 s
[2018.03.19-19.47.05:608][  0]LogInit: XAudio2 using 'Speakers / Headphones (Realtek Audio)' : 2 channels at 48 kHz using 32 bits per sample (channel mask 0x3)
[2018.03.19-19.47.05:653][  0]LogInit: FAudioDevice initialized.
[2018.03.19-19.47.05:689][  0]LogInit: Texture streaming: Enabled
[2018.03.19-19.47.05:716][  0]LogMaterial: Uniform references updated for custom material expression Custom.
[2018.03.19-19.47.06:316][  0]LogInit: Warning: Passing commandline switches using / instead of - has been deprecated and will be removed in future versions of Unreal Engine.
[2018.03.19-19.47.06:375][  0]LogInit: Display: Game Engine Initialized.
[2018.03.19-19.47.06:375][  0]LogGameplayTags: Display: UGameplayTagsManager::DoneAddingNativeTags. DelegateIsBound: 0
[2018.03.19-19.47.06:621][  0]LogInit: Display: Starting Game.
[2018.03.19-19.47.06:621][  0]LogNet: Browse: /Game/ThirdPersonBP/Maps/ProceduralMap?Name=Player
[2018.03.19-19.47.06:621][  0]LogLoad: LoadMap: /Game/ThirdPersonBP/Maps/ProceduralMap?Name=Player
[2018.03.19-19.47.07:382][  0]LogAIModule: Creating AISystem for world ProceduralMap
[2018.03.19-19.47.07:715][  0]LogLoad: Game class is 'RunGameMode_C'
[2018.03.19-19.47.07:723][  0]LogWorld: Bringing World /Game/ThirdPersonBP/Maps/ProceduralMap.ProceduralMap up for play (max tick rate 0) at 2018.03.19-15.47.07
[2018.03.19-19.47.07:724][  0]LogWorld: Bringing up level for play took: 0.007800
[2018.03.19-19.47.07:743][  0]LogLoad: Took 1.122023 seconds to LoadMap(/Game/ThirdPersonBP/Maps/ProceduralMap)
[2018.03.19-19.47.08:037][  0]LogRenderer: Reallocating scene render targets to support 1280x720 Format 10 NumSamples 1 (Frame:1).
[2018.03.19-19.47.08:037][  0]LogLoad: (Engine Initialization) Total time: 20.55 seconds
[2018.03.19-19.47.08:038][  0]LogLoad: (Engine Initialization) Total Blueprint compile time: 0.00 seconds
[2018.03.19-19.47.08:038][  0]LogExternalProfiler: Found external profiler: VSPerf
[2018.03.19-19.47.08:038][  0]LogExternalProfiler: Using external profiler: VSPerf
[2018.03.19-19.47.08:054][  0]LogWindowsTextInputMethodSystem: Display: IME system now deactivated.
[2018.03.19-19.47.08:058][  0]LogContentStreaming: Texture pool size now 1000 MB
[2018.03.19-19.47.08:424][ 11]LogAudio: Warning: Detected orphaned looping sound 'Light01_Cue'.
[2018.03.19-19.47.12:989][293]LogCharacterMovement: CHris_char is stuck and failed to move! Velocity: X=33.04 Y=0.00 Z=0.00 Location: X=10471.60 Y=463.94 Z=345.17 Normal: X=1.00 Y=0.00 Z=-0.00 PenetrationDepth:20.759 Actor:Bucket_BP_52 Component:StaticMesh BoneName:None (15 other events since notify)
[2018.03.19-19.47.15:137][426]LogCharacterMovement: CHris_char is stuck and failed to move! Velocity: X=0.02 Y=-33.04 Z=0.00 Location: X=12453.00 Y=-767.24 Z=323.15 Normal: X=0.00 Y=-1.00 Z=-0.00 PenetrationDepth:20.758 Actor:Bucket_BP_52 Component:StaticMesh BoneName:None (27 other events since notify)
[2018.03.19-19.47.17:826][593]LogAudio: Warning: Detected orphaned looping sound 'Light01_Cue'.
[2018.03.19-19.47.18:051][607]LogAudio: Warning: Detected orphaned looping sound 'Light01_Cue'.
[2018.03.19-19.47.21:418][815]LogNet: Browse: /Game/ThirdPersonBP/Maps/ProceduralMap?Name=Player?restart
[2018.03.19-19.47.21:418][815]LogLoad: LoadMap: /Game/ThirdPersonBP/Maps/ProceduralMap?Name=Player
[2018.03.19-19.47.22:625][815]LogAIModule: Creating AISystem for world ProceduralMap
[2018.03.19-19.47.23:238][815]LogLoad: Game class is 'RunGameMode_C'
[2018.03.19-19.47.23:252][815]LogWorld: Bringing World /Game/ThirdPersonBP/Maps/ProceduralMap.ProceduralMap up for play (max tick rate 0) at 2018.03.19-15.47.23
[2018.03.19-19.47.23:253][815]LogWorld: Bringing up level for play took: 0.012487
[2018.03.19-19.47.23:281][815]LogLoad: Took 1.863063 seconds to LoadMap(/Game/ThirdPersonBP/Maps/ProceduralMap)
[2018.03.19-19.47.25:479][942]LogNet: Browse: /Game/ThirdPersonBP/Maps/ProceduralMap?Name=Player?restart
[2018.03.19-19.47.25:479][942]LogLoad: LoadMap: /Game/ThirdPersonBP/Maps/ProceduralMap?Name=Player
[2018.03.19-19.47.26:548][942]LogAIModule: Creating AISystem for world ProceduralMap
[2018.03.19-19.47.27:122][942]LogLoad: Game class is 'RunGameMode_C'
[2018.03.19-19.47.27:136][942]LogWorld: Bringing World /Game/ThirdPersonBP/Maps/ProceduralMap.ProceduralMap up for play (max tick rate 0) at 2018.03.19-15.47.27
[2018.03.19-19.47.27:138][942]LogWorld: Bringing up level for play took: 0.013589
[2018.03.19-19.47.27:186][942]LogLoad: Took 1.707305 seconds to LoadMap(/Game/ThirdPersonBP/Maps/ProceduralMap)
[2018.03.19-19.47.30:174][111]LogNet: Browse: /Game/ThirdPersonBP/Maps/ProceduralMap?Name=Player?restart
[2018.03.19-19.47.30:175][111]LogLoad: LoadMap: /Game/ThirdPersonBP/Maps/ProceduralMap?Name=Player
[2018.03.19-19.47.31:218][111]LogAIModule: Creating AISystem for world ProceduralMap
[2018.03.19-19.47.31:756][111]LogLoad: Game class is 'RunGameMode_C'
[2018.03.19-19.47.31:773][111]LogWorld: Bringing World /Game/ThirdPersonBP/Maps/ProceduralMap.ProceduralMap up for play (max tick rate 0) at 2018.03.19-15.47.31
[2018.03.19-19.47.31:775][111]LogWorld: Bringing up level for play took: 0.015944
[2018.03.19-19.47.31:824][111]LogLoad: Took 1.648803 seconds to LoadMap(/Game/ThirdPersonBP/Maps/ProceduralMap)
[2018.03.19-19.47.32:817][162]LogCharacterMovement: CHris_char is stuck and failed to move! Velocity: X=0.00 Y=33.03 Z=0.00 Location: X=2768.98 Y=-171.40 Z=103.15 Normal: X=1.00 Y=0.00 Z=-0.00 PenetrationDepth:20.760 Actor:Bucket_BP_52 Component:StaticMesh BoneName:None (0 other events since notify)
[2018.03.19-19.47.34:865][289]LogNet: Browse: /Game/ThirdPersonBP/Maps/ProceduralMap?Name=Player?restart
[2018.03.19-19.47.34:866][289]LogLoad: LoadMap: /Game/ThirdPersonBP/Maps/ProceduralMap?Name=Player
[2018.03.19-19.47.36:051][289]LogAIModule: Creating AISystem for world ProceduralMap
[2018.03.19-19.47.36:275][289]LogLoad: Game class is 'RunGameMode_C'
[2018.03.19-19.47.36:282][289]LogWorld: Bringing World /Game/ThirdPersonBP/Maps/ProceduralMap.ProceduralMap up for play (max tick rate 0) at 2018.03.19-15.47.36
[2018.03.19-19.47.36:282][289]LogWorld: Bringing up level for play took: 0.005621
[2018.03.19-19.47.36:301][289]LogLoad: Took 1.435989 seconds to LoadMap(/Game/ThirdPersonBP/Maps/ProceduralMap)
[2018.03.19-19.47.39:531][478]LogNet: Browse: /Game/ThirdPersonBP/Maps/ProceduralMap?Name=Player?restart
[2018.03.19-19.47.39:531][478]LogLoad: LoadMap: /Game/ThirdPersonBP/Maps/ProceduralMap?Name=Player
[2018.03.19-19.47.40:769][478]LogAIModule: Creating AISystem for world ProceduralMap
[2018.03.19-19.47.41:340][478]LogLoad: Game class is 'RunGameMode_C'
[2018.03.19-19.47.41:349][478]LogWorld: Bringing World /Game/ThirdPersonBP/Maps/ProceduralMap.ProceduralMap up for play (max tick rate 0) at 2018.03.19-15.47.41
[2018.03.19-19.47.41:350][478]LogWorld: Bringing up level for play took: 0.008410
[2018.03.19-19.47.41:380][478]LogLoad: Took 1.848674 seconds to LoadMap(/Game/ThirdPersonBP/Maps/ProceduralMap)
[2018.03.19-19.47.46:851][803]LogCharacterMovement: CHris_char is stuck and failed to move! Velocity: X=0.02 Y=33.04 Z=0.00 Location: X=12453.00 Y=452.51 Z=323.15 Normal: X=0.00 Y=1.00 Z=-0.00 PenetrationDepth:20.757 Actor:Bucket_BP_52 Component:StaticMesh BoneName:None (0 other events since notify)
[2018.03.19-19.47.47:851][865]LogCharacterMovement: CHris_char is stuck and failed to move! Velocity: X=0.01 Y=132.15 Z=0.00 Location: X=12453.00 Y=452.51 Z=323.15 Normal: X=0.32 Y=0.95 Z=-0.00 PenetrationDepth:20.758 Actor:Bucket_BP_52 Component:StaticMesh BoneName:None (21 other events since notify)
[2018.03.19-19.47.48:852][927]LogCharacterMovement: CHris_char is stuck and failed to move! Velocity: X=0.00 Y=33.03 Z=0.00 Location: X=12453.00 Y=452.51 Z=323.15 Normal: X=-0.59 Y=0.81 Z=-0.00 PenetrationDepth:20.759 Actor:Bucket_BP_52 Component:StaticMesh BoneName:None (55 other events since notify)
[2018.03.19-19.47.49:901][992]LogCharacterMovement: CHris_char is stuck and failed to move! Velocity: X=0.00 Y=33.18 Z=0.00 Location: X=12453.00 Y=452.51 Z=323.15 Normal: X=0.71 Y=0.71 Z=-0.00 PenetrationDepth:20.759 Actor:Bucket_BP_52 Component:StaticMesh BoneName:None (50 other events since notify)
[2018.03.19-19.47.50:917][ 55]LogCharacterMovement: CHris_char is stuck and failed to move! Velocity: X=0.00 Y=33.04 Z=0.00 Location: X=12453.00 Y=452.51 Z=323.15 Normal: X=0.69 Y=0.72 Z=0.00 PenetrationDepth:20.758 Actor:Bucket_BP_52 Component:StaticMesh BoneName:None (35 other events since notify)
[2018.03.19-19.47.51:918][117]LogCharacterMovement: CHris_char is stuck and failed to move! Velocity: X=0.01 Y=99.11 Z=0.00 Location: X=12453.00 Y=452.51 Z=323.15 Normal: X=-0.30 Y=0.95 Z=-0.00 PenetrationDepth:20.758 Actor:Bucket_BP_52 Component:StaticMesh BoneName:None (49 other events since notify)
[2018.03.19-19.47.53:015][185]LogCharacterMovement: CHris_char is stuck and failed to move! Velocity: X=0.00 Y=33.04 Z=0.00 Location: X=12453.00 Y=452.51 Z=323.15 Normal: X=0.71 Y=0.71 Z=-0.00 PenetrationDepth:20.757 Actor:Bucket_BP_52 Component:StaticMesh BoneName:None (49 other events since notify)
[2018.03.19-19.47.54:016][247]LogCharacterMovement: CHris_char is stuck and failed to move! Velocity: X=-32.39 Y=118.72 Z=0.00 Location: X=12453.00 Y=452.51 Z=323.15 Normal: X=0.32 Y=0.95 Z=-0.00 PenetrationDepth:20.758 Actor:Bucket_BP_52 Component:StaticMesh BoneName:None (34 other events since notify)
[2018.03.19-19.47.55:015][309]LogCharacterMovement: CHris_char is stuck and failed to move! Velocity: X=0.01 Y=99.10 Z=0.00 Location: X=12453.00 Y=452.51 Z=323.15 Normal: X=0.00 Y=1.00 Z=-0.00 PenetrationDepth:20.758 Actor:Bucket_BP_52 Component:StaticMesh BoneName:None (55 other events since notify)
[2018.03.19-19.47.56:016][371]LogCharacterMovement: CHris_char is stuck and failed to move! Velocity: X=0.02 Y=165.41 Z=0.00 Location: X=12453.00 Y=452.51 Z=323.15 Normal: X=0.00 Y=1.00 Z=-0.00 PenetrationDepth:20.758 Actor:Bucket_BP_52 Component:StaticMesh BoneName:None (55 other events since notify)
[2018.03.19-19.48.00:066][622]LogCharacterMovement: CHris_char is stuck and failed to move! Velocity: X=0.00 Y=33.04 Z=0.00 Location: X=12453.00 Y=452.51 Z=323.15 Normal: X=0.71 Y=0.71 Z=-0.00 PenetrationDepth:20.757 Actor:Bucket_BP_52 Component:StaticMesh BoneName:None (40 other events since notify)
[2018.03.19-19.48.01:066][684]LogCharacterMovement: CHris_char is stuck and failed to move! Velocity: X=0.01 Y=99.11 Z=0.00 Location: X=12453.00 Y=452.51 Z=323.15 Normal: X=0.00 Y=1.00 Z=-0.00 PenetrationDepth:20.758 Actor:Bucket_BP_52 Component:StaticMesh BoneName:None (55 other events since notify)
[2018.03.19-19.48.02:070][746]LogCharacterMovement: CHris_char is stuck and failed to move! Velocity: X=0.02 Y=231.24 Z=0.00 Location: X=12453.00 Y=452.51 Z=323.15 Normal: X=0.00 Y=1.00 Z=-0.00 PenetrationDepth:20.758 Actor:Bucket_BP_52 Component:StaticMesh BoneName:None (55 other events since notify)
[2018.03.19-19.48.03:079][803]LogCharacterMovement: CHris_char is stuck and failed to move! Velocity: X=0.00 Y=33.10 Z=0.00 Location: X=12453.00 Y=452.51 Z=323.15 Normal: X=0.00 Y=1.00 Z=-0.00 PenetrationDepth:20.758 Actor:Bucket_BP_52 Component:StaticMesh BoneName:None (48 other events since notify)
[2018.03.19-19.48.04:080][865]LogCharacterMovement: CHris_char is stuck and failed to move! Velocity: X=0.00 Y=99.61 Z=0.00 Location: X=12453.00 Y=452.51 Z=323.15 Normal: X=0.00 Y=1.00 Z=-0.00 PenetrationDepth:20.758 Actor:Bucket_BP_52 Component:StaticMesh BoneName:None (55 other events since notify)
[2018.03.19-19.48.05:081][927]LogCharacterMovement: CHris_char is stuck and failed to move! Velocity: X=0.01 Y=165.17 Z=0.00 Location: X=12453.00 Y=452.51 Z=323.15 Normal: X=0.00 Y=1.00 Z=-0.00 PenetrationDepth:20.758 Actor:Bucket_BP_52 Component:StaticMesh BoneName:None (55 other events since notify)
[2018.03.19-19.48.06:080][989]LogCharacterMovement: CHris_char is stuck and failed to move! Velocity: X=0.01 Y=231.25 Z=0.00 Location: X=12453.00 Y=452.51 Z=323.15 Normal: X=0.00 Y=1.00 Z=-0.00 PenetrationDepth:20.758 Actor:Bucket_BP_52 Component:StaticMesh BoneName:None (55 other events since notify)
[2018.03.19-19.48.06:776][ 30]LogWindowsTextInputMethodSystem: Display: IME system now deactivated.
[2018.03.19-19.48.06:787][ 30]LogEngine: All Windows Closed
[2018.03.19-19.48.06:787][ 30]LogWindows: FPlatformMisc::RequestExit(0)
[2018.03.19-19.48.07:405][ 31]LogExit: Preparing to exit.
[2018.03.19-19.48.07:406][ 31]LogMoviePlayer: Shutting down movie player
[2018.03.19-19.48.08:343][ 31]LogExit: Game engine shut down
[2018.03.19-19.48.08:451][ 31]LogExit: Object subsystem successfully closed.
[2018.03.19-19.48.08:473][ 31]LogD3D11RHI: Shutdown
[2018.03.19-19.48.08:473][ 31]LogD3D11RHI: CleanupD3DDevice
[2018.03.19-19.48.08:477][ 31]LogD3D11RHI: ~FD3D11DynamicRHI
[2018.03.19-19.48.08:504][ 31]LogModuleManager: Shutting down and abandoning module SequenceRecorderSections (312)
[2018.03.19-19.48.08:505][ 31]LogModuleManager: Shutting down and abandoning module SequenceRecorder (310)
[2018.03.19-19.48.08:505][ 31]LogModuleManager: Shutting down and abandoning module AutomationController (308)
[2018.03.19-19.48.08:505][ 31]LogModuleManager: Shutting down and abandoning module AutomationWorker (306)
[2018.03.19-19.48.08:505][ 31]LogModuleManager: Shutting down and abandoning module AIModule (304)
[2018.03.19-19.48.08:505][ 31]LogModuleManager: Shutting down and abandoning module GameplayDebugger (303)
[2018.03.19-19.48.08:505][ 31]LogModuleManager: Shutting down and abandoning module AITestSuite (301)
[2018.03.19-19.48.08:505][ 31]LogModuleManager: Shutting down and abandoning module WmfMediaFactory (298)
[2018.03.19-19.48.08:505][ 31]LogModuleManager: Shutting down and abandoning module OpenExrWrapper (296)
[2018.03.19-19.48.08:506][ 31]LogModuleManager: Shutting down and abandoning module ImgMediaFactory (294)
[2018.03.19-19.48.08:506][ 31]LogModuleManager: Shutting down and abandoning module AvfMediaFactory (292)
[2018.03.19-19.48.08:506][ 31]LogModuleManager: Shutting down and abandoning module CharacterAI (290)
[2018.03.19-19.48.08:506][ 31]LogModuleManager: Shutting down and abandoning module SessionServices (288)
[2018.03.19-19.48.08:506][ 31]LogModuleManager: Shutting down and abandoning module MovieSceneCapture (286)
[2018.03.19-19.48.08:506][ 31]LogModuleManager: Shutting down and abandoning module MovieSceneTracks (284)
[2018.03.19-19.48.08:506][ 31]LogModuleManager: Shutting down and abandoning module MovieScene (282)
[2018.03.19-19.48.08:506][ 31]LogModuleManager: Shutting down and abandoning module GeometryCache (280)
[2018.03.19-19.48.08:506][ 31]LogModuleManager: Shutting down and abandoning module GeometryCacheEd (279)
[2018.03.19-19.48.08:506][ 31]LogModuleManager: Shutting down and abandoning module StreamingPauseRendering (276)
[2018.03.19-19.48.08:506][ 31]LogModuleManager: Shutting down and abandoning module PortalServices (274)
[2018.03.19-19.48.08:506][ 31]LogModuleManager: Shutting down and abandoning module PortalRpc (272)
[2018.03.19-19.48.08:506][ 31]LogModuleManager: Shutting down and abandoning module MessagingRpc (270)
[2018.03.19-19.48.08:506][ 31]LogModuleManager: Shutting down and abandoning module ProfilerService (268)
[2018.03.19-19.48.08:661][ 31]LogModuleManager: Shutting down and abandoning module TaskGraph (266)
[2018.03.19-19.48.08:661][ 31]LogModuleManager: Shutting down and abandoning module SteamVRController (264)
[2018.03.19-19.48.08:661][ 31]LogModuleManager: Shutting down and abandoning module ProceduralMeshComponent (262)
[2018.03.19-19.48.08:662][ 31]LogModuleManager: Shutting down and abandoning module OculusInput (260)
[2018.03.19-19.48.08:662][ 31]LogModuleManager: Shutting down and abandoning module MobilePatchingUtils (258)
[2018.03.19-19.48.08:662][ 31]LogModuleManager: Shutting down and abandoning module CustomMeshComponent (256)
[2018.03.19-19.48.08:662][ 31]LogModuleManager: Shutting down and abandoning module CableComponent (254)
[2018.03.19-19.48.08:662][ 31]LogModuleManager: Shutting down and abandoning module ArchVisCharacter (252)
[2018.03.19-19.48.08:662][ 31]LogModuleManager: Shutting down and abandoning module AndroidPermission (250)
[2018.03.19-19.48.08:662][ 31]LogModuleManager: Shutting down and abandoning module ActorSequence (246)
[2018.03.19-19.48.08:662][ 31]LogModuleManager: Shutting down and abandoning module MediaCompositing (244)
[2018.03.19-19.48.08:662][ 31]LogModuleManager: Shutting down and abandoning module HTML5Networking (242)
[2018.03.19-19.48.08:662][ 31]LogModuleManager: Shutting down and abandoning module VisualStudioSourceCodeAccess (240)
[2018.03.19-19.48.08:662][ 31]LogModuleManager: Shutting down and abandoning module HotReload (239)
[2018.03.19-19.48.08:663][ 31]LogModuleManager: Shutting down and abandoning module VisualStudioCodeSourceCodeAccess (236)
[2018.03.19-19.48.08:663][ 31]LogModuleManager: Shutting down and abandoning module UObjectPlugin (234)
[2018.03.19-19.48.08:663][ 31]LogModuleManager: Shutting down and abandoning module SubversionSourceControl (232)
[2018.03.19-19.48.08:663][ 31]LogModuleManager: Shutting down and abandoning module PerforceSourceControl (230)
[2018.03.19-19.48.08:663][ 31]LogModuleManager: Shutting down and abandoning module SourceControl (229)
[2018.03.19-19.48.08:663][ 31]LogModuleManager: Shutting down and abandoning module RuntimePhysXCooking (226)
[2018.03.19-19.48.08:663][ 31]LogModuleManager: Shutting down and abandoning module PhysXVehiclesEditor (224)
[2018.03.19-19.48.08:663][ 31]LogModuleManager: Shutting down and abandoning module PhysXVehicles (222)
[2018.03.19-19.48.08:664][ 31]LogModuleManager: Shutting down and abandoning module LocationServicesBPLibrary (220)
[2018.03.19-19.48.08:664][ 31]LogModuleManager: Shutting down and abandoning module ImmediatePhysicsEditor (218)
[2018.03.19-19.48.08:664][ 31]LogModuleManager: Shutting down and abandoning module ImmediatePhysics (216)
[2018.03.19-19.48.08:664][ 31]LogModuleManager: Shutting down and abandoning module UdpMessaging (214)
[2018.03.19-19.48.08:765][ 31]LogModuleManager: Shutting down and abandoning module TcpMessaging (212)
[2018.03.19-19.48.09:086][ 31]LogModuleManager: Shutting down and abandoning module GameplayTagsEditor (210)
[2018.03.19-19.48.09:086][ 31]LogModuleManager: Shutting down and abandoning module FacialAnimation (208)
[2018.03.19-19.48.09:086][ 31]LogModuleManager: Shutting down and abandoning module AssetManagerEditor (206)
[2018.03.19-19.48.09:087][ 31]LogModuleManager: Shutting down and abandoning module GraphEditor (205)
[2018.03.19-19.48.09:087][ 31]LogModuleManager: Shutting down and abandoning module ContentBrowser (203)
[2018.03.19-19.48.09:087][ 31]LogModuleManager: Shutting down and abandoning module CollectionManager (202)
[2018.03.19-19.48.09:087][ 31]LogDirectoryWatcher: A directory notification for 'C:/Users/rudra/Documents/UPenn Documents/Spring 2018 Class Docs/CIS 568 Game Design Practicum/Game1 (Rishabh Git Repo)/Water-Run/WaterRunner/Content/Collections/' was aborted.
[2018.03.19-19.48.09:087][ 31]LogDirectoryWatcher: A directory notification for 'C:/Users/rudra/Documents/UPenn Documents/Spring 2018 Class Docs/CIS 568 Game Design Practicum/Game1 (Rishabh Git Repo)/Water-Run/WaterRunner/Content/Developers/rudra/Collections/' was aborted.
[2018.03.19-19.48.09:088][ 31]LogDirectoryWatcher: A directory notification for 'C:/Users/rudra/Documents/UPenn Documents/Spring 2018 Class Docs/CIS 568 Game Design Practicum/Game1 (Rishabh Git Repo)/Water-Run/WaterRunner/Saved/Collections/' was aborted.
[2018.03.19-19.48.09:088][ 31]LogModuleManager: Shutting down and abandoning module DirectoryWatcher (201)
[2018.03.19-19.48.09:088][ 31]LogModuleManager: Shutting down and abandoning module LightPropagationVolumeRuntime (196)
[2018.03.19-19.48.09:088][ 31]LogModuleManager: Shutting down and abandoning module Paper2D (194)
[2018.03.19-19.48.09:088][ 31]LogModuleManager: Shutting down and abandoning module WindowsMoviePlayer (192)
[2018.03.19-19.48.09:088][ 31]LogModuleManager: Shutting down and abandoning module WmfMedia (190)
[2018.03.19-19.48.09:092][ 31]LogModuleManager: Shutting down and abandoning module ImgMedia (188)
[2018.03.19-19.48.09:092][ 31]LogModuleManager: Shutting down and abandoning module PacketHandler (186)
[2018.03.19-19.48.09:092][ 31]LogModuleManager: Shutting down and abandoning module ClothingSystemEditor (184)
[2018.03.19-19.48.09:092][ 31]LogModuleManager: Shutting down and abandoning module ClothingSystemRuntime (182)
[2018.03.19-19.48.09:092][ 31]LogModuleManager: Shutting down and abandoning module MediaAssets (180)
[2018.03.19-19.48.09:092][ 31]LogModuleManager: Shutting down and abandoning module Media (179)
[2018.03.19-19.48.09:099][ 31]LogModuleManager: Shutting down and abandoning module Overlay (176)
[2018.03.19-19.48.09:099][ 31]LogModuleManager: Shutting down and abandoning module OverlayEditor (175)
[2018.03.19-19.48.09:099][ 31]LogModuleManager: Shutting down and abandoning module VREditor (172)
[2018.03.19-19.48.09:099][ 31]LogModuleManager: Shutting down and abandoning module StringTableEditor (170)
[2018.03.19-19.48.09:099][ 31]LogModuleManager: Shutting down and abandoning module GameplayTasksEditor (168)
[2018.03.19-19.48.09:099][ 31]LogModuleManager: Shutting down and abandoning module BehaviorTreeEditor (166)
[2018.03.19-19.48.09:099][ 31]LogModuleManager: Shutting down and abandoning module FunctionalTesting (164)
[2018.03.19-19.48.09:099][ 31]LogModuleManager: Shutting down and abandoning module CollisionAnalyzer (162)
[2018.03.19-19.48.09:099][ 31]LogModuleManager: Shutting down and abandoning module WorkspaceMenuStructure (161)
[2018.03.19-19.48.09:099][ 31]LogModuleManager: Shutting down and abandoning module UMG (158)
[2018.03.19-19.48.09:099][ 31]LogModuleManager: Shutting down and abandoning module UMGEditor (157)
[2018.03.19-19.48.09:100][ 31]LogModuleManager: Shutting down and abandoning module Sequencer (156)
[2018.03.19-19.48.09:100][ 31]LogModuleManager: Shutting down and abandoning module MessageLog (153)
[2018.03.19-19.48.09:100][ 31]LogModuleManager: Shutting down and abandoning module SlateReflector (148)
[2018.03.19-19.48.09:100][ 31]LogModuleManager: Shutting down and abandoning module Slate (146)
[2018.03.19-19.48.09:100][ 31]LogModuleManager: Shutting down and abandoning module EditorStyle (144)
[2018.03.19-19.48.09:107][ 31]LogModuleManager: Shutting down and abandoning module MRMesh (142)
[2018.03.19-19.48.09:107][ 31]LogModuleManager: Shutting down and abandoning module Messaging (140)
[2018.03.19-19.48.09:107][ 31]LogModuleManager: Shutting down and abandoning module SourceCodeAccess (138)
[2018.03.19-19.48.09:107][ 31]LogModuleManager: Shutting down and abandoning module HeadMountedDisplay (136)
[2018.03.19-19.48.09:107][ 31]LogModuleManager: Shutting down and abandoning module XAudio2 (134)
[2018.03.19-19.48.09:107][ 31]LogModuleManager: Shutting down and abandoning module Networking (132)
[2018.03.19-19.48.09:107][ 31]LogModuleManager: Shutting down and abandoning module Core (128)
[2018.03.19-19.48.09:107][ 31]LogModuleManager: Shutting down and abandoning module LevelSequence (126)
[2018.03.19-19.48.09:107][ 31]LogModuleManager: Shutting down and abandoning module KismetCompiler (124)
[2018.03.19-19.48.09:107][ 31]LogModuleManager: Shutting down and abandoning module MeshUtilities (122)
[2018.03.19-19.48.09:107][ 31]LogModuleManager: Shutting down and abandoning module MeshMergeUtilities (121)
[2018.03.19-19.48.09:107][ 31]LogModuleManager: Shutting down and abandoning module MeshReductionInterface (120)
[2018.03.19-19.48.09:107][ 31]LogModuleManager: Shutting down and abandoning module SimplygonSwarm (119)
[2018.03.19-19.48.09:107][ 31]LogModuleManager: Shutting down and abandoning module SimplygonMeshReduction (117)
[2018.03.19-19.48.09:107][ 31]LogModuleManager: Shutting down and abandoning module QuadricMeshReduction (115)
[2018.03.19-19.48.09:108][ 31]LogModuleManager: Shutting down and abandoning module MaterialBaking (111)
[2018.03.19-19.48.09:108][ 31]LogModuleManager: Shutting down and abandoning module DerivedDataCache (106)
