Log file open, 03/28/18 15:06:07
LogWindows: Failed to load 'aqProf.dll' (GetLastError=126)
LogWindows: File 'aqProf.dll' does not exist
LogWindows: Failed to load 'VtuneApi.dll' (GetLastError=126)
LogWindows: File 'VtuneApi.dll' does not exist
LogWindows: Failed to load 'VtuneApi32e.dll' (GetLastError=126)
LogWindows: File 'VtuneApi32e.dll' does not exist
LogInit: Display: Running engine for game: WaterRunnerAlpha_1
LogPlatformFile: Not using cached read wrapper
LogInit: Display: RandInit(1422888962) SRandInit(1422888962).
LogInit: Read version file with build ID '3709383'
LogInit: Overriding engine version to CL 3832480, compatible CL 3709383
LogInit: Registered custom module enumerator with build ID '3709383'
LogInit: Warning: Passing commandline switches using / instead of - has been deprecated and will be removed in future versions of Unreal Engine.
LogTaskGraph: Started task graph with 5 named threads and 14 total threads with 3 sets of task threads.
LogStats: Stats thread started at 0.188348
LogD3D11RHI: Aftermath initialized
LogInit: Warning: Passing commandline switches using / instead of - has been deprecated and will be removed in future versions of Unreal Engine.
LogModuleManager: Display: Found up-to-date module file ../../../Engine/Plugins/2D/Paper2D/Binaries/Win64/UE4Editor-Paper2D.dll (API version 3709383).
LogModuleManager: Display: Found up-to-date module file ../../../Engine/Plugins/2D/Paper2D/Binaries/Win64/UE4Editor-Paper2DEditor.dll (API version 3709383).
LogModuleManager: Display: Found up-to-date module file ../../../Engine/Plugins/2D/Paper2D/Binaries/Win64/UE4Editor-PaperSpriteSheetImporter.dll (API version 3709383).
LogModuleManager: Display: Found up-to-date module file ../../../Engine/Plugins/2D/Paper2D/Binaries/Win64/UE4Editor-PaperTiledImporter.dll (API version 3709383).
LogModuleManager: Display: Found up-to-date module file ../../../Engine/Plugins/2D/Paper2D/Binaries/Win64/UE4Editor-SmartSnapping.dll (API version 3709383).
LogModuleManager: Display: Found up-to-date module file ../../../Engine/Plugins/Blendables/LightPropagationVolume/Binaries/Win64/UE4Editor-LightPropagationVolumeRuntime.dll (API version 3709383).
LogModuleManager: Display: Found up-to-date module file ../../../Engine/Plugins/Blendables/LightPropagationVolume/Binaries/Win64/UE4Editor-LightPropagationVolumeEditor.dll (API version 3709383).
LogModuleManager: Display: Found up-to-date module file ../../../Engine/Plugins/Developer/GitSourceControl/Binaries/Win64/UE4Editor-GitSourceControl.dll (API version 3709383).
LogModuleManager: Display: Found up-to-date module file ../../../Engine/Plugins/Developer/PerforceSourceControl/Binaries/Win64/UE4Editor-PerforceSourceControl.dll (API version 3709383).
LogModuleManager: Display: Found up-to-date module file ../../../Engine/Plugins/Developer/SubversionSourceControl/Binaries/Win64/UE4Editor-SubversionSourceControl.dll (API version 3709383).
LogModuleManager: Display: Found up-to-date module file ../../../Engine/Plugins/Developer/UObjectPlugin/Binaries/Win64/UE4Editor-UObjectPlugin.dll (API version 3709383).
LogModuleManager: Display: Found up-to-date module file ../../../Engine/Plugins/Developer/VisualStudioCodeSourceCodeAccess/Binaries/Win64/UE4Editor-VisualStudioCodeSourceCodeAccess.dll (API version 3709383).
LogModuleManager: Display: Found up-to-date module file ../../../Engine/Plugins/Developer/VisualStudioSourceCodeAccess/Binaries/Win64/UE4Editor-VisualStudioSourceCodeAccess.dll (API version 3709383).
LogModuleManager: Display: Found up-to-date module file ../../../Engine/Plugins/Editor/AssetManagerEditor/Binaries/Win64/UE4Editor-AssetManagerEditor.dll (API version 3709383).
LogModuleManager: Display: Found up-to-date module file ../../../Engine/Plugins/Editor/AudioCapture/Binaries/Win64/UE4Editor-AudioCapture.dll (API version 3709383).
LogModuleManager: Display: Found up-to-date module file ../../../Engine/Plugins/Editor/FacialAnimation/Binaries/Win64/UE4Editor-FacialAnimation.dll (API version 3709383).
LogModuleManager: Display: Found up-to-date module file ../../../Engine/Plugins/Editor/FacialAnimation/Binaries/Win64/UE4Editor-FacialAnimationEditor.dll (API version 3709383).
LogModuleManager: Display: Found up-to-date module file ../../../Engine/Plugins/Editor/GameplayTagsEditor/Binaries/Win64/UE4Editor-GameplayTagsEditor.dll (API version 3709383).
LogModuleManager: Display: Found up-to-date module file ../../../Engine/Plugins/Editor/MobileLauncherProfileWizard/Binaries/Win64/UE4Editor-MobileLauncherProfileWizard.dll (API version 3709383).
LogModuleManager: Display: Found up-to-date module file ../../../Engine/Plugins/Editor/PluginBrowser/Binaries/Win64/UE4Editor-PluginBrowser.dll (API version 3709383).
LogModuleManager: Display: Found up-to-date module file ../../../Engine/Plugins/Editor/SpeedTreeImporter/Binaries/Win64/UE4Editor-SpeedTreeImporter.dll (API version 3709383).
LogModuleManager: Display: Found up-to-date module file ../../../Engine/Plugins/Experimental/AlembicImporter/Binaries/Win64/UE4Editor-AlembicImporter.dll (API version 3709383).
LogModuleManager: Display: Found up-to-date module file ../../../Engine/Plugins/Experimental/AlembicImporter/Binaries/Win64/UE4Editor-AlembicLibrary.dll (API version 3709383).
LogModuleManager: Display: Found up-to-date module file ../../../Engine/Plugins/Experimental/CharacterAI/Binaries/Win64/UE4Editor-CharacterAI.dll (API version 3709383).
LogModuleManager: Display: Found up-to-date module file ../../../Engine/Plugins/Experimental/HTML5Networking/Binaries/Win64/UE4Editor-HTML5Networking.dll (API version 3709383).
LogModuleManager: Display: Found up-to-date module file ../../../Engine/Plugins/Media/AndroidMedia/Binaries/Win64/UE4Editor-AndroidMediaEditor.dll (API version 3709383).
LogModuleManager: Display: Found up-to-date module file ../../../Engine/Plugins/Media/AndroidMedia/Binaries/Win64/UE4Editor-AndroidMediaFactory.dll (API version 3709383).
LogModuleManager: Display: Found up-to-date module file ../../../Engine/Plugins/Media/AvfMedia/Binaries/Win64/UE4Editor-AvfMediaEditor.dll (API version 3709383).
LogModuleManager: Display: Found up-to-date module file ../../../Engine/Plugins/Media/AvfMedia/Binaries/Win64/UE4Editor-AvfMediaFactory.dll (API version 3709383).
LogModuleManager: Display: Found up-to-date module file ../../../Engine/Plugins/Media/AvfMedia/Binaries/Win64/UE4Editor-AvfMediaFactory.dll (API version 3709383).
LogModuleManager: Display: Found up-to-date module file ../../../Engine/Plugins/Media/ImgMedia/Binaries/Win64/UE4Editor-ImgMedia.dll (API version 3709383).
LogModuleManager: Display: Found up-to-date module file ../../../Engine/Plugins/Media/ImgMedia/Binaries/Win64/UE4Editor-ImgMediaEditor.dll (API version 3709383).
LogModuleManager: Display: Found up-to-date module file ../../../Engine/Plugins/Media/ImgMedia/Binaries/Win64/UE4Editor-ImgMediaFactory.dll (API version 3709383).
LogModuleManager: Display: Found up-to-date module file ../../../Engine/Plugins/Media/ImgMedia/Binaries/Win64/UE4Editor-ImgMediaFactory.dll (API version 3709383).
LogModuleManager: Display: Found up-to-date module file ../../../Engine/Plugins/Media/ImgMedia/Binaries/Win64/UE4Editor-OpenExrWrapper.dll (API version 3709383).
LogModuleManager: Display: Found up-to-date module file ../../../Engine/Plugins/Media/MediaCompositing/Binaries/Win64/UE4Editor-MediaCompositing.dll (API version 3709383).
LogModuleManager: Display: Found up-to-date module file ../../../Engine/Plugins/Media/MediaCompositing/Binaries/Win64/UE4Editor-MediaCompositingEditor.dll (API version 3709383).
LogModuleManager: Display: Found up-to-date module file ../../../Engine/Plugins/Media/MediaPlayerEditor/Binaries/Win64/UE4Editor-MediaPlayerEditor.dll (API version 3709383).
LogModuleManager: Display: Found up-to-date module file ../../../Engine/Plugins/Media/WmfMedia/Binaries/Win64/UE4Editor-WmfMedia.dll (API version 3709383).
LogModuleManager: Display: Found up-to-date module file ../../../Engine/Plugins/Media/WmfMedia/Binaries/Win64/UE4Editor-WmfMediaEditor.dll (API version 3709383).
LogModuleManager: Display: Found up-to-date module file ../../../Engine/Plugins/Media/WmfMedia/Binaries/Win64/UE4Editor-WmfMediaFactory.dll (API version 3709383).
LogModuleManager: Display: Found up-to-date module file ../../../Engine/Plugins/Media/WmfMedia/Binaries/Win64/UE4Editor-WmfMediaFactory.dll (API version 3709383).
LogModuleManager: Display: Found up-to-date module file ../../../Engine/Plugins/Messaging/TcpMessaging/Binaries/Win64/UE4Editor-TcpMessaging.dll (API version 3709383).
LogModuleManager: Display: Found up-to-date module file ../../../Engine/Plugins/Messaging/UdpMessaging/Binaries/Win64/UE4Editor-UdpMessaging.dll (API version 3709383).
LogModuleManager: Display: Found up-to-date module file ../../../Engine/Plugins/MovieScene/ActorSequence/Binaries/Win64/UE4Editor-ActorSequence.dll (API version 3709383).
LogModuleManager: Display: Found up-to-date module file ../../../Engine/Plugins/MovieScene/LevelSequenceEditor/Binaries/Win64/UE4Editor-LevelSequenceEditor.dll (API version 3709383).
LogModuleManager: Display: Found up-to-date module file ../../../Engine/Plugins/MovieScene/MatineeToLevelSequence/Binaries/Win64/UE4Editor-MatineeToLevelSequence.dll (API version 3709383).
LogModuleManager: Display: Found up-to-date module file ../../../Engine/Plugins/Online/OnlineSubsystem/Binaries/Win64/UE4Editor-OnlineSubsystem.dll (API version 3709383).
LogModuleManager: Display: Found up-to-date module file ../../../Engine/Plugins/Runtime/AndroidPermission/Binaries/Win64/UE4Editor-AndroidPermission.dll (API version 3709383).
LogModuleManager: Display: Found up-to-date module file ../../../Engine/Plugins/Online/OnlineSubsystemNull/Binaries/Win64/UE4Editor-OnlineSubsystemNull.dll (API version 3709383).
LogModuleManager: Display: Found up-to-date module file ../../../Engine/Plugins/Online/OnlineSubsystemUtils/Binaries/Win64/UE4Editor-OnlineSubsystemUtils.dll (API version 3709383).
LogModuleManager: Display: Found up-to-date module file ../../../Engine/Plugins/Online/OnlineSubsystemUtils/Binaries/Win64/UE4Editor-OnlineBlueprintSupport.dll (API version 3709383).
LogModuleManager: Display: Found up-to-date module file ../../../Engine/Plugins/Runtime/AndroidDeviceProfileSelector/Binaries/Win64/UE4Editor-AndroidDeviceProfileSelector.dll (API version 3709383).
LogModuleManager: Display: Found up-to-date module file ../../../Engine/Plugins/Runtime/AppleARKit/Binaries/Win64/UE4Editor-AppleARKit.dll (API version 3709383).
LogModuleManager: Display: Found up-to-date module file ../../../Engine/Plugins/Runtime/ArchVisCharacter/Binaries/Win64/UE4Editor-ArchVisCharacter.dll (API version 3709383).
LogModuleManager: Display: Found up-to-date module file ../../../Engine/Plugins/Runtime/CableComponent/Binaries/Win64/UE4Editor-CableComponent.dll (API version 3709383).
LogModuleManager: Display: Found up-to-date module file ../../../Engine/Plugins/Runtime/CustomMeshComponent/Binaries/Win64/UE4Editor-CustomMeshComponent.dll (API version 3709383).
LogModuleManager: Display: Found up-to-date module file ../../../Engine/Plugins/Runtime/ExampleDeviceProfileSelector/Binaries/Win64/UE4Editor-ExampleDeviceProfileSelector.dll (API version 3709383).
LogModuleManager: Display: Found up-to-date module file ../../../Engine/Plugins/Runtime/ImmediatePhysics/Binaries/Win64/UE4Editor-ImmediatePhysics.dll (API version 3709383).
LogModuleManager: Display: Found up-to-date module file ../../../Engine/Plugins/Runtime/ImmediatePhysics/Binaries/Win64/UE4Editor-ImmediatePhysicsEditor.dll (API version 3709383).
LogModuleManager: Display: Found up-to-date module file ../../../Engine/Plugins/Runtime/LocationServicesBPLibrary/Binaries/Win64/UE4Editor-LocationServicesBPLibrary.dll (API version 3709383).
LogModuleManager: Display: Found up-to-date module file ../../../Engine/Plugins/Runtime/MobilePatchingUtils/Binaries/Win64/UE4Editor-MobilePatchingUtils.dll (API version 3709383).
LogModuleManager: Display: Found up-to-date module file ../../../Engine/Plugins/Runtime/Oculus/OculusVR/Binaries/Win64/UE4Editor-OculusHMD.dll (API version 3709383).
LogModuleManager: Display: Found up-to-date module file ../../../Engine/Plugins/Runtime/Oculus/OculusVR/Binaries/Win64/UE4Editor-OculusInput.dll (API version 3709383).
LogModuleManager: Display: Found up-to-date module file ../../../Engine/Plugins/Runtime/Oculus/OculusVR/Binaries/Win64/UE4Editor-OculusEditor.dll (API version 3709383).
LogModuleManager: Display: Found up-to-date module file ../../../Engine/Plugins/Runtime/PhysXVehicles/Binaries/Win64/UE4Editor-PhysXVehicles.dll (API version 3709383).
LogModuleManager: Display: Found up-to-date module file ../../../Engine/Plugins/Runtime/PhysXVehicles/Binaries/Win64/UE4Editor-PhysXVehiclesEditor.dll (API version 3709383).
LogModuleManager: Display: Found up-to-date module file ../../../Engine/Plugins/Runtime/ProceduralMeshComponent/Binaries/Win64/UE4Editor-ProceduralMeshComponent.dll (API version 3709383).
LogModuleManager: Display: Found up-to-date module file ../../../Engine/Plugins/Runtime/ProceduralMeshComponent/Binaries/Win64/UE4Editor-ProceduralMeshComponentEditor.dll (API version 3709383).
LogModuleManager: Display: Found up-to-date module file ../../../Engine/Plugins/Runtime/RuntimePhysXCooking/Binaries/Win64/UE4Editor-RuntimePhysXCooking.dll (API version 3709383).
LogModuleManager: Display: Found up-to-date module file ../../../Engine/Plugins/Runtime/Steam/SteamVR/Binaries/Win64/UE4Editor-SteamVR.dll (API version 3709383).
LogModuleManager: Display: Found up-to-date module file ../../../Engine/Plugins/Runtime/Steam/SteamVR/Binaries/Win64/UE4Editor-SteamVRController.dll (API version 3709383).
LogModuleManager: Display: Found up-to-date module file ../../../Engine/Plugins/Runtime/WindowsMoviePlayer/Binaries/Win64/UE4Editor-WindowsMoviePlayer.dll (API version 3709383).
LogPluginManager: Mounting plugin Paper2D
LogPluginManager: Mounting plugin LightPropagationVolume
LogPluginManager: Mounting plugin CodeLiteSourceCodeAccess
LogPluginManager: Mounting plugin GitSourceControl
LogPluginManager: Mounting plugin KDevelopSourceCodeAccess
LogPluginManager: Mounting plugin NullSourceCodeAccess
LogPluginManager: Mounting plugin PerforceSourceControl
LogPluginManager: Mounting plugin SubversionSourceControl
LogPluginManager: Mounting plugin UObjectPlugin
LogPluginManager: Mounting plugin VisualStudioCodeSourceCodeAccess
LogPluginManager: Mounting plugin VisualStudioSourceCodeAccess
LogPluginManager: Mounting plugin XCodeSourceCodeAccess
LogPluginManager: Mounting plugin AssetManagerEditor
LogPluginManager: Mounting plugin AudioCapture
LogPluginManager: Mounting plugin FacialAnimation
LogPluginManager: Mounting plugin GameplayTagsEditor
LogPluginManager: Mounting plugin MobileLauncherProfileWizard
LogPluginManager: Mounting plugin PluginBrowser
LogPluginManager: Mounting plugin SpeedTreeImporter
LogPluginManager: Mounting plugin AlembicImporter
LogPluginManager: Mounting plugin CharacterAI
LogPluginManager: Mounting plugin HTML5Networking
LogPluginManager: Mounting plugin AndroidMedia
LogPluginManager: Mounting plugin AvfMedia
LogPluginManager: Mounting plugin ImgMedia
LogPluginManager: Mounting plugin MediaCompositing
LogPluginManager: Mounting plugin MediaPlayerEditor
LogPluginManager: Mounting plugin WmfMedia
LogPluginManager: Mounting plugin TcpMessaging
LogPluginManager: Mounting plugin UdpMessaging
LogPluginManager: Mounting plugin ActorSequence
LogPluginManager: Mounting plugin LevelSequenceEditor
LogPluginManager: Mounting plugin MatineeToLevelSequence
LogPluginManager: Mounting plugin OnlineSubsystemGooglePlay
LogPluginManager: Mounting plugin OnlineSubsystemIOS
LogPluginManager: Mounting plugin OnlineSubsystem
LogPluginManager: Mounting plugin OnlineSubsystemNull
LogPluginManager: Mounting plugin OnlineSubsystemUtils
LogPluginManager: Mounting plugin AndroidDeviceProfileSelector
LogPluginManager: Mounting plugin AndroidMoviePlayer
LogPluginManager: Mounting plugin AndroidPermission
LogPluginManager: Mounting plugin AppleARKit
LogPluginManager: Mounting plugin AppleMoviePlayer
LogPluginManager: Mounting plugin ArchVisCharacter
LogPluginManager: Mounting plugin CableComponent
LogPluginManager: Mounting plugin CustomMeshComponent
LogPluginManager: Mounting plugin ExampleDeviceProfileSelector
LogPluginManager: Mounting plugin GoogleCloudMessaging
LogPluginManager: Mounting plugin ImmediatePhysics
LogPluginManager: Mounting plugin IOSDeviceProfileSelector
LogPluginManager: Mounting plugin LinuxDeviceProfileSelector
LogPluginManager: Mounting plugin LocationServicesBPLibrary
LogPluginManager: Mounting plugin MobilePatchingUtils
LogPluginManager: Mounting plugin OculusVR
LogPluginManager: Plugin shader directory ../../../Engine/Plugins/Runtime/Oculus/OculusVR/Shaders found
LogPluginManager: Mapping shader source directory ../../../Engine/Plugins/Runtime/Oculus/OculusVR/Shaders to virtual directory /Plugin/OculusVR
LogPluginManager: Mounting plugin PhysXVehicles
LogPluginManager: Mounting plugin ProceduralMeshComponent
LogPluginManager: Mounting plugin RuntimePhysXCooking
LogPluginManager: Mounting plugin SteamVR
LogPluginManager: Mounting plugin WindowsMoviePlayer
LogInit: Using libcurl 7.47.1
LogInit:  - built for x86_64-pc-win32
LogInit:  - supports SSL with OpenSSL/1.0.2g
LogInit:  - supports HTTP deflate (compression) using libz 1.2.8
LogInit:  - other features:
LogInit:      CURL_VERSION_SSL
LogInit:      CURL_VERSION_LIBZ
LogInit:      CURL_VERSION_IPV6
LogInit:      CURL_VERSION_ASYNCHDNS
LogInit:      CURL_VERSION_LARGEFILE
LogInit:      CURL_VERSION_IDN
LogInit:  CurlRequestOptions (configurable via config and command line):
LogInit:  - bVerifyPeer = false  - Libcurl will NOT verify peer certificate
LogInit:  - bUseHttpProxy = false  - Libcurl will NOT use HTTP proxy
LogInit:  - bDontReuseConnections = false  - Libcurl will reuse connections
LogInit:  - CertBundlePath = nullptr  - Libcurl will use whatever was configured at build time.
LogInit: Build: ++UE4+Release-4.18-CL-3832480
LogInit: Engine Version: 4.18.3-3832480+++UE4+Release-4.18
LogInit: Compatible Engine Version: 4.18.0-3709383+++UE4+Release-4.18
LogInit: Net CL: 3709383
LogDevObjectVersion: Number of dev versions registered: 16
LogDevObjectVersion:   Dev-Blueprints (B0D832E4-1F89-4F0D-ACCF-7EB736FD4AA2): 10
LogDevObjectVersion:   Dev-Build (E1C64328-A22C-4D53-A36C-8E866417BD8C): 0
LogDevObjectVersion:   Dev-Core (375EC13C-06E4-48FB-B500-84F0262A717E): 2
LogDevObjectVersion:   Dev-Editor (E4B068ED-F494-42E9-A231-DA0B2E46BB41): 20
LogDevObjectVersion:   Dev-Framework (CFFC743F-43B0-4480-9391-14DF171D2073): 30
LogDevObjectVersion:   Dev-Mobile (B02B49B5-BB20-44E9-A304-32B752E40360): 0
LogDevObjectVersion:   Dev-Networking (A4E4105C-59A1-49B5-A7C5-40C4547EDFEE): 0
LogDevObjectVersion:   Dev-Online (39C831C9-5AE6-47DC-9A44-9C173E1C8E7C): 0
LogDevObjectVersion:   Dev-Physics (78F01B33-EBEA-4F98-B9B4-84EACCB95AA2): 0
LogDevObjectVersion:   Dev-Platform (6631380F-2D4D-43E0-8009-CF276956A95A): 0
LogDevObjectVersion:   Dev-Rendering (12F88B9F-8875-4AFC-A67C-D90C383ABD29): 20
LogDevObjectVersion:   Dev-Sequencer (7B5AE74C-D270-4C10-A958-57980B212A5A): 4
LogDevObjectVersion:   Dev-VR (D7296918-1DD6-4BDD-9DE2-64A83CC13884): 0
LogDevObjectVersion:   Dev-LoadTimes (C2A15278-BFE7-4AFE-6C17-90FF531DF755): 1
LogDevObjectVersion:   Private-Geometry (6EACA3D4-40EC-4CC1-B786-8BED09428FC5): 1
LogDevObjectVersion:   Dev-AnimPhys (29E575DD-E0A3-4627-9D10-D276232CDCEA): 12
LogInit: Compiled (64-bit): Jan 12 2018 02:04:55
LogInit: Compiled with Visual C++: 19.00.24215.01
LogInit: Build Configuration: Development
LogInit: Branch Name: ++UE4+Release-4.18
LogInit: Command line:  /Game/ThirdPersonBP/Maps/ProceduralMap -game -PIEVIACONSOLE -ResX=1280 -ResY=720  -Multiprocess -messaging -SessionName="Play in Standalone Game" -windowed 
LogInit: Base directory: C:/Program Files/Epic Games/UE_4.18/Engine/Binaries/Win64/
LogInit: Installed Engine Build: 1
LogInit: Presizing for max 8388607 objects, including 0 objects not considered by GC, pre-allocating 0 bytes for permanent pool.
LogInit: Object subsystem initialized
[2018.03.28-19.06.09:109][  0]LogInit: Selected Device Profile: [Windows]
[2018.03.28-19.06.09:109][  0]LogInit: Applying CVar settings loaded from the selected device profile: [Windows]
[2018.03.28-19.06.09:122][  0]LogInit: Computer: RUDRAKSHA
[2018.03.28-19.06.09:123][  0]LogInit: User: rudra
[2018.03.28-19.06.09:123][  0]LogInit: CPU Page size=4096, Cores=4
[2018.03.28-19.06.09:123][  0]LogInit: High frequency timer resolution =2.742190 MHz
[2018.03.28-19.06.09:123][  0]LogMemory: Memory total: Physical=15.9GB (16GB approx)
[2018.03.28-19.06.09:123][  0]LogMemory: Platform Memory Stats for Windows
[2018.03.28-19.06.09:123][  0]LogMemory: Process Physical Memory: 273.45 MB used, 273.45 MB peak
[2018.03.28-19.06.09:123][  0]LogMemory: Process Virtual Memory: 269.98 MB used, 269.98 MB peak
[2018.03.28-19.06.09:123][  0]LogMemory: Physical Memory: 12260.68 MB used,  3975.27 MB free, 16235.95 MB total
[2018.03.28-19.06.09:123][  0]LogMemory: Virtual Memory: 682.53 MB used,  3975.27 MB free, 134217728.00 MB total
[2018.03.28-19.06.09:375][  0]LogInit: Using OS detected language (en-US).
[2018.03.28-19.06.09:375][  0]LogInit: Using OS detected locale (en-US).
[2018.03.28-19.06.09:446][  0]LogTextLocalizationManager: No specific localization for 'en-US' exists, so the 'en' localization will be used.
[2018.03.28-19.06.10:113][  0]LogD3D11RHI: D3D11 adapters:
[2018.03.28-19.06.10:186][  0]LogD3D11RHI:    0. 'NVIDIA GeForce GTX 1050' (Feature Level 11_0)
[2018.03.28-19.06.10:186][  0]LogD3D11RHI:       4031/0/8117 MB DedicatedVideo/DedicatedSystem/SharedSystem, Outputs:1, VendorId:0x10de
[2018.03.28-19.06.10:198][  0]LogD3D11RHI:    1. 'Intel(R) HD Graphics 630' (Feature Level 11_0)
[2018.03.28-19.06.10:198][  0]LogD3D11RHI:       128/0/8117 MB DedicatedVideo/DedicatedSystem/SharedSystem, Outputs:0, VendorId:0x8086
[2018.03.28-19.06.10:201][  0]LogD3D11RHI:    2. 'Microsoft Basic Render Driver' (Feature Level 11_0)
[2018.03.28-19.06.10:201][  0]LogD3D11RHI:       0/0/8117 MB DedicatedVideo/DedicatedSystem/SharedSystem, Outputs:0, VendorId:0x1414
[2018.03.28-19.06.10:201][  0]LogD3D11RHI: Chosen D3D11 Adapter: 0
[2018.03.28-19.06.10:213][  0]LogD3D11RHI: Creating new Direct3DDevice
[2018.03.28-19.06.10:213][  0]LogD3D11RHI:     GPU DeviceId: 0x1c8d (for the marketing name, search the web for "GPU Device Id")
[2018.03.28-19.06.10:213][  0]LogWindows: EnumDisplayDevices:
[2018.03.28-19.06.10:213][  0]LogWindows:    0. 'Intel(R) HD Graphics 630' (P:1 D:1)
[2018.03.28-19.06.10:214][  0]LogWindows:    1. 'Intel(R) HD Graphics 630' (P:0 D:0)
[2018.03.28-19.06.10:214][  0]LogWindows:    2. 'Intel(R) HD Graphics 630' (P:0 D:0)
[2018.03.28-19.06.10:214][  0]LogWindows: DebugString: GetVideoDriverDetailsInvalid PrimaryIsNotTheChoosenAdapter GetVideoDriverDetailsInvalid PrimaryIsNotTheChoosenAdapter GetVideoDriverDetailsInvalid PrimaryIsNotTheChoosenAdapter FoundDriverCount:0 
[2018.03.28-19.06.10:214][  0]LogD3D11RHI:     Adapter Name: NVIDIA GeForce GTX 1050
[2018.03.28-19.06.10:214][  0]LogD3D11RHI:   Driver Version: Unknown (internal:Unknown, unified:Unknown)
[2018.03.28-19.06.10:214][  0]LogD3D11RHI:      Driver Date: Unknown
[2018.03.28-19.06.10:214][  0]LogRHI: Texture pool is 2821 MB (70% of 4031 MB)
[2018.03.28-19.06.10:244][  0]LogD3D11RHI: Async texture creation enabled
[2018.03.28-19.06.10:256][  0]LogD3D11RHI: GPU Timing Frequency: 1000.000000 (Debug: 2 1)
[2018.03.28-19.06.10:258][  0]LogShaderCompilers: Guid format shader working directory is -110 characters bigger than the processId version (../../../../../../Users/rudra/Documents/UPenn Documents/Spring 2018 Class Docs/CIS 568 Game Design Practicum/Game1 (Rishabh Git Repo)/Water-Run/WaterRunner/Intermediate/Shaders/WorkingDirectory/20280/).
[2018.03.28-19.06.10:258][  0]LogShaderCompilers: Cleaned the shader compiler working directory 'C:/Users/rudra/AppData/Local/Temp/UnrealShaderWorkingDir/316EAA284D094AB45AF14EB80487B253/'.
[2018.03.28-19.06.10:258][  0]LogShaderCompilers: Display: Using Local Shader Compiler.
[2018.03.28-19.06.12:246][  0]LogTemp: Display: Loaded TP WindowsClientTargetPlatform
[2018.03.28-19.06.12:317][  0]LogTemp: Display: Loaded TP WindowsNoEditorTargetPlatform
[2018.03.28-19.06.12:391][  0]LogTemp: Display: Loaded TP WindowsServerTargetPlatform
[2018.03.28-19.06.12:461][  0]LogTemp: Display: Loaded TP WindowsTargetPlatform
[2018.03.28-19.06.12:461][  0]LogTargetPlatformManager: Display: Building Assets For Windows
[2018.03.28-19.06.13:131][  0]LogDerivedDataCache: Display: Max Cache Size: 512 MB
[2018.03.28-19.06.13:312][  0]LogDerivedDataCache: Loaded boot cache 0.18s 78MB C:/Users/rudra/AppData/Local/UnrealEngine/4.18/DerivedDataCache/Boot.ddc.
[2018.03.28-19.06.13:312][  0]LogDerivedDataCache: Display: Loaded Boot cache: C:/Users/rudra/AppData/Local/UnrealEngine/4.18/DerivedDataCache/Boot.ddc
[2018.03.28-19.06.13:312][  0]LogDerivedDataCache: FDerivedDataBackendGraph:  Pak pak cache file ../../../../../../Users/rudra/Documents/UPenn Documents/Spring 2018 Class Docs/CIS 568 Game Design Practicum/Game1 (Rishabh Git Repo)/Water-Run/WaterRunner/DerivedDataCache/DDC.ddp not found, will not use a pak cache.
[2018.03.28-19.06.13:312][  0]LogDerivedDataCache: Unable to find inner node Pak for hierarchical cache Hierarchy.
[2018.03.28-19.06.13:312][  0]LogDerivedDataCache: FDerivedDataBackendGraph:  CompressedPak pak cache file ../../../../../../Users/rudra/Documents/UPenn Documents/Spring 2018 Class Docs/CIS 568 Game Design Practicum/Game1 (Rishabh Git Repo)/Water-Run/WaterRunner/DerivedDataCache/Compressed.ddp not found, will not use a pak cache.
[2018.03.28-19.06.13:312][  0]LogDerivedDataCache: Unable to find inner node CompressedPak for hierarchical cache Hierarchy.
[2018.03.28-19.06.13:330][  0]LogDerivedDataCache: Display: Pak cache opened for reading ../../../Engine/DerivedDataCache/Compressed.ddp.
[2018.03.28-19.06.13:342][  0]LogDerivedDataCache: Using Local data cache path C:/Users/rudra/AppData/Local/UnrealEngine/Common/DerivedDataCache: Writable
[2018.03.28-19.06.13:354][  0]LogMaterial: Verifying Global Shaders for PCD3D_SM5
[2018.03.28-19.06.13:355][  0]LogSlate: Using Freetype 2.6.0
[2018.03.28-19.06.13:369][  0]LogSlate: SlateFontCache - WITH_FREETYPE: 1, WITH_HARFBUZZ: 1
[2018.03.28-19.06.13:369][  0]LogSlate: SlateFontCache - WITH_FREETYPE: 1, WITH_HARFBUZZ: 1
[2018.03.28-19.06.14:058][  0]LogAssetRegistry: FAssetRegistry took 0.0051 seconds to start up
[2018.03.28-19.06.14:077][  0]LogPackageLocalizationCache: Processed 7 localized package path(s) for 2 prioritized culture(s) in 0.019594 seconds
[2018.03.28-19.06.14:192][  0]LogInit: Selected Device Profile: [Windows]
[2018.03.28-19.06.14:649][  0]LogSimplygon: Simplygon DLL not present - disabling.
[2018.03.28-19.06.14:724][  0]LogMeshReduction: Using SimplygonSwarm for distributed automatic mesh merging
[2018.03.28-19.06.14:724][  0]LogMeshReduction: Using QuadricMeshReduction for automatic static mesh reduction
[2018.03.28-19.06.14:724][  0]LogMeshReduction: No automatic skeletal mesh reduction module available
[2018.03.28-19.06.14:724][  0]LogMeshReduction: No automatic mesh merging module available
[2018.03.28-19.06.14:724][  0]LogMeshMerging: No automatic mesh merging module available
[2018.03.28-19.06.14:758][  0]LogNetVersion: WaterRunnerAlpha_1 , NetCL: 3709383, EngineNetVer: 2, GameNetVer: 0 (Checksum: 1999119835)
[2018.03.28-19.06.15:023][  0]LogInit: Warning: Passing commandline switches using / instead of - has been deprecated and will be removed in future versions of Unreal Engine.
[2018.03.28-19.06.15:023][  0]LogInit: Warning: Passing commandline switches using / instead of - has been deprecated and will be removed in future versions of Unreal Engine.
[2018.03.28-19.06.15:023][  0]LogInit: Warning: Passing commandline switches using / instead of - has been deprecated and will be removed in future versions of Unreal Engine.
[2018.03.28-19.06.15:429][  0]LogInit: WinSock: version 1.1 (2.2), MaxSocks=32767, MaxUdp=65467
[2018.03.28-19.06.17:315][  0]LogMoviePlayer: Initializing movie player
[2018.03.28-19.06.17:805][  0]LogCollectionManager: Loaded 0 collections in 0.002367 seconds
[2018.03.28-19.06.17:863][  0]LogFileCache: Scanning file cache for directory 'C:/Users/rudra/Documents/UPenn Documents/Spring 2018 Class Docs/CIS 568 Game Design Practicum/Game1 (Rishabh Git Repo)/Water-Run/WaterRunner/Saved/Collections/' took 0.01s
[2018.03.28-19.06.17:863][  0]LogFileCache: Scanning file cache for directory 'C:/Users/rudra/Documents/UPenn Documents/Spring 2018 Class Docs/CIS 568 Game Design Practicum/Game1 (Rishabh Git Repo)/Water-Run/WaterRunner/Content/Developers/rudra/Collections/' took 0.01s
[2018.03.28-19.06.17:863][  0]LogFileCache: Scanning file cache for directory 'C:/Users/rudra/Documents/UPenn Documents/Spring 2018 Class Docs/CIS 568 Game Design Practicum/Game1 (Rishabh Git Repo)/Water-Run/WaterRunner/Content/Collections/' took 0.01s
[2018.03.28-19.06.17:863][  0]LogCollectionManager: Rebuilt the object cache for 0 collections in 0.000000 seconds (found 0 objects)
[2018.03.28-19.06.17:863][  0]LogCollectionManager: Fixed up redirectors for 0 collections in 0.000087 seconds (updated 0 objects)
[2018.03.28-19.06.18:120][  0]LogTcpMessaging: Initializing TcpMessaging bridge
[2018.03.28-19.06.18:172][  0]LogUdpMessaging: Initializing bridge on interface 0.0.0.0:0 to multicast group 230.0.0.1:6666.
[2018.03.28-19.06.18:828][  0]LogInit: Warning: Passing commandline switches using / instead of - has been deprecated and will be removed in future versions of Unreal Engine.
[2018.03.28-19.06.18:829][  0]SourceControl: Source control is disabled
[2018.03.28-19.06.18:829][  0]SourceControl: Source control is disabled
[2018.03.28-19.06.18:903][  0]SourceControl: Source control is disabled
[2018.03.28-19.06.19:461][  0]LogAndroidPermission: UAndroidPermissionCallbackProxy::GetInstance
[2018.03.28-19.06.19:832][  0]LogOcInput: OculusInput pre-init called
[2018.03.28-19.06.20:011][  0]LogUObjectArray: 38923 objects as part of root set at end of initial load.
[2018.03.28-19.06.20:011][  0]LogUObjectAllocator: 8349200 out of 0 bytes used by permanent object pool.
[2018.03.28-19.06.20:011][  0]LogUObjectArray: CloseDisregardForGC: 0/0 objects in disregard for GC pool
[2018.03.28-19.06.20:170][  0]LogEngine: Initializing Engine...
[2018.03.28-19.06.20:172][  0]LogHMD: Failed to initialize OpenVR with code 110
[2018.03.28-19.06.20:353][  0]LogStats: UGameplayTagsManager::ConstructGameplayTagTree: Construct from data asset -  0.000 s
[2018.03.28-19.06.20:353][  0]LogStats: UGameplayTagsManager::ConstructGameplayTagTree: GameplayTagTreeChangedEvent.Broadcast -  0.000 s
[2018.03.28-19.06.20:372][  0]LogInit: XAudio2 using 'Speakers / Headphones (Realtek Audio)' : 2 channels at 48 kHz using 32 bits per sample (channel mask 0x3)
[2018.03.28-19.06.20:391][  0]LogInit: FAudioDevice initialized.
[2018.03.28-19.06.20:410][  0]LogInit: Texture streaming: Enabled
[2018.03.28-19.06.20:446][  0]LogMaterial: Uniform references updated for custom material expression Custom.
[2018.03.28-19.06.21:002][  0]LogInit: Warning: Passing commandline switches using / instead of - has been deprecated and will be removed in future versions of Unreal Engine.
[2018.03.28-19.06.21:072][  0]LogInit: Display: Game Engine Initialized.
[2018.03.28-19.06.21:072][  0]LogGameplayTags: Display: UGameplayTagsManager::DoneAddingNativeTags. DelegateIsBound: 0
[2018.03.28-19.06.21:294][  0]LogInit: Display: Starting Game.
[2018.03.28-19.06.21:294][  0]LogNet: Browse: /Game/ThirdPersonBP/Maps/ProceduralMap?Name=Player
[2018.03.28-19.06.21:294][  0]LogLoad: LoadMap: /Game/ThirdPersonBP/Maps/ProceduralMap?Name=Player
[2018.03.28-19.06.22:157][  0]LogAIModule: Creating AISystem for world ProceduralMap
[2018.03.28-19.06.22:500][  0]LogLoad: Game class is 'RunGameMode_C'
[2018.03.28-19.06.22:507][  0]LogWorld: Bringing World /Game/ThirdPersonBP/Maps/ProceduralMap.ProceduralMap up for play (max tick rate 0) at 2018.03.28-15.06.22
[2018.03.28-19.06.22:508][  0]LogWorld: Bringing up level for play took: 0.007289
[2018.03.28-19.06.22:537][  0]LogLoad: Took 1.242854 seconds to LoadMap(/Game/ThirdPersonBP/Maps/ProceduralMap)
[2018.03.28-19.06.22:811][  0]LogRenderer: Reallocating scene render targets to support 1280x720 Format 10 NumSamples 1 (Frame:1).
[2018.03.28-19.06.22:811][  0]LogLoad: (Engine Initialization) Total time: 17.79 seconds
[2018.03.28-19.06.22:811][  0]LogLoad: (Engine Initialization) Total Blueprint compile time: 0.00 seconds
[2018.03.28-19.06.22:811][  0]LogExternalProfiler: Found external profiler: VSPerf
[2018.03.28-19.06.22:811][  0]LogExternalProfiler: Using external profiler: VSPerf
[2018.03.28-19.06.22:834][  0]LogContentStreaming: Texture pool size now 1000 MB
[2018.03.28-19.06.26:125][198]LogNet: Browse: /Game/ThirdPersonBP/Maps/ProceduralMap?Name=Player?restart
[2018.03.28-19.06.26:126][198]LogLoad: LoadMap: /Game/ThirdPersonBP/Maps/ProceduralMap?Name=Player
[2018.03.28-19.06.26:731][198]LogAIModule: Creating AISystem for world ProceduralMap
[2018.03.28-19.06.26:968][198]LogLoad: Game class is 'RunGameMode_C'
[2018.03.28-19.06.26:975][198]LogWorld: Bringing World /Game/ThirdPersonBP/Maps/ProceduralMap.ProceduralMap up for play (max tick rate 0) at 2018.03.28-15.06.26
[2018.03.28-19.06.26:975][198]LogWorld: Bringing up level for play took: 0.006261
[2018.03.28-19.06.26:993][198]LogLoad: Took 0.866925 seconds to LoadMap(/Game/ThirdPersonBP/Maps/ProceduralMap)
[2018.03.28-19.07.45:356][782]LogCharacterMovement: CHris_char is stuck and failed to move! Velocity: X=12.92 Y=0.00 Z=0.00 Location: X=20951.99 Y=197.41 Z=13.15 Normal: X=1.00 Y=0.00 Z=-0.00 PenetrationDepth:20.760 Actor:Bucket_BP_52 Component:StaticMesh BoneName:None (0 other events since notify)
[2018.03.28-19.07.46:356][844]LogCharacterMovement: CHris_char is stuck and failed to move! Velocity: X=812.97 Y=0.00 Z=0.00 Location: X=20951.99 Y=197.41 Z=13.15 Normal: X=1.00 Y=0.00 Z=-0.00 PenetrationDepth:20.760 Actor:Bucket_BP_52 Component:StaticMesh BoneName:None (61 other events since notify)
[2018.03.28-19.07.47:468][913]LogCharacterMovement: CHris_char is stuck and failed to move! Velocity: X=0.02 Y=12.90 Z=0.00 Location: X=20953.00 Y=416.81 Z=13.15 Normal: X=0.00 Y=1.00 Z=-0.00 PenetrationDepth:20.760 Actor:Bucket_BP_52 Component:StaticMesh BoneName:None (36 other events since notify)
[2018.03.28-19.07.59:840][661]LogNet: Browse: /Game/ThirdPersonBP/Maps/ProceduralMap?Name=Player?restart
[2018.03.28-19.07.59:841][661]LogLoad: LoadMap: /Game/ThirdPersonBP/Maps/ProceduralMap?Name=Player
[2018.03.28-19.08.00:462][661]LogAIModule: Creating AISystem for world ProceduralMap
[2018.03.28-19.08.00:689][661]LogLoad: Game class is 'RunGameMode_C'
[2018.03.28-19.08.00:694][661]LogWorld: Bringing World /Game/ThirdPersonBP/Maps/ProceduralMap.ProceduralMap up for play (max tick rate 0) at 2018.03.28-15.08.00
[2018.03.28-19.08.00:694][661]LogWorld: Bringing up level for play took: 0.004527
[2018.03.28-19.08.00:717][661]LogLoad: Took 0.876745 seconds to LoadMap(/Game/ThirdPersonBP/Maps/ProceduralMap)
[2018.03.28-19.08.10:577][262]LogCharacterMovement: CHris_char is stuck and failed to move! Velocity: X=12.90 Y=0.00 Z=0.00 Location: X=22951.99 Y=152.08 Z=288.15 Normal: X=1.00 Y=0.00 Z=-0.00 PenetrationDepth:20.760 Actor:Bucket_BP_52 Component:StaticMesh BoneName:None (0 other events since notify)
[2018.03.28-19.08.11:577][324]LogCharacterMovement: CHris_char is stuck and failed to move! Velocity: X=77.45 Y=0.00 Z=0.00 Location: X=22951.99 Y=152.08 Z=288.15 Normal: X=1.00 Y=0.00 Z=-0.00 PenetrationDepth:20.760 Actor:Bucket_BP_52 Component:StaticMesh BoneName:None (60 other events since notify)
[2018.03.28-19.08.15:536][559]LogNet: Browse: /Game/ThirdPersonBP/Maps/ProceduralMap?Name=Player?restart
[2018.03.28-19.08.15:553][559]LogLoad: LoadMap: /Game/ThirdPersonBP/Maps/ProceduralMap?Name=Player
[2018.03.28-19.08.16:197][559]LogAIModule: Creating AISystem for world ProceduralMap
[2018.03.28-19.08.16:426][559]LogLoad: Game class is 'RunGameMode_C'
[2018.03.28-19.08.16:431][559]LogWorld: Bringing World /Game/ThirdPersonBP/Maps/ProceduralMap.ProceduralMap up for play (max tick rate 0) at 2018.03.28-15.08.16
[2018.03.28-19.08.16:432][559]LogWorld: Bringing up level for play took: 0.004503
[2018.03.28-19.08.16:448][559]LogLoad: Took 0.895418 seconds to LoadMap(/Game/ThirdPersonBP/Maps/ProceduralMap)
[2018.03.28-19.08.23:684][984]LogCharacterMovement: CHris_char is stuck and failed to move! Velocity: X=10.28 Y=23.52 Z=0.00 Location: X=16952.10 Y=398.06 Z=43.15 Normal: X=0.95 Y=0.30 Z=-0.00 PenetrationDepth:20.759 Actor:Bucket_BP_52 Component:StaticMesh BoneName:None (0 other events since notify)
[2018.03.28-19.08.28:009][242]LogCharacterMovement: CHris_char is stuck and failed to move! Velocity: X=0.00 Y=14.23 Z=0.00 Location: X=16953.00 Y=409.94 Z=43.15 Normal: X=0.00 Y=1.00 Z=-0.00 PenetrationDepth:20.760 Actor:Bucket_BP_52 Component:StaticMesh BoneName:None (17 other events since notify)
[2018.03.28-19.08.29:010][300]LogCharacterMovement: CHris_char is stuck and failed to move! Velocity: X=0.01 Y=95.76 Z=0.00 Location: X=16953.00 Y=409.94 Z=43.15 Normal: X=0.00 Y=1.00 Z=-0.00 PenetrationDepth:20.760 Actor:Bucket_BP_52 Component:StaticMesh BoneName:None (56 other events since notify)
[2018.03.28-19.08.30:336][369]LogCharacterMovement: CHris_char is stuck and failed to move! Velocity: X=-16.21 Y=0.00 Z=0.00 Location: X=16676.66 Y=2263.98 Z=43.15 Normal: X=0.00 Y=1.00 Z=-0.00 PenetrationDepth:20.760 Actor:Bucket_BP_52 Component:StaticMesh BoneName:None (3 other events since notify)
[2018.03.28-19.08.32:360][472]LogNet: Browse: /Game/ThirdPersonBP/Maps/ProceduralMap?Name=Player?restart
[2018.03.28-19.08.32:380][472]LogLoad: LoadMap: /Game/ThirdPersonBP/Maps/ProceduralMap?Name=Player
[2018.03.28-19.08.32:960][472]LogAIModule: Creating AISystem for world ProceduralMap
[2018.03.28-19.08.33:185][472]LogLoad: Game class is 'RunGameMode_C'
[2018.03.28-19.08.33:189][472]LogWorld: Bringing World /Game/ThirdPersonBP/Maps/ProceduralMap.ProceduralMap up for play (max tick rate 0) at 2018.03.28-15.08.33
[2018.03.28-19.08.33:190][472]LogWorld: Bringing up level for play took: 0.004093
[2018.03.28-19.08.33:207][472]LogLoad: Took 0.826656 seconds to LoadMap(/Game/ThirdPersonBP/Maps/ProceduralMap)
[2018.03.28-19.08.41:719][986]LogCharacterMovement: CHris_char is stuck and failed to move! Velocity: X=0.03 Y=12.90 Z=0.00 Location: X=18953.00 Y=409.95 Z=-261.85 Normal: X=0.00 Y=1.00 Z=-0.00 PenetrationDepth:20.760 Actor:Bucket_BP_52 Component:StaticMesh BoneName:None (0 other events since notify)
[2018.03.28-19.09.09:421][652]LogCharacterMovement: CHris_char is stuck and failed to move! Velocity: X=12.78 Y=-1.82 Z=0.00 Location: X=37742.95 Y=-452.21 Z=383.15 Normal: X=0.44 Y=-0.90 Z=-0.00 PenetrationDepth:20.761 Actor:Bucket_BP_52 Component:StaticMesh BoneName:None (1 other events since notify)
[2018.03.28-19.09.23:096][485]LogCharacterMovement: CHris_char is stuck and failed to move! Velocity: X=0.00 Y=-12.90 Z=0.00 Location: X=60952.99 Y=-1634.70 Z=1741.68 Normal: X=0.00 Y=-1.00 Z=-0.00 PenetrationDepth:20.760 Actor:Bucket_BP_52 Component:StaticMesh BoneName:None (16 other events since notify)
[2018.03.28-19.09.24:113][548]LogCharacterMovement: CHris_char is stuck and failed to move! Velocity: X=-4.57 Y=-149.44 Z=0.00 Location: X=60941.95 Y=-1753.92 Z=1759.63 Normal: X=0.00 Y=-1.00 Z=-0.00 PenetrationDepth:20.760 Actor:Bucket_BP_52 Component:StaticMesh BoneName:None (46 other events since notify)
[2018.03.28-19.09.25:113][610]LogCharacterMovement: CHris_char is stuck and failed to move! Velocity: X=0.00 Y=-51.61 Z=0.00 Location: X=60941.27 Y=-1754.94 Z=1759.73 Normal: X=0.00 Y=-1.00 Z=-0.00 PenetrationDepth:20.760 Actor:Bucket_BP_52 Component:StaticMesh BoneName:None (53 other events since notify)
[2018.03.28-19.09.26:113][672]LogCharacterMovement: CHris_char is stuck and failed to move! Velocity: X=-7.94 Y=-22.52 Z=0.00 Location: X=60899.29 Y=-1802.94 Z=1766.92 Normal: X=-0.71 Y=-0.71 Z=-0.00 PenetrationDepth:20.760 Actor:Bucket_BP_52 Component:StaticMesh BoneName:None (51 other events since notify)
[2018.03.28-19.09.27:113][734]LogCharacterMovement: CHris_char is stuck and failed to move! Velocity: X=0.01 Y=-64.52 Z=0.00 Location: X=60894.62 Y=-1884.28 Z=1779.13 Normal: X=0.00 Y=-1.00 Z=-0.00 PenetrationDepth:20.760 Actor:Bucket_BP_52 Component:StaticMesh BoneName:None (51 other events since notify)
[2018.03.28-19.09.28:871][843]LogCharacterMovement: CHris_char is stuck and failed to move! Velocity: X=0.02 Y=-185.84 Z=0.00 Location: X=60884.13 Y=-3198.35 Z=1976.24 Normal: X=0.00 Y=-1.00 Z=-0.00 PenetrationDepth:20.760 Actor:Bucket_BP_52 Component:StaticMesh BoneName:None (39 other events since notify)
[2018.03.28-19.09.29:872][905]LogCharacterMovement: CHris_char is stuck and failed to move! Velocity: X=0.00 Y=-38.71 Z=0.00 Location: X=60880.04 Y=-3342.72 Z=1997.89 Normal: X=0.00 Y=-1.00 Z=-0.00 PenetrationDepth:20.760 Actor:Bucket_BP_52 Component:StaticMesh BoneName:None (47 other events since notify)
[2018.03.28-19.09.31:775][ 23]LogCharacterMovement: CHris_char is stuck and failed to move! Velocity: X=-53.35 Y=-281.23 Z=0.00 Location: X=60558.38 Y=-4977.65 Z=2068.13 Normal: X=-0.32 Y=-0.95 Z=-0.00 PenetrationDepth:20.760 Actor:Bucket_BP_52 Component:StaticMesh BoneName:None (36 other events since notify)
[2018.03.28-19.09.32:775][ 85]LogCharacterMovement: CHris_char is stuck and failed to move! Velocity: X=0.02 Y=-167.75 Z=0.00 Location: X=60558.41 Y=-5162.58 Z=2095.92 Normal: X=0.00 Y=-1.00 Z=-0.00 PenetrationDepth:20.760 Actor:Bucket_BP_52 Component:StaticMesh BoneName:None (49 other events since notify)
[2018.03.28-19.09.33:824][150]LogCharacterMovement: CHris_char is stuck and failed to move! Velocity: X=0.02 Y=-185.83 Z=0.00 Location: X=60558.62 Y=-6332.50 Z=2271.36 Normal: X=0.00 Y=-1.00 Z=-0.00 PenetrationDepth:20.760 Actor:Bucket_BP_52 Component:StaticMesh BoneName:None (10 other events since notify)
[2018.03.28-19.09.49:828][113]LogCharacterMovement: CHris_char is stuck and failed to move! Velocity: X=-13.93 Y=-0.01 Z=0.00 Location: X=43690.15 Y=-19749.80 Z=1578.15 Normal: X=-0.00 Y=1.00 Z=-0.00 PenetrationDepth:20.760 Actor:Bucket_BP_52 Component:StaticMesh BoneName:None (18 other events since notify)
[2018.03.28-19.09.51:872][237]LogNet: Browse: /Game/ThirdPersonBP/Maps/ProceduralMap?Name=Player?restart
[2018.03.28-19.09.51:873][237]LogLoad: LoadMap: /Game/ThirdPersonBP/Maps/ProceduralMap?Name=Player
[2018.03.28-19.09.52:459][237]LogAIModule: Creating AISystem for world ProceduralMap
[2018.03.28-19.09.52:682][237]LogLoad: Game class is 'RunGameMode_C'
[2018.03.28-19.09.52:687][237]LogWorld: Bringing World /Game/ThirdPersonBP/Maps/ProceduralMap.ProceduralMap up for play (max tick rate 0) at 2018.03.28-15.09.52
[2018.03.28-19.09.52:688][237]LogWorld: Bringing up level for play took: 0.004697
[2018.03.28-19.09.52:707][237]LogLoad: Took 0.834357 seconds to LoadMap(/Game/ThirdPersonBP/Maps/ProceduralMap)
[2018.03.28-19.10.21:528][ 14]LogNet: Browse: /Game/ThirdPersonBP/Maps/ProceduralMap?Name=Player?restart
[2018.03.28-19.10.21:528][ 14]LogLoad: LoadMap: /Game/ThirdPersonBP/Maps/ProceduralMap?Name=Player
[2018.03.28-19.10.22:121][ 14]LogAIModule: Creating AISystem for world ProceduralMap
[2018.03.28-19.10.22:347][ 14]LogLoad: Game class is 'RunGameMode_C'
[2018.03.28-19.10.22:353][ 14]LogWorld: Bringing World /Game/ThirdPersonBP/Maps/ProceduralMap.ProceduralMap up for play (max tick rate 0) at 2018.03.28-15.10.22
[2018.03.28-19.10.22:353][ 14]LogWorld: Bringing up level for play took: 0.005245
[2018.03.28-19.10.22:370][ 14]LogLoad: Took 0.842258 seconds to LoadMap(/Game/ThirdPersonBP/Maps/ProceduralMap)
[2018.03.28-19.10.28:638][395]LogCharacterMovement: CHris_char is stuck and failed to move! Velocity: X=110.14 Y=1.28 Z=0.00 Location: X=13827.82 Y=-124.42 Z=1203.15 Normal: X=1.00 Y=-0.00 Z=-0.00 PenetrationDepth:20.760 Actor:Bucket_BP_52 Component:StaticMesh BoneName:None (0 other events since notify)
[2018.03.28-19.10.30:654][520]LogNet: Browse: /Game/ThirdPersonBP/Maps/ProceduralMap?Name=Player?restart
[2018.03.28-19.10.30:654][520]LogLoad: LoadMap: /Game/ThirdPersonBP/Maps/ProceduralMap?Name=Player
[2018.03.28-19.10.31:262][520]LogAIModule: Creating AISystem for world ProceduralMap
[2018.03.28-19.10.31:504][520]LogLoad: Game class is 'RunGameMode_C'
[2018.03.28-19.10.31:510][520]LogWorld: Bringing World /Game/ThirdPersonBP/Maps/ProceduralMap.ProceduralMap up for play (max tick rate 0) at 2018.03.28-15.10.31
[2018.03.28-19.10.31:511][520]LogWorld: Bringing up level for play took: 0.005509
[2018.03.28-19.10.31:528][520]LogLoad: Took 0.873618 seconds to LoadMap(/Game/ThirdPersonBP/Maps/ProceduralMap)
[2018.03.28-19.10.39:703][  7]LogCharacterMovement: CHris_char is stuck and failed to move! Velocity: X=2.82 Y=-15.63 Z=0.00 Location: X=18952.97 Y=-506.21 Z=-261.85 Normal: X=0.21 Y=-0.98 Z=-0.00 PenetrationDepth:20.760 Actor:Bucket_BP_52 Component:StaticMesh BoneName:None (0 other events since notify)
[2018.03.28-19.10.52:254][777]LogNet: Browse: /Game/ThirdPersonBP/Maps/ProceduralMap?Name=Player?restart
[2018.03.28-19.10.52:254][777]LogLoad: LoadMap: /Game/ThirdPersonBP/Maps/ProceduralMap?Name=Player
[2018.03.28-19.10.52:857][777]LogAIModule: Creating AISystem for world ProceduralMap
[2018.03.28-19.10.53:093][777]LogLoad: Game class is 'RunGameMode_C'
[2018.03.28-19.10.53:098][777]LogWorld: Bringing World /Game/ThirdPersonBP/Maps/ProceduralMap.ProceduralMap up for play (max tick rate 0) at 2018.03.28-15.10.53
[2018.03.28-19.10.53:099][777]LogWorld: Bringing up level for play took: 0.004618
[2018.03.28-19.10.53:118][777]LogLoad: Took 0.863471 seconds to LoadMap(/Game/ThirdPersonBP/Maps/ProceduralMap)
[2018.03.28-19.11.01:932][297]LogCharacterMovement: CHris_char is stuck and failed to move! Velocity: X=12.90 Y=0.00 Z=0.00 Location: X=20952.61 Y=82.04 Z=-566.85 Normal: X=1.00 Y=0.00 Z=-0.00 PenetrationDepth:20.760 Actor:Bucket_BP_52 Component:StaticMesh BoneName:None (0 other events since notify)
[2018.03.28-19.11.03:255][379]LogCharacterMovement: CHris_char is stuck and failed to move! Velocity: X=0.01 Y=12.90 Z=0.00 Location: X=20953.00 Y=227.57 Z=-566.85 Normal: X=0.00 Y=1.00 Z=-0.00 PenetrationDepth:20.760 Actor:Bucket_BP_52 Component:StaticMesh BoneName:None (54 other events since notify)
[2018.03.28-19.11.04:255][441]LogCharacterMovement: CHris_char is stuck and failed to move! Velocity: X=0.02 Y=193.56 Z=0.00 Location: X=20953.00 Y=1340.43 Z=-566.85 Normal: X=0.00 Y=1.00 Z=-0.00 PenetrationDepth:20.760 Actor:Bucket_BP_52 Component:StaticMesh BoneName:None (17 other events since notify)
[2018.03.28-19.11.12:827][971]LogCharacterMovement: CHris_char is stuck and failed to move! Velocity: X=-12.89 Y=0.53 Z=0.00 Location: X=20047.96 Y=18935.88 Z=-351.85 Normal: X=-1.00 Y=0.05 Z=-0.00 PenetrationDepth:20.760 Actor:Bucket_BP_52 Component:StaticMesh BoneName:None (39 other events since notify)
[2018.03.28-19.11.13:843][ 34]LogCharacterMovement: CHris_char is stuck and failed to move! Velocity: X=-12.90 Y=0.00 Z=0.00 Location: X=20047.34 Y=18936.49 Z=-351.85 Normal: X=-1.00 Y=0.00 Z=0.00 PenetrationDepth:20.760 Actor:Bucket_BP_52 Component:StaticMesh BoneName:None (19 other events since notify)
[2018.03.28-19.11.14:843][ 96]LogCharacterMovement: CHris_char is stuck and failed to move! Velocity: X=-25.81 Y=0.00 Z=0.00 Location: X=20047.34 Y=18936.49 Z=-351.85 Normal: X=-1.00 Y=0.00 Z=0.00 PenetrationDepth:20.760 Actor:Bucket_BP_52 Component:StaticMesh BoneName:None (57 other events since notify)
[2018.03.28-19.11.15:860][159]LogCharacterMovement: CHris_char is stuck and failed to move! Velocity: X=-12.90 Y=0.00 Z=0.00 Location: X=20047.34 Y=18936.49 Z=-351.85 Normal: X=-1.00 Y=0.00 Z=0.00 PenetrationDepth:20.760 Actor:Bucket_BP_52 Component:StaticMesh BoneName:None (58 other events since notify)
[2018.03.28-19.11.16:859][221]LogCharacterMovement: CHris_char is stuck and failed to move! Velocity: X=-193.56 Y=0.02 Z=0.00 Location: X=20047.34 Y=18936.49 Z=-351.85 Normal: X=-1.00 Y=0.00 Z=0.00 PenetrationDepth:20.760 Actor:Bucket_BP_52 Component:StaticMesh BoneName:None (58 other events since notify)
[2018.03.28-19.11.17:859][283]LogCharacterMovement: CHris_char is stuck and failed to move! Velocity: X=-25.81 Y=0.00 Z=0.00 Location: X=20047.34 Y=18936.49 Z=-351.85 Normal: X=-1.00 Y=0.00 Z=0.00 PenetrationDepth:20.760 Actor:Bucket_BP_52 Component:StaticMesh BoneName:None (56 other events since notify)
[2018.03.28-19.11.19:392][378]Closing by request
[2018.03.28-19.11.19:394][378]LogWindows: FPlatformMisc::RequestExit(0)
[2018.03.28-19.11.20:298][379]LogWindowsTextInputMethodSystem: Display: IME system now deactivated.
[2018.03.28-19.11.20:309][379]LogExit: Preparing to exit.
[2018.03.28-19.11.20:309][379]LogMoviePlayer: Shutting down movie player
[2018.03.28-19.11.21:386][379]LogExit: Game engine shut down
[2018.03.28-19.11.21:531][379]LogExit: Object subsystem successfully closed.
[2018.03.28-19.11.21:556][379]LogD3D11RHI: Shutdown
[2018.03.28-19.11.21:557][379]LogD3D11RHI: CleanupD3DDevice
[2018.03.28-19.11.21:561][379]LogD3D11RHI: ~FD3D11DynamicRHI
[2018.03.28-19.11.21:586][379]LogModuleManager: Shutting down and abandoning module SequenceRecorderSections (312)
[2018.03.28-19.11.21:587][379]LogModuleManager: Shutting down and abandoning module SequenceRecorder (310)
[2018.03.28-19.11.21:587][379]LogModuleManager: Shutting down and abandoning module AutomationController (308)
[2018.03.28-19.11.21:588][379]LogModuleManager: Shutting down and abandoning module AutomationWorker (306)
[2018.03.28-19.11.21:588][379]LogModuleManager: Shutting down and abandoning module AIModule (304)
[2018.03.28-19.11.21:588][379]LogModuleManager: Shutting down and abandoning module GameplayDebugger (303)
[2018.03.28-19.11.21:588][379]LogModuleManager: Shutting down and abandoning module AITestSuite (301)
[2018.03.28-19.11.21:589][379]LogModuleManager: Shutting down and abandoning module WmfMediaFactory (298)
[2018.03.28-19.11.21:589][379]LogModuleManager: Shutting down and abandoning module OpenExrWrapper (296)
[2018.03.28-19.11.21:589][379]LogModuleManager: Shutting down and abandoning module ImgMediaFactory (294)
[2018.03.28-19.11.21:589][379]LogModuleManager: Shutting down and abandoning module AvfMediaFactory (292)
[2018.03.28-19.11.21:589][379]LogModuleManager: Shutting down and abandoning module CharacterAI (290)
[2018.03.28-19.11.21:589][379]LogModuleManager: Shutting down and abandoning module SessionServices (288)
[2018.03.28-19.11.21:589][379]LogModuleManager: Shutting down and abandoning module MovieSceneCapture (286)
[2018.03.28-19.11.21:589][379]LogModuleManager: Shutting down and abandoning module MovieSceneTracks (284)
[2018.03.28-19.11.21:589][379]LogModuleManager: Shutting down and abandoning module MovieScene (282)
[2018.03.28-19.11.21:589][379]LogModuleManager: Shutting down and abandoning module GeometryCache (280)
[2018.03.28-19.11.21:589][379]LogModuleManager: Shutting down and abandoning module GeometryCacheEd (279)
[2018.03.28-19.11.21:589][379]LogModuleManager: Shutting down and abandoning module StreamingPauseRendering (276)
[2018.03.28-19.11.21:589][379]LogModuleManager: Shutting down and abandoning module PortalServices (274)
[2018.03.28-19.11.21:589][379]LogModuleManager: Shutting down and abandoning module PortalRpc (272)
[2018.03.28-19.11.21:589][379]LogModuleManager: Shutting down and abandoning module MessagingRpc (270)
[2018.03.28-19.11.21:589][379]LogModuleManager: Shutting down and abandoning module ProfilerService (268)
[2018.03.28-19.11.21:708][379]LogModuleManager: Shutting down and abandoning module TaskGraph (266)
[2018.03.28-19.11.21:710][379]LogModuleManager: Shutting down and abandoning module SteamVRController (264)
[2018.03.28-19.11.21:711][379]LogModuleManager: Shutting down and abandoning module ProceduralMeshComponent (262)
[2018.03.28-19.11.21:711][379]LogModuleManager: Shutting down and abandoning module OculusInput (260)
[2018.03.28-19.11.21:711][379]LogModuleManager: Shutting down and abandoning module MobilePatchingUtils (258)
[2018.03.28-19.11.21:711][379]LogModuleManager: Shutting down and abandoning module CustomMeshComponent (256)
[2018.03.28-19.11.21:711][379]LogModuleManager: Shutting down and abandoning module CableComponent (254)
[2018.03.28-19.11.21:711][379]LogModuleManager: Shutting down and abandoning module ArchVisCharacter (252)
[2018.03.28-19.11.21:711][379]LogModuleManager: Shutting down and abandoning module AndroidPermission (250)
[2018.03.28-19.11.21:711][379]LogModuleManager: Shutting down and abandoning module ActorSequence (246)
[2018.03.28-19.11.21:711][379]LogModuleManager: Shutting down and abandoning module MediaCompositing (244)
[2018.03.28-19.11.21:711][379]LogModuleManager: Shutting down and abandoning module HTML5Networking (242)
[2018.03.28-19.11.21:711][379]LogModuleManager: Shutting down and abandoning module VisualStudioSourceCodeAccess (240)
[2018.03.28-19.11.21:711][379]LogModuleManager: Shutting down and abandoning module HotReload (239)
[2018.03.28-19.11.21:711][379]LogModuleManager: Shutting down and abandoning module VisualStudioCodeSourceCodeAccess (236)
[2018.03.28-19.11.21:711][379]LogModuleManager: Shutting down and abandoning module UObjectPlugin (234)
[2018.03.28-19.11.21:711][379]LogModuleManager: Shutting down and abandoning module SubversionSourceControl (232)
[2018.03.28-19.11.21:712][379]LogModuleManager: Shutting down and abandoning module PerforceSourceControl (230)
[2018.03.28-19.11.21:712][379]LogModuleManager: Shutting down and abandoning module SourceControl (229)
[2018.03.28-19.11.21:713][379]LogModuleManager: Shutting down and abandoning module RuntimePhysXCooking (226)
[2018.03.28-19.11.21:713][379]LogModuleManager: Shutting down and abandoning module PhysXVehiclesEditor (224)
[2018.03.28-19.11.21:713][379]LogModuleManager: Shutting down and abandoning module PhysXVehicles (222)
[2018.03.28-19.11.21:713][379]LogModuleManager: Shutting down and abandoning module LocationServicesBPLibrary (220)
[2018.03.28-19.11.21:713][379]LogModuleManager: Shutting down and abandoning module ImmediatePhysicsEditor (218)
[2018.03.28-19.11.21:713][379]LogModuleManager: Shutting down and abandoning module ImmediatePhysics (216)
[2018.03.28-19.11.21:713][379]LogModuleManager: Shutting down and abandoning module UdpMessaging (214)
[2018.03.28-19.11.21:814][379]LogModuleManager: Shutting down and abandoning module TcpMessaging (212)
[2018.03.28-19.11.22:223][379]LogModuleManager: Shutting down and abandoning module GameplayTagsEditor (210)
[2018.03.28-19.11.22:225][379]LogModuleManager: Shutting down and abandoning module FacialAnimation (208)
[2018.03.28-19.11.22:225][379]LogModuleManager: Shutting down and abandoning module AssetManagerEditor (206)
[2018.03.28-19.11.22:226][379]LogModuleManager: Shutting down and abandoning module GraphEditor (205)
[2018.03.28-19.11.22:226][379]LogModuleManager: Shutting down and abandoning module ContentBrowser (203)
[2018.03.28-19.11.22:226][379]LogModuleManager: Shutting down and abandoning module CollectionManager (202)
[2018.03.28-19.11.22:226][379]LogDirectoryWatcher: A directory notification for 'C:/Users/rudra/Documents/UPenn Documents/Spring 2018 Class Docs/CIS 568 Game Design Practicum/Game1 (Rishabh Git Repo)/Water-Run/WaterRunner/Content/Collections/' was aborted.
[2018.03.28-19.11.22:227][379]LogDirectoryWatcher: A directory notification for 'C:/Users/rudra/Documents/UPenn Documents/Spring 2018 Class Docs/CIS 568 Game Design Practicum/Game1 (Rishabh Git Repo)/Water-Run/WaterRunner/Content/Developers/rudra/Collections/' was aborted.
[2018.03.28-19.11.22:227][379]LogDirectoryWatcher: A directory notification for 'C:/Users/rudra/Documents/UPenn Documents/Spring 2018 Class Docs/CIS 568 Game Design Practicum/Game1 (Rishabh Git Repo)/Water-Run/WaterRunner/Saved/Collections/' was aborted.
[2018.03.28-19.11.22:227][379]LogModuleManager: Shutting down and abandoning module DirectoryWatcher (201)
[2018.03.28-19.11.22:227][379]LogModuleManager: Shutting down and abandoning module LightPropagationVolumeRuntime (196)
[2018.03.28-19.11.22:227][379]LogModuleManager: Shutting down and abandoning module Paper2D (194)
[2018.03.28-19.11.22:227][379]LogModuleManager: Shutting down and abandoning module WindowsMoviePlayer (192)
[2018.03.28-19.11.22:227][379]LogModuleManager: Shutting down and abandoning module WmfMedia (190)
[2018.03.28-19.11.22:229][379]LogModuleManager: Shutting down and abandoning module ImgMedia (188)
[2018.03.28-19.11.22:229][379]LogModuleManager: Shutting down and abandoning module PacketHandler (186)
[2018.03.28-19.11.22:229][379]LogModuleManager: Shutting down and abandoning module ClothingSystemEditor (184)
[2018.03.28-19.11.22:229][379]LogModuleManager: Shutting down and abandoning module ClothingSystemRuntime (182)
[2018.03.28-19.11.22:230][379]LogModuleManager: Shutting down and abandoning module MediaAssets (180)
[2018.03.28-19.11.22:230][379]LogModuleManager: Shutting down and abandoning module Media (179)
[2018.03.28-19.11.22:236][379]LogModuleManager: Shutting down and abandoning module Overlay (176)
[2018.03.28-19.11.22:236][379]LogModuleManager: Shutting down and abandoning module OverlayEditor (175)
[2018.03.28-19.11.22:236][379]LogModuleManager: Shutting down and abandoning module VREditor (172)
[2018.03.28-19.11.22:236][379]LogModuleManager: Shutting down and abandoning module StringTableEditor (170)
[2018.03.28-19.11.22:237][379]LogModuleManager: Shutting down and abandoning module GameplayTasksEditor (168)
[2018.03.28-19.11.22:237][379]LogModuleManager: Shutting down and abandoning module BehaviorTreeEditor (166)
[2018.03.28-19.11.22:238][379]LogModuleManager: Shutting down and abandoning module FunctionalTesting (164)
[2018.03.28-19.11.22:238][379]LogModuleManager: Shutting down and abandoning module CollisionAnalyzer (162)
[2018.03.28-19.11.22:239][379]LogModuleManager: Shutting down and abandoning module WorkspaceMenuStructure (161)
[2018.03.28-19.11.22:239][379]LogModuleManager: Shutting down and abandoning module UMG (158)
[2018.03.28-19.11.22:239][379]LogModuleManager: Shutting down and abandoning module UMGEditor (157)
[2018.03.28-19.11.22:239][379]LogModuleManager: Shutting down and abandoning module Sequencer (156)
[2018.03.28-19.11.22:239][379]LogModuleManager: Shutting down and abandoning module MessageLog (153)
[2018.03.28-19.11.22:240][379]LogModuleManager: Shutting down and abandoning module SlateReflector (148)
[2018.03.28-19.11.22:241][379]LogModuleManager: Shutting down and abandoning module Slate (146)
[2018.03.28-19.11.22:241][379]LogModuleManager: Shutting down and abandoning module EditorStyle (144)
[2018.03.28-19.11.22:245][379]LogModuleManager: Shutting down and abandoning module MRMesh (142)
[2018.03.28-19.11.22:245][379]LogModuleManager: Shutting down and abandoning module Messaging (140)
[2018.03.28-19.11.22:245][379]LogModuleManager: Shutting down and abandoning module SourceCodeAccess (138)
[2018.03.28-19.11.22:245][379]LogModuleManager: Shutting down and abandoning module HeadMountedDisplay (136)
[2018.03.28-19.11.22:245][379]LogModuleManager: Shutting down and abandoning module XAudio2 (134)
[2018.03.28-19.11.22:245][379]LogModuleManager: Shutting down and abandoning module Networking (132)
[2018.03.28-19.11.22:245][379]LogModuleManager: Shutting down and abandoning module Core (128)
[2018.03.28-19.11.22:245][379]LogModuleManager: Shutting down and abandoning module LevelSequence (126)
[2018.03.28-19.11.22:246][379]LogModuleManager: Shutting down and abandoning module KismetCompiler (124)
[2018.03.28-19.11.22:246][379]LogModuleManager: Shutting down and abandoning module MeshUtilities (122)
[2018.03.28-19.11.22:246][379]LogModuleManager: Shutting down and abandoning module MeshMergeUtilities (121)
[2018.03.28-19.11.22:247][379]LogModuleManager: Shutting down and abandoning module MeshReductionInterface (120)
[2018.03.28-19.11.22:247][379]LogModuleManager: Shutting down and abandoning module SimplygonSwarm (119)
[2018.03.28-19.11.22:247][379]LogModuleManager: Shutting down and abandoning module SimplygonMeshReduction (117)
[2018.03.28-19.11.22:247][379]LogModuleManager: Shutting down and abandoning module QuadricMeshReduction (115)
[2018.03.28-19.11.22:247][379]LogModuleManager: Shutting down and abandoning module MaterialBaking (111)
[2018.03.28-19.11.22:247][379]LogModuleManager: Shutting down and abandoning module DerivedDataCache (106)
[2018.03.28-19.11.22:250][379]LogDerivedDataCache: Shutdown
[2018.03.28-19.11.22:250][379]LogModuleManager: Shutting down and abandoning module TargetPlatform (104)
[2018.03.28-19.11.22:250][379]LogModuleManager: Shutting down and abandoning module VulkanShaderFormat (103)
[2018.03.28-19.11.22:250][379]LogModuleManager: Shutting down and abandoning module ShaderFormatVectorVM (101)
[2018.03.28-19.11.22:251][379]LogModuleManager: Shutting down and abandoning module ShaderFormatOpenGL (99)
[2018.03.28-19.11.22:251][379]LogModuleManager: Shutting down and abandoning module ShaderFormatD3D (97)
[2018.03.28-19.11.22:251][379]LogModuleManager: Shutting down and abandoning module MetalShaderFormat (95)
[2018.03.28-19.11.22:252][379]LogModuleManager: Shutting down and abandoning module TextureFormatUncompressed (93)
[2018.03.28-19.11.22:252][379]LogModuleManager: Shutting down and abandoning module TextureFormatPVR (91)
[2018.03.28-19.11.22:252][379]LogModuleManager: Shutting down and abandoning module TextureFormatDXT (89)
[2018.03.28-19.11.22:252][379]LogModuleManager: Shutting down and abandoning module TextureFormatIntelISPCTexComp (87)
[2018.03.28-19.11.22:252][379]LogModuleManager: Shutting down and abandoning module TextureFormatASTC (85)
[2018.03.28-19.11.22:252][379]LogModuleManager: Shutting down and abandoning module ImageWrapper (84)
[2018.03.28-19.11.22:252][379]LogModuleManager: Shutting down and abandoning module TextureFormatAndroid (81)
[2018.03.28-19.11.22:252][379]LogModuleManager: Shutting down and abandoning module AudioFormatOpus (79)
[2018.03.28-19.11.22:252][379]LogModuleManager: Shutting down and abandoning module AudioFormatOgg (77)
[2018.03.28-19.11.22:252][379]LogModuleManager: Shutting down and abandoning module AudioFormatADPCM (75)
[2018.03.28-19.11.22:252][379]LogModuleManager: Shutting down and abandoning module WindowsTargetPlatform (73)
[2018.03.28-19.11.22:252][379]LogModuleManager: Shutting down and abandoning module WindowsServerTargetPlatform (71)
[2018.03.28-19.11.22:252][379]LogModuleManager: Shutting down and abandoning module WindowsNoEditorTargetPlatform (69)
[2018.03.28-19.11.22:252][379]LogModuleManager: Shutting down and abandoning module WindowsClientTargetPlatform (67)
[2018.03.28-19.11.22:252][379]LogModuleManager: Shutting down and abandoning module InputCore (64)
[2018.03.28-19.11.22:252][379]LogModuleManager: Shutting down and abandoning module Settings (62)
[2018.03.28-19.11.22:252][379]LogModuleManager: Shutting down and abandoning module PhysXCooking (60)
[2018.03.28-19.11.22:252][379]LogModuleManager: Shutting down and abandoning module SteamVR (58)
[2018.03.28-19.11.22:252][379]LogModuleManager: Shutting down and abandoning module OculusHMD (56)
[2018.03.28-19.11.22:252][379]LogModuleManager: Shutting down and abandoning module ExampleDeviceProfileSelector (54)
[2018.03.28-19.11.22:252][379]LogModuleManager: Shutting down and abandoning module AppleARKit (52)
[2018.03.28-19.11.22:252][379]LogModuleManager: Shutting down and abandoning module AugmentedReality (51)
[2018.03.28-19.11.22:252][379]LogModuleManager: Shutting down and abandoning module OnlineBlueprintSupport (48)
[2018.03.28-19.11.22:252][379]LogModuleManager: Shutting down and abandoning module OnlineSubsystem (44)
[2018.03.28-19.11.22:253][379]LogModuleManager: Shutting down and abandoning module XMPP (43)
[2018.03.28-19.11.22:254][379]LogModuleManager: Shutting down and abandoning module HTTP (41)
[2018.03.28-19.11.22:270][379]LogModuleManager: Shutting down and abandoning module SSL (40)
[2018.03.28-19.11.22:271][379]LogModuleManager: Shutting down and abandoning module AnimationModifiers (36)
[2018.03.28-19.11.22:272][379]LogModuleManager: Shutting down and abandoning module PropertyEditor (35)
[2018.03.28-19.11.22:272][379]LogModuleManager: Shutting down and abandoning module AudioEditor (32)
[2018.03.28-19.11.22:273][379]LogModuleManager: Shutting down and abandoning module TextureCompressor (30)
[2018.03.28-19.11.22:274][379]LogModuleManager: Shutting down and abandoning module ShaderCore (28)
[2018.03.28-19.11.22:274][379]LogModuleManager: Shutting down and abandoning module Landscape (26)
[2018.03.28-19.11.22:274][379]LogModuleManager: Shutting down and abandoning module SlateRHIRenderer (24)
[2018.03.28-19.11.22:274][379]LogModuleManager: Shutting down and abandoning module OpenGLDrv (22)
[2018.03.28-19.11.22:275][379]LogModuleManager: Shutting down and abandoning module D3D11RHI (20)
[2018.03.28-19.11.22:275][379]LogModuleManager: Shutting down and abandoning module AnimGraphRuntime (18)
[2018.03.28-19.11.22:275][379]LogModuleManager: Shutting down and abandoning module Renderer (16)
[2018.03.28-19.11.22:275][379]LogModuleManager: Shutting down and abandoning module Engine (14)
[2018.03.28-19.11.22:275][379]LogModuleManager: Shutting down and abandoning module CoreUObject (12)
[2018.03.28-19.11.22:276][379]LogModuleManager: Shutting down and abandoning module NetworkFile (10)
[2018.03.28-19.11.22:276][379]LogModuleManager: Shutting down and abandoning module CookedIterativeFile (8)
[2018.03.28-19.11.22:276][379]LogModuleManager: Shutting down and abandoning module StreamingFile (6)
[2018.03.28-19.11.22:276][379]LogModuleManager: Shutting down and abandoning module SandboxFile (4)
[2018.03.28-19.11.22:276][379]LogModuleManager: Shutting down and abandoning module PakFile (2)
[2018.03.28-19.11.22:280][379]LogExit: Exiting.
[2018.03.28-19.11.22:282][379]Log file closed, 03/28/18 15:11:22
