Log file open, 03/13/18 16:04:57
LogWindows: Failed to load 'aqProf.dll' (GetLastError=126)
LogWindows: File 'aqProf.dll' does not exist
LogWindows: Failed to load 'VtuneApi.dll' (GetLastError=126)
LogWindows: File 'VtuneApi.dll' does not exist
LogWindows: Failed to load 'VtuneApi32e.dll' (GetLastError=126)
LogWindows: File 'VtuneApi32e.dll' does not exist
LogInit: Display: Running engine for game: WaterRunner
LogPlatformFile: Not using cached read wrapper
LogInit: Display: RandInit(314635189) SRandInit(314635189).
LogInit: Read version file with build ID '3709383'
LogInit: Overriding engine version to CL 3832480, compatible CL 3709383
LogInit: Registered custom module enumerator with build ID '3709383'
LogTaskGraph: Started task graph with 5 named threads and 14 total threads with 3 sets of task threads.
LogStats: Stats thread started at 0.175893
LogD3D11RHI: Aftermath initialized
LogModuleManager: Display: Found up-to-date module file ../../../Engine/Plugins/2D/Paper2D/Binaries/Win64/UE4Editor-Paper2D.dll (API version 3709383).
LogModuleManager: Display: Found up-to-date module file ../../../Engine/Plugins/2D/Paper2D/Binaries/Win64/UE4Editor-Paper2DEditor.dll (API version 3709383).
LogModuleManager: Display: Found up-to-date module file ../../../Engine/Plugins/2D/Paper2D/Binaries/Win64/UE4Editor-PaperSpriteSheetImporter.dll (API version 3709383).
LogModuleManager: Display: Found up-to-date module file ../../../Engine/Plugins/2D/Paper2D/Binaries/Win64/UE4Editor-PaperTiledImporter.dll (API version 3709383).
LogModuleManager: Display: Found up-to-date module file ../../../Engine/Plugins/2D/Paper2D/Binaries/Win64/UE4Editor-SmartSnapping.dll (API version 3709383).
LogModuleManager: Display: Found up-to-date module file ../../../Engine/Plugins/Blendables/LightPropagationVolume/Binaries/Win64/UE4Editor-LightPropagationVolumeRuntime.dll (API version 3709383).
LogModuleManager: Display: Found up-to-date module file ../../../Engine/Plugins/Blendables/LightPropagationVolume/Binaries/Win64/UE4Editor-LightPropagationVolumeEditor.dll (API version 3709383).
LogModuleManager: Display: Found up-to-date module file ../../../Engine/Plugins/Developer/GitSourceControl/Binaries/Win64/UE4Editor-GitSourceControl.dll (API version 3709383).
LogModuleManager: Display: Found up-to-date module file ../../../Engine/Plugins/Developer/PerforceSourceControl/Binaries/Win64/UE4Editor-PerforceSourceControl.dll (API version 3709383).
LogModuleManager: Display: Found up-to-date module file ../../../Engine/Plugins/Developer/SubversionSourceControl/Binaries/Win64/UE4Editor-SubversionSourceControl.dll (API version 3709383).
LogModuleManager: Display: Found up-to-date module file ../../../Engine/Plugins/Developer/UObjectPlugin/Binaries/Win64/UE4Editor-UObjectPlugin.dll (API version 3709383).
LogModuleManager: Display: Found up-to-date module file ../../../Engine/Plugins/Developer/VisualStudioCodeSourceCodeAccess/Binaries/Win64/UE4Editor-VisualStudioCodeSourceCodeAccess.dll (API version 3709383).
LogModuleManager: Display: Found up-to-date module file ../../../Engine/Plugins/Developer/VisualStudioSourceCodeAccess/Binaries/Win64/UE4Editor-VisualStudioSourceCodeAccess.dll (API version 3709383).
LogModuleManager: Display: Found up-to-date module file ../../../Engine/Plugins/Editor/AssetManagerEditor/Binaries/Win64/UE4Editor-AssetManagerEditor.dll (API version 3709383).
LogModuleManager: Display: Found up-to-date module file ../../../Engine/Plugins/Editor/AudioCapture/Binaries/Win64/UE4Editor-AudioCapture.dll (API version 3709383).
LogModuleManager: Display: Found up-to-date module file ../../../Engine/Plugins/Editor/FacialAnimation/Binaries/Win64/UE4Editor-FacialAnimation.dll (API version 3709383).
LogModuleManager: Display: Found up-to-date module file ../../../Engine/Plugins/Editor/FacialAnimation/Binaries/Win64/UE4Editor-FacialAnimationEditor.dll (API version 3709383).
LogModuleManager: Display: Found up-to-date module file ../../../Engine/Plugins/Editor/GameplayTagsEditor/Binaries/Win64/UE4Editor-GameplayTagsEditor.dll (API version 3709383).
LogModuleManager: Display: Found up-to-date module file ../../../Engine/Plugins/Editor/MobileLauncherProfileWizard/Binaries/Win64/UE4Editor-MobileLauncherProfileWizard.dll (API version 3709383).
LogModuleManager: Display: Found up-to-date module file ../../../Engine/Plugins/Editor/PluginBrowser/Binaries/Win64/UE4Editor-PluginBrowser.dll (API version 3709383).
LogModuleManager: Display: Found up-to-date module file ../../../Engine/Plugins/Editor/SpeedTreeImporter/Binaries/Win64/UE4Editor-SpeedTreeImporter.dll (API version 3709383).
LogModuleManager: Display: Found up-to-date module file ../../../Engine/Plugins/Experimental/AlembicImporter/Binaries/Win64/UE4Editor-AlembicImporter.dll (API version 3709383).
LogModuleManager: Display: Found up-to-date module file ../../../Engine/Plugins/Experimental/AlembicImporter/Binaries/Win64/UE4Editor-AlembicLibrary.dll (API version 3709383).
LogModuleManager: Display: Found up-to-date module file ../../../Engine/Plugins/Experimental/CharacterAI/Binaries/Win64/UE4Editor-CharacterAI.dll (API version 3709383).
LogModuleManager: Display: Found up-to-date module file ../../../Engine/Plugins/Experimental/HTML5Networking/Binaries/Win64/UE4Editor-HTML5Networking.dll (API version 3709383).
LogModuleManager: Display: Found up-to-date module file ../../../Engine/Plugins/Media/AndroidMedia/Binaries/Win64/UE4Editor-AndroidMediaEditor.dll (API version 3709383).
LogModuleManager: Display: Found up-to-date module file ../../../Engine/Plugins/Media/AndroidMedia/Binaries/Win64/UE4Editor-AndroidMediaFactory.dll (API version 3709383).
LogModuleManager: Display: Found up-to-date module file ../../../Engine/Plugins/Media/AvfMedia/Binaries/Win64/UE4Editor-AvfMediaEditor.dll (API version 3709383).
LogModuleManager: Display: Found up-to-date module file ../../../Engine/Plugins/Media/AvfMedia/Binaries/Win64/UE4Editor-AvfMediaFactory.dll (API version 3709383).
LogModuleManager: Display: Found up-to-date module file ../../../Engine/Plugins/Media/AvfMedia/Binaries/Win64/UE4Editor-AvfMediaFactory.dll (API version 3709383).
LogModuleManager: Display: Found up-to-date module file ../../../Engine/Plugins/Media/ImgMedia/Binaries/Win64/UE4Editor-ImgMedia.dll (API version 3709383).
LogModuleManager: Display: Found up-to-date module file ../../../Engine/Plugins/Media/ImgMedia/Binaries/Win64/UE4Editor-ImgMediaEditor.dll (API version 3709383).
LogModuleManager: Display: Found up-to-date module file ../../../Engine/Plugins/Media/ImgMedia/Binaries/Win64/UE4Editor-ImgMediaFactory.dll (API version 3709383).
LogModuleManager: Display: Found up-to-date module file ../../../Engine/Plugins/Media/ImgMedia/Binaries/Win64/UE4Editor-ImgMediaFactory.dll (API version 3709383).
LogModuleManager: Display: Found up-to-date module file ../../../Engine/Plugins/Media/ImgMedia/Binaries/Win64/UE4Editor-OpenExrWrapper.dll (API version 3709383).
LogModuleManager: Display: Found up-to-date module file ../../../Engine/Plugins/Media/MediaCompositing/Binaries/Win64/UE4Editor-MediaCompositing.dll (API version 3709383).
LogModuleManager: Display: Found up-to-date module file ../../../Engine/Plugins/Media/MediaCompositing/Binaries/Win64/UE4Editor-MediaCompositingEditor.dll (API version 3709383).
LogModuleManager: Display: Found up-to-date module file ../../../Engine/Plugins/Media/MediaPlayerEditor/Binaries/Win64/UE4Editor-MediaPlayerEditor.dll (API version 3709383).
LogModuleManager: Display: Found up-to-date module file ../../../Engine/Plugins/Media/WmfMedia/Binaries/Win64/UE4Editor-WmfMedia.dll (API version 3709383).
LogModuleManager: Display: Found up-to-date module file ../../../Engine/Plugins/Media/WmfMedia/Binaries/Win64/UE4Editor-WmfMediaEditor.dll (API version 3709383).
LogModuleManager: Display: Found up-to-date module file ../../../Engine/Plugins/Media/WmfMedia/Binaries/Win64/UE4Editor-WmfMediaFactory.dll (API version 3709383).
LogModuleManager: Display: Found up-to-date module file ../../../Engine/Plugins/Media/WmfMedia/Binaries/Win64/UE4Editor-WmfMediaFactory.dll (API version 3709383).
LogModuleManager: Display: Found up-to-date module file ../../../Engine/Plugins/Messaging/TcpMessaging/Binaries/Win64/UE4Editor-TcpMessaging.dll (API version 3709383).
LogModuleManager: Display: Found up-to-date module file ../../../Engine/Plugins/Messaging/UdpMessaging/Binaries/Win64/UE4Editor-UdpMessaging.dll (API version 3709383).
LogModuleManager: Display: Found up-to-date module file ../../../Engine/Plugins/MovieScene/ActorSequence/Binaries/Win64/UE4Editor-ActorSequence.dll (API version 3709383).
LogModuleManager: Display: Found up-to-date module file ../../../Engine/Plugins/MovieScene/LevelSequenceEditor/Binaries/Win64/UE4Editor-LevelSequenceEditor.dll (API version 3709383).
LogModuleManager: Display: Found up-to-date module file ../../../Engine/Plugins/MovieScene/MatineeToLevelSequence/Binaries/Win64/UE4Editor-MatineeToLevelSequence.dll (API version 3709383).
LogModuleManager: Display: Found up-to-date module file ../../../Engine/Plugins/Online/OnlineSubsystem/Binaries/Win64/UE4Editor-OnlineSubsystem.dll (API version 3709383).
LogModuleManager: Display: Found up-to-date module file ../../../Engine/Plugins/Runtime/AndroidPermission/Binaries/Win64/UE4Editor-AndroidPermission.dll (API version 3709383).
LogModuleManager: Display: Found up-to-date module file ../../../Engine/Plugins/Online/OnlineSubsystemNull/Binaries/Win64/UE4Editor-OnlineSubsystemNull.dll (API version 3709383).
LogModuleManager: Display: Found up-to-date module file ../../../Engine/Plugins/Online/OnlineSubsystemUtils/Binaries/Win64/UE4Editor-OnlineSubsystemUtils.dll (API version 3709383).
LogModuleManager: Display: Found up-to-date module file ../../../Engine/Plugins/Online/OnlineSubsystemUtils/Binaries/Win64/UE4Editor-OnlineBlueprintSupport.dll (API version 3709383).
LogModuleManager: Display: Found up-to-date module file ../../../Engine/Plugins/Runtime/AndroidDeviceProfileSelector/Binaries/Win64/UE4Editor-AndroidDeviceProfileSelector.dll (API version 3709383).
LogModuleManager: Display: Found up-to-date module file ../../../Engine/Plugins/Runtime/AppleARKit/Binaries/Win64/UE4Editor-AppleARKit.dll (API version 3709383).
LogModuleManager: Display: Found up-to-date module file ../../../Engine/Plugins/Runtime/ArchVisCharacter/Binaries/Win64/UE4Editor-ArchVisCharacter.dll (API version 3709383).
LogModuleManager: Display: Found up-to-date module file ../../../Engine/Plugins/Runtime/CableComponent/Binaries/Win64/UE4Editor-CableComponent.dll (API version 3709383).
LogModuleManager: Display: Found up-to-date module file ../../../Engine/Plugins/Runtime/CustomMeshComponent/Binaries/Win64/UE4Editor-CustomMeshComponent.dll (API version 3709383).
LogModuleManager: Display: Found up-to-date module file ../../../Engine/Plugins/Runtime/ExampleDeviceProfileSelector/Binaries/Win64/UE4Editor-ExampleDeviceProfileSelector.dll (API version 3709383).
LogModuleManager: Display: Found up-to-date module file ../../../Engine/Plugins/Runtime/ImmediatePhysics/Binaries/Win64/UE4Editor-ImmediatePhysics.dll (API version 3709383).
LogModuleManager: Display: Found up-to-date module file ../../../Engine/Plugins/Runtime/ImmediatePhysics/Binaries/Win64/UE4Editor-ImmediatePhysicsEditor.dll (API version 3709383).
LogModuleManager: Display: Found up-to-date module file ../../../Engine/Plugins/Runtime/LocationServicesBPLibrary/Binaries/Win64/UE4Editor-LocationServicesBPLibrary.dll (API version 3709383).
LogModuleManager: Display: Found up-to-date module file ../../../Engine/Plugins/Runtime/MobilePatchingUtils/Binaries/Win64/UE4Editor-MobilePatchingUtils.dll (API version 3709383).
LogModuleManager: Display: Found up-to-date module file ../../../Engine/Plugins/Runtime/Oculus/OculusVR/Binaries/Win64/UE4Editor-OculusHMD.dll (API version 3709383).
LogModuleManager: Display: Found up-to-date module file ../../../Engine/Plugins/Runtime/Oculus/OculusVR/Binaries/Win64/UE4Editor-OculusInput.dll (API version 3709383).
LogModuleManager: Display: Found up-to-date module file ../../../Engine/Plugins/Runtime/Oculus/OculusVR/Binaries/Win64/UE4Editor-OculusEditor.dll (API version 3709383).
LogModuleManager: Display: Found up-to-date module file ../../../Engine/Plugins/Runtime/PhysXVehicles/Binaries/Win64/UE4Editor-PhysXVehicles.dll (API version 3709383).
LogModuleManager: Display: Found up-to-date module file ../../../Engine/Plugins/Runtime/PhysXVehicles/Binaries/Win64/UE4Editor-PhysXVehiclesEditor.dll (API version 3709383).
LogModuleManager: Display: Found up-to-date module file ../../../Engine/Plugins/Runtime/ProceduralMeshComponent/Binaries/Win64/UE4Editor-ProceduralMeshComponent.dll (API version 3709383).
LogModuleManager: Display: Found up-to-date module file ../../../Engine/Plugins/Runtime/ProceduralMeshComponent/Binaries/Win64/UE4Editor-ProceduralMeshComponentEditor.dll (API version 3709383).
LogModuleManager: Display: Found up-to-date module file ../../../Engine/Plugins/Runtime/RuntimePhysXCooking/Binaries/Win64/UE4Editor-RuntimePhysXCooking.dll (API version 3709383).
LogModuleManager: Display: Found up-to-date module file ../../../Engine/Plugins/Runtime/Steam/SteamVR/Binaries/Win64/UE4Editor-SteamVR.dll (API version 3709383).
LogModuleManager: Display: Found up-to-date module file ../../../Engine/Plugins/Runtime/Steam/SteamVR/Binaries/Win64/UE4Editor-SteamVRController.dll (API version 3709383).
LogModuleManager: Display: Found up-to-date module file ../../../Engine/Plugins/Runtime/WindowsMoviePlayer/Binaries/Win64/UE4Editor-WindowsMoviePlayer.dll (API version 3709383).
LogPluginManager: Mounting plugin Paper2D
LogPluginManager: Mounting plugin LightPropagationVolume
LogPluginManager: Mounting plugin CodeLiteSourceCodeAccess
LogPluginManager: Mounting plugin GitSourceControl
LogPluginManager: Mounting plugin KDevelopSourceCodeAccess
LogPluginManager: Mounting plugin NullSourceCodeAccess
LogPluginManager: Mounting plugin PerforceSourceControl
LogPluginManager: Mounting plugin SubversionSourceControl
LogPluginManager: Mounting plugin UObjectPlugin
LogPluginManager: Mounting plugin VisualStudioCodeSourceCodeAccess
LogPluginManager: Mounting plugin VisualStudioSourceCodeAccess
LogPluginManager: Mounting plugin XCodeSourceCodeAccess
LogPluginManager: Mounting plugin AssetManagerEditor
LogPluginManager: Mounting plugin AudioCapture
LogPluginManager: Mounting plugin FacialAnimation
LogPluginManager: Mounting plugin GameplayTagsEditor
LogPluginManager: Mounting plugin MobileLauncherProfileWizard
LogPluginManager: Mounting plugin PluginBrowser
LogPluginManager: Mounting plugin SpeedTreeImporter
LogPluginManager: Mounting plugin AlembicImporter
LogPluginManager: Mounting plugin CharacterAI
LogPluginManager: Mounting plugin HTML5Networking
LogPluginManager: Mounting plugin AndroidMedia
LogPluginManager: Mounting plugin AvfMedia
LogPluginManager: Mounting plugin ImgMedia
LogPluginManager: Mounting plugin MediaCompositing
LogPluginManager: Mounting plugin MediaPlayerEditor
LogPluginManager: Mounting plugin WmfMedia
LogPluginManager: Mounting plugin TcpMessaging
LogPluginManager: Mounting plugin UdpMessaging
LogPluginManager: Mounting plugin ActorSequence
LogPluginManager: Mounting plugin LevelSequenceEditor
LogPluginManager: Mounting plugin MatineeToLevelSequence
LogPluginManager: Mounting plugin OnlineSubsystemGooglePlay
LogPluginManager: Mounting plugin OnlineSubsystemIOS
LogPluginManager: Mounting plugin OnlineSubsystem
LogPluginManager: Mounting plugin OnlineSubsystemNull
LogPluginManager: Mounting plugin OnlineSubsystemUtils
LogPluginManager: Mounting plugin AndroidDeviceProfileSelector
LogPluginManager: Mounting plugin AndroidMoviePlayer
LogPluginManager: Mounting plugin AndroidPermission
LogPluginManager: Mounting plugin AppleARKit
LogPluginManager: Mounting plugin AppleMoviePlayer
LogPluginManager: Mounting plugin ArchVisCharacter
LogPluginManager: Mounting plugin CableComponent
LogPluginManager: Mounting plugin CustomMeshComponent
LogPluginManager: Mounting plugin ExampleDeviceProfileSelector
LogPluginManager: Mounting plugin GoogleCloudMessaging
LogPluginManager: Mounting plugin ImmediatePhysics
LogPluginManager: Mounting plugin IOSDeviceProfileSelector
LogPluginManager: Mounting plugin LinuxDeviceProfileSelector
LogPluginManager: Mounting plugin LocationServicesBPLibrary
LogPluginManager: Mounting plugin MobilePatchingUtils
LogPluginManager: Mounting plugin OculusVR
LogPluginManager: Plugin shader directory ../../../Engine/Plugins/Runtime/Oculus/OculusVR/Shaders found
LogPluginManager: Mapping shader source directory ../../../Engine/Plugins/Runtime/Oculus/OculusVR/Shaders to virtual directory /Plugin/OculusVR
LogPluginManager: Mounting plugin PhysXVehicles
LogPluginManager: Mounting plugin ProceduralMeshComponent
LogPluginManager: Mounting plugin RuntimePhysXCooking
LogPluginManager: Mounting plugin SteamVR
LogPluginManager: Mounting plugin WindowsMoviePlayer
LogInit: Using libcurl 7.47.1
LogInit:  - built for x86_64-pc-win32
LogInit:  - supports SSL with OpenSSL/1.0.2g
LogInit:  - supports HTTP deflate (compression) using libz 1.2.8
LogInit:  - other features:
LogInit:      CURL_VERSION_SSL
LogInit:      CURL_VERSION_LIBZ
LogInit:      CURL_VERSION_IPV6
LogInit:      CURL_VERSION_ASYNCHDNS
LogInit:      CURL_VERSION_LARGEFILE
LogInit:      CURL_VERSION_IDN
LogInit:  CurlRequestOptions (configurable via config and command line):
LogInit:  - bVerifyPeer = false  - Libcurl will NOT verify peer certificate
LogInit:  - bUseHttpProxy = false  - Libcurl will NOT use HTTP proxy
LogInit:  - bDontReuseConnections = false  - Libcurl will reuse connections
LogInit:  - CertBundlePath = nullptr  - Libcurl will use whatever was configured at build time.
LogInit: Build: ++UE4+Release-4.18-CL-3832480
LogInit: Engine Version: 4.18.3-3832480+++UE4+Release-4.18
LogInit: Compatible Engine Version: 4.18.0-3709383+++UE4+Release-4.18
LogInit: Net CL: 3709383
LogDevObjectVersion: Number of dev versions registered: 16
LogDevObjectVersion:   Dev-Blueprints (B0D832E4-1F89-4F0D-ACCF-7EB736FD4AA2): 10
LogDevObjectVersion:   Dev-Build (E1C64328-A22C-4D53-A36C-8E866417BD8C): 0
LogDevObjectVersion:   Dev-Core (375EC13C-06E4-48FB-B500-84F0262A717E): 2
LogDevObjectVersion:   Dev-Editor (E4B068ED-F494-42E9-A231-DA0B2E46BB41): 20
LogDevObjectVersion:   Dev-Framework (CFFC743F-43B0-4480-9391-14DF171D2073): 30
LogDevObjectVersion:   Dev-Mobile (B02B49B5-BB20-44E9-A304-32B752E40360): 0
LogDevObjectVersion:   Dev-Networking (A4E4105C-59A1-49B5-A7C5-40C4547EDFEE): 0
LogDevObjectVersion:   Dev-Online (39C831C9-5AE6-47DC-9A44-9C173E1C8E7C): 0
LogDevObjectVersion:   Dev-Physics (78F01B33-EBEA-4F98-B9B4-84EACCB95AA2): 0
LogDevObjectVersion:   Dev-Platform (6631380F-2D4D-43E0-8009-CF276956A95A): 0
LogDevObjectVersion:   Dev-Rendering (12F88B9F-8875-4AFC-A67C-D90C383ABD29): 20
LogDevObjectVersion:   Dev-Sequencer (7B5AE74C-D270-4C10-A958-57980B212A5A): 4
LogDevObjectVersion:   Dev-VR (D7296918-1DD6-4BDD-9DE2-64A83CC13884): 0
LogDevObjectVersion:   Dev-LoadTimes (C2A15278-BFE7-4AFE-6C17-90FF531DF755): 1
LogDevObjectVersion:   Private-Geometry (6EACA3D4-40EC-4CC1-B786-8BED09428FC5): 1
LogDevObjectVersion:   Dev-AnimPhys (29E575DD-E0A3-4627-9D10-D276232CDCEA): 12
LogInit: Compiled (64-bit): Jan 12 2018 02:04:55
LogInit: Compiled with Visual C++: 19.00.24215.01
LogInit: Build Configuration: Development
LogInit: Branch Name: ++UE4+Release-4.18
LogInit: Command line:  
LogInit: Base directory: C:/Program Files/Epic Games/UE_4.18/Engine/Binaries/Win64/
LogInit: Installed Engine Build: 1
LogInit: Presizing for max 8388607 objects, including 0 objects not considered by GC, pre-allocating 0 bytes for permanent pool.
LogInit: Object subsystem initialized
[2018.03.13-20.04.59:124][  0]LogInit: Selected Device Profile: [Windows]
[2018.03.13-20.04.59:124][  0]LogInit: Applying CVar settings loaded from the selected device profile: [Windows]
[2018.03.13-20.04.59:139][  0]LogInit: Computer: RUDRAKSHA
[2018.03.13-20.04.59:140][  0]LogInit: User: rudra
[2018.03.13-20.04.59:140][  0]LogInit: CPU Page size=4096, Cores=4
[2018.03.13-20.04.59:140][  0]LogInit: High frequency timer resolution =2.742190 MHz
[2018.03.13-20.04.59:140][  0]LogMemory: Memory total: Physical=15.9GB (16GB approx)
[2018.03.13-20.04.59:140][  0]LogMemory: Platform Memory Stats for Windows
[2018.03.13-20.04.59:140][  0]LogMemory: Process Physical Memory: 272.60 MB used, 272.60 MB peak
[2018.03.13-20.04.59:140][  0]LogMemory: Process Virtual Memory: 270.00 MB used, 270.00 MB peak
[2018.03.13-20.04.59:140][  0]LogMemory: Physical Memory: 7293.02 MB used,  8942.93 MB free, 16235.95 MB total
[2018.03.13-20.04.59:140][  0]LogMemory: Virtual Memory: 682.53 MB used,  8942.93 MB free, 134217728.00 MB total
[2018.03.13-20.04.59:371][  0]LogInit: Using OS detected language (en-US).
[2018.03.13-20.04.59:371][  0]LogInit: Using OS detected locale (en-US).
[2018.03.13-20.04.59:374][  0]LogTextLocalizationManager: No specific localization for 'en-US' exists, so the 'en' localization will be used.
[2018.03.13-20.04.59:873][  0]LogInit: Setting process to per monitor DPI aware
[2018.03.13-20.05.00:230][  0]LogD3D11RHI: D3D11 adapters:
[2018.03.13-20.05.00:565][  0]LogD3D11RHI:    0. 'NVIDIA GeForce GTX 1050' (Feature Level 11_0)
[2018.03.13-20.05.00:566][  0]LogD3D11RHI:       4031/0/8117 MB DedicatedVideo/DedicatedSystem/SharedSystem, Outputs:1, VendorId:0x10de
[2018.03.13-20.05.00:580][  0]LogD3D11RHI:    1. 'Intel(R) HD Graphics 630' (Feature Level 11_0)
[2018.03.13-20.05.00:580][  0]LogD3D11RHI:       128/0/8117 MB DedicatedVideo/DedicatedSystem/SharedSystem, Outputs:0, VendorId:0x8086
[2018.03.13-20.05.00:582][  0]LogD3D11RHI:    2. 'Microsoft Basic Render Driver' (Feature Level 11_0)
[2018.03.13-20.05.00:582][  0]LogD3D11RHI:       0/0/8117 MB DedicatedVideo/DedicatedSystem/SharedSystem, Outputs:0, VendorId:0x1414
[2018.03.13-20.05.00:582][  0]LogD3D11RHI: Chosen D3D11 Adapter: 0
[2018.03.13-20.05.00:592][  0]LogD3D11RHI: Creating new Direct3DDevice
[2018.03.13-20.05.00:592][  0]LogD3D11RHI:     GPU DeviceId: 0x1c8d (for the marketing name, search the web for "GPU Device Id")
[2018.03.13-20.05.00:592][  0]LogWindows: EnumDisplayDevices:
[2018.03.13-20.05.00:593][  0]LogWindows:    0. 'Intel(R) HD Graphics 630' (P:1 D:1)
[2018.03.13-20.05.00:593][  0]LogWindows:    1. 'Intel(R) HD Graphics 630' (P:0 D:0)
[2018.03.13-20.05.00:593][  0]LogWindows:    2. 'Intel(R) HD Graphics 630' (P:0 D:0)
[2018.03.13-20.05.00:593][  0]LogWindows: DebugString: GetVideoDriverDetailsInvalid PrimaryIsNotTheChoosenAdapter GetVideoDriverDetailsInvalid PrimaryIsNotTheChoosenAdapter GetVideoDriverDetailsInvalid PrimaryIsNotTheChoosenAdapter FoundDriverCount:0 
[2018.03.13-20.05.00:593][  0]LogD3D11RHI:     Adapter Name: NVIDIA GeForce GTX 1050
[2018.03.13-20.05.00:593][  0]LogD3D11RHI:   Driver Version: Unknown (internal:Unknown, unified:Unknown)
[2018.03.13-20.05.00:593][  0]LogD3D11RHI:      Driver Date: Unknown
[2018.03.13-20.05.00:593][  0]LogRHI: Texture pool is 2821 MB (70% of 4031 MB)
[2018.03.13-20.05.00:624][  0]LogD3D11RHI: Async texture creation enabled
[2018.03.13-20.05.00:635][  0]LogD3D11RHI: GPU Timing Frequency: 1000.000000 (Debug: 2 1)
[2018.03.13-20.05.00:636][  0]LogShaderCompilers: Guid format shader working directory is -93 characters bigger than the processId version (../../../../../../Users/rudra/Documents/UPenn Documents/Spring 2018 Class Docs/CIS 568 Game Design Practicum/Game1 (Rudraksha)/WaterRunner/Intermediate/Shaders/WorkingDirectory/18536/).
[2018.03.13-20.05.00:636][  0]LogShaderCompilers: Cleaned the shader compiler working directory 'C:/Users/rudra/AppData/Local/Temp/UnrealShaderWorkingDir/23EC223E4F080B40FA80249F83817C65/'.
[2018.03.13-20.05.00:636][  0]LogShaderCompilers: Display: Using Local Shader Compiler.
[2018.03.13-20.05.01:551][  0]LogTemp: Display: Loaded TP AllDesktopTargetPlatform
[2018.03.13-20.05.01:622][  0]LogTemp: Display: Loaded TP MacClientTargetPlatform
[2018.03.13-20.05.01:691][  0]LogTemp: Display: Loaded TP MacNoEditorTargetPlatform
[2018.03.13-20.05.01:755][  0]LogTemp: Display: Loaded TP MacServerTargetPlatform
[2018.03.13-20.05.01:817][  0]LogTemp: Display: Loaded TP MacTargetPlatform
[2018.03.13-20.05.01:884][  0]LogTemp: Display: Loaded TP WindowsClientTargetPlatform
[2018.03.13-20.05.01:944][  0]LogTemp: Display: Loaded TP WindowsNoEditorTargetPlatform
[2018.03.13-20.05.02:005][  0]LogTemp: Display: Loaded TP WindowsServerTargetPlatform
[2018.03.13-20.05.02:060][  0]LogTemp: Display: Loaded TP WindowsTargetPlatform
[2018.03.13-20.05.02:123][  0]LogTemp: Display: Loaded TP Android_ASTCTargetPlatform
[2018.03.13-20.05.02:184][  0]LogTemp: Display: Loaded TP Android_ATCTargetPlatform
[2018.03.13-20.05.02:246][  0]LogTemp: Display: Loaded TP Android_DXTTargetPlatform
[2018.03.13-20.05.02:307][  0]LogTemp: Display: Loaded TP Android_ETC1TargetPlatform
[2018.03.13-20.05.02:369][  0]LogTemp: Display: Loaded TP Android_ETC2TargetPlatform
[2018.03.13-20.05.02:495][  0]LogTemp: Display: Loaded TP Android_MultiTargetPlatform
[2018.03.13-20.05.02:495][  0]LogTemp: Display: Loaded TP Android_PVRTCTargetPlatform
[2018.03.13-20.05.02:558][  0]LogTemp: Display: Loaded TP AndroidTargetPlatform
[2018.03.13-20.05.02:607][  0]LogTemp: Display: Loaded TP HTML5TargetPlatform
[2018.03.13-20.05.02:713][  0]LogTemp: Display: Loaded TP IOSTargetPlatform
[2018.03.13-20.05.02:746][  0]LogTemp: Display: Loaded TP TVOSTargetPlatform
[2018.03.13-20.05.02:808][  0]LogTemp: Display: Loaded TP LinuxClientTargetPlatform
[2018.03.13-20.05.02:871][  0]LogTemp: Display: Loaded TP LinuxNoEditorTargetPlatform
[2018.03.13-20.05.02:940][  0]LogTemp: Display: Loaded TP LinuxServerTargetPlatform
[2018.03.13-20.05.03:012][  0]LogTemp: Display: Loaded TP LinuxTargetPlatform
[2018.03.13-20.05.03:012][  0]LogTargetPlatformManager: Display: Building Assets For Windows
[2018.03.13-20.05.03:621][  0]LogDerivedDataCache: Display: Max Cache Size: 512 MB
[2018.03.13-20.05.03:702][  0]LogDerivedDataCache: Loaded boot cache 0.08s 78MB C:/Users/rudra/AppData/Local/UnrealEngine/4.18/DerivedDataCache/Boot.ddc.
[2018.03.13-20.05.03:702][  0]LogDerivedDataCache: Display: Loaded Boot cache: C:/Users/rudra/AppData/Local/UnrealEngine/4.18/DerivedDataCache/Boot.ddc
[2018.03.13-20.05.03:702][  0]LogDerivedDataCache: FDerivedDataBackendGraph:  Pak pak cache file ../../../../../../Users/rudra/Documents/UPenn Documents/Spring 2018 Class Docs/CIS 568 Game Design Practicum/Game1 (Rudraksha)/WaterRunner/DerivedDataCache/DDC.ddp not found, will not use a pak cache.
[2018.03.13-20.05.03:702][  0]LogDerivedDataCache: Unable to find inner node Pak for hierarchical cache Hierarchy.
[2018.03.13-20.05.03:702][  0]LogDerivedDataCache: FDerivedDataBackendGraph:  CompressedPak pak cache file ../../../../../../Users/rudra/Documents/UPenn Documents/Spring 2018 Class Docs/CIS 568 Game Design Practicum/Game1 (Rudraksha)/WaterRunner/DerivedDataCache/Compressed.ddp not found, will not use a pak cache.
[2018.03.13-20.05.03:702][  0]LogDerivedDataCache: Unable to find inner node CompressedPak for hierarchical cache Hierarchy.
[2018.03.13-20.05.03:718][  0]LogDerivedDataCache: Display: Pak cache opened for reading ../../../Engine/DerivedDataCache/Compressed.ddp.
[2018.03.13-20.05.03:730][  0]LogDerivedDataCache: Using Local data cache path C:/Users/rudra/AppData/Local/UnrealEngine/Common/DerivedDataCache: Writable
[2018.03.13-20.05.03:742][  0]LogMaterial: Verifying Global Shaders for PCD3D_SM5
[2018.03.13-20.05.03:742][  0]LogSlate: Using Freetype 2.6.0
[2018.03.13-20.05.03:743][  0]LogSlate: SlateFontCache - WITH_FREETYPE: 1, WITH_HARFBUZZ: 1
[2018.03.13-20.05.03:743][  0]LogSlate: SlateFontCache - WITH_FREETYPE: 1, WITH_HARFBUZZ: 1
[2018.03.13-20.05.04:168][  0]LogInit: Selected Device Profile: [Windows]
[2018.03.13-20.05.04:602][  0]LogSimplygon: Simplygon DLL not present - disabling.
[2018.03.13-20.05.04:660][  0]LogMeshReduction: Using SimplygonSwarm for distributed automatic mesh merging
[2018.03.13-20.05.04:661][  0]LogMeshReduction: Using QuadricMeshReduction for automatic static mesh reduction
[2018.03.13-20.05.04:661][  0]LogMeshReduction: No automatic skeletal mesh reduction module available
[2018.03.13-20.05.04:661][  0]LogMeshReduction: No automatic mesh merging module available
[2018.03.13-20.05.04:661][  0]LogMeshMerging: No automatic mesh merging module available
[2018.03.13-20.05.04:691][  0]LogNetVersion: WaterRunner , NetCL: 3709383, EngineNetVer: 2, GameNetVer: 0 (Checksum: 1329346148)
[2018.03.13-20.05.04:894][  0]LogAssetRegistry: FAssetRegistry took 0.0298 seconds to start up
[2018.03.13-20.05.05:555][  0]LogPackageLocalizationCache: Processed 7 localized package path(s) for 2 prioritized culture(s) in 0.095332 seconds
[2018.03.13-20.05.05:562][  0]LogUObjectArray: 35870 objects as part of root set at end of initial load.
[2018.03.13-20.05.05:562][  0]LogUObjectAllocator: 7363696 out of 0 bytes used by permanent object pool.
[2018.03.13-20.05.05:562][  0]LogUObjectArray: CloseDisregardForGC: 0/0 objects in disregard for GC pool
[2018.03.13-20.05.05:659][  0]LogInit: WinSock: version 1.1 (2.2), MaxSocks=32767, MaxUdp=65467
[2018.03.13-20.05.09:565][  0]LogTcpMessaging: Initializing TcpMessaging bridge
[2018.03.13-20.05.09:623][  0]LogUdpMessaging: Initializing bridge on interface 0.0.0.0:0 to multicast group 230.0.0.1:6666.
[2018.03.13-20.05.10:562][  0]LogMaterial: Uniform references updated for custom material expression Custom.
[2018.03.13-20.05.11:121][  0]SourceControl: Source control is disabled
[2018.03.13-20.05.11:121][  0]SourceControl: Source control is disabled
[2018.03.13-20.05.11:197][  0]SourceControl: Source control is disabled
[2018.03.13-20.05.11:275][  0]SourceControl: Source control is disabled
[2018.03.13-20.05.12:435][  0]LogAndroidPermission: UAndroidPermissionCallbackProxy::GetInstance
[2018.03.13-20.05.12:784][  0]LogOcInput: OculusInput pre-init called
[2018.03.13-20.05.13:172][  0]LogEngine: Initializing Engine...
[2018.03.13-20.05.13:175][  0]LogHMD: Failed to initialize OpenVR with code 110
[2018.03.13-20.05.13:405][  0]LogStats: UGameplayTagsManager::ConstructGameplayTagTree: Construct from data asset -  0.000 s
[2018.03.13-20.05.13:405][  0]LogStats: UGameplayTagsManager::ConstructGameplayTagTree: GameplayTagTreeChangedEvent.Broadcast -  0.000 s
[2018.03.13-20.05.13:644][  0]LogAIModule: Creating AISystem for world Untitled
[2018.03.13-20.05.13:666][  0]LogInit: XAudio2 using 'Speakers / Headphones (Realtek Audio)' : 2 channels at 48 kHz using 32 bits per sample (channel mask 0x3)
[2018.03.13-20.05.13:806][  0]LogInit: FAudioDevice initialized.
[2018.03.13-20.05.13:868][  0]LogDerivedDataCache: Saved boot cache 0.06s 78MB C:/Users/rudra/AppData/Local/UnrealEngine/4.18/DerivedDataCache/Boot.ddc.
[2018.03.13-20.05.13:883][  0]LogInit: Texture streaming: Enabled
[2018.03.13-20.05.14:038][  0]LogEngineSessionManager: EngineSessionManager initialized
[2018.03.13-20.05.14:238][  0]LogInit: Transaction tracking system initialized
[2018.03.13-20.05.14:698][  0]BlueprintLog: New page: Editor Load
[2018.03.13-20.05.16:104][  0]LocalizationService: Localization service is disabled
[2018.03.13-20.05.17:193][  0]LogConsoleResponse: Display: 
[2018.03.13-20.05.17:472][  0]LogCook: Display: Max memory allowance for cook 16384mb min free memory 0mb
[2018.03.13-20.05.17:473][  0]LogCook: Display: Mobile HDR setting 1
[2018.03.13-20.05.17:473][  0]LogGameplayTags: Display: UGameplayTagsManager::DoneAddingNativeTags. DelegateIsBound: 0
[2018.03.13-20.05.18:020][  0]LogFileCache: Scanning file cache for directory 'C:/Users/rudra/Documents/UPenn Documents/Spring 2018 Class Docs/CIS 568 Game Design Practicum/Game1 (Rudraksha)/WaterRunner/Content/' took 0.01s
[2018.03.13-20.05.19:381][  0]SourceControl: Source control is disabled
[2018.03.13-20.05.19:381][  0]LightingResults: New page: Lighting Build
[2018.03.13-20.05.19:455][  0]MapCheck: New page: Map Check
[2018.03.13-20.05.19:455][  0]LightingResults: New page: Lighting Build
[2018.03.13-20.05.19:899][  0]LogAIModule: Creating AISystem for world Minimal_Default
[2018.03.13-20.05.19:909][  0]LogEditorServer: Finished looking for orphan Actors (0.000 secs)
[2018.03.13-20.05.19:922][  0]Cmd: MAP CHECKDEP NOCLEARLOG
[2018.03.13-20.05.20:000][  0]MapCheck: Map check complete: 0 Error(s), 0 Warning(s), took 77.763ms to complete.
[2018.03.13-20.05.20:000][  0]LogFileHelpers: Loading map 'Minimal_Default' took 0.620
[2018.03.13-20.05.20:170][  0]LogCollectionManager: Loaded 0 collections in 0.002182 seconds
[2018.03.13-20.05.20:272][  0]LogFileCache: Scanning file cache for directory 'C:/Users/rudra/Documents/UPenn Documents/Spring 2018 Class Docs/CIS 568 Game Design Practicum/Game1 (Rudraksha)/WaterRunner/Saved/Collections/' took 0.01s
[2018.03.13-20.05.20:272][  0]LogFileCache: Scanning file cache for directory 'C:/Users/rudra/Documents/UPenn Documents/Spring 2018 Class Docs/CIS 568 Game Design Practicum/Game1 (Rudraksha)/WaterRunner/Content/Developers/rudra/Collections/' took 0.01s
[2018.03.13-20.05.20:272][  0]LogFileCache: Scanning file cache for directory 'C:/Users/rudra/Documents/UPenn Documents/Spring 2018 Class Docs/CIS 568 Game Design Practicum/Game1 (Rudraksha)/WaterRunner/Content/Collections/' took 0.01s
[2018.03.13-20.05.20:272][  0]LogCollectionManager: Rebuilt the GUID cache for 0 collections in 0.000000 seconds
[2018.03.13-20.05.20:282][  0]LogContentBrowser: Native class hierarchy populated in 0.0094 seconds. Added 2363 classes and 519 folders.
[2018.03.13-20.05.20:379][  0]LogContentBrowser: Native class hierarchy updated for 'WidgetCarousel' in 0.0002 seconds. Added 0 classes and 0 folders.
[2018.03.13-20.05.20:424][  0]LogContentBrowser: Native class hierarchy updated for 'AddContentDialog' in 0.0002 seconds. Added 0 classes and 0 folders.
[2018.03.13-20.05.20:497][  0]LogContentBrowser: Native class hierarchy updated for 'SceneOutliner' in 0.0002 seconds. Added 1 classes and 2 folders.
[2018.03.13-20.05.20:518][  0]LogSlate: Took 0.000226 seconds to synchronously load lazily loaded font '../../../Engine/Content/Slate/Fonts/Roboto-Regular.ttf' (155K)
[2018.03.13-20.05.20:522][  0]LogSlate: Took 0.000238 seconds to synchronously load lazily loaded font '../../../Engine/Content/Slate/Fonts/Roboto-Bold.ttf' (160K)
[2018.03.13-20.05.20:531][  0]LogSlate: Took 0.000242 seconds to synchronously load lazily loaded font '../../../Engine/Content/Editor/Slate/Fonts/FontAwesome.ttf' (139K)
[2018.03.13-20.05.20:647][  0]LogRenderer: Reallocating scene render targets to support 1208x580 Format 10 NumSamples 1 (Frame:1).
[2018.03.13-20.05.20:864][  0]LogContentBrowser: Native class hierarchy updated for 'HierarchicalLODOutliner' in 0.0002 seconds. Added 1 classes and 2 folders.
[2018.03.13-20.05.20:864][  0]LogLoad: (Engine Initialization) Total time: 24.62 seconds
[2018.03.13-20.05.20:864][  0]LogLoad: (Engine Initialization) Total Blueprint compile time: 0.00 seconds
[2018.03.13-20.05.20:864][  0]LogExternalProfiler: Found external profiler: VSPerf
[2018.03.13-20.05.20:864][  0]LogExternalProfiler: Using external profiler: VSPerf
[2018.03.13-20.05.20:882][  0]LogWindowsTextInputMethodSystem: Display: IME system now deactivated.
[2018.03.13-20.05.20:902][  0]LogContentStreaming: Texture pool size now 1000 MB
[2018.03.13-20.05.20:935][  0]LogSlate: Took 0.000194 seconds to synchronously load lazily loaded font '../../../Engine/Content/Slate/Fonts/Roboto-Light.ttf' (159K)
[2018.03.13-20.05.20:965][  1]LogAssetRegistry: Asset discovery search completed in 16.0935 seconds
[2018.03.13-20.05.20:967][  1]LogCollectionManager: Rebuilt the object cache for 0 collections in 0.000000 seconds (found 0 objects)
[2018.03.13-20.05.20:967][  1]LogCollectionManager: Fixed up redirectors for 0 collections in 0.000055 seconds (updated 0 objects)
[2018.03.13-20.05.32:378][676]LogSlate: Took 0.000133 seconds to synchronously load lazily loaded font '../../../Engine/Content/Slate/Fonts/Roboto-Light.ttf' (159K)
[2018.03.13-20.05.32:390][676]LogLinker: Warning: Can't find file '/Game/Vehicle/Bucket/ParticleSystems/RealisticWater/drops_PS'
[2018.03.13-20.05.32:390][676]LogLinker: Warning: Can't find file for asset '/Game/Vehicle/Bucket/ParticleSystems/RealisticWater/drops_PS' while loading ../../../../../../Users/rudra/Documents/UPenn Documents/Spring 2018 Class Docs/CIS 568 Game Design Practicum/Game1 (Rudraksha)/WaterRunner/Content/Bucket/WaterPartFXBP.uasset.
[2018.03.13-20.05.32:390][676]LoadErrors: Error: /Game/Bucket/WaterPartFXBP : Can't find file for asset. /Game/Vehicle/Bucket/ParticleSystems/RealisticWater/drops_PS
[2018.03.13-20.05.32:391][676]LogLinker: Warning: Can't find file '/Game/Vehicle/Bucket/ParticleSystems/RealisticWater/drops_PS'
[2018.03.13-20.05.32:391][676]LogLinker: Warning: Can't find file for asset '/Game/Vehicle/Bucket/ParticleSystems/RealisticWater/drops_PS' while loading ../../../../../../Users/rudra/Documents/UPenn Documents/Spring 2018 Class Docs/CIS 568 Game Design Practicum/Game1 (Rudraksha)/WaterRunner/Content/Bucket/WaterPartFXBP.uasset.
[2018.03.13-20.05.32:391][676]LogLinker: Warning: Can't find file '/Game/Vehicle/Bucket/ParticleSystems/RealisticWater/drops_PS'
[2018.03.13-20.05.32:391][676]LogLinker: Warning: Can't find file for asset '/Game/Vehicle/Bucket/ParticleSystems/RealisticWater/drops_PS' while loading ../../../../../../Users/rudra/Documents/UPenn Documents/Spring 2018 Class Docs/CIS 568 Game Design Practicum/Game1 (Rudraksha)/WaterRunner/Content/GamePlayLevel.umap.
[2018.03.13-20.05.32:391][676]LoadErrors: Error: /Game/GamePlayLevel : Can't find file for asset. /Game/Vehicle/Bucket/ParticleSystems/RealisticWater/drops_PS
[2018.03.13-20.05.32:391][676]LogLinker: Warning: Can't find file '/Game/Vehicle/Bucket/ParticleSystems/RealisticWater/drops_PS'
[2018.03.13-20.05.32:391][676]LogLinker: Warning: Can't find file for asset '/Game/Vehicle/Bucket/ParticleSystems/RealisticWater/drops_PS' while loading ../../../../../../Users/rudra/Documents/UPenn Documents/Spring 2018 Class Docs/CIS 568 Game Design Practicum/Game1 (Rudraksha)/WaterRunner/Content/GamePlayLevel.umap.
[2018.03.13-20.05.32:392][676]LogLinker: Warning: Can't find file '/Game/Vehicle/Bucket/ParticleSystems/RealisticWater/drops_PS'
[2018.03.13-20.05.32:392][676]LoadErrors: Failed to load /Game/Vehicle/Bucket/ParticleSystems/RealisticWater/drops_PS.drops_PS Referenced by ParticleSystem_GEN_VARIABLE
[2018.03.13-20.05.32:392][676]LogLinker: Warning: Can't find file for asset '/Game/Vehicle/Bucket/ParticleSystems/RealisticWater/drops_PS' while loading ../../../../../../Users/rudra/Documents/UPenn Documents/Spring 2018 Class Docs/CIS 568 Game Design Practicum/Game1 (Rudraksha)/WaterRunner/Content/GamePlayLevel.umap.
[2018.03.13-20.05.32:449][676]LogLinker: Warning: Can't find file '/Game/Vehicle/Bucket/ParticleSystems/Sprite/Mat_Sparks'
[2018.03.13-20.05.32:449][676]LogLinker: Warning: Can't find file for asset '/Game/Vehicle/Bucket/ParticleSystems/Sprite/Mat_Sparks' while loading ../../../../../../Users/rudra/Documents/UPenn Documents/Spring 2018 Class Docs/CIS 568 Game Design Practicum/Game1 (Rudraksha)/WaterRunner/Content/Bucket/ParticleSystems/Sprite/Splashes.uasset.
[2018.03.13-20.05.32:449][676]LoadErrors: Error: /Game/Bucket/ParticleSystems/Sprite/Splashes : Can't find file for asset. /Game/Vehicle/Bucket/ParticleSystems/Sprite/Mat_Sparks
[2018.03.13-20.05.32:449][676]LogLinker: Warning: Can't find file '/Game/Vehicle/Bucket/ParticleSystems/Sprite/Mat_Sparks'
[2018.03.13-20.05.32:449][676]LogLinker: Warning: Can't find file for asset '/Game/Vehicle/Bucket/ParticleSystems/Sprite/Mat_Sparks' while loading ../../../../../../Users/rudra/Documents/UPenn Documents/Spring 2018 Class Docs/CIS 568 Game Design Practicum/Game1 (Rudraksha)/WaterRunner/Content/Bucket/ParticleSystems/Sprite/Splashes.uasset.
[2018.03.13-20.05.32:459][676]LogLinker: Warning: Can't find file '/Game/Vehicle/Bucket/ParticleSystems/Sprite/Mat_Sparks'
[2018.03.13-20.05.32:460][676]LoadErrors: Failed to load /Game/Vehicle/Bucket/ParticleSystems/Sprite/Mat_Sparks.Mat_Sparks Referenced by ParticleModuleRequired_0
[2018.03.13-20.05.32:460][676]LogLinker: Warning: Can't find file for asset '/Game/Vehicle/Bucket/ParticleSystems/Sprite/Mat_Sparks' while loading NULL.
[2018.03.13-20.05.32:489][676]LogAIModule: Creating AISystem for world GamePlayLevel
[2018.03.13-20.05.32:509][676]LightingResults: New page: Lighting Build
[2018.03.13-20.05.32:509][676]LoadErrors: New page: Loading map: GamePlayLevel.umap
[2018.03.13-20.05.32:510][676]MapCheck: New page: Map Check
[2018.03.13-20.05.32:510][676]LightingResults: New page: Lighting Build
[2018.03.13-20.05.32:524][676]LogEditorServer: Finished looking for orphan Actors (0.000 secs)
[2018.03.13-20.05.32:563][676]Cmd: MAP CHECKDEP NOCLEARLOG
[2018.03.13-20.05.32:621][676]MapCheck: Map check complete: 0 Error(s), 0 Warning(s), took 58.245ms to complete.
[2018.03.13-20.05.32:621][676]LogFileHelpers: Loading map 'GamePlayLevel' took 0.113
[2018.03.13-20.06.16:295][266]LogContentBrowser: Native class hierarchy updated for 'BlueprintGraph' in 0.0006 seconds. Added 116 classes and 0 folders.
[2018.03.13-20.06.17:072][266]LogSlate: Took 0.000173 seconds to synchronously load lazily loaded font '../../../Engine/Content/Slate/Fonts/Roboto-Regular.ttf' (155K)
[2018.03.13-20.06.17:139][266]LogSlate: Took 0.000216 seconds to synchronously load lazily loaded font '../../../Engine/Content/Editor/Slate/Fonts/Roboto-BoldCondensed.ttf' (158K)
[2018.03.13-20.06.17:325][267]LogSlate: Took 0.000381 seconds to synchronously load lazily loaded font '../../../Engine/Content/Editor/Slate/Fonts/Roboto-Italic.ttf' (157K)
[2018.03.13-20.06.27:439][851]LogTemp: Repeating last play command: Selected Viewport
[2018.03.13-20.06.27:498][851]LogBlueprintUserMessages: Early PlayInEditor Detection: Level '/Game/GamePlayLevel.GamePlayLevel:PersistentLevel' has LevelScriptBlueprint '/Game/GamePlayLevel.GamePlayLevel:PersistentLevel.GamePlayLevel' with GeneratedClass '/Game/GamePlayLevel.GamePlayLevel_C' with ClassGeneratedBy '/Game/GamePlayLevel.GamePlayLevel:PersistentLevel.GamePlayLevel'
[2018.03.13-20.06.27:498][851]LogPlayLevel: PlayLevel: No blueprints needed recompiling
[2018.03.13-20.06.27:498][851]PIE: New page: PIE session: GamePlayLevel (Mar 13, 2018, 12:06:27 PM)
[2018.03.13-20.06.27:498][851]LogPlayLevel: Creating play world package: /Game/UEDPIE_0_GamePlayLevel
[2018.03.13-20.06.27:501][851]LogPlayLevel: PIE: StaticDuplicateObject took: (0.002681s)
[2018.03.13-20.06.27:501][851]LogAIModule: Creating AISystem for world GamePlayLevel
[2018.03.13-20.06.27:502][851]LogPlayLevel: PIE: World Init took: (0.000583s)
[2018.03.13-20.06.27:502][851]LogPlayLevel: PIE: Created PIE world by copying editor world from /Game/GamePlayLevel.GamePlayLevel to /Game/UEDPIE_0_GamePlayLevel.GamePlayLevel (0.003499s)
[2018.03.13-20.06.27:523][851]LogInit: XAudio2 using 'Speakers / Headphones (Realtek Audio)' : 2 channels at 48 kHz using 32 bits per sample (channel mask 0x3)
[2018.03.13-20.06.27:536][851]LogInit: FAudioDevice initialized.
[2018.03.13-20.06.27:577][851]LogLoad: Game class is 'GameModeBase'
[2018.03.13-20.06.27:580][851]LogWorld: Bringing World /Game/UEDPIE_0_GamePlayLevel.GamePlayLevel up for play (max tick rate 60) at 2018.03.13-16.06.27
[2018.03.13-20.06.27:580][851]LogWorld: Bringing up level for play took: 0.001318
[2018.03.13-20.06.27:635][851]LogContentBrowser: Native class hierarchy updated for 'MovieSceneCapture' in 0.0003 seconds. Added 11 classes and 0 folders.
[2018.03.13-20.06.27:636][851]PIE: Play in editor start time for /Game/UEDPIE_0_GamePlayLevel 0.19
[2018.03.13-20.06.27:636][851]LogBlueprintUserMessages: Late PlayInEditor Detection: Level '/Game/GamePlayLevel.GamePlayLevel:PersistentLevel' has LevelScriptBlueprint '/Game/GamePlayLevel.GamePlayLevel:PersistentLevel.GamePlayLevel' with GeneratedClass '/Game/GamePlayLevel.GamePlayLevel_C' with ClassGeneratedBy '/Game/GamePlayLevel.GamePlayLevel:PersistentLevel.GamePlayLevel'
[2018.03.13-20.06.30:963][ 45]LogBlueprintUserMessages: Early EndPlayMap Detection: Level '/Game/GamePlayLevel.GamePlayLevel:PersistentLevel' has LevelScriptBlueprint '/Game/GamePlayLevel.GamePlayLevel:PersistentLevel.GamePlayLevel' with GeneratedClass '/Game/GamePlayLevel.GamePlayLevel_C' with ClassGeneratedBy '/Game/GamePlayLevel.GamePlayLevel:PersistentLevel.GamePlayLevel'
[2018.03.13-20.06.31:000][ 45]LogBlueprintUserMessages: Late EndPlayMap Detection: Level '/Game/GamePlayLevel.GamePlayLevel:PersistentLevel' has LevelScriptBlueprint '/Game/GamePlayLevel.GamePlayLevel:PersistentLevel.GamePlayLevel' with GeneratedClass '/Game/GamePlayLevel.GamePlayLevel_C' with ClassGeneratedBy '/Game/GamePlayLevel.GamePlayLevel:PersistentLevel.GamePlayLevel'
[2018.03.13-20.06.52:691][319]LogSlate: Took 0.000152 seconds to synchronously load lazily loaded font '../../../Engine/Content/Slate/Fonts/Roboto-Light.ttf' (159K)
[2018.03.13-20.06.54:630][435]LogLinker: Warning: Can't find file '/Game/Vehicle/Bucket/ParticleSystems/RealisticWater/drops_mat'
[2018.03.13-20.06.54:630][435]LogLinker: Warning: Can't find file for asset '/Game/Vehicle/Bucket/ParticleSystems/RealisticWater/drops_mat' while loading ../../../../../../Users/rudra/Documents/UPenn Documents/Spring 2018 Class Docs/CIS 568 Game Design Practicum/Game1 (Rudraksha)/WaterRunner/Content/Bucket/ParticleSystems/RealisticWater/drops_PS.uasset.
[2018.03.13-20.06.54:630][435]LoadErrors: Error: /Game/Bucket/ParticleSystems/RealisticWater/drops_PS : Can't find file for asset. /Game/Vehicle/Bucket/ParticleSystems/RealisticWater/drops_mat
[2018.03.13-20.06.54:630][435]LogLinker: Warning: Can't find file '/Game/Vehicle/Bucket/ParticleSystems/RealisticWater/drops_mat'
[2018.03.13-20.06.54:631][435]LogLinker: Warning: Can't find file for asset '/Game/Vehicle/Bucket/ParticleSystems/RealisticWater/drops_mat' while loading ../../../../../../Users/rudra/Documents/UPenn Documents/Spring 2018 Class Docs/CIS 568 Game Design Practicum/Game1 (Rudraksha)/WaterRunner/Content/Bucket/ParticleSystems/RealisticWater/drops_PS.uasset.
[2018.03.13-20.06.54:633][435]LogLinker: Warning: Can't find file '/Game/Vehicle/Bucket/ParticleSystems/RealisticWater/drops_mat'
[2018.03.13-20.06.54:633][435]LoadErrors: Failed to load /Game/Vehicle/Bucket/ParticleSystems/RealisticWater/drops_mat.drops_mat Referenced by ParticleModuleRequired_0
[2018.03.13-20.06.54:633][435]LogLinker: Warning: Can't find file for asset '/Game/Vehicle/Bucket/ParticleSystems/RealisticWater/drops_mat' while loading NULL.
[2018.03.13-20.06.56:988][573]LogSavePackage: Save=13.13ms
[2018.03.13-20.06.56:988][573]LogSavePackage: Moving '../../../../../../Users/rudra/Documents/UPenn Documents/Spring 2018 Class Docs/CIS 568 Game Design Practicum/Game1 (Rudraksha)/WaterRunner/Saved/WaterPartFXBPD8E3467C424E91AFA2FB248AE0C9F249.tmp' to '../../../../../../Users/rudra/Documents/UPenn Documents/Spring 2018 Class Docs/CIS 568 Game Design Practicum/Game1 (Rudraksha)/WaterRunner/Content/Bucket/WaterPartFXBP.uasset'
[2018.03.13-20.06.56:993][573]LogSavePackage: Display: Finished SavePackage ../../../../../../Users/rudra/Documents/UPenn Documents/Spring 2018 Class Docs/CIS 568 Game Design Practicum/Game1 (Rudraksha)/WaterRunner/Content/Bucket/WaterPartFXBP.uasset
[2018.03.13-20.06.57:742][618]BlueprintLog: New page: Compile WaterPartFXBP
[2018.03.13-20.07.10:967][383]LogTemp: Repeating last play command: Selected Viewport
[2018.03.13-20.07.10:984][383]LogBlueprintUserMessages: Early PlayInEditor Detection: Level '/Game/GamePlayLevel.GamePlayLevel:PersistentLevel' has LevelScriptBlueprint '/Game/GamePlayLevel.GamePlayLevel:PersistentLevel.GamePlayLevel' with GeneratedClass '/Game/GamePlayLevel.GamePlayLevel_C' with ClassGeneratedBy '/Game/GamePlayLevel.GamePlayLevel:PersistentLevel.GamePlayLevel'
[2018.03.13-20.07.10:984][383]LogPlayLevel: PlayLevel: No blueprints needed recompiling
[2018.03.13-20.07.10:985][383]PIE: New page: PIE session: GamePlayLevel (Mar 13, 2018, 12:07:10 PM)
[2018.03.13-20.07.10:985][383]LogPlayLevel: Creating play world package: /Game/UEDPIE_0_GamePlayLevel
[2018.03.13-20.07.10:986][383]LogPlayLevel: PIE: StaticDuplicateObject took: (0.001773s)
[2018.03.13-20.07.10:987][383]LogAIModule: Creating AISystem for world GamePlayLevel
[2018.03.13-20.07.10:987][383]LogPlayLevel: PIE: World Init took: (0.000668s)
[2018.03.13-20.07.10:987][383]LogPlayLevel: PIE: Created PIE world by copying editor world from /Game/GamePlayLevel.GamePlayLevel to /Game/UEDPIE_0_GamePlayLevel.GamePlayLevel (0.002674s)
[2018.03.13-20.07.11:006][383]LogInit: XAudio2 using 'Speakers / Headphones (Realtek Audio)' : 2 channels at 48 kHz using 32 bits per sample (channel mask 0x3)
[2018.03.13-20.07.11:019][383]LogInit: FAudioDevice initialized.
[2018.03.13-20.07.11:053][383]LogLoad: Game class is 'GameModeBase'
[2018.03.13-20.07.11:055][383]LogWorld: Bringing World /Game/UEDPIE_0_GamePlayLevel.GamePlayLevel up for play (max tick rate 60) at 2018.03.13-16.07.11
[2018.03.13-20.07.11:055][383]LogWorld: Bringing up level for play took: 0.001054
[2018.03.13-20.07.11:056][383]PIE: Play in editor start time for /Game/UEDPIE_0_GamePlayLevel -0.39
[2018.03.13-20.07.11:056][383]LogBlueprintUserMessages: Late PlayInEditor Detection: Level '/Game/GamePlayLevel.GamePlayLevel:PersistentLevel' has LevelScriptBlueprint '/Game/GamePlayLevel.GamePlayLevel:PersistentLevel.GamePlayLevel' with GeneratedClass '/Game/GamePlayLevel.GamePlayLevel_C' with ClassGeneratedBy '/Game/GamePlayLevel.GamePlayLevel:PersistentLevel.GamePlayLevel'
[2018.03.13-20.07.24:329][179]LogBlueprintUserMessages: Early EndPlayMap Detection: Level '/Game/GamePlayLevel.GamePlayLevel:PersistentLevel' has LevelScriptBlueprint '/Game/GamePlayLevel.GamePlayLevel:PersistentLevel.GamePlayLevel' with GeneratedClass '/Game/GamePlayLevel.GamePlayLevel_C' with ClassGeneratedBy '/Game/GamePlayLevel.GamePlayLevel:PersistentLevel.GamePlayLevel'
[2018.03.13-20.07.24:363][179]LogBlueprintUserMessages: Late EndPlayMap Detection: Level '/Game/GamePlayLevel.GamePlayLevel:PersistentLevel' has LevelScriptBlueprint '/Game/GamePlayLevel.GamePlayLevel:PersistentLevel.GamePlayLevel' with GeneratedClass '/Game/GamePlayLevel.GamePlayLevel_C' with ClassGeneratedBy '/Game/GamePlayLevel.GamePlayLevel:PersistentLevel.GamePlayLevel'
[2018.03.13-20.07.27:512][357]LogSavePackage: Save=118.91ms
[2018.03.13-20.07.27:512][357]LogSavePackage: Moving '../../../../../../Users/rudra/Documents/UPenn Documents/Spring 2018 Class Docs/CIS 568 Game Design Practicum/Game1 (Rudraksha)/WaterRunner/Saved/GamePlayLevel92908FBB4AD499342D25589BB4262DC6.tmp' to '../../../../../../Users/rudra/Documents/UPenn Documents/Spring 2018 Class Docs/CIS 568 Game Design Practicum/Game1 (Rudraksha)/WaterRunner/Content/GamePlayLevel.umap'
[2018.03.13-20.07.27:517][357]LogSavePackage: Display: Finished SavePackage ../../../../../../Users/rudra/Documents/UPenn Documents/Spring 2018 Class Docs/CIS 568 Game Design Practicum/Game1 (Rudraksha)/WaterRunner/Content/GamePlayLevel.umap
[2018.03.13-20.07.27:579][357]LogSavePackage: Save=9.69ms
[2018.03.13-20.07.27:579][357]LogSavePackage: Moving '../../../../../../Users/rudra/Documents/UPenn Documents/Spring 2018 Class Docs/CIS 568 Game Design Practicum/Game1 (Rudraksha)/WaterRunner/Saved/GamePlayLevel_BuiltDataF98D54414E9EC251102DFE8A3156CDC4.tmp' to '../../../../../../Users/rudra/Documents/UPenn Documents/Spring 2018 Class Docs/CIS 568 Game Design Practicum/Game1 (Rudraksha)/WaterRunner/Content/GamePlayLevel_BuiltData.uasset'
[2018.03.13-20.07.27:582][357]LogSavePackage: Display: Finished SavePackage ../../../../../../Users/rudra/Documents/UPenn Documents/Spring 2018 Class Docs/CIS 568 Game Design Practicum/Game1 (Rudraksha)/WaterRunner/Content/GamePlayLevel_BuiltData.uasset
[2018.03.13-20.07.28:996][423]LogSavePackage: Save=122.76ms
[2018.03.13-20.07.28:996][423]LogSavePackage: Moving '../../../../../../Users/rudra/Documents/UPenn Documents/Spring 2018 Class Docs/CIS 568 Game Design Practicum/Game1 (Rudraksha)/WaterRunner/Saved/GamePlayLevel82F322C64633B2FC1DE50AA746A7DFEE.tmp' to '../../../../../../Users/rudra/Documents/UPenn Documents/Spring 2018 Class Docs/CIS 568 Game Design Practicum/Game1 (Rudraksha)/WaterRunner/Content/GamePlayLevel.umap'
[2018.03.13-20.07.29:001][423]LogSavePackage: Display: Finished SavePackage ../../../../../../Users/rudra/Documents/UPenn Documents/Spring 2018 Class Docs/CIS 568 Game Design Practicum/Game1 (Rudraksha)/WaterRunner/Content/GamePlayLevel.umap
[2018.03.13-20.07.29:056][423]LogSavePackage: Save=8.32ms
[2018.03.13-20.07.29:056][423]LogSavePackage: Moving '../../../../../../Users/rudra/Documents/UPenn Documents/Spring 2018 Class Docs/CIS 568 Game Design Practicum/Game1 (Rudraksha)/WaterRunner/Saved/GamePlayLevel_BuiltData693A4BE94A52C9ED66A78E8A6E4CC9F2.tmp' to '../../../../../../Users/rudra/Documents/UPenn Documents/Spring 2018 Class Docs/CIS 568 Game Design Practicum/Game1 (Rudraksha)/WaterRunner/Content/GamePlayLevel_BuiltData.uasset'
[2018.03.13-20.07.29:058][423]LogSavePackage: Display: Finished SavePackage ../../../../../../Users/rudra/Documents/UPenn Documents/Spring 2018 Class Docs/CIS 568 Game Design Practicum/Game1 (Rudraksha)/WaterRunner/Content/GamePlayLevel_BuiltData.uasset
[2018.03.13-20.07.35:408][800]LogTemp: Repeating last play command: Selected Viewport
[2018.03.13-20.07.35:426][800]LogBlueprintUserMessages: Early PlayInEditor Detection: Level '/Game/GamePlayLevel.GamePlayLevel:PersistentLevel' has LevelScriptBlueprint '/Game/GamePlayLevel.GamePlayLevel:PersistentLevel.GamePlayLevel' with GeneratedClass '/Game/GamePlayLevel.GamePlayLevel_C' with ClassGeneratedBy '/Game/GamePlayLevel.GamePlayLevel:PersistentLevel.GamePlayLevel'
[2018.03.13-20.07.35:426][800]LogPlayLevel: PlayLevel: No blueprints needed recompiling
[2018.03.13-20.07.35:426][800]PIE: New page: PIE session: GamePlayLevel (Mar 13, 2018, 12:07:35 PM)
[2018.03.13-20.07.35:426][800]LogPlayLevel: Creating play world package: /Game/UEDPIE_0_GamePlayLevel
[2018.03.13-20.07.35:428][800]LogPlayLevel: PIE: StaticDuplicateObject took: (0.001836s)
[2018.03.13-20.07.35:429][800]LogAIModule: Creating AISystem for world GamePlayLevel
[2018.03.13-20.07.35:429][800]LogPlayLevel: PIE: World Init took: (0.000545s)
[2018.03.13-20.07.35:429][800]LogPlayLevel: PIE: Created PIE world by copying editor world from /Game/GamePlayLevel.GamePlayLevel to /Game/UEDPIE_0_GamePlayLevel.GamePlayLevel (0.002603s)
[2018.03.13-20.07.35:446][800]LogInit: XAudio2 using 'Speakers / Headphones (Realtek Audio)' : 2 channels at 48 kHz using 32 bits per sample (channel mask 0x3)
[2018.03.13-20.07.35:458][800]LogInit: FAudioDevice initialized.
[2018.03.13-20.07.35:493][800]LogLoad: Game class is 'GameModeBase'
[2018.03.13-20.07.35:495][800]LogWorld: Bringing World /Game/UEDPIE_0_GamePlayLevel.GamePlayLevel up for play (max tick rate 60) at 2018.03.13-16.07.35
[2018.03.13-20.07.35:495][800]LogWorld: Bringing up level for play took: 0.001199
[2018.03.13-20.07.35:496][800]PIE: Play in editor start time for /Game/UEDPIE_0_GamePlayLevel 0.05
[2018.03.13-20.07.35:497][800]LogBlueprintUserMessages: Late PlayInEditor Detection: Level '/Game/GamePlayLevel.GamePlayLevel:PersistentLevel' has LevelScriptBlueprint '/Game/GamePlayLevel.GamePlayLevel:PersistentLevel.GamePlayLevel' with GeneratedClass '/Game/GamePlayLevel.GamePlayLevel_C' with ClassGeneratedBy '/Game/GamePlayLevel.GamePlayLevel:PersistentLevel.GamePlayLevel'
[2018.03.13-20.07.37:818][939]LogBlueprintUserMessages: Early EndPlayMap Detection: Level '/Game/GamePlayLevel.GamePlayLevel:PersistentLevel' has LevelScriptBlueprint '/Game/GamePlayLevel.GamePlayLevel:PersistentLevel.GamePlayLevel' with GeneratedClass '/Game/GamePlayLevel.GamePlayLevel_C' with ClassGeneratedBy '/Game/GamePlayLevel.GamePlayLevel:PersistentLevel.GamePlayLevel'
[2018.03.13-20.07.37:852][939]LogBlueprintUserMessages: Late EndPlayMap Detection: Level '/Game/GamePlayLevel.GamePlayLevel:PersistentLevel' has LevelScriptBlueprint '/Game/GamePlayLevel.GamePlayLevel:PersistentLevel.GamePlayLevel' with GeneratedClass '/Game/GamePlayLevel.GamePlayLevel_C' with ClassGeneratedBy '/Game/GamePlayLevel.GamePlayLevel:PersistentLevel.GamePlayLevel'
[2018.03.13-20.07.43:105][243]LogSavePackage: Save=128.55ms
[2018.03.13-20.07.43:105][243]LogSavePackage: Moving '../../../../../../Users/rudra/Documents/UPenn Documents/Spring 2018 Class Docs/CIS 568 Game Design Practicum/Game1 (Rudraksha)/WaterRunner/Saved/GamePlayLevel0EB7DAD74253D0E6E677D7ACDBBBEE21.tmp' to '../../../../../../Users/rudra/Documents/UPenn Documents/Spring 2018 Class Docs/CIS 568 Game Design Practicum/Game1 (Rudraksha)/WaterRunner/Content/GamePlayLevel.umap'
[2018.03.13-20.07.43:110][243]LogSavePackage: Display: Finished SavePackage ../../../../../../Users/rudra/Documents/UPenn Documents/Spring 2018 Class Docs/CIS 568 Game Design Practicum/Game1 (Rudraksha)/WaterRunner/Content/GamePlayLevel.umap
[2018.03.13-20.07.43:170][243]LogSavePackage: Save=8.59ms
[2018.03.13-20.07.43:170][243]LogSavePackage: Moving '../../../../../../Users/rudra/Documents/UPenn Documents/Spring 2018 Class Docs/CIS 568 Game Design Practicum/Game1 (Rudraksha)/WaterRunner/Saved/GamePlayLevel_BuiltData97C9D5134C1C937245C7FC847AFC56C3.tmp' to '../../../../../../Users/rudra/Documents/UPenn Documents/Spring 2018 Class Docs/CIS 568 Game Design Practicum/Game1 (Rudraksha)/WaterRunner/Content/GamePlayLevel_BuiltData.uasset'
[2018.03.13-20.07.43:172][243]LogSavePackage: Display: Finished SavePackage ../../../../../../Users/rudra/Documents/UPenn Documents/Spring 2018 Class Docs/CIS 568 Game Design Practicum/Game1 (Rudraksha)/WaterRunner/Content/GamePlayLevel_BuiltData.uasset
[2018.03.13-20.07.45:133][347]LogWindowsTextInputMethodSystem: Display: IME system now deactivated.
[2018.03.13-20.07.45:332][348]Cmd: QUIT_EDITOR
[2018.03.13-20.07.45:381][348]LogExit: Preparing to exit.
[2018.03.13-20.07.45:722][348]LogDirectoryWatcher: A directory notification for 'C:/Users/rudra/Documents/UPenn Documents/Spring 2018 Class Docs/CIS 568 Game Design Practicum/Game1 (Rudraksha)/WaterRunner/Content/' was aborted.
[2018.03.13-20.07.45:756][348]LogExit: Editor shut down
[2018.03.13-20.07.45:758][348]LogExit: Transaction tracking system shut down
[2018.03.13-20.07.45:905][348]LogDirectoryWatcher: A directory notification for '../../../Engine/Content/' was aborted.
[2018.03.13-20.07.45:905][348]LogDirectoryWatcher: A directory notification for '../../../../../../Users/rudra/Documents/UPenn Documents/Spring 2018 Class Docs/CIS 568 Game Design Practicum/Game1 (Rudraksha)/WaterRunner/Content/' was aborted.
[2018.03.13-20.07.45:905][348]LogDirectoryWatcher: A directory notification for '../../../Engine/Plugins/2D/Paper2D/Content/' was aborted.
[2018.03.13-20.07.45:905][348]LogDirectoryWatcher: A directory notification for '../../../Engine/Plugins/Media/MediaCompositing/Content/' was aborted.
[2018.03.13-20.07.45:905][348]LogDirectoryWatcher: A directory notification for '../../../Engine/Plugins/Runtime/AppleARKit/Content/' was aborted.
[2018.03.13-20.07.45:905][348]LogDirectoryWatcher: A directory notification for '../../../Engine/Plugins/Runtime/Oculus/OculusVR/Content/' was aborted.
[2018.03.13-20.07.45:905][348]LogDirectoryWatcher: A directory notification for '../../../Engine/Plugins/Runtime/Steam/SteamVR/Content/' was aborted.
[2018.03.13-20.07.45:971][348]LogExit: Object subsystem successfully closed.
[2018.03.13-20.07.45:993][348]LogD3D11RHI: Shutdown
[2018.03.13-20.07.45:993][348]LogD3D11RHI: CleanupD3DDevice
[2018.03.13-20.07.45:995][348]LogD3D11RHI: ~FD3D11DynamicRHI
[2018.03.13-20.07.46:014][348]LogModuleManager: Shutting down and abandoning module MovieSceneCapture (552)
[2018.03.13-20.07.46:014][348]LogModuleManager: Shutting down and abandoning module BlueprintGraph (550)
[2018.03.13-20.07.46:014][348]LogModuleManager: Shutting down and abandoning module HierarchicalLODOutliner (548)
[2018.03.13-20.07.46:014][348]LogModuleManager: Shutting down and abandoning module SceneOutliner (546)
[2018.03.13-20.07.46:014][348]LogModuleManager: Shutting down and abandoning module AddContentDialog (544)
[2018.03.13-20.07.46:014][348]LogDirectoryWatcher: A directory notification for 'C:/Program Files/Epic Games/UE_4.18/FeaturePacks/' was aborted.
[2018.03.13-20.07.46:015][348]LogModuleManager: Shutting down and abandoning module WidgetCarousel (543)
[2018.03.13-20.07.46:015][348]LogModuleManager: Shutting down and abandoning module EditorWidgets (540)
[2018.03.13-20.07.46:015][348]LogModuleManager: Shutting down and abandoning module CollectionManager (538)
[2018.03.13-20.07.46:015][348]LogDirectoryWatcher: A directory notification for 'C:/Users/rudra/Documents/UPenn Documents/Spring 2018 Class Docs/CIS 568 Game Design Practicum/Game1 (Rudraksha)/WaterRunner/Content/Collections/' was aborted.
[2018.03.13-20.07.46:015][348]LogDirectoryWatcher: A directory notification for 'C:/Users/rudra/Documents/UPenn Documents/Spring 2018 Class Docs/CIS 568 Game Design Practicum/Game1 (Rudraksha)/WaterRunner/Content/Developers/rudra/Collections/' was aborted.
[2018.03.13-20.07.46:015][348]LogDirectoryWatcher: A directory notification for 'C:/Users/rudra/Documents/UPenn Documents/Spring 2018 Class Docs/CIS 568 Game Design Practicum/Game1 (Rudraksha)/WaterRunner/Saved/Collections/' was aborted.
[2018.03.13-20.07.46:015][348]LogModuleManager: Shutting down and abandoning module StatsViewer (536)
[2018.03.13-20.07.46:015][348]LogModuleManager: Shutting down and abandoning module FoliageEdit (534)
[2018.03.13-20.07.46:015][348]LogModuleManager: Shutting down and abandoning module LandscapeEditor (532)
[2018.03.13-20.07.46:015][348]LogModuleManager: Shutting down and abandoning module MeshPaintMode (530)
[2018.03.13-20.07.46:015][348]LogModuleManager: Shutting down and abandoning module SceneDepthPickerMode (528)
[2018.03.13-20.07.46:015][348]LogModuleManager: Shutting down and abandoning module ActorPickerMode (526)
[2018.03.13-20.07.46:015][348]LogModuleManager: Shutting down and abandoning module GeometryMode (524)
[2018.03.13-20.07.46:015][348]LogModuleManager: Shutting down and abandoning module TextureAlignMode (522)
[2018.03.13-20.07.46:015][348]LogModuleManager: Shutting down and abandoning module BspMode (520)
[2018.03.13-20.07.46:015][348]LogModuleManager: Shutting down and abandoning module PIEPreviewDeviceProfileSelector (518)
[2018.03.13-20.07.46:015][348]LogModuleManager: Shutting down and abandoning module HardwareSurvey (516)
[2018.03.13-20.07.46:015][348]LogModuleManager: Shutting down and abandoning module SequenceRecorderSections (514)
[2018.03.13-20.07.46:015][348]LogModuleManager: Shutting down and abandoning module AutomationWorker (512)
[2018.03.13-20.07.46:015][348]LogModuleManager: Shutting down and abandoning module MatineeToLevelSequence (510)
[2018.03.13-20.07.46:015][348]LogModuleManager: Shutting down and abandoning module LevelSequenceEditor (508)
[2018.03.13-20.07.46:015][348]LogModuleManager: Shutting down and abandoning module PlacementMode (507)
[2018.03.13-20.07.46:016][348]LogModuleManager: Shutting down and abandoning module WmfMediaFactory (504)
[2018.03.13-20.07.46:016][348]LogModuleManager: Shutting down and abandoning module WmfMediaEditor (502)
[2018.03.13-20.07.46:016][348]LogModuleManager: Shutting down and abandoning module OpenExrWrapper (500)
[2018.03.13-20.07.46:016][348]LogModuleManager: Shutting down and abandoning module ImgMediaFactory (498)
[2018.03.13-20.07.46:016][348]LogModuleManager: Shutting down and abandoning module ImgMediaEditor (496)
[2018.03.13-20.07.46:016][348]LogModuleManager: Shutting down and abandoning module AvfMediaFactory (494)
[2018.03.13-20.07.46:016][348]LogModuleManager: Shutting down and abandoning module AvfMediaEditor (492)
[2018.03.13-20.07.46:016][348]LogModuleManager: Shutting down and abandoning module AndroidMediaFactory (490)
[2018.03.13-20.07.46:016][348]LogModuleManager: Shutting down and abandoning module AndroidMediaEditor (488)
[2018.03.13-20.07.46:016][348]LogModuleManager: Shutting down and abandoning module CharacterAI (486)
[2018.03.13-20.07.46:016][348]LogModuleManager: Shutting down and abandoning module AudioCapture (484)
[2018.03.13-20.07.46:016][348]LogModuleManager: Shutting down and abandoning module SequenceRecorder (483)
[2018.03.13-20.07.46:016][348]LogModuleManager: Shutting down and abandoning module SmartSnapping (480)
[2018.03.13-20.07.46:016][348]LogModuleManager: Shutting down and abandoning module SessionServices (478)
[2018.03.13-20.07.46:016][348]LogModuleManager: Shutting down and abandoning module ViewportSnapping (476)
[2018.03.13-20.07.46:016][348]LogModuleManager: Shutting down and abandoning module ViewportInteraction (474)
[2018.03.13-20.07.46:016][348]LogModuleManager: Shutting down and abandoning module ClothPainter (472)
[2018.03.13-20.07.46:016][348]LogModuleManager: Shutting down and abandoning module SkeletalMeshEditor (471)
[2018.03.13-20.07.46:016][348]LogModuleManager: Shutting down and abandoning module LogVisualizer (468)
[2018.03.13-20.07.46:016][348]LogModuleManager: Shutting down and abandoning module IntroTutorials (466)
[2018.03.13-20.07.46:016][348]LogModuleManager: Shutting down and abandoning module GameProjectGeneration (465)
[2018.03.13-20.07.46:016][348]LogModuleManager: Shutting down and abandoning module IOSPlatformEditor (462)
[2018.03.13-20.07.46:016][348]LogModuleManager: Shutting down and abandoning module HTML5PlatformEditor (460)
[2018.03.13-20.07.46:016][348]LogModuleManager: Shutting down and abandoning module AndroidPlatformEditor (458)
[2018.03.13-20.07.46:016][348]LogModuleManager: Shutting down and abandoning module AndroidDeviceDetection (457)
[2018.03.13-20.07.46:715][348]LogModuleManager: Shutting down and abandoning module WindowsPlatformEditor (454)
[2018.03.13-20.07.46:715][348]LogModuleManager: Shutting down and abandoning module IOSRuntimeSettings (452)
[2018.03.13-20.07.46:715][348]LogModuleManager: Shutting down and abandoning module AndroidRuntimeSettings (450)
[2018.03.13-20.07.46:715][348]LogModuleManager: Shutting down and abandoning module InputBindingEditor (448)
[2018.03.13-20.07.46:715][348]LogModuleManager: Shutting down and abandoning module MergeActors (446)
[2018.03.13-20.07.46:715][348]LogModuleManager: Shutting down and abandoning module SizeMap (444)
[2018.03.13-20.07.46:715][348]LogModuleManager: Shutting down and abandoning module TreeMap (442)
[2018.03.13-20.07.46:715][348]LogModuleManager: Shutting down and abandoning module ReferenceViewer (440)
[2018.03.13-20.07.46:715][348]LogModuleManager: Shutting down and abandoning module LocalizationDashboard (438)
[2018.03.13-20.07.46:715][348]LogModuleManager: Shutting down and abandoning module LocalizationService (437)
[2018.03.13-20.07.46:715][348]LogModuleManager: Shutting down and abandoning module HardwareTargeting (434)
[2018.03.13-20.07.46:715][348]LogModuleManager: Shutting down and abandoning module DeviceProfileEditor (432)
[2018.03.13-20.07.46:715][348]LogModuleManager: Shutting down and abandoning module UndoHistory (430)
[2018.03.13-20.07.46:715][348]LogModuleManager: Shutting down and abandoning module XmlParser (428)
[2018.03.13-20.07.46:715][348]LogModuleManager: Shutting down and abandoning module Blutility (426)
[2018.03.13-20.07.46:715][348]LogModuleManager: Shutting down and abandoning module ProjectSettingsViewer (424)
[2018.03.13-20.07.46:715][348]LogModuleManager: Shutting down and abandoning module ProjectTargetPlatformEditor (423)
[2018.03.13-20.07.46:716][348]LogModuleManager: Shutting down and abandoning module EditorSettingsViewer (420)
[2018.03.13-20.07.46:716][348]LogModuleManager: Shutting down and abandoning module SettingsEditor (418)
[2018.03.13-20.07.46:716][348]LogModuleManager: Shutting down and abandoning module ProjectLauncher (416)
[2018.03.13-20.07.46:716][348]LogModuleManager: Shutting down and abandoning module SessionFrontend (414)
[2018.03.13-20.07.46:716][348]LogModuleManager: Shutting down and abandoning module ProfilerClient (412)
[2018.03.13-20.07.46:716][348]LogModuleManager: Shutting down and abandoning module DeviceManager (410)
[2018.03.13-20.07.46:716][348]LogModuleManager: Shutting down and abandoning module TargetDeviceServices (409)
[2018.03.13-20.07.46:781][348]LogModuleManager: Shutting down and abandoning module AutomationController (406)
[2018.03.13-20.07.46:781][348]LogModuleManager: Shutting down and abandoning module AutomationWindow (404)
[2018.03.13-20.07.46:781][348]LogModuleManager: Shutting down and abandoning module Layers (402)
[2018.03.13-20.07.46:781][348]LogModuleManager: Shutting down and abandoning module ComponentVisualizers (400)
[2018.03.13-20.07.46:781][348]LogModuleManager: Shutting down and abandoning module DetailCustomizations (398)
[2018.03.13-20.07.46:781][348]LogModuleManager: Shutting down and abandoning module PackagesDialog (396)
[2018.03.13-20.07.46:781][348]LogModuleManager: Shutting down and abandoning module Persona (394)
[2018.03.13-20.07.46:781][348]LogModuleManager: Shutting down and abandoning module AdvancedPreviewScene (393)
[2018.03.13-20.07.46:781][348]LogModuleManager: Shutting down and abandoning module AnimGraph (391)
[2018.03.13-20.07.46:781][348]LogModuleManager: Shutting down and abandoning module Kismet (388)
[2018.03.13-20.07.46:787][348]LogModuleManager: Shutting down and abandoning module ClassViewer (386)
[2018.03.13-20.07.46:787][348]LogModuleManager: Shutting down and abandoning module Toolbox (384)
[2018.03.13-20.07.46:787][348]LogModuleManager: Shutting down and abandoning module ModuleUI (382)
[2018.03.13-20.07.46:787][348]LogModuleManager: Shutting down and abandoning module MovieSceneTools (380)
[2018.03.13-20.07.46:787][348]LogModuleManager: Shutting down and abandoning module OutputLog (378)
[2018.03.13-20.07.46:787][348]LogModuleManager: Shutting down and abandoning module GammaUI (376)
[2018.03.13-20.07.46:787][348]LogModuleManager: Shutting down and abandoning module Documentation (374)
[2018.03.13-20.07.46:787][348]LogModuleManager: Shutting down and abandoning module MovieSceneTracks (372)
[2018.03.13-20.07.46:787][348]LogModuleManager: Shutting down and abandoning module MovieScene (370)
[2018.03.13-20.07.46:787][348]LogModuleManager: Shutting down and abandoning module StreamingPauseRendering (368)
[2018.03.13-20.07.46:787][348]LogModuleManager: Shutting down and abandoning module LauncherPlatform (366)
[2018.03.13-20.07.46:787][348]LogModuleManager: Shutting down and abandoning module AnalyticsET (364)
[2018.03.13-20.07.46:787][348]LogModuleManager: Shutting down and abandoning module PortalServices (362)
[2018.03.13-20.07.46:787][348]LogModuleManager: Shutting down and abandoning module PortalRpc (360)
[2018.03.13-20.07.46:787][348]LogModuleManager: Shutting down and abandoning module MessagingRpc (358)
[2018.03.13-20.07.46:787][348]LogModuleManager: Shutting down and abandoning module AIModule (356)
[2018.03.13-20.07.46:787][348]LogModuleManager: Shutting down and abandoning module GameplayDebugger (355)
[2018.03.13-20.07.46:787][348]LogModuleManager: Shutting down and abandoning module AITestSuite (353)
[2018.03.13-20.07.46:787][348]LogModuleManager: Shutting down and abandoning module DesktopPlatform (350)
[2018.03.13-20.07.46:787][348]LogModuleManager: Shutting down and abandoning module ProfilerService (348)
[2018.03.13-20.07.46:789][348]LogModuleManager: Shutting down and abandoning module TaskGraph (346)
[2018.03.13-20.07.46:789][348]LogModuleManager: Shutting down and abandoning module SteamVRController (344)
[2018.03.13-20.07.46:789][348]LogModuleManager: Shutting down and abandoning module ProceduralMeshComponentEditor (342)
[2018.03.13-20.07.46:789][348]LogModuleManager: Shutting down and abandoning module ProceduralMeshComponent (340)
[2018.03.13-20.07.46:789][348]LogModuleManager: Shutting down and abandoning module OculusInput (338)
[2018.03.13-20.07.46:789][348]LogModuleManager: Shutting down and abandoning module MobilePatchingUtils (336)
[2018.03.13-20.07.46:789][348]LogModuleManager: Shutting down and abandoning module CustomMeshComponent (334)
[2018.03.13-20.07.46:789][348]LogModuleManager: Shutting down and abandoning module CableComponent (332)
[2018.03.13-20.07.46:789][348]LogModuleManager: Shutting down and abandoning module ArchVisCharacter (330)
[2018.03.13-20.07.46:789][348]LogModuleManager: Shutting down and abandoning module AndroidPermission (328)
[2018.03.13-20.07.46:790][348]LogModuleManager: Shutting down and abandoning module ActorSequence (324)
[2018.03.13-20.07.46:790][348]LogModuleManager: Shutting down and abandoning module MediaPlayerEditor (322)
[2018.03.13-20.07.46:790][348]LogModuleManager: Shutting down and abandoning module MediaCompositingEditor (320)
[2018.03.13-20.07.46:790][348]LogModuleManager: Shutting down and abandoning module MediaCompositing (318)
[2018.03.13-20.07.46:790][348]LogModuleManager: Shutting down and abandoning module HTML5Networking (316)
[2018.03.13-20.07.46:790][348]LogModuleManager: Shutting down and abandoning module AlembicImporter (314)
[2018.03.13-20.07.46:790][348]LogModuleManager: Shutting down and abandoning module AlembicLibrary (313)
[2018.03.13-20.07.46:790][348]LogModuleManager: Shutting down and abandoning module GeometryCache (312)
[2018.03.13-20.07.46:790][348]LogModuleManager: Shutting down and abandoning module GeometryCacheEd (311)
[2018.03.13-20.07.46:790][348]LogModuleManager: Shutting down and abandoning module SpeedTreeImporter (306)
[2018.03.13-20.07.46:790][348]LogModuleManager: Shutting down and abandoning module PluginBrowser (304)
[2018.03.13-20.07.46:790][348]LogModuleManager: Shutting down and abandoning module MobileLauncherProfileWizard (302)
[2018.03.13-20.07.46:790][348]LogModuleManager: Shutting down and abandoning module VisualStudioSourceCodeAccess (300)
[2018.03.13-20.07.46:790][348]LogModuleManager: Shutting down and abandoning module VisualStudioCodeSourceCodeAccess (298)
[2018.03.13-20.07.46:790][348]LogModuleManager: Shutting down and abandoning module UObjectPlugin (296)
[2018.03.13-20.07.46:790][348]LogModuleManager: Shutting down and abandoning module SubversionSourceControl (294)
[2018.03.13-20.07.46:790][348]LogModuleManager: Shutting down and abandoning module PerforceSourceControl (292)
[2018.03.13-20.07.46:790][348]LogModuleManager: Shutting down and abandoning module GitSourceControl (290)
[2018.03.13-20.07.46:790][348]LogModuleManager: Shutting down and abandoning module SourceControl (289)
[2018.03.13-20.07.46:790][348]LogModuleManager: Shutting down and abandoning module LightPropagationVolumeEditor (286)
[2018.03.13-20.07.46:790][348]LogModuleManager: Shutting down and abandoning module PaperTiledImporter (284)
[2018.03.13-20.07.46:790][348]LogModuleManager: Shutting down and abandoning module PaperSpriteSheetImporter (282)
[2018.03.13-20.07.46:790][348]LogModuleManager: Shutting down and abandoning module Paper2DEditor (280)
[2018.03.13-20.07.46:790][348]LogModuleManager: Shutting down and abandoning module MeshPaint (279)
[2018.03.13-20.07.46:790][348]LogModuleManager: Shutting down and abandoning module LevelEditor (277)
[2018.03.13-20.07.46:791][348]LogModuleManager: Shutting down and abandoning module PixelInspectorModule (276)
[2018.03.13-20.07.46:791][348]LogModuleManager: Shutting down and abandoning module MainFrame (274)
[2018.03.13-20.07.46:791][348]LogModuleManager: Shutting down and abandoning module HotReload (273)
[2018.03.13-20.07.46:791][348]LogModuleManager: Shutting down and abandoning module RuntimePhysXCooking (268)
[2018.03.13-20.07.46:791][348]LogModuleManager: Shutting down and abandoning module PhysXVehiclesEditor (266)
[2018.03.13-20.07.46:791][348]LogModuleManager: Shutting down and abandoning module PhysXVehicles (264)
[2018.03.13-20.07.46:791][348]LogModuleManager: Shutting down and abandoning module OculusEditor (262)
[2018.03.13-20.07.46:791][348]LogModuleManager: Shutting down and abandoning module LocationServicesBPLibrary (260)
[2018.03.13-20.07.46:791][348]LogModuleManager: Shutting down and abandoning module ImmediatePhysicsEditor (258)
[2018.03.13-20.07.46:791][348]LogModuleManager: Shutting down and abandoning module ImmediatePhysics (256)
[2018.03.13-20.07.46:792][348]LogModuleManager: Shutting down and abandoning module UdpMessaging (254)
[2018.03.13-20.07.46:892][348]LogModuleManager: Shutting down and abandoning module TcpMessaging (252)
[2018.03.13-20.07.46:993][348]LogModuleManager: Shutting down and abandoning module GameplayTagsEditor (250)
[2018.03.13-20.07.46:993][348]LogModuleManager: Shutting down and abandoning module FacialAnimationEditor (248)
[2018.03.13-20.07.46:993][348]LogModuleManager: Shutting down and abandoning module FacialAnimation (246)
[2018.03.13-20.07.46:993][348]LogModuleManager: Shutting down and abandoning module AssetManagerEditor (244)
[2018.03.13-20.07.46:993][348]LogModuleManager: Shutting down and abandoning module GraphEditor (243)
[2018.03.13-20.07.46:993][348]LogModuleManager: Shutting down and abandoning module ContentBrowser (241)
[2018.03.13-20.07.46:994][348]LogModuleManager: Shutting down and abandoning module LightPropagationVolumeRuntime (238)
[2018.03.13-20.07.46:994][348]LogModuleManager: Shutting down and abandoning module Paper2D (236)
[2018.03.13-20.07.46:994][348]LogModuleManager: Shutting down and abandoning module WindowsMoviePlayer (234)
[2018.03.13-20.07.46:994][348]LogModuleManager: Shutting down and abandoning module WmfMedia (232)
[2018.03.13-20.07.46:996][348]LogModuleManager: Shutting down and abandoning module ImgMedia (230)
[2018.03.13-20.07.46:996][348]LogModuleManager: Shutting down and abandoning module PacketHandler (228)
[2018.03.13-20.07.46:996][348]LogModuleManager: Shutting down and abandoning module ClothingSystemEditor (226)
[2018.03.13-20.07.46:996][348]LogModuleManager: Shutting down and abandoning module ClothingSystemRuntime (224)
[2018.03.13-20.07.46:996][348]LogModuleManager: Shutting down and abandoning module MediaAssets (222)
[2018.03.13-20.07.46:996][348]LogModuleManager: Shutting down and abandoning module Media (221)
[2018.03.13-20.07.47:002][348]LogModuleManager: Shutting down and abandoning module Overlay (218)
[2018.03.13-20.07.47:002][348]LogModuleManager: Shutting down and abandoning module OverlayEditor (217)
[2018.03.13-20.07.47:002][348]LogModuleManager: Shutting down and abandoning module VREditor (214)
[2018.03.13-20.07.47:002][348]LogModuleManager: Shutting down and abandoning module StringTableEditor (212)
[2018.03.13-20.07.47:003][348]LogModuleManager: Shutting down and abandoning module GameplayTasksEditor (210)
[2018.03.13-20.07.47:003][348]LogModuleManager: Shutting down and abandoning module BehaviorTreeEditor (208)
[2018.03.13-20.07.47:003][348]LogModuleManager: Shutting down and abandoning module FunctionalTesting (206)
[2018.03.13-20.07.47:003][348]LogModuleManager: Shutting down and abandoning module CollisionAnalyzer (204)
[2018.03.13-20.07.47:003][348]LogModuleManager: Shutting down and abandoning module WorkspaceMenuStructure (203)
[2018.03.13-20.07.47:003][348]LogModuleManager: Shutting down and abandoning module UMG (200)
[2018.03.13-20.07.47:003][348]LogModuleManager: Shutting down and abandoning module UMGEditor (199)
[2018.03.13-20.07.47:003][348]LogModuleManager: Shutting down and abandoning module Sequencer (198)
[2018.03.13-20.07.47:003][348]LogModuleManager: Shutting down and abandoning module MessageLog (195)
[2018.03.13-20.07.47:003][348]LogModuleManager: Shutting down and abandoning module SlateReflector (190)
[2018.03.13-20.07.47:003][348]LogModuleManager: Shutting down and abandoning module Slate (188)
[2018.03.13-20.07.47:003][348]LogModuleManager: Shutting down and abandoning module EditorStyle (186)
[2018.03.13-20.07.47:005][348]LogModuleManager: Shutting down and abandoning module MRMesh (184)
[2018.03.13-20.07.47:005][348]LogModuleManager: Shutting down and abandoning module SourceCodeAccess (182)
[2018.03.13-20.07.47:005][348]LogModuleManager: Shutting down and abandoning module HeadMountedDisplay (180)
[2018.03.13-20.07.47:005][348]LogModuleManager: Shutting down and abandoning module XAudio2 (178)
[2018.03.13-20.07.47:005][348]LogModuleManager: Shutting down and abandoning module Networking (176)
[2018.03.13-20.07.47:005][348]LogModuleManager: Shutting down and abandoning module Core (172)
[2018.03.13-20.07.47:005][348]LogModuleManager: Shutting down and abandoning module LevelSequence (168)
[2018.03.13-20.07.47:005][348]LogModuleManager: Shutting down and abandoning module DirectoryWatcher (166)
[2018.03.13-20.07.47:006][348]LogModuleManager: Shutting down and abandoning module KismetCompiler (164)
[2018.03.13-20.07.47:006][348]LogModuleManager: Shutting down and abandoning module MeshUtilities (162)
[2018.03.13-20.07.47:006][348]LogModuleManager: Shutting down and abandoning module MeshMergeUtilities (161)
[2018.03.13-20.07.47:006][348]LogModuleManager: Shutting down and abandoning module MeshReductionInterface (160)
[2018.03.13-20.07.47:006][348]LogModuleManager: Shutting down and abandoning module SimplygonSwarm (159)
[2018.03.13-20.07.47:006][348]LogModuleManager: Shutting down and abandoning module SimplygonMeshReduction (157)
[2018.03.13-20.07.47:006][348]LogModuleManager: Shutting down and abandoning module QuadricMeshReduction (155)
[2018.03.13-20.07.47:006][348]LogModuleManager: Shutting down and abandoning module MaterialBaking (151)
[2018.03.13-20.07.47:006][348]LogModuleManager: Shutting down and abandoning module DerivedDataCache (148)
[2018.03.13-20.07.47:047][348]LogDerivedDataCache: Shutdown
[2018.03.13-20.07.47:047][348]LogModuleManager: Shutting down and abandoning module TargetPlatform (146)
[2018.03.13-20.07.47:047][348]LogModuleManager: Shutting down and abandoning module VulkanShaderFormat (145)
[2018.03.13-20.07.47:048][348]LogModuleManager: Shutting down and abandoning module ShaderFormatVectorVM (143)
[2018.03.13-20.07.47:048][348]LogModuleManager: Shutting down and abandoning module ShaderFormatOpenGL (141)
[2018.03.13-20.07.47:048][348]LogModuleManager: Shutting down and abandoning module ShaderFormatD3D (139)
[2018.03.13-20.07.47:048][348]LogModuleManager: Shutting down and abandoning module MetalShaderFormat (137)
[2018.03.13-20.07.47:048][348]LogModuleManager: Shutting down and abandoning module TextureFormatUncompressed (135)
[2018.03.13-20.07.47:048][348]LogModuleManager: Shutting down and abandoning module TextureFormatPVR (133)
[2018.03.13-20.07.47:048][348]LogModuleManager: Shutting down and abandoning module TextureFormatDXT (131)
[2018.03.13-20.07.47:048][348]LogModuleManager: Shutting down and abandoning module TextureFormatIntelISPCTexComp (129)
[2018.03.13-20.07.47:048][348]LogModuleManager: Shutting down and abandoning module TextureFormatASTC (127)
[2018.03.13-20.07.47:048][348]LogModuleManager: Shutting down and abandoning module ImageWrapper (126)
[2018.03.13-20.07.47:048][348]LogModuleManager: Shutting down and abandoning module TextureFormatAndroid (123)
[2018.03.13-20.07.47:048][348]LogModuleManager: Shutting down and abandoning module AudioFormatOpus (121)
[2018.03.13-20.07.47:048][348]LogModuleManager: Shutting down and abandoning module AudioFormatOgg (119)
[2018.03.13-20.07.47:048][348]LogModuleManager: Shutting down and abandoning module AudioFormatADPCM (117)
[2018.03.13-20.07.47:048][348]LogModuleManager: Shutting down and abandoning module LinuxTargetPlatform (115)
[2018.03.13-20.07.47:048][348]LogModuleManager: Shutting down and abandoning module LinuxServerTargetPlatform (113)
[2018.03.13-20.07.47:048][348]LogModuleManager: Shutting down and abandoning module LinuxNoEditorTargetPlatform (111)
[2018.03.13-20.07.47:048][348]LogModuleManager: Shutting down and abandoning module LinuxClientTargetPlatform (109)
[2018.03.13-20.07.47:048][348]LogModuleManager: Shutting down and abandoning module TVOSTargetPlatform (107)
[2018.03.13-20.07.47:048][348]LogModuleManager: Shutting down and abandoning module Messaging (105)
[2018.03.13-20.07.47:048][348]LogModuleManager: Shutting down and abandoning module IOSTargetPlatform (103)
[2018.03.13-20.07.47:048][348]LogModuleManager: Shutting down and abandoning module HTML5TargetPlatform (101)
[2018.03.13-20.07.47:048][348]LogModuleManager: Shutting down and abandoning module AndroidTargetPlatform (99)
[2018.03.13-20.07.47:048][348]LogModuleManager: Shutting down and abandoning module Android_PVRTCTargetPlatform (97)
[2018.03.13-20.07.47:048][348]LogModuleManager: Shutting down and abandoning module Android_MultiTargetPlatform (95)
[2018.03.13-20.07.47:048][348]LogModuleManager: Shutting down and abandoning module Android_ETC2TargetPlatform (93)
[2018.03.13-20.07.47:048][348]LogModuleManager: Shutting down and abandoning module Android_ETC1TargetPlatform (91)
[2018.03.13-20.07.47:048][348]LogModuleManager: Shutting down and abandoning module Android_DXTTargetPlatform (89)
[2018.03.13-20.07.47:048][348]LogModuleManager: Shutting down and abandoning module Android_ATCTargetPlatform (87)
[2018.03.13-20.07.47:048][348]LogModuleManager: Shutting down and abandoning module Android_ASTCTargetPlatform (85)
[2018.03.13-20.07.47:048][348]LogModuleManager: Shutting down and abandoning module WindowsTargetPlatform (83)
[2018.03.13-20.07.47:048][348]LogModuleManager: Shutting down and abandoning module WindowsServerTargetPlatform (81)
[2018.03.13-20.07.47:048][348]LogModuleManager: Shutting down and abandoning module WindowsNoEditorTargetPlatform (79)
[2018.03.13-20.07.47:048][348]LogModuleManager: Shutting down and abandoning module WindowsClientTargetPlatform (77)
[2018.03.13-20.07.47:048][348]LogModuleManager: Shutting down and abandoning module MacTargetPlatform (75)
[2018.03.13-20.07.47:048][348]LogModuleManager: Shutting down and abandoning module MacServerTargetPlatform (73)
[2018.03.13-20.07.47:048][348]LogModuleManager: Shutting down and abandoning module MacNoEditorTargetPlatform (71)
[2018.03.13-20.07.47:048][348]LogModuleManager: Shutting down and abandoning module MacClientTargetPlatform (69)
[2018.03.13-20.07.47:048][348]LogModuleManager: Shutting down and abandoning module AllDesktopTargetPlatform (67)
[2018.03.13-20.07.47:048][348]LogModuleManager: Shutting down and abandoning module InputCore (64)
[2018.03.13-20.07.47:048][348]LogModuleManager: Shutting down and abandoning module Settings (62)
[2018.03.13-20.07.47:048][348]LogModuleManager: Shutting down and abandoning module PhysXCooking (60)
[2018.03.13-20.07.47:048][348]LogModuleManager: Shutting down and abandoning module SteamVR (58)
[2018.03.13-20.07.47:048][348]LogModuleManager: Shutting down and abandoning module OculusHMD (56)
[2018.03.13-20.07.47:048][348]LogModuleManager: Shutting down and abandoning module ExampleDeviceProfileSelector (54)
[2018.03.13-20.07.47:048][348]LogModuleManager: Shutting down and abandoning module AppleARKit (52)
[2018.03.13-20.07.47:048][348]LogModuleManager: Shutting down and abandoning module AugmentedReality (51)
[2018.03.13-20.07.47:048][348]LogModuleManager: Shutting down and abandoning module OnlineBlueprintSupport (48)
[2018.03.13-20.07.47:048][348]LogModuleManager: Shutting down and abandoning module OnlineSubsystem (44)
[2018.03.13-20.07.47:049][348]LogModuleManager: Shutting down and abandoning module XMPP (43)
[2018.03.13-20.07.47:049][348]LogModuleManager: Shutting down and abandoning module HTTP (41)
[2018.03.13-20.07.47:049][348]LogHttp: Display: Http module shutting down, but needs to wait on 1 outstanding Http requests:
[2018.03.13-20.07.47:049][348]LogHttp: Display: 	verb=[POST] url=[https://datarouter.ol.epicgames.com/datarouter/api/v1/public/data?SessionID=%7B74617AE7-4C87-0C1A-260A-49BFC61EABF7%7D&AppID=UEEditor.Rocket.Release&AppVersion=4.18.3-3832480%2B%2B%2BUE4%2BRelease-4.18&UserID=f53795d748fab136336c728077b84937%7C89841296403e4bcab15f22abaa4805e2%7C21e2bc3e-fe4a-4705-b0a4-3e8c393e162c&AppEnvironment=datacollector-binary&UploadType=eteventstream] status=Processing
[2018.03.13-20.07.47:081][348]LogModuleManager: Shutting down and abandoning module SSL (40)
[2018.03.13-20.07.47:082][348]LogModuleManager: Shutting down and abandoning module AnimationModifiers (36)
[2018.03.13-20.07.47:082][348]LogModuleManager: Shutting down and abandoning module PropertyEditor (35)
[2018.03.13-20.07.47:082][348]LogModuleManager: Shutting down and abandoning module AudioEditor (32)
[2018.03.13-20.07.47:082][348]LogModuleManager: Shutting down and abandoning module TextureCompressor (30)
[2018.03.13-20.07.47:082][348]LogModuleManager: Shutting down and abandoning module ShaderCore (28)
[2018.03.13-20.07.47:082][348]LogModuleManager: Shutting down and abandoning module Landscape (26)
[2018.03.13-20.07.47:082][348]LogModuleManager: Shutting down and abandoning module SlateRHIRenderer (24)
[2018.03.13-20.07.47:083][348]LogModuleManager: Shutting down and abandoning module OpenGLDrv (22)
[2018.03.13-20.07.47:083][348]LogModuleManager: Shutting down and abandoning module D3D11RHI (20)
[2018.03.13-20.07.47:083][348]LogModuleManager: Shutting down and abandoning module AnimGraphRuntime (18)
[2018.03.13-20.07.47:083][348]LogModuleManager: Shutting down and abandoning module Renderer (16)
[2018.03.13-20.07.47:083][348]LogModuleManager: Shutting down and abandoning module Engine (14)
[2018.03.13-20.07.47:083][348]LogModuleManager: Shutting down and abandoning module CoreUObject (12)
[2018.03.13-20.07.47:083][348]LogModuleManager: Shutting down and abandoning module NetworkFile (10)
[2018.03.13-20.07.47:083][348]LogModuleManager: Shutting down and abandoning module CookedIterativeFile (8)
[2018.03.13-20.07.47:083][348]LogModuleManager: Shutting down and abandoning module StreamingFile (6)
[2018.03.13-20.07.47:083][348]LogModuleManager: Shutting down and abandoning module SandboxFile (4)
[2018.03.13-20.07.47:083][348]LogModuleManager: Shutting down and abandoning module PakFile (2)
[2018.03.13-20.07.47:087][348]LogExit: Exiting.
[2018.03.13-20.07.47:101][348]Log file closed, 03/13/18 16:07:47
