Log file open, 03/28/18 15:24:06
LogWindows: Failed to load 'aqProf.dll' (GetLastError=126)
LogWindows: File 'aqProf.dll' does not exist
LogWindows: Failed to load 'VtuneApi.dll' (GetLastError=126)
LogWindows: File 'VtuneApi.dll' does not exist
LogWindows: Failed to load 'VtuneApi32e.dll' (GetLastError=126)
LogWindows: File 'VtuneApi32e.dll' does not exist
LogInit: Display: Running engine for game: WaterRunnerAlpha_1
LogPlatformFile: Not using cached read wrapper
LogInit: Display: RandInit(89758687) SRandInit(89758687).
LogInit: Read version file with build ID '3709383'
LogInit: Overriding engine version to CL 3832480, compatible CL 3709383
LogInit: Registered custom module enumerator with build ID '3709383'
LogInit: Warning: Passing commandline switches using / instead of - has been deprecated and will be removed in future versions of Unreal Engine.
LogTaskGraph: Started task graph with 5 named threads and 14 total threads with 3 sets of task threads.
LogStats: Stats thread started at 0.251357
LogD3D11RHI: Aftermath initialized
LogInit: Warning: Passing commandline switches using / instead of - has been deprecated and will be removed in future versions of Unreal Engine.
LogModuleManager: Display: Found up-to-date module file ../../../Engine/Plugins/2D/Paper2D/Binaries/Win64/UE4Editor-Paper2D.dll (API version 3709383).
LogModuleManager: Display: Found up-to-date module file ../../../Engine/Plugins/2D/Paper2D/Binaries/Win64/UE4Editor-Paper2DEditor.dll (API version 3709383).
LogModuleManager: Display: Found up-to-date module file ../../../Engine/Plugins/2D/Paper2D/Binaries/Win64/UE4Editor-PaperSpriteSheetImporter.dll (API version 3709383).
LogModuleManager: Display: Found up-to-date module file ../../../Engine/Plugins/2D/Paper2D/Binaries/Win64/UE4Editor-PaperTiledImporter.dll (API version 3709383).
LogModuleManager: Display: Found up-to-date module file ../../../Engine/Plugins/2D/Paper2D/Binaries/Win64/UE4Editor-SmartSnapping.dll (API version 3709383).
LogModuleManager: Display: Found up-to-date module file ../../../Engine/Plugins/Blendables/LightPropagationVolume/Binaries/Win64/UE4Editor-LightPropagationVolumeRuntime.dll (API version 3709383).
LogModuleManager: Display: Found up-to-date module file ../../../Engine/Plugins/Blendables/LightPropagationVolume/Binaries/Win64/UE4Editor-LightPropagationVolumeEditor.dll (API version 3709383).
LogModuleManager: Display: Found up-to-date module file ../../../Engine/Plugins/Developer/GitSourceControl/Binaries/Win64/UE4Editor-GitSourceControl.dll (API version 3709383).
LogModuleManager: Display: Found up-to-date module file ../../../Engine/Plugins/Developer/PerforceSourceControl/Binaries/Win64/UE4Editor-PerforceSourceControl.dll (API version 3709383).
LogModuleManager: Display: Found up-to-date module file ../../../Engine/Plugins/Developer/SubversionSourceControl/Binaries/Win64/UE4Editor-SubversionSourceControl.dll (API version 3709383).
LogModuleManager: Display: Found up-to-date module file ../../../Engine/Plugins/Developer/UObjectPlugin/Binaries/Win64/UE4Editor-UObjectPlugin.dll (API version 3709383).
LogModuleManager: Display: Found up-to-date module file ../../../Engine/Plugins/Developer/VisualStudioCodeSourceCodeAccess/Binaries/Win64/UE4Editor-VisualStudioCodeSourceCodeAccess.dll (API version 3709383).
LogModuleManager: Display: Found up-to-date module file ../../../Engine/Plugins/Developer/VisualStudioSourceCodeAccess/Binaries/Win64/UE4Editor-VisualStudioSourceCodeAccess.dll (API version 3709383).
LogModuleManager: Display: Found up-to-date module file ../../../Engine/Plugins/Editor/AssetManagerEditor/Binaries/Win64/UE4Editor-AssetManagerEditor.dll (API version 3709383).
LogModuleManager: Display: Found up-to-date module file ../../../Engine/Plugins/Editor/AudioCapture/Binaries/Win64/UE4Editor-AudioCapture.dll (API version 3709383).
LogModuleManager: Display: Found up-to-date module file ../../../Engine/Plugins/Editor/FacialAnimation/Binaries/Win64/UE4Editor-FacialAnimation.dll (API version 3709383).
LogModuleManager: Display: Found up-to-date module file ../../../Engine/Plugins/Editor/FacialAnimation/Binaries/Win64/UE4Editor-FacialAnimationEditor.dll (API version 3709383).
LogModuleManager: Display: Found up-to-date module file ../../../Engine/Plugins/Editor/GameplayTagsEditor/Binaries/Win64/UE4Editor-GameplayTagsEditor.dll (API version 3709383).
LogModuleManager: Display: Found up-to-date module file ../../../Engine/Plugins/Editor/MobileLauncherProfileWizard/Binaries/Win64/UE4Editor-MobileLauncherProfileWizard.dll (API version 3709383).
LogModuleManager: Display: Found up-to-date module file ../../../Engine/Plugins/Editor/PluginBrowser/Binaries/Win64/UE4Editor-PluginBrowser.dll (API version 3709383).
LogModuleManager: Display: Found up-to-date module file ../../../Engine/Plugins/Editor/SpeedTreeImporter/Binaries/Win64/UE4Editor-SpeedTreeImporter.dll (API version 3709383).
LogModuleManager: Display: Found up-to-date module file ../../../Engine/Plugins/Experimental/AlembicImporter/Binaries/Win64/UE4Editor-AlembicImporter.dll (API version 3709383).
LogModuleManager: Display: Found up-to-date module file ../../../Engine/Plugins/Experimental/AlembicImporter/Binaries/Win64/UE4Editor-AlembicLibrary.dll (API version 3709383).
LogModuleManager: Display: Found up-to-date module file ../../../Engine/Plugins/Experimental/CharacterAI/Binaries/Win64/UE4Editor-CharacterAI.dll (API version 3709383).
LogModuleManager: Display: Found up-to-date module file ../../../Engine/Plugins/Experimental/HTML5Networking/Binaries/Win64/UE4Editor-HTML5Networking.dll (API version 3709383).
LogModuleManager: Display: Found up-to-date module file ../../../Engine/Plugins/Media/AndroidMedia/Binaries/Win64/UE4Editor-AndroidMediaEditor.dll (API version 3709383).
LogModuleManager: Display: Found up-to-date module file ../../../Engine/Plugins/Media/AndroidMedia/Binaries/Win64/UE4Editor-AndroidMediaFactory.dll (API version 3709383).
LogModuleManager: Display: Found up-to-date module file ../../../Engine/Plugins/Media/AvfMedia/Binaries/Win64/UE4Editor-AvfMediaEditor.dll (API version 3709383).
LogModuleManager: Display: Found up-to-date module file ../../../Engine/Plugins/Media/AvfMedia/Binaries/Win64/UE4Editor-AvfMediaFactory.dll (API version 3709383).
LogModuleManager: Display: Found up-to-date module file ../../../Engine/Plugins/Media/AvfMedia/Binaries/Win64/UE4Editor-AvfMediaFactory.dll (API version 3709383).
LogModuleManager: Display: Found up-to-date module file ../../../Engine/Plugins/Media/ImgMedia/Binaries/Win64/UE4Editor-ImgMedia.dll (API version 3709383).
LogModuleManager: Display: Found up-to-date module file ../../../Engine/Plugins/Media/ImgMedia/Binaries/Win64/UE4Editor-ImgMediaEditor.dll (API version 3709383).
LogModuleManager: Display: Found up-to-date module file ../../../Engine/Plugins/Media/ImgMedia/Binaries/Win64/UE4Editor-ImgMediaFactory.dll (API version 3709383).
LogModuleManager: Display: Found up-to-date module file ../../../Engine/Plugins/Media/ImgMedia/Binaries/Win64/UE4Editor-ImgMediaFactory.dll (API version 3709383).
LogModuleManager: Display: Found up-to-date module file ../../../Engine/Plugins/Media/ImgMedia/Binaries/Win64/UE4Editor-OpenExrWrapper.dll (API version 3709383).
LogModuleManager: Display: Found up-to-date module file ../../../Engine/Plugins/Media/MediaCompositing/Binaries/Win64/UE4Editor-MediaCompositing.dll (API version 3709383).
LogModuleManager: Display: Found up-to-date module file ../../../Engine/Plugins/Media/MediaCompositing/Binaries/Win64/UE4Editor-MediaCompositingEditor.dll (API version 3709383).
LogModuleManager: Display: Found up-to-date module file ../../../Engine/Plugins/Media/MediaPlayerEditor/Binaries/Win64/UE4Editor-MediaPlayerEditor.dll (API version 3709383).
LogModuleManager: Display: Found up-to-date module file ../../../Engine/Plugins/Media/WmfMedia/Binaries/Win64/UE4Editor-WmfMedia.dll (API version 3709383).
LogModuleManager: Display: Found up-to-date module file ../../../Engine/Plugins/Media/WmfMedia/Binaries/Win64/UE4Editor-WmfMediaEditor.dll (API version 3709383).
LogModuleManager: Display: Found up-to-date module file ../../../Engine/Plugins/Media/WmfMedia/Binaries/Win64/UE4Editor-WmfMediaFactory.dll (API version 3709383).
LogModuleManager: Display: Found up-to-date module file ../../../Engine/Plugins/Media/WmfMedia/Binaries/Win64/UE4Editor-WmfMediaFactory.dll (API version 3709383).
LogModuleManager: Display: Found up-to-date module file ../../../Engine/Plugins/Messaging/TcpMessaging/Binaries/Win64/UE4Editor-TcpMessaging.dll (API version 3709383).
LogModuleManager: Display: Found up-to-date module file ../../../Engine/Plugins/Messaging/UdpMessaging/Binaries/Win64/UE4Editor-UdpMessaging.dll (API version 3709383).
LogModuleManager: Display: Found up-to-date module file ../../../Engine/Plugins/MovieScene/ActorSequence/Binaries/Win64/UE4Editor-ActorSequence.dll (API version 3709383).
LogModuleManager: Display: Found up-to-date module file ../../../Engine/Plugins/MovieScene/LevelSequenceEditor/Binaries/Win64/UE4Editor-LevelSequenceEditor.dll (API version 3709383).
LogModuleManager: Display: Found up-to-date module file ../../../Engine/Plugins/MovieScene/MatineeToLevelSequence/Binaries/Win64/UE4Editor-MatineeToLevelSequence.dll (API version 3709383).
LogModuleManager: Display: Found up-to-date module file ../../../Engine/Plugins/Online/OnlineSubsystem/Binaries/Win64/UE4Editor-OnlineSubsystem.dll (API version 3709383).
LogModuleManager: Display: Found up-to-date module file ../../../Engine/Plugins/Runtime/AndroidPermission/Binaries/Win64/UE4Editor-AndroidPermission.dll (API version 3709383).
LogModuleManager: Display: Found up-to-date module file ../../../Engine/Plugins/Online/OnlineSubsystemNull/Binaries/Win64/UE4Editor-OnlineSubsystemNull.dll (API version 3709383).
LogModuleManager: Display: Found up-to-date module file ../../../Engine/Plugins/Online/OnlineSubsystemUtils/Binaries/Win64/UE4Editor-OnlineSubsystemUtils.dll (API version 3709383).
LogModuleManager: Display: Found up-to-date module file ../../../Engine/Plugins/Online/OnlineSubsystemUtils/Binaries/Win64/UE4Editor-OnlineBlueprintSupport.dll (API version 3709383).
LogModuleManager: Display: Found up-to-date module file ../../../Engine/Plugins/Runtime/AndroidDeviceProfileSelector/Binaries/Win64/UE4Editor-AndroidDeviceProfileSelector.dll (API version 3709383).
LogModuleManager: Display: Found up-to-date module file ../../../Engine/Plugins/Runtime/AppleARKit/Binaries/Win64/UE4Editor-AppleARKit.dll (API version 3709383).
LogModuleManager: Display: Found up-to-date module file ../../../Engine/Plugins/Runtime/ArchVisCharacter/Binaries/Win64/UE4Editor-ArchVisCharacter.dll (API version 3709383).
LogModuleManager: Display: Found up-to-date module file ../../../Engine/Plugins/Runtime/CableComponent/Binaries/Win64/UE4Editor-CableComponent.dll (API version 3709383).
LogModuleManager: Display: Found up-to-date module file ../../../Engine/Plugins/Runtime/CustomMeshComponent/Binaries/Win64/UE4Editor-CustomMeshComponent.dll (API version 3709383).
LogModuleManager: Display: Found up-to-date module file ../../../Engine/Plugins/Runtime/ExampleDeviceProfileSelector/Binaries/Win64/UE4Editor-ExampleDeviceProfileSelector.dll (API version 3709383).
LogModuleManager: Display: Found up-to-date module file ../../../Engine/Plugins/Runtime/ImmediatePhysics/Binaries/Win64/UE4Editor-ImmediatePhysics.dll (API version 3709383).
LogModuleManager: Display: Found up-to-date module file ../../../Engine/Plugins/Runtime/ImmediatePhysics/Binaries/Win64/UE4Editor-ImmediatePhysicsEditor.dll (API version 3709383).
LogModuleManager: Display: Found up-to-date module file ../../../Engine/Plugins/Runtime/LocationServicesBPLibrary/Binaries/Win64/UE4Editor-LocationServicesBPLibrary.dll (API version 3709383).
LogModuleManager: Display: Found up-to-date module file ../../../Engine/Plugins/Runtime/MobilePatchingUtils/Binaries/Win64/UE4Editor-MobilePatchingUtils.dll (API version 3709383).
LogModuleManager: Display: Found up-to-date module file ../../../Engine/Plugins/Runtime/Oculus/OculusVR/Binaries/Win64/UE4Editor-OculusHMD.dll (API version 3709383).
LogModuleManager: Display: Found up-to-date module file ../../../Engine/Plugins/Runtime/Oculus/OculusVR/Binaries/Win64/UE4Editor-OculusInput.dll (API version 3709383).
LogModuleManager: Display: Found up-to-date module file ../../../Engine/Plugins/Runtime/Oculus/OculusVR/Binaries/Win64/UE4Editor-OculusEditor.dll (API version 3709383).
LogModuleManager: Display: Found up-to-date module file ../../../Engine/Plugins/Runtime/PhysXVehicles/Binaries/Win64/UE4Editor-PhysXVehicles.dll (API version 3709383).
LogModuleManager: Display: Found up-to-date module file ../../../Engine/Plugins/Runtime/PhysXVehicles/Binaries/Win64/UE4Editor-PhysXVehiclesEditor.dll (API version 3709383).
LogModuleManager: Display: Found up-to-date module file ../../../Engine/Plugins/Runtime/ProceduralMeshComponent/Binaries/Win64/UE4Editor-ProceduralMeshComponent.dll (API version 3709383).
LogModuleManager: Display: Found up-to-date module file ../../../Engine/Plugins/Runtime/ProceduralMeshComponent/Binaries/Win64/UE4Editor-ProceduralMeshComponentEditor.dll (API version 3709383).
LogModuleManager: Display: Found up-to-date module file ../../../Engine/Plugins/Runtime/RuntimePhysXCooking/Binaries/Win64/UE4Editor-RuntimePhysXCooking.dll (API version 3709383).
LogModuleManager: Display: Found up-to-date module file ../../../Engine/Plugins/Runtime/Steam/SteamVR/Binaries/Win64/UE4Editor-SteamVR.dll (API version 3709383).
LogModuleManager: Display: Found up-to-date module file ../../../Engine/Plugins/Runtime/Steam/SteamVR/Binaries/Win64/UE4Editor-SteamVRController.dll (API version 3709383).
LogModuleManager: Display: Found up-to-date module file ../../../Engine/Plugins/Runtime/WindowsMoviePlayer/Binaries/Win64/UE4Editor-WindowsMoviePlayer.dll (API version 3709383).
LogPluginManager: Mounting plugin Paper2D
LogPluginManager: Mounting plugin LightPropagationVolume
LogPluginManager: Mounting plugin CodeLiteSourceCodeAccess
LogPluginManager: Mounting plugin GitSourceControl
LogPluginManager: Mounting plugin KDevelopSourceCodeAccess
LogPluginManager: Mounting plugin NullSourceCodeAccess
LogPluginManager: Mounting plugin PerforceSourceControl
LogPluginManager: Mounting plugin SubversionSourceControl
LogPluginManager: Mounting plugin UObjectPlugin
LogPluginManager: Mounting plugin VisualStudioCodeSourceCodeAccess
LogPluginManager: Mounting plugin VisualStudioSourceCodeAccess
LogPluginManager: Mounting plugin XCodeSourceCodeAccess
LogPluginManager: Mounting plugin AssetManagerEditor
LogPluginManager: Mounting plugin AudioCapture
LogPluginManager: Mounting plugin FacialAnimation
LogPluginManager: Mounting plugin GameplayTagsEditor
LogPluginManager: Mounting plugin MobileLauncherProfileWizard
LogPluginManager: Mounting plugin PluginBrowser
LogPluginManager: Mounting plugin SpeedTreeImporter
LogPluginManager: Mounting plugin AlembicImporter
LogPluginManager: Mounting plugin CharacterAI
LogPluginManager: Mounting plugin HTML5Networking
LogPluginManager: Mounting plugin AndroidMedia
LogPluginManager: Mounting plugin AvfMedia
LogPluginManager: Mounting plugin ImgMedia
LogPluginManager: Mounting plugin MediaCompositing
LogPluginManager: Mounting plugin MediaPlayerEditor
LogPluginManager: Mounting plugin WmfMedia
LogPluginManager: Mounting plugin TcpMessaging
LogPluginManager: Mounting plugin UdpMessaging
LogPluginManager: Mounting plugin ActorSequence
LogPluginManager: Mounting plugin LevelSequenceEditor
LogPluginManager: Mounting plugin MatineeToLevelSequence
LogPluginManager: Mounting plugin OnlineSubsystemGooglePlay
LogPluginManager: Mounting plugin OnlineSubsystemIOS
LogPluginManager: Mounting plugin OnlineSubsystem
LogPluginManager: Mounting plugin OnlineSubsystemNull
LogPluginManager: Mounting plugin OnlineSubsystemUtils
LogPluginManager: Mounting plugin AndroidDeviceProfileSelector
LogPluginManager: Mounting plugin AndroidMoviePlayer
LogPluginManager: Mounting plugin AndroidPermission
LogPluginManager: Mounting plugin AppleARKit
LogPluginManager: Mounting plugin AppleMoviePlayer
LogPluginManager: Mounting plugin ArchVisCharacter
LogPluginManager: Mounting plugin CableComponent
LogPluginManager: Mounting plugin CustomMeshComponent
LogPluginManager: Mounting plugin ExampleDeviceProfileSelector
LogPluginManager: Mounting plugin GoogleCloudMessaging
LogPluginManager: Mounting plugin ImmediatePhysics
LogPluginManager: Mounting plugin IOSDeviceProfileSelector
LogPluginManager: Mounting plugin LinuxDeviceProfileSelector
LogPluginManager: Mounting plugin LocationServicesBPLibrary
LogPluginManager: Mounting plugin MobilePatchingUtils
LogPluginManager: Mounting plugin OculusVR
LogPluginManager: Plugin shader directory ../../../Engine/Plugins/Runtime/Oculus/OculusVR/Shaders found
LogPluginManager: Mapping shader source directory ../../../Engine/Plugins/Runtime/Oculus/OculusVR/Shaders to virtual directory /Plugin/OculusVR
LogPluginManager: Mounting plugin PhysXVehicles
LogPluginManager: Mounting plugin ProceduralMeshComponent
LogPluginManager: Mounting plugin RuntimePhysXCooking
LogPluginManager: Mounting plugin SteamVR
LogPluginManager: Mounting plugin WindowsMoviePlayer
LogInit: Using libcurl 7.47.1
LogInit:  - built for x86_64-pc-win32
LogInit:  - supports SSL with OpenSSL/1.0.2g
LogInit:  - supports HTTP deflate (compression) using libz 1.2.8
LogInit:  - other features:
LogInit:      CURL_VERSION_SSL
LogInit:      CURL_VERSION_LIBZ
LogInit:      CURL_VERSION_IPV6
LogInit:      CURL_VERSION_ASYNCHDNS
LogInit:      CURL_VERSION_LARGEFILE
LogInit:      CURL_VERSION_IDN
LogInit:  CurlRequestOptions (configurable via config and command line):
LogInit:  - bVerifyPeer = false  - Libcurl will NOT verify peer certificate
LogInit:  - bUseHttpProxy = false  - Libcurl will NOT use HTTP proxy
LogInit:  - bDontReuseConnections = false  - Libcurl will reuse connections
LogInit:  - CertBundlePath = nullptr  - Libcurl will use whatever was configured at build time.
LogInit: Build: ++UE4+Release-4.18-CL-3832480
LogInit: Engine Version: 4.18.3-3832480+++UE4+Release-4.18
LogInit: Compatible Engine Version: 4.18.0-3709383+++UE4+Release-4.18
LogInit: Net CL: 3709383
LogDevObjectVersion: Number of dev versions registered: 16
LogDevObjectVersion:   Dev-Blueprints (B0D832E4-1F89-4F0D-ACCF-7EB736FD4AA2): 10
LogDevObjectVersion:   Dev-Build (E1C64328-A22C-4D53-A36C-8E866417BD8C): 0
LogDevObjectVersion:   Dev-Core (375EC13C-06E4-48FB-B500-84F0262A717E): 2
LogDevObjectVersion:   Dev-Editor (E4B068ED-F494-42E9-A231-DA0B2E46BB41): 20
LogDevObjectVersion:   Dev-Framework (CFFC743F-43B0-4480-9391-14DF171D2073): 30
LogDevObjectVersion:   Dev-Mobile (B02B49B5-BB20-44E9-A304-32B752E40360): 0
LogDevObjectVersion:   Dev-Networking (A4E4105C-59A1-49B5-A7C5-40C4547EDFEE): 0
LogDevObjectVersion:   Dev-Online (39C831C9-5AE6-47DC-9A44-9C173E1C8E7C): 0
LogDevObjectVersion:   Dev-Physics (78F01B33-EBEA-4F98-B9B4-84EACCB95AA2): 0
LogDevObjectVersion:   Dev-Platform (6631380F-2D4D-43E0-8009-CF276956A95A): 0
LogDevObjectVersion:   Dev-Rendering (12F88B9F-8875-4AFC-A67C-D90C383ABD29): 20
LogDevObjectVersion:   Dev-Sequencer (7B5AE74C-D270-4C10-A958-57980B212A5A): 4
LogDevObjectVersion:   Dev-VR (D7296918-1DD6-4BDD-9DE2-64A83CC13884): 0
LogDevObjectVersion:   Dev-LoadTimes (C2A15278-BFE7-4AFE-6C17-90FF531DF755): 1
LogDevObjectVersion:   Private-Geometry (6EACA3D4-40EC-4CC1-B786-8BED09428FC5): 1
LogDevObjectVersion:   Dev-AnimPhys (29E575DD-E0A3-4627-9D10-D276232CDCEA): 12
LogInit: Compiled (64-bit): Jan 12 2018 02:04:55
LogInit: Compiled with Visual C++: 19.00.24215.01
LogInit: Build Configuration: Development
LogInit: Branch Name: ++UE4+Release-4.18
LogInit: Command line:  /Game/ThirdPersonBP/Maps/ProceduralMap -game -PIEVIACONSOLE -ResX=1280 -ResY=720  -Multiprocess -messaging -SessionName="Play in Standalone Game" -windowed 
LogInit: Base directory: C:/Program Files/Epic Games/UE_4.18/Engine/Binaries/Win64/
LogInit: Installed Engine Build: 1
LogInit: Presizing for max 8388607 objects, including 0 objects not considered by GC, pre-allocating 0 bytes for permanent pool.
LogInit: Object subsystem initialized
[2018.03.28-19.24.09:739][  0]LogInit: Selected Device Profile: [Windows]
[2018.03.28-19.24.09:740][  0]LogInit: Applying CVar settings loaded from the selected device profile: [Windows]
[2018.03.28-19.24.09:747][  0]LogInit: Computer: RUDRAKSHA
[2018.03.28-19.24.09:747][  0]LogInit: User: rudra
[2018.03.28-19.24.09:748][  0]LogInit: CPU Page size=4096, Cores=4
[2018.03.28-19.24.09:748][  0]LogInit: High frequency timer resolution =2.742190 MHz
[2018.03.28-19.24.09:748][  0]LogMemory: Memory total: Physical=15.9GB (16GB approx)
[2018.03.28-19.24.09:748][  0]LogMemory: Platform Memory Stats for Windows
[2018.03.28-19.24.09:748][  0]LogMemory: Process Physical Memory: 273.48 MB used, 273.48 MB peak
[2018.03.28-19.24.09:748][  0]LogMemory: Process Virtual Memory: 270.06 MB used, 270.06 MB peak
[2018.03.28-19.24.09:748][  0]LogMemory: Physical Memory: 11947.03 MB used,  4288.91 MB free, 16235.95 MB total
[2018.03.28-19.24.09:748][  0]LogMemory: Virtual Memory: 682.53 MB used,  4288.91 MB free, 134217728.00 MB total
[2018.03.28-19.24.10:175][  0]LogInit: Using OS detected language (en-US).
[2018.03.28-19.24.10:175][  0]LogInit: Using OS detected locale (en-US).
[2018.03.28-19.24.10:180][  0]LogTextLocalizationManager: No specific localization for 'en-US' exists, so the 'en' localization will be used.
[2018.03.28-19.24.11:163][  0]LogD3D11RHI: D3D11 adapters:
[2018.03.28-19.24.11:271][  0]LogD3D11RHI:    0. 'NVIDIA GeForce GTX 1050' (Feature Level 11_0)
[2018.03.28-19.24.11:271][  0]LogD3D11RHI:       4031/0/8117 MB DedicatedVideo/DedicatedSystem/SharedSystem, Outputs:1, VendorId:0x10de
[2018.03.28-19.24.11:290][  0]LogD3D11RHI:    1. 'Intel(R) HD Graphics 630' (Feature Level 11_0)
[2018.03.28-19.24.11:291][  0]LogD3D11RHI:       128/0/8117 MB DedicatedVideo/DedicatedSystem/SharedSystem, Outputs:0, VendorId:0x8086
[2018.03.28-19.24.11:294][  0]LogD3D11RHI:    2. 'Microsoft Basic Render Driver' (Feature Level 11_0)
[2018.03.28-19.24.11:294][  0]LogD3D11RHI:       0/0/8117 MB DedicatedVideo/DedicatedSystem/SharedSystem, Outputs:0, VendorId:0x1414
[2018.03.28-19.24.11:294][  0]LogD3D11RHI: Chosen D3D11 Adapter: 0
[2018.03.28-19.24.11:316][  0]LogD3D11RHI: Creating new Direct3DDevice
[2018.03.28-19.24.11:316][  0]LogD3D11RHI:     GPU DeviceId: 0x1c8d (for the marketing name, search the web for "GPU Device Id")
[2018.03.28-19.24.11:316][  0]LogWindows: EnumDisplayDevices:
[2018.03.28-19.24.11:317][  0]LogWindows:    0. 'Intel(R) HD Graphics 630' (P:1 D:1)
[2018.03.28-19.24.11:317][  0]LogWindows:    1. 'Intel(R) HD Graphics 630' (P:0 D:0)
[2018.03.28-19.24.11:317][  0]LogWindows:    2. 'Intel(R) HD Graphics 630' (P:0 D:0)
[2018.03.28-19.24.11:318][  0]LogWindows: DebugString: GetVideoDriverDetailsInvalid PrimaryIsNotTheChoosenAdapter GetVideoDriverDetailsInvalid PrimaryIsNotTheChoosenAdapter GetVideoDriverDetailsInvalid PrimaryIsNotTheChoosenAdapter FoundDriverCount:0 
[2018.03.28-19.24.11:318][  0]LogD3D11RHI:     Adapter Name: NVIDIA GeForce GTX 1050
[2018.03.28-19.24.11:318][  0]LogD3D11RHI:   Driver Version: Unknown (internal:Unknown, unified:Unknown)
[2018.03.28-19.24.11:318][  0]LogD3D11RHI:      Driver Date: Unknown
[2018.03.28-19.24.11:318][  0]LogRHI: Texture pool is 2821 MB (70% of 4031 MB)
[2018.03.28-19.24.11:372][  0]LogD3D11RHI: Async texture creation enabled
[2018.03.28-19.24.11:389][  0]LogD3D11RHI: GPU Timing Frequency: 1000.000000 (Debug: 2 1)
[2018.03.28-19.24.11:391][  0]LogShaderCompilers: Guid format shader working directory is -109 characters bigger than the processId version (../../../../../../Users/rudra/Documents/UPenn Documents/Spring 2018 Class Docs/CIS 568 Game Design Practicum/Game1 (Rishabh Git Repo)/Water-Run/WaterRunner/Intermediate/Shaders/WorkingDirectory/6584/).
[2018.03.28-19.24.11:391][  0]LogShaderCompilers: Cleaned the shader compiler working directory 'C:/Users/rudra/AppData/Local/Temp/UnrealShaderWorkingDir/56DBA3F14CEF99A695210CA733C4F254/'.
[2018.03.28-19.24.11:391][  0]LogShaderCompilers: Display: Using Local Shader Compiler.
[2018.03.28-19.24.12:806][  0]LogTemp: Display: Loaded TP WindowsClientTargetPlatform
[2018.03.28-19.24.12:901][  0]LogTemp: Display: Loaded TP WindowsNoEditorTargetPlatform
[2018.03.28-19.24.12:996][  0]LogTemp: Display: Loaded TP WindowsServerTargetPlatform
[2018.03.28-19.24.13:092][  0]LogTemp: Display: Loaded TP WindowsTargetPlatform
[2018.03.28-19.24.13:092][  0]LogTargetPlatformManager: Display: Building Assets For Windows
[2018.03.28-19.24.13:926][  0]LogDerivedDataCache: Display: Max Cache Size: 512 MB
[2018.03.28-19.24.14:022][  0]LogDerivedDataCache: Loaded boot cache 0.10s 78MB C:/Users/rudra/AppData/Local/UnrealEngine/4.18/DerivedDataCache/Boot.ddc.
[2018.03.28-19.24.14:022][  0]LogDerivedDataCache: Display: Loaded Boot cache: C:/Users/rudra/AppData/Local/UnrealEngine/4.18/DerivedDataCache/Boot.ddc
[2018.03.28-19.24.14:022][  0]LogDerivedDataCache: FDerivedDataBackendGraph:  Pak pak cache file ../../../../../../Users/rudra/Documents/UPenn Documents/Spring 2018 Class Docs/CIS 568 Game Design Practicum/Game1 (Rishabh Git Repo)/Water-Run/WaterRunner/DerivedDataCache/DDC.ddp not found, will not use a pak cache.
[2018.03.28-19.24.14:022][  0]LogDerivedDataCache: Unable to find inner node Pak for hierarchical cache Hierarchy.
[2018.03.28-19.24.14:022][  0]LogDerivedDataCache: FDerivedDataBackendGraph:  CompressedPak pak cache file ../../../../../../Users/rudra/Documents/UPenn Documents/Spring 2018 Class Docs/CIS 568 Game Design Practicum/Game1 (Rishabh Git Repo)/Water-Run/WaterRunner/DerivedDataCache/Compressed.ddp not found, will not use a pak cache.
[2018.03.28-19.24.14:022][  0]LogDerivedDataCache: Unable to find inner node CompressedPak for hierarchical cache Hierarchy.
[2018.03.28-19.24.14:044][  0]LogDerivedDataCache: Display: Pak cache opened for reading ../../../Engine/DerivedDataCache/Compressed.ddp.
[2018.03.28-19.24.14:056][  0]LogDerivedDataCache: Using Local data cache path C:/Users/rudra/AppData/Local/UnrealEngine/Common/DerivedDataCache: Writable
[2018.03.28-19.24.14:070][  0]LogMaterial: Verifying Global Shaders for PCD3D_SM5
[2018.03.28-19.24.14:070][  0]LogSlate: Using Freetype 2.6.0
[2018.03.28-19.24.14:071][  0]LogSlate: SlateFontCache - WITH_FREETYPE: 1, WITH_HARFBUZZ: 1
[2018.03.28-19.24.14:071][  0]LogSlate: SlateFontCache - WITH_FREETYPE: 1, WITH_HARFBUZZ: 1
[2018.03.28-19.24.14:501][  0]LogAssetRegistry: FAssetRegistry took 0.0077 seconds to start up
[2018.03.28-19.24.14:523][  0]LogPackageLocalizationCache: Processed 7 localized package path(s) for 2 prioritized culture(s) in 0.021161 seconds
[2018.03.28-19.24.14:719][  0]LogInit: Selected Device Profile: [Windows]
[2018.03.28-19.24.15:636][  0]LogSimplygon: Simplygon DLL not present - disabling.
[2018.03.28-19.24.15:810][  0]LogMeshReduction: Using SimplygonSwarm for distributed automatic mesh merging
[2018.03.28-19.24.15:810][  0]LogMeshReduction: Using QuadricMeshReduction for automatic static mesh reduction
[2018.03.28-19.24.15:810][  0]LogMeshReduction: No automatic skeletal mesh reduction module available
[2018.03.28-19.24.15:810][  0]LogMeshReduction: No automatic mesh merging module available
[2018.03.28-19.24.15:810][  0]LogMeshMerging: No automatic mesh merging module available
[2018.03.28-19.24.15:896][  0]LogNetVersion: WaterRunnerAlpha_1 , NetCL: 3709383, EngineNetVer: 2, GameNetVer: 0 (Checksum: 1999119835)
[2018.03.28-19.24.16:665][  0]LogInit: Warning: Passing commandline switches using / instead of - has been deprecated and will be removed in future versions of Unreal Engine.
[2018.03.28-19.24.16:666][  0]LogInit: Warning: Passing commandline switches using / instead of - has been deprecated and will be removed in future versions of Unreal Engine.
[2018.03.28-19.24.16:667][  0]LogInit: Warning: Passing commandline switches using / instead of - has been deprecated and will be removed in future versions of Unreal Engine.
[2018.03.28-19.24.18:149][  0]LogInit: WinSock: version 1.1 (2.2), MaxSocks=32767, MaxUdp=65467
[2018.03.28-19.24.25:374][  0]LogMoviePlayer: Initializing movie player
[2018.03.28-19.24.26:981][  0]LogCollectionManager: Loaded 0 collections in 0.008984 seconds
[2018.03.28-19.24.27:127][  0]LogFileCache: Scanning file cache for directory 'C:/Users/rudra/Documents/UPenn Documents/Spring 2018 Class Docs/CIS 568 Game Design Practicum/Game1 (Rishabh Git Repo)/Water-Run/WaterRunner/Saved/Collections/' took 0.01s
[2018.03.28-19.24.27:127][  0]LogFileCache: Scanning file cache for directory 'C:/Users/rudra/Documents/UPenn Documents/Spring 2018 Class Docs/CIS 568 Game Design Practicum/Game1 (Rishabh Git Repo)/Water-Run/WaterRunner/Content/Developers/rudra/Collections/' took 0.01s
[2018.03.28-19.24.27:127][  0]LogFileCache: Scanning file cache for directory 'C:/Users/rudra/Documents/UPenn Documents/Spring 2018 Class Docs/CIS 568 Game Design Practicum/Game1 (Rishabh Git Repo)/Water-Run/WaterRunner/Content/Collections/' took 0.01s
[2018.03.28-19.24.27:127][  0]LogCollectionManager: Rebuilt the object cache for 0 collections in 0.000000 seconds (found 0 objects)
[2018.03.28-19.24.27:127][  0]LogCollectionManager: Fixed up redirectors for 0 collections in 0.000305 seconds (updated 0 objects)
[2018.03.28-19.24.28:184][  0]LogTcpMessaging: Initializing TcpMessaging bridge
[2018.03.28-19.24.28:387][  0]LogUdpMessaging: Initializing bridge on interface 0.0.0.0:0 to multicast group 230.0.0.1:6666.
[2018.03.28-19.24.30:837][  0]LogInit: Warning: Passing commandline switches using / instead of - has been deprecated and will be removed in future versions of Unreal Engine.
[2018.03.28-19.24.30:839][  0]SourceControl: Source control is disabled
[2018.03.28-19.24.30:840][  0]SourceControl: Source control is disabled
[2018.03.28-19.24.31:116][  0]SourceControl: Source control is disabled
[2018.03.28-19.24.33:004][  0]LogAndroidPermission: UAndroidPermissionCallbackProxy::GetInstance
[2018.03.28-19.24.34:200][  0]LogOcInput: OculusInput pre-init called
[2018.03.28-19.24.34:755][  0]LogUObjectArray: 38923 objects as part of root set at end of initial load.
[2018.03.28-19.24.34:755][  0]LogUObjectAllocator: 8349200 out of 0 bytes used by permanent object pool.
[2018.03.28-19.24.34:755][  0]LogUObjectArray: CloseDisregardForGC: 0/0 objects in disregard for GC pool
[2018.03.28-19.24.35:172][  0]LogEngine: Initializing Engine...
[2018.03.28-19.24.35:179][  0]LogHMD: Failed to initialize OpenVR with code 110
[2018.03.28-19.24.35:754][  0]LogStats: UGameplayTagsManager::ConstructGameplayTagTree: Construct from data asset -  0.000 s
[2018.03.28-19.24.35:754][  0]LogStats: UGameplayTagsManager::ConstructGameplayTagTree: GameplayTagTreeChangedEvent.Broadcast -  0.000 s
[2018.03.28-19.24.35:791][  0]LogInit: XAudio2 using 'Speakers / Headphones (Realtek Audio)' : 2 channels at 48 kHz using 32 bits per sample (channel mask 0x3)
[2018.03.28-19.24.35:856][  0]LogInit: FAudioDevice initialized.
[2018.03.28-19.24.35:909][  0]LogInit: Texture streaming: Enabled
[2018.03.28-19.24.35:966][  0]LogMaterial: Uniform references updated for custom material expression Custom.
[2018.03.28-19.24.37:436][  0]LogInit: Warning: Passing commandline switches using / instead of - has been deprecated and will be removed in future versions of Unreal Engine.
[2018.03.28-19.24.37:618][  0]LogInit: Display: Game Engine Initialized.
[2018.03.28-19.24.37:619][  0]LogGameplayTags: Display: UGameplayTagsManager::DoneAddingNativeTags. DelegateIsBound: 0
[2018.03.28-19.24.38:298][  0]LogInit: Display: Starting Game.
[2018.03.28-19.24.38:298][  0]LogNet: Browse: /Game/ThirdPersonBP/Maps/ProceduralMap?Name=Player
[2018.03.28-19.24.38:298][  0]LogLoad: LoadMap: /Game/ThirdPersonBP/Maps/ProceduralMap?Name=Player
[2018.03.28-19.24.40:672][  0]LogAIModule: Creating AISystem for world ProceduralMap
[2018.03.28-19.24.41:353][  0]LogLoad: Game class is 'RunGameMode_C'
[2018.03.28-19.24.41:377][  0]LogWorld: Bringing World /Game/ThirdPersonBP/Maps/ProceduralMap.ProceduralMap up for play (max tick rate 0) at 2018.03.28-15.24.41
[2018.03.28-19.24.41:379][  0]LogWorld: Bringing up level for play took: 0.022680
[2018.03.28-19.24.41:441][  0]LogLoad: Took 3.142327 seconds to LoadMap(/Game/ThirdPersonBP/Maps/ProceduralMap)
[2018.03.28-19.24.42:168][  0]LogRenderer: Reallocating scene render targets to support 1280x720 Format 10 NumSamples 1 (Frame:1).
[2018.03.28-19.24.42:168][  0]LogLoad: (Engine Initialization) Total time: 37.11 seconds
[2018.03.28-19.24.42:168][  0]LogLoad: (Engine Initialization) Total Blueprint compile time: 0.00 seconds
[2018.03.28-19.24.42:168][  0]LogExternalProfiler: Found external profiler: VSPerf
[2018.03.28-19.24.42:168][  0]LogExternalProfiler: Using external profiler: VSPerf
[2018.03.28-19.24.42:196][  0]LogContentStreaming: Texture pool size now 1000 MB
[2018.03.28-19.24.43:925][ 85]LogCharacterMovement: CHris_char is stuck and failed to move! Velocity: X=12.90 Y=0.00 Z=0.00 Location: X=2644.19 Y=452.89 Z=1.99 Normal: X=0.98 Y=0.18 Z=-0.00 PenetrationDepth:20.760 Actor:Bucket_BP_52 Component:StaticMesh BoneName:None (0 other events since notify)
[2018.03.28-19.24.47:360][298]LogCharacterMovement: CHris_char is stuck and failed to move! Velocity: X=9.13 Y=9.13 Z=0.00 Location: X=8232.75 Y=-452.68 Z=-546.29 Normal: X=0.89 Y=-0.46 Z=-0.00 PenetrationDepth:20.760 Actor:Bucket_BP_52 Component:StaticMesh BoneName:None (0 other events since notify)
[2018.03.28-19.24.56:361][856]LogCharacterMovement: CHris_char is stuck and failed to move! Velocity: X=-9.12 Y=-9.13 Z=0.00 Location: X=16047.51 Y=-7621.72 Z=-566.85 Normal: X=-0.71 Y=-0.71 Z=-0.00 PenetrationDepth:20.760 Actor:Bucket_BP_52 Component:StaticMesh BoneName:None (1 other events since notify)
[2018.03.28-19.24.57:361][918]LogCharacterMovement: CHris_char is stuck and failed to move! Velocity: X=45.63 Y=-45.62 Z=0.00 Location: X=16187.13 Y=-8626.42 Z=-554.53 Normal: X=0.67 Y=-0.74 Z=-0.00 PenetrationDepth:20.760 Actor:Bucket_BP_52 Component:StaticMesh BoneName:None (7 other events since notify)
[2018.03.28-19.24.58:635][997]LogCharacterMovement: CHris_char is stuck and failed to move! Velocity: X=0.00 Y=-12.90 Z=0.00 Location: X=16187.34 Y=-8626.63 Z=-554.51 Normal: X=0.71 Y=-0.71 Z=-0.00 PenetrationDepth:20.760 Actor:Bucket_BP_52 Component:StaticMesh BoneName:None (12 other events since notify)
[2018.03.28-19.25.00:038][ 84]LogCharacterMovement: CHris_char is stuck and failed to move! Velocity: X=9.12 Y=-9.12 Z=0.00 Location: X=16191.35 Y=-8729.07 Z=-539.14 Normal: X=0.00 Y=-1.00 Z=-0.00 PenetrationDepth:20.760 Actor:Bucket_BP_52 Component:StaticMesh BoneName:None (15 other events since notify)
[2018.03.28-19.25.09:753][678]LogCharacterMovement: CHris_char is stuck and failed to move! Velocity: X=12.25 Y=-4.05 Z=0.00 Location: X=16538.20 Y=-21452.66 Z=-626.85 Normal: X=0.30 Y=-0.95 Z=-0.00 PenetrationDepth:20.761 Actor:Bucket_BP_52 Component:StaticMesh BoneName:None (18 other events since notify)
[2018.03.28-19.25.10:965][752]LogAudio: Warning: Detected orphaned looping sound 'Light01_Cue'.
[2018.03.28-19.25.11:039][756]LogAudio: Warning: Detected orphaned looping sound 'Light01_Cue'.
[2018.03.28-19.25.24:220][571]LogCharacterMovement: CHris_char is stuck and failed to move! Velocity: X=-14.25 Y=-0.00 Z=0.00 Location: X=39661.75 Y=-26278.54 Z=-1906.85 Normal: X=0.00 Y=-1.00 Z=-0.00 PenetrationDepth:20.760 Actor:Bucket_BP_52 Component:StaticMesh BoneName:None (21 other events since notify)
[2018.03.28-19.25.26:253][689]LogNet: Browse: /Game/ThirdPersonBP/Maps/ProceduralMap?Name=Player?restart
[2018.03.28-19.25.26:271][689]LogLoad: LoadMap: /Game/ThirdPersonBP/Maps/ProceduralMap?Name=Player
[2018.03.28-19.25.27:250][689]LogAIModule: Creating AISystem for world ProceduralMap
[2018.03.28-19.25.27:819][689]LogLoad: Game class is 'RunGameMode_C'
[2018.03.28-19.25.27:833][689]LogWorld: Bringing World /Game/ThirdPersonBP/Maps/ProceduralMap.ProceduralMap up for play (max tick rate 0) at 2018.03.28-15.25.27
[2018.03.28-19.25.27:834][689]LogWorld: Bringing up level for play took: 0.013480
[2018.03.28-19.25.27:891][689]LogLoad: Took 1.619639 seconds to LoadMap(/Game/ThirdPersonBP/Maps/ProceduralMap)
[2018.03.28-19.25.37:939][294]LogCharacterMovement: CHris_char is stuck and failed to move! Velocity: X=-12.90 Y=0.04 Z=0.00 Location: X=18758.48 Y=1213.89 Z=-261.85 Normal: X=-0.68 Y=0.73 Z=-0.00 PenetrationDepth:20.760 Actor:Bucket_BP_52 Component:StaticMesh BoneName:None (0 other events since notify)
[2018.03.28-19.25.40:020][423]LogNet: Browse: /Game/ThirdPersonBP/Maps/ProceduralMap?Name=Player?restart
[2018.03.28-19.25.40:020][423]LogLoad: LoadMap: /Game/ThirdPersonBP/Maps/ProceduralMap?Name=Player
[2018.03.28-19.25.40:933][423]LogAIModule: Creating AISystem for world ProceduralMap
[2018.03.28-19.25.41:400][423]LogLoad: Game class is 'RunGameMode_C'
[2018.03.28-19.25.41:411][423]LogWorld: Bringing World /Game/ThirdPersonBP/Maps/ProceduralMap.ProceduralMap up for play (max tick rate 0) at 2018.03.28-15.25.41
[2018.03.28-19.25.41:412][423]LogWorld: Bringing up level for play took: 0.010671
[2018.03.28-19.25.41:452][423]LogLoad: Took 1.431554 seconds to LoadMap(/Game/ThirdPersonBP/Maps/ProceduralMap)
[2018.03.28-19.25.47:594][797]LogAudio: Warning: Detected orphaned looping sound 'Light01_Cue'.
[2018.03.28-19.25.52:626][103]LogAudio: Warning: Detected orphaned looping sound 'Light01_Cue'.
[2018.03.28-19.25.54:169][190]LogAudio: Warning: Detected orphaned looping sound 'Light01_Cue'.
[2018.03.28-19.26.03:014][737]LogCharacterMovement: CHris_char is stuck and failed to move! Velocity: X=0.00 Y=-12.90 Z=0.00 Location: X=19135.13 Y=-23452.02 Z=-656.85 Normal: X=0.00 Y=-1.00 Z=-0.00 PenetrationDepth:20.764 Actor:Bucket_BP_52 Component:StaticMesh BoneName:None (0 other events since notify)
[2018.03.28-19.26.12:941][348]LogAudio: Warning: Detected orphaned looping sound 'Light01_Cue'.
[2018.03.28-19.26.18:046][655]LogAudio: Warning: Detected orphaned looping sound 'Light01_Cue'.
[2018.03.28-19.26.19:872][765]LogAudio: Warning: Detected orphaned looping sound 'Light01_Cue'.
[2018.03.28-19.26.31:018][450]LogAudio: Warning: Detected orphaned looping sound 'Light01_Cue'.
[2018.03.28-19.26.36:283][766]LogCharacterMovement: CHris_char is stuck and failed to move! Velocity: X=29.57 Y=464.45 Z=0.00 Location: X=60657.01 Y=1297.30 Z=-651.85 Normal: X=0.01 Y=1.00 Z=-0.00 PenetrationDepth:20.770 Actor:Bucket_BP_52 Component:StaticMesh BoneName:None (31 other events since notify)
[2018.03.28-19.26.38:363][895]LogNet: Browse: /Game/ThirdPersonBP/Maps/ProceduralMap?Name=Player?restart
[2018.03.28-19.26.38:363][895]LogLoad: LoadMap: /Game/ThirdPersonBP/Maps/ProceduralMap?Name=Player
[2018.03.28-19.26.39:252][895]LogAIModule: Creating AISystem for world ProceduralMap
[2018.03.28-19.26.39:689][895]LogLoad: Game class is 'RunGameMode_C'
[2018.03.28-19.26.39:699][895]LogWorld: Bringing World /Game/ThirdPersonBP/Maps/ProceduralMap.ProceduralMap up for play (max tick rate 0) at 2018.03.28-15.26.39
[2018.03.28-19.26.39:700][895]LogWorld: Bringing up level for play took: 0.008956
[2018.03.28-19.26.39:743][895]LogLoad: Took 1.380109 seconds to LoadMap(/Game/ThirdPersonBP/Maps/ProceduralMap)
[2018.03.28-19.27.32:646][135]LogAudio: Warning: Detected orphaned looping sound 'Light01_Cue'.
[2018.03.28-19.27.32:969][155]LogAudio: Warning: Detected orphaned looping sound 'Light01_Cue'.
[2018.03.28-19.27.34:420][244]LogCharacterMovement: CHris_char is stuck and failed to move! Velocity: X=0.00 Y=-12.90 Z=0.00 Location: X=63028.25 Y=-17452.51 Z=783.15 Normal: X=0.00 Y=-1.00 Z=0.00 PenetrationDepth:20.760 Actor:Bucket_BP_52 Component:StaticMesh BoneName:None (0 other events since notify)
[2018.03.28-19.27.37:436][431]LogNet: Browse: /Game/ThirdPersonBP/Maps/ProceduralMap?Name=Player?restart
[2018.03.28-19.27.37:436][431]LogLoad: LoadMap: /Game/ThirdPersonBP/Maps/ProceduralMap?Name=Player
[2018.03.28-19.27.38:283][431]LogAIModule: Creating AISystem for world ProceduralMap
[2018.03.28-19.27.38:680][431]LogLoad: Game class is 'RunGameMode_C'
[2018.03.28-19.27.38:690][431]LogWorld: Bringing World /Game/ThirdPersonBP/Maps/ProceduralMap.ProceduralMap up for play (max tick rate 0) at 2018.03.28-15.27.38
[2018.03.28-19.27.38:691][431]LogWorld: Bringing up level for play took: 0.009436
[2018.03.28-19.27.38:721][431]LogLoad: Took 1.284455 seconds to LoadMap(/Game/ThirdPersonBP/Maps/ProceduralMap)
[2018.03.28-19.27.39:552][468]LogCharacterMovement: CHris_char is stuck and failed to move! Velocity: X=671.79 Y=0.00 Z=0.00 Location: X=1712.98 Y=0.00 Z=103.15 Normal: X=1.00 Y=0.00 Z=-0.00 PenetrationDepth:20.760 Actor:Bucket_BP_52 Component:StaticMesh BoneName:None (0 other events since notify)
[2018.03.28-19.27.41:663][598]LogNet: Browse: /Game/ThirdPersonBP/Maps/ProceduralMap?Name=Player?restart
[2018.03.28-19.27.41:663][598]LogLoad: LoadMap: /Game/ThirdPersonBP/Maps/ProceduralMap?Name=Player
[2018.03.28-19.27.42:610][598]LogAIModule: Creating AISystem for world ProceduralMap
[2018.03.28-19.27.43:031][598]LogLoad: Game class is 'RunGameMode_C'
[2018.03.28-19.27.43:039][598]LogWorld: Bringing World /Game/ThirdPersonBP/Maps/ProceduralMap.ProceduralMap up for play (max tick rate 0) at 2018.03.28-15.27.43
[2018.03.28-19.27.43:040][598]LogWorld: Bringing up level for play took: 0.007821
[2018.03.28-19.27.43:075][598]LogLoad: Took 1.412016 seconds to LoadMap(/Game/ThirdPersonBP/Maps/ProceduralMap)
[2018.03.28-19.28.02:794][807]LogCharacterMovement: CHris_char is stuck and failed to move! Velocity: X=0.00 Y=-12.90 Z=0.00 Location: X=20047.11 Y=-20219.64 Z=-656.85 Normal: X=-0.46 Y=-0.89 Z=-0.00 PenetrationDepth:20.760 Actor:Bucket_BP_52 Component:StaticMesh BoneName:None (0 other events since notify)
[2018.03.28-19.28.03:852][872]LogCharacterMovement: CHris_char is stuck and failed to move! Velocity: X=0.00 Y=-13.47 Z=0.00 Location: X=20047.02 Y=-20377.77 Z=-656.85 Normal: X=-0.71 Y=-0.71 Z=-0.00 PenetrationDepth:20.760 Actor:Bucket_BP_52 Component:StaticMesh BoneName:None (27 other events since notify)
[2018.03.28-19.28.06:665][ 44]LogAudio: Warning: Detected orphaned looping sound 'Light01_Cue'.
[2018.03.28-19.28.22:853][ 33]LogAudio: Warning: Detected orphaned looping sound 'Light01_Cue'.
[2018.03.28-19.28.31:030][522]LogAudio: Warning: Detected orphaned looping sound 'Light01_Cue'.
[2018.03.28-19.28.31:061][523]LogAudio: Warning: Detected orphaned looping sound 'Light01_Cue'.
[2018.03.28-19.28.40:819][106]LogNet: Browse: /Game/ThirdPersonBP/Maps/ProceduralMap?Name=Player?restart
[2018.03.28-19.28.40:836][106]LogLoad: LoadMap: /Game/ThirdPersonBP/Maps/ProceduralMap?Name=Player
[2018.03.28-19.28.41:664][106]LogAIModule: Creating AISystem for world ProceduralMap
[2018.03.28-19.28.42:041][106]LogLoad: Game class is 'RunGameMode_C'
[2018.03.28-19.28.42:050][106]LogWorld: Bringing World /Game/ThirdPersonBP/Maps/ProceduralMap.ProceduralMap up for play (max tick rate 0) at 2018.03.28-15.28.42
[2018.03.28-19.28.42:051][106]LogWorld: Bringing up level for play took: 0.008932
[2018.03.28-19.28.42:087][106]LogLoad: Took 1.250824 seconds to LoadMap(/Game/ThirdPersonBP/Maps/ProceduralMap)
[2018.03.28-19.28.49:411][542]LogAudio: Warning: Detected orphaned looping sound 'Light01_Cue'.
[2018.03.28-19.29.07:208][616]LogAudio: Warning: Detected orphaned looping sound 'Light01_Cue'.
[2018.03.28-19.29.29:485][943]LogAudio: Warning: Detected orphaned looping sound 'Light01_Cue'.
[2018.03.28-19.29.31:404][ 59]LogAudio: Warning: Detected orphaned looping sound 'Light01_Cue'.
[2018.03.28-19.29.31:687][ 73]LogAudio: Warning: Detected orphaned looping sound 'Light01_Cue'.
[2018.03.28-19.30.44:867][600]LogAudio: Warning: Detected orphaned looping sound 'Light01_Cue'.
[2018.03.28-19.31.00:477][563]LogAudio: Warning: Detected orphaned looping sound 'Light01_Cue'.
[2018.03.28-19.31.22:767][940]LogCharacterMovement: CHris_char is stuck and failed to move! Velocity: X=0.02 Y=12.90 Z=0.00 Location: X=58953.01 Y=-5789.18 Z=6538.15 Normal: X=0.00 Y=1.00 Z=-0.00 PenetrationDepth:20.760 Actor:Bucket_BP_52 Component:StaticMesh BoneName:None (0 other events since notify)
[2018.03.28-19.31.34:397][646]LogCharacterMovement: CHris_char is stuck and failed to move! Velocity: X=-9.12 Y=9.12 Z=0.00 Location: X=57980.33 Y=17452.39 Z=6723.15 Normal: X=-0.71 Y=0.71 Z=0.00 PenetrationDepth:20.760 Actor:Bucket_BP_52 Component:StaticMesh BoneName:None (0 other events since notify)
[2018.03.28-19.31.35:412][709]LogCharacterMovement: CHris_char is stuck and failed to move! Velocity: X=0.00 Y=51.61 Z=0.00 Location: X=57980.33 Y=17452.39 Z=6723.15 Normal: X=0.00 Y=1.00 Z=0.00 PenetrationDepth:20.760 Actor:Bucket_BP_52 Component:StaticMesh BoneName:None (46 other events since notify)
[2018.03.28-19.31.38:457][895]LogAudio: Warning: Detected orphaned looping sound 'Light01_Cue'.
[2018.03.28-19.31.44:460][248]LogAudio: Warning: Detected orphaned looping sound 'Light01_Cue'.
[2018.03.28-19.31.52:128][721]LogCharacterMovement: CHris_char is stuck and failed to move! Velocity: X=12.74 Y=-2.05 Z=0.00 Location: X=42000.76 Y=-6452.96 Z=4528.15 Normal: X=0.98 Y=-0.19 Z=-0.00 PenetrationDepth:20.760 Actor:Bucket_BP_52 Component:StaticMesh BoneName:None (17 other events since notify)
[2018.03.28-19.32.00:044][210]LogAudio: Warning: Detected orphaned looping sound 'Light01_Cue'.
[2018.03.28-19.32.23:333][609]LogNet: Browse: /Game/ThirdPersonBP/Maps/ProceduralMap?Name=Player?restart
[2018.03.28-19.32.23:358][609]LogLoad: LoadMap: /Game/ThirdPersonBP/Maps/ProceduralMap?Name=Player
[2018.03.28-19.32.24:175][609]LogAIModule: Creating AISystem for world ProceduralMap
[2018.03.28-19.32.24:548][609]LogLoad: Game class is 'RunGameMode_C'
[2018.03.28-19.32.24:558][609]LogWorld: Bringing World /Game/ThirdPersonBP/Maps/ProceduralMap.ProceduralMap up for play (max tick rate 0) at 2018.03.28-15.32.24
[2018.03.28-19.32.24:559][609]LogWorld: Bringing up level for play took: 0.009458
[2018.03.28-19.32.24:596][609]LogLoad: Took 1.238307 seconds to LoadMap(/Game/ThirdPersonBP/Maps/ProceduralMap)
[2018.03.28-19.32.37:446][387]LogAudio: Warning: Detected orphaned looping sound 'Light01_Cue'.
[2018.03.28-19.32.55:070][460]LogAudio: Warning: Detected orphaned looping sound 'Light01_Cue'.
[2018.03.28-19.32.55:191][466]LogAudio: Warning: Detected orphaned looping sound 'Light01_Cue'.
[2018.03.28-19.33.03:424][973]LogCharacterMovement: CHris_char is stuck and failed to move! Velocity: X=6.55 Y=-11.12 Z=0.00 Location: X=24952.14 Y=33749.52 Z=323.15 Normal: X=0.99 Y=-0.15 Z=0.00 PenetrationDepth:20.760 Actor:Bucket_BP_52 Component:StaticMesh BoneName:None (0 other events since notify)
[2018.03.28-19.33.12:855][557]LogNet: Browse: /Game/ThirdPersonBP/Maps/ProceduralMap?Name=Player?restart
[2018.03.28-19.33.12:856][557]LogLoad: LoadMap: /Game/ThirdPersonBP/Maps/ProceduralMap?Name=Player
[2018.03.28-19.33.13:820][557]LogAIModule: Creating AISystem for world ProceduralMap
[2018.03.28-19.33.14:460][557]LogLoad: Game class is 'RunGameMode_C'
[2018.03.28-19.33.14:477][557]LogWorld: Bringing World /Game/ThirdPersonBP/Maps/ProceduralMap.ProceduralMap up for play (max tick rate 0) at 2018.03.28-15.33.14
[2018.03.28-19.33.14:478][557]LogWorld: Bringing up level for play took: 0.016560
[2018.03.28-19.33.14:534][557]LogLoad: Took 1.678524 seconds to LoadMap(/Game/ThirdPersonBP/Maps/ProceduralMap)
[2018.03.28-19.33.16:961][694]LogNet: Browse: /Game/ThirdPersonBP/Maps/ProceduralMap?Name=Player?restart
[2018.03.28-19.33.16:962][694]LogLoad: LoadMap: /Game/ThirdPersonBP/Maps/ProceduralMap?Name=Player
[2018.03.28-19.33.18:255][694]LogAIModule: Creating AISystem for world ProceduralMap
[2018.03.28-19.33.18:969][694]LogLoad: Game class is 'RunGameMode_C'
[2018.03.28-19.33.18:989][694]LogWorld: Bringing World /Game/ThirdPersonBP/Maps/ProceduralMap.ProceduralMap up for play (max tick rate 0) at 2018.03.28-15.33.18
[2018.03.28-19.33.18:990][694]LogWorld: Bringing up level for play took: 0.018959
[2018.03.28-19.33.19:061][694]LogLoad: Took 2.100009 seconds to LoadMap(/Game/ThirdPersonBP/Maps/ProceduralMap)
[2018.03.28-19.33.56:928][  4]LogCharacterMovement: CHris_char is stuck and failed to move! Velocity: X=12.90 Y=0.35 Z=0.00 Location: X=-25658.73 Y=-40718.32 Z=-1506.85 Normal: X=-0.03 Y=1.00 Z=-0.00 PenetrationDepth:20.760 Actor:Bucket_BP_52 Component:StaticMesh BoneName:None (0 other events since notify)
[2018.03.28-19.33.58:943][129]LogNet: Browse: /Game/ThirdPersonBP/Maps/ProceduralMap?Name=Player?restart
[2018.03.28-19.33.58:944][129]LogLoad: LoadMap: /Game/ThirdPersonBP/Maps/ProceduralMap?Name=Player
[2018.03.28-19.34.00:290][129]LogAIModule: Creating AISystem for world ProceduralMap
[2018.03.28-19.34.00:935][129]LogLoad: Game class is 'RunGameMode_C'
[2018.03.28-19.34.00:948][129]LogWorld: Bringing World /Game/ThirdPersonBP/Maps/ProceduralMap.ProceduralMap up for play (max tick rate 0) at 2018.03.28-15.34.00
[2018.03.28-19.34.00:949][129]LogWorld: Bringing up level for play took: 0.012461
[2018.03.28-19.34.01:004][129]LogLoad: Took 2.060441 seconds to LoadMap(/Game/ThirdPersonBP/Maps/ProceduralMap)
[2018.03.28-19.34.01:390][135]LogCharacterMovement: CHris_char is stuck and failed to move! Velocity: X=419.06 Y=0.00 Z=0.00 Location: X=713.01 Y=0.00 Z=103.15 Normal: X=1.00 Y=0.00 Z=-0.00 PenetrationDepth:20.760 Actor:Bucket_BP_52 Component:StaticMesh BoneName:None (0 other events since notify)
[2018.03.28-19.34.03:491][264]LogNet: Browse: /Game/ThirdPersonBP/Maps/ProceduralMap?Name=Player?restart
[2018.03.28-19.34.03:491][264]LogLoad: LoadMap: /Game/ThirdPersonBP/Maps/ProceduralMap?Name=Player
[2018.03.28-19.34.04:425][264]LogAIModule: Creating AISystem for world ProceduralMap
[2018.03.28-19.34.04:887][264]LogLoad: Game class is 'RunGameMode_C'
[2018.03.28-19.34.04:896][264]LogWorld: Bringing World /Game/ThirdPersonBP/Maps/ProceduralMap.ProceduralMap up for play (max tick rate 0) at 2018.03.28-15.34.04
[2018.03.28-19.34.04:897][264]LogWorld: Bringing up level for play took: 0.009047
[2018.03.28-19.34.04:941][264]LogLoad: Took 1.450643 seconds to LoadMap(/Game/ThirdPersonBP/Maps/ProceduralMap)
[2018.03.28-19.34.21:612][274]LogCharacterMovement: CHris_char is stuck and failed to move! Velocity: X=12.43 Y=3.45 Z=0.00 Location: X=20854.69 Y=19452.80 Z=228.15 Normal: X=0.95 Y=0.32 Z=-0.00 PenetrationDepth:20.760 Actor:Bucket_BP_52 Component:StaticMesh BoneName:None (0 other events since notify)
[2018.03.28-19.34.34:622][ 80]LogCharacterMovement: CHris_char is stuck and failed to move! Velocity: X=-9.12 Y=9.13 Z=0.00 Location: X=41075.13 Y=36451.98 Z=658.15 Normal: X=0.00 Y=1.00 Z=-0.00 PenetrationDepth:20.760 Actor:Bucket_BP_52 Component:StaticMesh BoneName:None (9 other events since notify)
[2018.03.28-19.34.38:954][348]LogCharacterMovement: CHris_char is stuck and failed to move! Velocity: X=-9.12 Y=9.12 Z=0.00 Location: X=32290.92 Y=36452.66 Z=1208.15 Normal: X=-0.71 Y=0.71 Z=-0.00 PenetrationDepth:20.761 Actor:Bucket_BP_52 Component:StaticMesh BoneName:None (11 other events since notify)
[2018.03.28-19.34.47:721][880]LogCharacterMovement: CHris_char is stuck and failed to move! Velocity: X=0.30 Y=12.90 Z=0.00 Location: X=25793.09 Y=16547.02 Z=-346.85 Normal: X=0.99 Y=0.13 Z=-0.00 PenetrationDepth:20.762 Actor:Bucket_BP_52 Component:StaticMesh BoneName:None (6 other events since notify)
[2018.03.28-19.34.49:797][  0]LogNet: Browse: /Game/ThirdPersonBP/Maps/ProceduralMap?Name=Player?restart
[2018.03.28-19.34.49:797][  0]LogLoad: LoadMap: /Game/ThirdPersonBP/Maps/ProceduralMap?Name=Player
[2018.03.28-19.34.50:696][  0]LogAIModule: Creating AISystem for world ProceduralMap
[2018.03.28-19.34.51:187][  0]LogLoad: Game class is 'RunGameMode_C'
[2018.03.28-19.34.51:201][  0]LogWorld: Bringing World /Game/ThirdPersonBP/Maps/ProceduralMap.ProceduralMap up for play (max tick rate 0) at 2018.03.28-15.34.51
[2018.03.28-19.34.51:203][  0]LogWorld: Bringing up level for play took: 0.013961
[2018.03.28-19.34.51:251][  0]LogLoad: Took 1.454616 seconds to LoadMap(/Game/ThirdPersonBP/Maps/ProceduralMap)
[2018.03.28-19.35.08:596][ 60]LogCharacterMovement: CHris_char is stuck and failed to move! Velocity: X=12.22 Y=4.14 Z=0.00 Location: X=21249.11 Y=-21452.92 Z=503.15 Normal: X=0.87 Y=-0.49 Z=-0.00 PenetrationDepth:20.760 Actor:Bucket_BP_52 Component:StaticMesh BoneName:None (0 other events since notify)
[2018.03.28-19.35.20:242][782]LogNet: Browse: /Game/ThirdPersonBP/Maps/ProceduralMap?Name=Player?restart
[2018.03.28-19.35.20:243][782]LogLoad: LoadMap: /Game/ThirdPersonBP/Maps/ProceduralMap?Name=Player
[2018.03.28-19.35.21:153][782]LogAIModule: Creating AISystem for world ProceduralMap
[2018.03.28-19.35.21:637][782]LogLoad: Game class is 'RunGameMode_C'
[2018.03.28-19.35.21:647][782]LogWorld: Bringing World /Game/ThirdPersonBP/Maps/ProceduralMap.ProceduralMap up for play (max tick rate 0) at 2018.03.28-15.35.21
[2018.03.28-19.35.21:648][782]LogWorld: Bringing up level for play took: 0.010074
[2018.03.28-19.35.21:694][782]LogLoad: Took 1.452253 seconds to LoadMap(/Game/ThirdPersonBP/Maps/ProceduralMap)
[2018.03.28-19.35.37:321][729]LogCharacterMovement: CHris_char is stuck and failed to move! Velocity: X=120.81 Y=-451.73 Z=0.00 Location: X=18583.32 Y=-12202.77 Z=-773.09 Normal: X=0.18 Y=-0.98 Z=-0.00 PenetrationDepth:20.760 Actor:Bucket_BP_52 Component:StaticMesh BoneName:None (0 other events since notify)
[2018.03.28-19.35.38:450][799]LogCharacterMovement: CHris_char is stuck and failed to move! Velocity: X=9.13 Y=-9.12 Z=0.00 Location: X=18440.22 Y=-12446.98 Z=-736.47 Normal: X=0.00 Y=-1.00 Z=-0.00 PenetrationDepth:20.760 Actor:Bucket_BP_52 Component:StaticMesh BoneName:None (34 other events since notify)
[2018.03.28-19.35.41:031][959]LogCharacterMovement: CHris_char is stuck and failed to move! Velocity: X=9.13 Y=-9.12 Z=0.00 Location: X=18440.22 Y=-12446.98 Z=-736.47 Normal: X=0.00 Y=-1.00 Z=-0.00 PenetrationDepth:20.760 Actor:Bucket_BP_52 Component:StaticMesh BoneName:None (11 other events since notify)
[2018.03.28-19.35.42:030][ 21]LogCharacterMovement: CHris_char is stuck and failed to move! Velocity: X=-63.86 Y=-63.88 Z=0.00 Location: X=18616.64 Y=-12698.84 Z=-698.69 Normal: X=-0.30 Y=-0.95 Z=-0.00 PenetrationDepth:20.760 Actor:Bucket_BP_52 Component:StaticMesh BoneName:None (41 other events since notify)
[2018.03.28-19.35.43:031][ 83]LogCharacterMovement: CHris_char is stuck and failed to move! Velocity: X=-18.25 Y=-18.25 Z=0.00 Location: X=18593.69 Y=-12878.92 Z=-671.68 Normal: X=0.00 Y=-1.00 Z=-0.00 PenetrationDepth:20.760 Actor:Bucket_BP_52 Component:StaticMesh BoneName:None (44 other events since notify)
[2018.03.28-19.35.45:113][212]LogCharacterMovement: CHris_char is stuck and failed to move! Velocity: X=-6.95 Y=-302.41 Z=0.00 Location: X=18377.54 Y=-14549.06 Z=-596.15 Normal: X=0.00 Y=-1.00 Z=-0.00 PenetrationDepth:20.760 Actor:Bucket_BP_52 Component:StaticMesh BoneName:None (10 other events since notify)
[2018.03.28-19.35.48:290][409]LogCharacterMovement: CHris_char is stuck and failed to move! Velocity: X=9.09 Y=-9.15 Z=0.00 Location: X=18952.77 Y=-16523.32 Z=-304.80 Normal: X=0.72 Y=-0.70 Z=-0.00 PenetrationDepth:20.759 Actor:Bucket_BP_52 Component:StaticMesh BoneName:None (0 other events since notify)
[2018.03.28-19.35.49:613][491]LogCharacterMovement: CHris_char is stuck and failed to move! Velocity: X=9.12 Y=-9.13 Z=0.00 Location: X=18952.77 Y=-16523.32 Z=-304.80 Normal: X=0.71 Y=-0.71 Z=0.00 PenetrationDepth:20.760 Actor:Bucket_BP_52 Component:StaticMesh BoneName:None (38 other events since notify)
[2018.03.28-19.36.07:820][615]LogNet: Browse: /Game/ThirdPersonBP/Maps/ProceduralMap?Name=Player?restart
[2018.03.28-19.36.07:821][615]LogLoad: LoadMap: /Game/ThirdPersonBP/Maps/ProceduralMap?Name=Player
[2018.03.28-19.36.08:699][615]LogAIModule: Creating AISystem for world ProceduralMap
[2018.03.28-19.36.09:123][615]LogLoad: Game class is 'RunGameMode_C'
[2018.03.28-19.36.09:132][615]LogWorld: Bringing World /Game/ThirdPersonBP/Maps/ProceduralMap.ProceduralMap up for play (max tick rate 0) at 2018.03.28-15.36.09
[2018.03.28-19.36.09:132][615]LogWorld: Bringing up level for play took: 0.008183
[2018.03.28-19.36.09:166][615]LogLoad: Took 1.345436 seconds to LoadMap(/Game/ThirdPersonBP/Maps/ProceduralMap)
[2018.03.28-19.36.21:076][343]LogCharacterMovement: CHris_char is stuck and failed to move! Velocity: X=9.13 Y=9.12 Z=0.00 Location: X=16952.51 Y=7860.07 Z=60.75 Normal: X=0.71 Y=0.71 Z=-0.00 PenetrationDepth:20.760 Actor:Bucket_BP_52 Component:StaticMesh BoneName:None (0 other events since notify)
[2018.03.28-19.36.22:076][405]LogCharacterMovement: CHris_char is stuck and failed to move! Velocity: X=264.63 Y=264.58 Z=0.00 Location: X=16952.51 Y=7860.07 Z=60.75 Normal: X=0.71 Y=0.71 Z=-0.00 PenetrationDepth:20.760 Actor:Bucket_BP_52 Component:StaticMesh BoneName:None (60 other events since notify)
[2018.03.28-19.36.23:076][467]LogCharacterMovement: CHris_char is stuck and failed to move! Velocity: X=0.00 Y=12.90 Z=0.00 Location: X=16952.97 Y=7885.32 Z=64.34 Normal: X=0.00 Y=1.00 Z=-0.00 PenetrationDepth:20.760 Actor:Bucket_BP_52 Component:StaticMesh BoneName:None (53 other events since notify)
[2018.03.28-19.36.24:076][529]LogCharacterMovement: CHris_char is stuck and failed to move! Velocity: X=0.02 Y=193.55 Z=0.00 Location: X=16952.97 Y=7885.32 Z=64.34 Normal: X=0.00 Y=1.00 Z=-0.00 PenetrationDepth:20.760 Actor:Bucket_BP_52 Component:StaticMesh BoneName:None (59 other events since notify)
[2018.03.28-19.36.25:076][591]LogCharacterMovement: CHris_char is stuck and failed to move! Velocity: X=0.01 Y=64.52 Z=0.00 Location: X=16952.97 Y=7885.32 Z=64.34 Normal: X=0.00 Y=1.00 Z=-0.00 PenetrationDepth:20.760 Actor:Bucket_BP_52 Component:StaticMesh BoneName:None (58 other events since notify)
[2018.03.28-19.36.26:431][675]LogCharacterMovement: CHris_char is stuck and failed to move! Velocity: X=-28.49 Y=22.47 Z=0.00 Location: X=16952.95 Y=9022.49 Z=252.78 Normal: X=0.30 Y=0.95 Z=-0.00 PenetrationDepth:20.760 Actor:Bucket_BP_52 Component:StaticMesh BoneName:None (37 other events since notify)
[2018.03.28-19.36.27:431][737]LogCharacterMovement: CHris_char is stuck and failed to move! Velocity: X=0.01 Y=64.52 Z=0.00 Location: X=16952.98 Y=9062.60 Z=240.93 Normal: X=0.00 Y=1.00 Z=-0.00 PenetrationDepth:20.760 Actor:Bucket_BP_52 Component:StaticMesh BoneName:None (51 other events since notify)
[2018.03.28-19.36.28:431][799]LogCharacterMovement: CHris_char is stuck and failed to move! Velocity: X=7.95 Y=22.52 Z=0.00 Location: X=16806.22 Y=9228.78 Z=265.81 Normal: X=0.69 Y=0.72 Z=-0.00 PenetrationDepth:20.760 Actor:Bucket_BP_52 Component:StaticMesh BoneName:None (47 other events since notify)
[2018.03.28-19.36.35:139][204]LogAudio: Warning: Detected orphaned looping sound 'Light01_Cue'.
[2018.03.28-19.36.35:376][215]LogAudio: Warning: Detected orphaned looping sound 'Light01_Cue'.
[2018.03.28-19.36.42:556][651]LogAudio: Warning: Detected orphaned looping sound 'Light01_Cue'.
[2018.03.28-19.36.51:385][196]LogNet: Browse: /Game/ThirdPersonBP/Maps/ProceduralMap?Name=Player?restart
[2018.03.28-19.36.51:385][196]LogLoad: LoadMap: /Game/ThirdPersonBP/Maps/ProceduralMap?Name=Player
[2018.03.28-19.36.52:347][196]LogAIModule: Creating AISystem for world ProceduralMap
[2018.03.28-19.36.52:849][196]LogLoad: Game class is 'RunGameMode_C'
[2018.03.28-19.36.52:862][196]LogWorld: Bringing World /Game/ThirdPersonBP/Maps/ProceduralMap.ProceduralMap up for play (max tick rate 0) at 2018.03.28-15.36.52
[2018.03.28-19.36.52:863][196]LogWorld: Bringing up level for play took: 0.012066
[2018.03.28-19.36.52:914][196]LogLoad: Took 1.528208 seconds to LoadMap(/Game/ThirdPersonBP/Maps/ProceduralMap)
[2018.03.28-19.36.55:381][333]LogNet: Browse: /Game/ThirdPersonBP/Maps/ProceduralMap?Name=Player?restart
[2018.03.28-19.36.55:381][333]LogLoad: LoadMap: /Game/ThirdPersonBP/Maps/ProceduralMap?Name=Player
[2018.03.28-19.36.56:372][333]LogAIModule: Creating AISystem for world ProceduralMap
[2018.03.28-19.36.56:895][333]LogLoad: Game class is 'RunGameMode_C'
[2018.03.28-19.36.56:907][333]LogWorld: Bringing World /Game/ThirdPersonBP/Maps/ProceduralMap.ProceduralMap up for play (max tick rate 0) at 2018.03.28-15.36.56
[2018.03.28-19.36.56:909][333]LogWorld: Bringing up level for play took: 0.012314
[2018.03.28-19.36.56:958][333]LogLoad: Took 1.576642 seconds to LoadMap(/Game/ThirdPersonBP/Maps/ProceduralMap)
[2018.03.28-19.37.11:732][225]LogAudio: Warning: Detected orphaned looping sound 'Light01_Cue'.
[2018.03.28-19.37.42:921][137]LogAudio: Warning: Detected orphaned looping sound 'Light01_Cue'.
[2018.03.28-19.38.48:420][168]LogAudio: Warning: Detected orphaned looping sound 'Light01_Cue'.
[2018.03.28-19.38.56:965][694]LogNet: Browse: /Game/ThirdPersonBP/Maps/ProceduralMap?Name=Player?restart
[2018.03.28-19.38.56:966][694]LogLoad: LoadMap: /Game/ThirdPersonBP/Maps/ProceduralMap?Name=Player
[2018.03.28-19.38.58:108][694]LogAIModule: Creating AISystem for world ProceduralMap
[2018.03.28-19.38.58:753][694]LogLoad: Game class is 'RunGameMode_C'
[2018.03.28-19.38.58:768][694]LogWorld: Bringing World /Game/ThirdPersonBP/Maps/ProceduralMap.ProceduralMap up for play (max tick rate 0) at 2018.03.28-15.38.58
[2018.03.28-19.38.58:770][694]LogWorld: Bringing up level for play took: 0.014722
[2018.03.28-19.38.58:844][694]LogLoad: Took 1.878393 seconds to LoadMap(/Game/ThirdPersonBP/Maps/ProceduralMap)
[2018.03.28-19.39.22:360][132]LogCharacterMovement: CHris_char is stuck and failed to move! Velocity: X=-9.13 Y=9.12 Z=0.00 Location: X=9300.17 Y=-20547.09 Z=171.60 Normal: X=-0.90 Y=0.44 Z=-0.00 PenetrationDepth:20.760 Actor:Bucket_BP_52 Component:StaticMesh BoneName:None (0 other events since notify)
[2018.03.28-19.39.25:881][350]LogCharacterMovement: CHris_char is stuck and failed to move! Velocity: X=-1.72 Y=-12.79 Z=0.00 Location: X=3105.09 Y=-21452.19 Z=473.15 Normal: X=-0.16 Y=-0.99 Z=-0.00 PenetrationDepth:20.759 Actor:Bucket_BP_52 Component:StaticMesh BoneName:None (7 other events since notify)
[2018.03.28-19.39.27:688][462]LogCharacterMovement: CHris_char is stuck and failed to move! Velocity: X=9.12 Y=-9.12 Z=0.00 Location: X=3106.03 Y=-21452.90 Z=473.15 Normal: X=-0.00 Y=-1.00 Z=-0.00 PenetrationDepth:20.760 Actor:Bucket_BP_52 Component:StaticMesh BoneName:None (39 other events since notify)
[2018.03.28-19.39.32:430][756]LogCharacterMovement: CHris_char is stuck and failed to move! Velocity: X=9.12 Y=-9.13 Z=0.00 Location: X=3106.03 Y=-21452.90 Z=473.15 Normal: X=-0.00 Y=-1.00 Z=-0.00 PenetrationDepth:20.760 Actor:Bucket_BP_52 Component:StaticMesh BoneName:None (23 other events since notify)
[2018.03.28-19.39.35:398][940]LogCharacterMovement: CHris_char is stuck and failed to move! Velocity: X=9.12 Y=-9.12 Z=0.00 Location: X=3106.03 Y=-21452.90 Z=473.15 Normal: X=-0.00 Y=-1.00 Z=-0.00 PenetrationDepth:20.760 Actor:Bucket_BP_52 Component:StaticMesh BoneName:None (21 other events since notify)
[2018.03.28-19.39.45:722][580]Closing by request
[2018.03.28-19.39.45:722][580]LogWindows: FPlatformMisc::RequestExit(0)
[2018.03.28-19.39.46:508][581]LogExit: Preparing to exit.
[2018.03.28-19.39.46:508][581]LogMoviePlayer: Shutting down movie player
[2018.03.28-19.39.46:809][581]LogExit: Game engine shut down
[2018.03.28-19.39.46:911][581]LogExit: Object subsystem successfully closed.
[2018.03.28-19.39.46:937][581]LogD3D11RHI: Shutdown
[2018.03.28-19.39.46:937][581]LogD3D11RHI: CleanupD3DDevice
[2018.03.28-19.39.46:943][581]LogD3D11RHI: ~FD3D11DynamicRHI
[2018.03.28-19.39.46:962][581]LogModuleManager: Shutting down and abandoning module SequenceRecorderSections (312)
[2018.03.28-19.39.46:962][581]LogModuleManager: Shutting down and abandoning module SequenceRecorder (310)
[2018.03.28-19.39.46:962][581]LogModuleManager: Shutting down and abandoning module AutomationController (308)
[2018.03.28-19.39.46:962][581]LogModuleManager: Shutting down and abandoning module AutomationWorker (306)
[2018.03.28-19.39.46:962][581]LogModuleManager: Shutting down and abandoning module AIModule (304)
[2018.03.28-19.39.46:962][581]LogModuleManager: Shutting down and abandoning module GameplayDebugger (303)
[2018.03.28-19.39.46:962][581]LogModuleManager: Shutting down and abandoning module AITestSuite (301)
[2018.03.28-19.39.46:962][581]LogModuleManager: Shutting down and abandoning module WmfMediaFactory (298)
[2018.03.28-19.39.46:962][581]LogModuleManager: Shutting down and abandoning module OpenExrWrapper (296)
[2018.03.28-19.39.46:962][581]LogModuleManager: Shutting down and abandoning module ImgMediaFactory (294)
[2018.03.28-19.39.46:962][581]LogModuleManager: Shutting down and abandoning module AvfMediaFactory (292)
[2018.03.28-19.39.46:962][581]LogModuleManager: Shutting down and abandoning module CharacterAI (290)
[2018.03.28-19.39.46:962][581]LogModuleManager: Shutting down and abandoning module SessionServices (288)
[2018.03.28-19.39.46:962][581]LogModuleManager: Shutting down and abandoning module MovieSceneCapture (286)
[2018.03.28-19.39.46:962][581]LogModuleManager: Shutting down and abandoning module MovieSceneTracks (284)
[2018.03.28-19.39.46:962][581]LogModuleManager: Shutting down and abandoning module MovieScene (282)
[2018.03.28-19.39.46:962][581]LogModuleManager: Shutting down and abandoning module GeometryCache (280)
[2018.03.28-19.39.46:963][581]LogModuleManager: Shutting down and abandoning module GeometryCacheEd (279)
[2018.03.28-19.39.46:963][581]LogModuleManager: Shutting down and abandoning module StreamingPauseRendering (276)
[2018.03.28-19.39.46:963][581]LogModuleManager: Shutting down and abandoning module PortalServices (274)
[2018.03.28-19.39.46:963][581]LogModuleManager: Shutting down and abandoning module PortalRpc (272)
[2018.03.28-19.39.46:963][581]LogModuleManager: Shutting down and abandoning module MessagingRpc (270)
[2018.03.28-19.39.46:963][581]LogModuleManager: Shutting down and abandoning module ProfilerService (268)
[2018.03.28-19.39.47:005][581]LogModuleManager: Shutting down and abandoning module TaskGraph (266)
[2018.03.28-19.39.47:005][581]LogModuleManager: Shutting down and abandoning module SteamVRController (264)
[2018.03.28-19.39.47:005][581]LogModuleManager: Shutting down and abandoning module ProceduralMeshComponent (262)
[2018.03.28-19.39.47:005][581]LogModuleManager: Shutting down and abandoning module OculusInput (260)
[2018.03.28-19.39.47:005][581]LogModuleManager: Shutting down and abandoning module MobilePatchingUtils (258)
[2018.03.28-19.39.47:005][581]LogModuleManager: Shutting down and abandoning module CustomMeshComponent (256)
[2018.03.28-19.39.47:005][581]LogModuleManager: Shutting down and abandoning module CableComponent (254)
[2018.03.28-19.39.47:005][581]LogModuleManager: Shutting down and abandoning module ArchVisCharacter (252)
[2018.03.28-19.39.47:005][581]LogModuleManager: Shutting down and abandoning module AndroidPermission (250)
[2018.03.28-19.39.47:005][581]LogModuleManager: Shutting down and abandoning module ActorSequence (246)
[2018.03.28-19.39.47:005][581]LogModuleManager: Shutting down and abandoning module MediaCompositing (244)
[2018.03.28-19.39.47:005][581]LogModuleManager: Shutting down and abandoning module HTML5Networking (242)
[2018.03.28-19.39.47:005][581]LogModuleManager: Shutting down and abandoning module VisualStudioSourceCodeAccess (240)
[2018.03.28-19.39.47:006][581]LogModuleManager: Shutting down and abandoning module HotReload (239)
[2018.03.28-19.39.47:006][581]LogModuleManager: Shutting down and abandoning module VisualStudioCodeSourceCodeAccess (236)
[2018.03.28-19.39.47:006][581]LogModuleManager: Shutting down and abandoning module UObjectPlugin (234)
[2018.03.28-19.39.47:006][581]LogModuleManager: Shutting down and abandoning module SubversionSourceControl (232)
[2018.03.28-19.39.47:006][581]LogModuleManager: Shutting down and abandoning module PerforceSourceControl (230)
[2018.03.28-19.39.47:006][581]LogModuleManager: Shutting down and abandoning module SourceControl (229)
[2018.03.28-19.39.47:006][581]LogModuleManager: Shutting down and abandoning module RuntimePhysXCooking (226)
[2018.03.28-19.39.47:006][581]LogModuleManager: Shutting down and abandoning module PhysXVehiclesEditor (224)
[2018.03.28-19.39.47:006][581]LogModuleManager: Shutting down and abandoning module PhysXVehicles (222)
[2018.03.28-19.39.47:006][581]LogModuleManager: Shutting down and abandoning module LocationServicesBPLibrary (220)
[2018.03.28-19.39.47:006][581]LogModuleManager: Shutting down and abandoning module ImmediatePhysicsEditor (218)
[2018.03.28-19.39.47:006][581]LogModuleManager: Shutting down and abandoning module ImmediatePhysics (216)
[2018.03.28-19.39.47:006][581]LogModuleManager: Shutting down and abandoning module UdpMessaging (214)
[2018.03.28-19.39.47:107][581]LogModuleManager: Shutting down and abandoning module TcpMessaging (212)
[2018.03.28-19.39.47:482][581]LogModuleManager: Shutting down and abandoning module GameplayTagsEditor (210)
[2018.03.28-19.39.47:482][581]LogModuleManager: Shutting down and abandoning module FacialAnimation (208)
[2018.03.28-19.39.47:482][581]LogModuleManager: Shutting down and abandoning module AssetManagerEditor (206)
[2018.03.28-19.39.47:482][581]LogModuleManager: Shutting down and abandoning module GraphEditor (205)
[2018.03.28-19.39.47:483][581]LogModuleManager: Shutting down and abandoning module ContentBrowser (203)
[2018.03.28-19.39.47:483][581]LogModuleManager: Shutting down and abandoning module CollectionManager (202)
[2018.03.28-19.39.47:483][581]LogDirectoryWatcher: A directory notification for 'C:/Users/rudra/Documents/UPenn Documents/Spring 2018 Class Docs/CIS 568 Game Design Practicum/Game1 (Rishabh Git Repo)/Water-Run/WaterRunner/Content/Collections/' was aborted.
[2018.03.28-19.39.47:483][581]LogDirectoryWatcher: A directory notification for 'C:/Users/rudra/Documents/UPenn Documents/Spring 2018 Class Docs/CIS 568 Game Design Practicum/Game1 (Rishabh Git Repo)/Water-Run/WaterRunner/Content/Developers/rudra/Collections/' was aborted.
[2018.03.28-19.39.47:483][581]LogDirectoryWatcher: A directory notification for 'C:/Users/rudra/Documents/UPenn Documents/Spring 2018 Class Docs/CIS 568 Game Design Practicum/Game1 (Rishabh Git Repo)/Water-Run/WaterRunner/Saved/Collections/' was aborted.
[2018.03.28-19.39.47:483][581]LogModuleManager: Shutting down and abandoning module DirectoryWatcher (201)
[2018.03.28-19.39.47:484][581]LogModuleManager: Shutting down and abandoning module LightPropagationVolumeRuntime (196)
[2018.03.28-19.39.47:484][581]LogModuleManager: Shutting down and abandoning module Paper2D (194)
[2018.03.28-19.39.47:484][581]LogModuleManager: Shutting down and abandoning module WindowsMoviePlayer (192)
[2018.03.28-19.39.47:484][581]LogModuleManager: Shutting down and abandoning module WmfMedia (190)
[2018.03.28-19.39.47:486][581]LogModuleManager: Shutting down and abandoning module ImgMedia (188)
[2018.03.28-19.39.47:486][581]LogModuleManager: Shutting down and abandoning module PacketHandler (186)
[2018.03.28-19.39.47:486][581]LogModuleManager: Shutting down and abandoning module ClothingSystemEditor (184)
[2018.03.28-19.39.47:486][581]LogModuleManager: Shutting down and abandoning module ClothingSystemRuntime (182)
[2018.03.28-19.39.47:486][581]LogModuleManager: Shutting down and abandoning module MediaAssets (180)
[2018.03.28-19.39.47:487][581]LogModuleManager: Shutting down and abandoning module Media (179)
[2018.03.28-19.39.47:493][581]LogModuleManager: Shutting down and abandoning module Overlay (176)
[2018.03.28-19.39.47:493][581]LogModuleManager: Shutting down and abandoning module OverlayEditor (175)
[2018.03.28-19.39.47:493][581]LogModuleManager: Shutting down and abandoning module VREditor (172)
[2018.03.28-19.39.47:493][581]LogModuleManager: Shutting down and abandoning module StringTableEditor (170)
[2018.03.28-19.39.47:493][581]LogModuleManager: Shutting down and abandoning module GameplayTasksEditor (168)
[2018.03.28-19.39.47:493][581]LogModuleManager: Shutting down and abandoning module BehaviorTreeEditor (166)
[2018.03.28-19.39.47:493][581]LogModuleManager: Shutting down and abandoning module FunctionalTesting (164)
[2018.03.28-19.39.47:493][581]LogModuleManager: Shutting down and abandoning module CollisionAnalyzer (162)
[2018.03.28-19.39.47:494][581]LogModuleManager: Shutting down and abandoning module WorkspaceMenuStructure (161)
[2018.03.28-19.39.47:494][581]LogModuleManager: Shutting down and abandoning module UMG (158)
[2018.03.28-19.39.47:494][581]LogModuleManager: Shutting down and abandoning module UMGEditor (157)
[2018.03.28-19.39.47:494][581]LogModuleManager: Shutting down and abandoning module Sequencer (156)
[2018.03.28-19.39.47:494][581]LogModuleManager: Shutting down and abandoning module MessageLog (153)
[2018.03.28-19.39.47:494][581]LogModuleManager: Shutting down and abandoning module SlateReflector (148)
[2018.03.28-19.39.47:494][581]LogModuleManager: Shutting down and abandoning module Slate (146)
[2018.03.28-19.39.47:494][581]LogModuleManager: Shutting down and abandoning module EditorStyle (144)
[2018.03.28-19.39.47:498][581]LogModuleManager: Shutting down and abandoning module MRMesh (142)
[2018.03.28-19.39.47:498][581]LogModuleManager: Shutting down and abandoning module Messaging (140)
[2018.03.28-19.39.47:498][581]LogModuleManager: Shutting down and abandoning module SourceCodeAccess (138)
[2018.03.28-19.39.47:498][581]LogModuleManager: Shutting down and abandoning module HeadMountedDisplay (136)
[2018.03.28-19.39.47:498][581]LogModuleManager: Shutting down and abandoning module XAudio2 (134)
[2018.03.28-19.39.47:498][581]LogModuleManager: Shutting down and abandoning module Networking (132)
[2018.03.28-19.39.47:498][581]LogModuleManager: Shutting down and abandoning module Core (128)
[2018.03.28-19.39.47:498][581]LogModuleManager: Shutting down and abandoning module LevelSequence (126)
[2018.03.28-19.39.47:498][581]LogModuleManager: Shutting down and abandoning module KismetCompiler (124)
[2018.03.28-19.39.47:498][581]LogModuleManager: Shutting down and abandoning module MeshUtilities (122)
[2018.03.28-19.39.47:498][581]LogModuleManager: Shutting down and abandoning module MeshMergeUtilities (121)
[2018.03.28-19.39.47:498][581]LogModuleManager: Shutting down and abandoning module MeshReductionInterface (120)
[2018.03.28-19.39.47:498][581]LogModuleManager: Shutting down and abandoning module SimplygonSwarm (119)
[2018.03.28-19.39.47:498][581]LogModuleManager: Shutting down and abandoning module SimplygonMeshReduction (117)
[2018.03.28-19.39.47:498][581]LogModuleManager: Shutting down and abandoning module QuadricMeshReduction (115)
[2018.03.28-19.39.47:498][581]LogModuleManager: Shutting down and abandoning module MaterialBaking (111)
[2018.03.28-19.39.47:499][581]LogModuleManager: Shutting down and abandoning module DerivedDataCache (106)
[2018.03.28-19.39.47:559][581]LogDerivedDataCache: Shutdown
[2018.03.28-19.39.47:559][581]LogModuleManager: Shutting down and abandoning module TargetPlatform (104)
[2018.03.28-19.39.47:559][581]LogModuleManager: Shutting down and abandoning module VulkanShaderFormat (103)
[2018.03.28-19.39.47:559][581]LogModuleManager: Shutting down and abandoning module ShaderFormatVectorVM (101)
[2018.03.28-19.39.47:559][581]LogModuleManager: Shutting down and abandoning module ShaderFormatOpenGL (99)
[2018.03.28-19.39.47:560][581]LogModuleManager: Shutting down and abandoning module ShaderFormatD3D (97)
[2018.03.28-19.39.47:560][581]LogModuleManager: Shutting down and abandoning module MetalShaderFormat (95)
[2018.03.28-19.39.47:560][581]LogModuleManager: Shutting down and abandoning module TextureFormatUncompressed (93)
[2018.03.28-19.39.47:560][581]LogModuleManager: Shutting down and abandoning module TextureFormatPVR (91)
[2018.03.28-19.39.47:560][581]LogModuleManager: Shutting down and abandoning module TextureFormatDXT (89)
[2018.03.28-19.39.47:560][581]LogModuleManager: Shutting down and abandoning module TextureFormatIntelISPCTexComp (87)
[2018.03.28-19.39.47:560][581]LogModuleManager: Shutting down and abandoning module TextureFormatASTC (85)
[2018.03.28-19.39.47:560][581]LogModuleManager: Shutting down and abandoning module ImageWrapper (84)
[2018.03.28-19.39.47:560][581]LogModuleManager: Shutting down and abandoning module TextureFormatAndroid (81)
[2018.03.28-19.39.47:560][581]LogModuleManager: Shutting down and abandoning module AudioFormatOpus (79)
[2018.03.28-19.39.47:560][581]LogModuleManager: Shutting down and abandoning module AudioFormatOgg (77)
[2018.03.28-19.39.47:560][581]LogModuleManager: Shutting down and abandoning module AudioFormatADPCM (75)
[2018.03.28-19.39.47:560][581]LogModuleManager: Shutting down and abandoning module WindowsTargetPlatform (73)
[2018.03.28-19.39.47:560][581]LogModuleManager: Shutting down and abandoning module WindowsServerTargetPlatform (71)
[2018.03.28-19.39.47:560][581]LogModuleManager: Shutting down and abandoning module WindowsNoEditorTargetPlatform (69)
[2018.03.28-19.39.47:560][581]LogModuleManager: Shutting down and abandoning module WindowsClientTargetPlatform (67)
[2018.03.28-19.39.47:560][581]LogModuleManager: Shutting down and abandoning module InputCore (64)
[2018.03.28-19.39.47:560][581]LogModuleManager: Shutting down and abandoning module Settings (62)
[2018.03.28-19.39.47:560][581]LogModuleManager: Shutting down and abandoning module PhysXCooking (60)
[2018.03.28-19.39.47:560][581]LogModuleManager: Shutting down and abandoning module SteamVR (58)
[2018.03.28-19.39.47:560][581]LogModuleManager: Shutting down and abandoning module OculusHMD (56)
[2018.03.28-19.39.47:560][581]LogModuleManager: Shutting down and abandoning module ExampleDeviceProfileSelector (54)
[2018.03.28-19.39.47:560][581]LogModuleManager: Shutting down and abandoning module AppleARKit (52)
[2018.03.28-19.39.47:560][581]LogModuleManager: Shutting down and abandoning module AugmentedReality (51)
[2018.03.28-19.39.47:560][581]LogModuleManager: Shutting down and abandoning module OnlineBlueprintSupport (48)
[2018.03.28-19.39.47:560][581]LogModuleManager: Shutting down and abandoning module OnlineSubsystem (44)
[2018.03.28-19.39.47:560][581]LogModuleManager: Shutting down and abandoning module XMPP (43)
[2018.03.28-19.39.47:561][581]LogModuleManager: Shutting down and abandoning module HTTP (41)
[2018.03.28-19.39.47:579][581]LogModuleManager: Shutting down and abandoning module SSL (40)
[2018.03.28-19.39.47:581][581]LogModuleManager: Shutting down and abandoning module AnimationModifiers (36)
[2018.03.28-19.39.47:581][581]LogModuleManager: Shutting down and abandoning module PropertyEditor (35)
[2018.03.28-19.39.47:581][581]LogModuleManager: Shutting down and abandoning module AudioEditor (32)
[2018.03.28-19.39.47:581][581]LogModuleManager: Shutting down and abandoning module TextureCompressor (30)
[2018.03.28-19.39.47:581][581]LogModuleManager: Shutting down and abandoning module ShaderCore (28)
[2018.03.28-19.39.47:581][581]LogModuleManager: Shutting down and abandoning module Landscape (26)
[2018.03.28-19.39.47:581][581]LogModuleManager: Shutting down and abandoning module SlateRHIRenderer (24)
[2018.03.28-19.39.47:582][581]LogModuleManager: Shutting down and abandoning module OpenGLDrv (22)
[2018.03.28-19.39.47:582][581]LogModuleManager: Shutting down and abandoning module D3D11RHI (20)
[2018.03.28-19.39.47:582][581]LogModuleManager: Shutting down and abandoning module AnimGraphRuntime (18)
[2018.03.28-19.39.47:582][581]LogModuleManager: Shutting down and abandoning module Renderer (16)
[2018.03.28-19.39.47:582][581]LogModuleManager: Shutting down and abandoning module Engine (14)
[2018.03.28-19.39.47:582][581]LogModuleManager: Shutting down and abandoning module CoreUObject (12)
[2018.03.28-19.39.47:582][581]LogModuleManager: Shutting down and abandoning module NetworkFile (10)
[2018.03.28-19.39.47:582][581]LogModuleManager: Shutting down and abandoning module CookedIterativeFile (8)
[2018.03.28-19.39.47:582][581]LogModuleManager: Shutting down and abandoning module StreamingFile (6)
[2018.03.28-19.39.47:582][581]LogModuleManager: Shutting down and abandoning module SandboxFile (4)
[2018.03.28-19.39.47:582][581]LogModuleManager: Shutting down and abandoning module PakFile (2)
[2018.03.28-19.39.47:586][581]LogExit: Exiting.
[2018.03.28-19.39.47:589][581]Log file closed, 03/28/18 15:39:47
