Log file open, 03/25/18 20:35:05
LogWindows: Failed to load 'aqProf.dll' (GetLastError=126)
LogWindows: File 'aqProf.dll' does not exist
LogWindows: Failed to load 'VtuneApi.dll' (GetLastError=126)
LogWindows: File 'VtuneApi.dll' does not exist
LogWindows: Failed to load 'VtuneApi32e.dll' (GetLastError=126)
LogWindows: File 'VtuneApi32e.dll' does not exist
LogInit: Display: Running engine for game: WaterRunnerAlpha_1
LogPlatformFile: Not using cached read wrapper
LogInit: Display: RandInit(1858896985) SRandInit(1858896985).
LogInit: Read version file with build ID '3709383'
LogInit: Overriding engine version to CL 3832480, compatible CL 3709383
LogInit: Registered custom module enumerator with build ID '3709383'
LogTaskGraph: Started task graph with 5 named threads and 14 total threads with 3 sets of task threads.
LogStats: Stats thread started at 0.526747
LogD3D11RHI: Aftermath initialized
LogModuleManager: Display: Found up-to-date module file ../../../Engine/Plugins/2D/Paper2D/Binaries/Win64/UE4Editor-Paper2D.dll (API version 3709383).
LogModuleManager: Display: Found up-to-date module file ../../../Engine/Plugins/2D/Paper2D/Binaries/Win64/UE4Editor-Paper2DEditor.dll (API version 3709383).
LogModuleManager: Display: Found up-to-date module file ../../../Engine/Plugins/2D/Paper2D/Binaries/Win64/UE4Editor-PaperSpriteSheetImporter.dll (API version 3709383).
LogModuleManager: Display: Found up-to-date module file ../../../Engine/Plugins/2D/Paper2D/Binaries/Win64/UE4Editor-PaperTiledImporter.dll (API version 3709383).
LogModuleManager: Display: Found up-to-date module file ../../../Engine/Plugins/2D/Paper2D/Binaries/Win64/UE4Editor-SmartSnapping.dll (API version 3709383).
LogModuleManager: Display: Found up-to-date module file ../../../Engine/Plugins/Blendables/LightPropagationVolume/Binaries/Win64/UE4Editor-LightPropagationVolumeRuntime.dll (API version 3709383).
LogModuleManager: Display: Found up-to-date module file ../../../Engine/Plugins/Blendables/LightPropagationVolume/Binaries/Win64/UE4Editor-LightPropagationVolumeEditor.dll (API version 3709383).
LogModuleManager: Display: Found up-to-date module file ../../../Engine/Plugins/Developer/GitSourceControl/Binaries/Win64/UE4Editor-GitSourceControl.dll (API version 3709383).
LogModuleManager: Display: Found up-to-date module file ../../../Engine/Plugins/Developer/PerforceSourceControl/Binaries/Win64/UE4Editor-PerforceSourceControl.dll (API version 3709383).
LogModuleManager: Display: Found up-to-date module file ../../../Engine/Plugins/Developer/SubversionSourceControl/Binaries/Win64/UE4Editor-SubversionSourceControl.dll (API version 3709383).
LogModuleManager: Display: Found up-to-date module file ../../../Engine/Plugins/Developer/UObjectPlugin/Binaries/Win64/UE4Editor-UObjectPlugin.dll (API version 3709383).
LogModuleManager: Display: Found up-to-date module file ../../../Engine/Plugins/Developer/VisualStudioCodeSourceCodeAccess/Binaries/Win64/UE4Editor-VisualStudioCodeSourceCodeAccess.dll (API version 3709383).
LogModuleManager: Display: Found up-to-date module file ../../../Engine/Plugins/Developer/VisualStudioSourceCodeAccess/Binaries/Win64/UE4Editor-VisualStudioSourceCodeAccess.dll (API version 3709383).
LogModuleManager: Display: Found up-to-date module file ../../../Engine/Plugins/Editor/AssetManagerEditor/Binaries/Win64/UE4Editor-AssetManagerEditor.dll (API version 3709383).
LogModuleManager: Display: Found up-to-date module file ../../../Engine/Plugins/Editor/AudioCapture/Binaries/Win64/UE4Editor-AudioCapture.dll (API version 3709383).
LogModuleManager: Display: Found up-to-date module file ../../../Engine/Plugins/Editor/FacialAnimation/Binaries/Win64/UE4Editor-FacialAnimation.dll (API version 3709383).
LogModuleManager: Display: Found up-to-date module file ../../../Engine/Plugins/Editor/FacialAnimation/Binaries/Win64/UE4Editor-FacialAnimationEditor.dll (API version 3709383).
LogModuleManager: Display: Found up-to-date module file ../../../Engine/Plugins/Editor/GameplayTagsEditor/Binaries/Win64/UE4Editor-GameplayTagsEditor.dll (API version 3709383).
LogModuleManager: Display: Found up-to-date module file ../../../Engine/Plugins/Editor/MobileLauncherProfileWizard/Binaries/Win64/UE4Editor-MobileLauncherProfileWizard.dll (API version 3709383).
LogModuleManager: Display: Found up-to-date module file ../../../Engine/Plugins/Editor/PluginBrowser/Binaries/Win64/UE4Editor-PluginBrowser.dll (API version 3709383).
LogModuleManager: Display: Found up-to-date module file ../../../Engine/Plugins/Editor/SpeedTreeImporter/Binaries/Win64/UE4Editor-SpeedTreeImporter.dll (API version 3709383).
LogModuleManager: Display: Found up-to-date module file ../../../Engine/Plugins/Experimental/AlembicImporter/Binaries/Win64/UE4Editor-AlembicImporter.dll (API version 3709383).
LogModuleManager: Display: Found up-to-date module file ../../../Engine/Plugins/Experimental/AlembicImporter/Binaries/Win64/UE4Editor-AlembicLibrary.dll (API version 3709383).
LogModuleManager: Display: Found up-to-date module file ../../../Engine/Plugins/Experimental/CharacterAI/Binaries/Win64/UE4Editor-CharacterAI.dll (API version 3709383).
LogModuleManager: Display: Found up-to-date module file ../../../Engine/Plugins/Experimental/HTML5Networking/Binaries/Win64/UE4Editor-HTML5Networking.dll (API version 3709383).
LogModuleManager: Display: Found up-to-date module file ../../../Engine/Plugins/Media/AndroidMedia/Binaries/Win64/UE4Editor-AndroidMediaEditor.dll (API version 3709383).
LogModuleManager: Display: Found up-to-date module file ../../../Engine/Plugins/Media/AndroidMedia/Binaries/Win64/UE4Editor-AndroidMediaFactory.dll (API version 3709383).
LogModuleManager: Display: Found up-to-date module file ../../../Engine/Plugins/Media/AvfMedia/Binaries/Win64/UE4Editor-AvfMediaEditor.dll (API version 3709383).
LogModuleManager: Display: Found up-to-date module file ../../../Engine/Plugins/Media/AvfMedia/Binaries/Win64/UE4Editor-AvfMediaFactory.dll (API version 3709383).
LogModuleManager: Display: Found up-to-date module file ../../../Engine/Plugins/Media/AvfMedia/Binaries/Win64/UE4Editor-AvfMediaFactory.dll (API version 3709383).
LogModuleManager: Display: Found up-to-date module file ../../../Engine/Plugins/Media/ImgMedia/Binaries/Win64/UE4Editor-ImgMedia.dll (API version 3709383).
LogModuleManager: Display: Found up-to-date module file ../../../Engine/Plugins/Media/ImgMedia/Binaries/Win64/UE4Editor-ImgMediaEditor.dll (API version 3709383).
LogModuleManager: Display: Found up-to-date module file ../../../Engine/Plugins/Media/ImgMedia/Binaries/Win64/UE4Editor-ImgMediaFactory.dll (API version 3709383).
LogModuleManager: Display: Found up-to-date module file ../../../Engine/Plugins/Media/ImgMedia/Binaries/Win64/UE4Editor-ImgMediaFactory.dll (API version 3709383).
LogModuleManager: Display: Found up-to-date module file ../../../Engine/Plugins/Media/ImgMedia/Binaries/Win64/UE4Editor-OpenExrWrapper.dll (API version 3709383).
LogModuleManager: Display: Found up-to-date module file ../../../Engine/Plugins/Media/MediaCompositing/Binaries/Win64/UE4Editor-MediaCompositing.dll (API version 3709383).
LogModuleManager: Display: Found up-to-date module file ../../../Engine/Plugins/Media/MediaCompositing/Binaries/Win64/UE4Editor-MediaCompositingEditor.dll (API version 3709383).
LogModuleManager: Display: Found up-to-date module file ../../../Engine/Plugins/Media/MediaPlayerEditor/Binaries/Win64/UE4Editor-MediaPlayerEditor.dll (API version 3709383).
LogModuleManager: Display: Found up-to-date module file ../../../Engine/Plugins/Media/WmfMedia/Binaries/Win64/UE4Editor-WmfMedia.dll (API version 3709383).
LogModuleManager: Display: Found up-to-date module file ../../../Engine/Plugins/Media/WmfMedia/Binaries/Win64/UE4Editor-WmfMediaEditor.dll (API version 3709383).
LogModuleManager: Display: Found up-to-date module file ../../../Engine/Plugins/Media/WmfMedia/Binaries/Win64/UE4Editor-WmfMediaFactory.dll (API version 3709383).
LogModuleManager: Display: Found up-to-date module file ../../../Engine/Plugins/Media/WmfMedia/Binaries/Win64/UE4Editor-WmfMediaFactory.dll (API version 3709383).
LogModuleManager: Display: Found up-to-date module file ../../../Engine/Plugins/Messaging/TcpMessaging/Binaries/Win64/UE4Editor-TcpMessaging.dll (API version 3709383).
LogModuleManager: Display: Found up-to-date module file ../../../Engine/Plugins/Messaging/UdpMessaging/Binaries/Win64/UE4Editor-UdpMessaging.dll (API version 3709383).
LogModuleManager: Display: Found up-to-date module file ../../../Engine/Plugins/MovieScene/ActorSequence/Binaries/Win64/UE4Editor-ActorSequence.dll (API version 3709383).
LogModuleManager: Display: Found up-to-date module file ../../../Engine/Plugins/MovieScene/LevelSequenceEditor/Binaries/Win64/UE4Editor-LevelSequenceEditor.dll (API version 3709383).
LogModuleManager: Display: Found up-to-date module file ../../../Engine/Plugins/MovieScene/MatineeToLevelSequence/Binaries/Win64/UE4Editor-MatineeToLevelSequence.dll (API version 3709383).
LogModuleManager: Display: Found up-to-date module file ../../../Engine/Plugins/Online/OnlineSubsystem/Binaries/Win64/UE4Editor-OnlineSubsystem.dll (API version 3709383).
LogModuleManager: Display: Found up-to-date module file ../../../Engine/Plugins/Runtime/AndroidPermission/Binaries/Win64/UE4Editor-AndroidPermission.dll (API version 3709383).
LogModuleManager: Display: Found up-to-date module file ../../../Engine/Plugins/Online/OnlineSubsystemNull/Binaries/Win64/UE4Editor-OnlineSubsystemNull.dll (API version 3709383).
LogModuleManager: Display: Found up-to-date module file ../../../Engine/Plugins/Online/OnlineSubsystemUtils/Binaries/Win64/UE4Editor-OnlineSubsystemUtils.dll (API version 3709383).
LogModuleManager: Display: Found up-to-date module file ../../../Engine/Plugins/Online/OnlineSubsystemUtils/Binaries/Win64/UE4Editor-OnlineBlueprintSupport.dll (API version 3709383).
LogModuleManager: Display: Found up-to-date module file ../../../Engine/Plugins/Runtime/AndroidDeviceProfileSelector/Binaries/Win64/UE4Editor-AndroidDeviceProfileSelector.dll (API version 3709383).
LogModuleManager: Display: Found up-to-date module file ../../../Engine/Plugins/Runtime/AppleARKit/Binaries/Win64/UE4Editor-AppleARKit.dll (API version 3709383).
LogModuleManager: Display: Found up-to-date module file ../../../Engine/Plugins/Runtime/ArchVisCharacter/Binaries/Win64/UE4Editor-ArchVisCharacter.dll (API version 3709383).
LogModuleManager: Display: Found up-to-date module file ../../../Engine/Plugins/Runtime/CableComponent/Binaries/Win64/UE4Editor-CableComponent.dll (API version 3709383).
LogModuleManager: Display: Found up-to-date module file ../../../Engine/Plugins/Runtime/CustomMeshComponent/Binaries/Win64/UE4Editor-CustomMeshComponent.dll (API version 3709383).
LogModuleManager: Display: Found up-to-date module file ../../../Engine/Plugins/Runtime/ExampleDeviceProfileSelector/Binaries/Win64/UE4Editor-ExampleDeviceProfileSelector.dll (API version 3709383).
LogModuleManager: Display: Found up-to-date module file ../../../Engine/Plugins/Runtime/ImmediatePhysics/Binaries/Win64/UE4Editor-ImmediatePhysics.dll (API version 3709383).
LogModuleManager: Display: Found up-to-date module file ../../../Engine/Plugins/Runtime/ImmediatePhysics/Binaries/Win64/UE4Editor-ImmediatePhysicsEditor.dll (API version 3709383).
LogModuleManager: Display: Found up-to-date module file ../../../Engine/Plugins/Runtime/LocationServicesBPLibrary/Binaries/Win64/UE4Editor-LocationServicesBPLibrary.dll (API version 3709383).
LogModuleManager: Display: Found up-to-date module file ../../../Engine/Plugins/Runtime/MobilePatchingUtils/Binaries/Win64/UE4Editor-MobilePatchingUtils.dll (API version 3709383).
LogModuleManager: Display: Found up-to-date module file ../../../Engine/Plugins/Runtime/Oculus/OculusVR/Binaries/Win64/UE4Editor-OculusHMD.dll (API version 3709383).
LogModuleManager: Display: Found up-to-date module file ../../../Engine/Plugins/Runtime/Oculus/OculusVR/Binaries/Win64/UE4Editor-OculusInput.dll (API version 3709383).
LogModuleManager: Display: Found up-to-date module file ../../../Engine/Plugins/Runtime/Oculus/OculusVR/Binaries/Win64/UE4Editor-OculusEditor.dll (API version 3709383).
LogModuleManager: Display: Found up-to-date module file ../../../Engine/Plugins/Runtime/PhysXVehicles/Binaries/Win64/UE4Editor-PhysXVehicles.dll (API version 3709383).
LogModuleManager: Display: Found up-to-date module file ../../../Engine/Plugins/Runtime/PhysXVehicles/Binaries/Win64/UE4Editor-PhysXVehiclesEditor.dll (API version 3709383).
LogModuleManager: Display: Found up-to-date module file ../../../Engine/Plugins/Runtime/ProceduralMeshComponent/Binaries/Win64/UE4Editor-ProceduralMeshComponent.dll (API version 3709383).
LogModuleManager: Display: Found up-to-date module file ../../../Engine/Plugins/Runtime/ProceduralMeshComponent/Binaries/Win64/UE4Editor-ProceduralMeshComponentEditor.dll (API version 3709383).
LogModuleManager: Display: Found up-to-date module file ../../../Engine/Plugins/Runtime/RuntimePhysXCooking/Binaries/Win64/UE4Editor-RuntimePhysXCooking.dll (API version 3709383).
LogModuleManager: Display: Found up-to-date module file ../../../Engine/Plugins/Runtime/Steam/SteamVR/Binaries/Win64/UE4Editor-SteamVR.dll (API version 3709383).
LogModuleManager: Display: Found up-to-date module file ../../../Engine/Plugins/Runtime/Steam/SteamVR/Binaries/Win64/UE4Editor-SteamVRController.dll (API version 3709383).
LogModuleManager: Display: Found up-to-date module file ../../../Engine/Plugins/Runtime/WindowsMoviePlayer/Binaries/Win64/UE4Editor-WindowsMoviePlayer.dll (API version 3709383).
LogPluginManager: Mounting plugin Paper2D
LogPluginManager: Mounting plugin LightPropagationVolume
LogPluginManager: Mounting plugin CodeLiteSourceCodeAccess
LogPluginManager: Mounting plugin GitSourceControl
LogPluginManager: Mounting plugin KDevelopSourceCodeAccess
LogPluginManager: Mounting plugin NullSourceCodeAccess
LogPluginManager: Mounting plugin PerforceSourceControl
LogPluginManager: Mounting plugin SubversionSourceControl
LogPluginManager: Mounting plugin UObjectPlugin
LogPluginManager: Mounting plugin VisualStudioCodeSourceCodeAccess
LogPluginManager: Mounting plugin VisualStudioSourceCodeAccess
LogPluginManager: Mounting plugin XCodeSourceCodeAccess
LogPluginManager: Mounting plugin AssetManagerEditor
LogPluginManager: Mounting plugin AudioCapture
LogPluginManager: Mounting plugin FacialAnimation
LogPluginManager: Mounting plugin GameplayTagsEditor
LogPluginManager: Mounting plugin MobileLauncherProfileWizard
LogPluginManager: Mounting plugin PluginBrowser
LogPluginManager: Mounting plugin SpeedTreeImporter
LogPluginManager: Mounting plugin AlembicImporter
LogPluginManager: Mounting plugin CharacterAI
LogPluginManager: Mounting plugin HTML5Networking
LogPluginManager: Mounting plugin AndroidMedia
LogPluginManager: Mounting plugin AvfMedia
LogPluginManager: Mounting plugin ImgMedia
LogPluginManager: Mounting plugin MediaCompositing
LogPluginManager: Mounting plugin MediaPlayerEditor
LogPluginManager: Mounting plugin WmfMedia
LogPluginManager: Mounting plugin TcpMessaging
LogPluginManager: Mounting plugin UdpMessaging
LogPluginManager: Mounting plugin ActorSequence
LogPluginManager: Mounting plugin LevelSequenceEditor
LogPluginManager: Mounting plugin MatineeToLevelSequence
LogPluginManager: Mounting plugin OnlineSubsystemGooglePlay
LogPluginManager: Mounting plugin OnlineSubsystemIOS
LogPluginManager: Mounting plugin OnlineSubsystem
LogPluginManager: Mounting plugin OnlineSubsystemNull
LogPluginManager: Mounting plugin OnlineSubsystemUtils
LogPluginManager: Mounting plugin AndroidDeviceProfileSelector
LogPluginManager: Mounting plugin AndroidMoviePlayer
LogPluginManager: Mounting plugin AndroidPermission
LogPluginManager: Mounting plugin AppleARKit
LogPluginManager: Mounting plugin AppleMoviePlayer
LogPluginManager: Mounting plugin ArchVisCharacter
LogPluginManager: Mounting plugin CableComponent
LogPluginManager: Mounting plugin CustomMeshComponent
LogPluginManager: Mounting plugin ExampleDeviceProfileSelector
LogPluginManager: Mounting plugin GoogleCloudMessaging
LogPluginManager: Mounting plugin ImmediatePhysics
LogPluginManager: Mounting plugin IOSDeviceProfileSelector
LogPluginManager: Mounting plugin LinuxDeviceProfileSelector
LogPluginManager: Mounting plugin LocationServicesBPLibrary
LogPluginManager: Mounting plugin MobilePatchingUtils
LogPluginManager: Mounting plugin OculusVR
LogPluginManager: Plugin shader directory ../../../Engine/Plugins/Runtime/Oculus/OculusVR/Shaders found
LogPluginManager: Mapping shader source directory ../../../Engine/Plugins/Runtime/Oculus/OculusVR/Shaders to virtual directory /Plugin/OculusVR
LogPluginManager: Mounting plugin PhysXVehicles
LogPluginManager: Mounting plugin ProceduralMeshComponent
LogPluginManager: Mounting plugin RuntimePhysXCooking
LogPluginManager: Mounting plugin SteamVR
LogPluginManager: Mounting plugin WindowsMoviePlayer
LogInit: Using libcurl 7.47.1
LogInit:  - built for x86_64-pc-win32
LogInit:  - supports SSL with OpenSSL/1.0.2g
LogInit:  - supports HTTP deflate (compression) using libz 1.2.8
LogInit:  - other features:
LogInit:      CURL_VERSION_SSL
LogInit:      CURL_VERSION_LIBZ
LogInit:      CURL_VERSION_IPV6
LogInit:      CURL_VERSION_ASYNCHDNS
LogInit:      CURL_VERSION_LARGEFILE
LogInit:      CURL_VERSION_IDN
LogInit:  CurlRequestOptions (configurable via config and command line):
LogInit:  - bVerifyPeer = false  - Libcurl will NOT verify peer certificate
LogInit:  - bUseHttpProxy = false  - Libcurl will NOT use HTTP proxy
LogInit:  - bDontReuseConnections = false  - Libcurl will reuse connections
LogInit:  - CertBundlePath = nullptr  - Libcurl will use whatever was configured at build time.
LogInit: Build: ++UE4+Release-4.18-CL-3832480
LogInit: Engine Version: 4.18.3-3832480+++UE4+Release-4.18
LogInit: Compatible Engine Version: 4.18.0-3709383+++UE4+Release-4.18
LogInit: Net CL: 3709383
LogDevObjectVersion: Number of dev versions registered: 16
LogDevObjectVersion:   Dev-Blueprints (B0D832E4-1F89-4F0D-ACCF-7EB736FD4AA2): 10
LogDevObjectVersion:   Dev-Build (E1C64328-A22C-4D53-A36C-8E866417BD8C): 0
LogDevObjectVersion:   Dev-Core (375EC13C-06E4-48FB-B500-84F0262A717E): 2
LogDevObjectVersion:   Dev-Editor (E4B068ED-F494-42E9-A231-DA0B2E46BB41): 20
LogDevObjectVersion:   Dev-Framework (CFFC743F-43B0-4480-9391-14DF171D2073): 30
LogDevObjectVersion:   Dev-Mobile (B02B49B5-BB20-44E9-A304-32B752E40360): 0
LogDevObjectVersion:   Dev-Networking (A4E4105C-59A1-49B5-A7C5-40C4547EDFEE): 0
LogDevObjectVersion:   Dev-Online (39C831C9-5AE6-47DC-9A44-9C173E1C8E7C): 0
LogDevObjectVersion:   Dev-Physics (78F01B33-EBEA-4F98-B9B4-84EACCB95AA2): 0
LogDevObjectVersion:   Dev-Platform (6631380F-2D4D-43E0-8009-CF276956A95A): 0
LogDevObjectVersion:   Dev-Rendering (12F88B9F-8875-4AFC-A67C-D90C383ABD29): 20
LogDevObjectVersion:   Dev-Sequencer (7B5AE74C-D270-4C10-A958-57980B212A5A): 4
LogDevObjectVersion:   Dev-VR (D7296918-1DD6-4BDD-9DE2-64A83CC13884): 0
LogDevObjectVersion:   Dev-LoadTimes (C2A15278-BFE7-4AFE-6C17-90FF531DF755): 1
LogDevObjectVersion:   Private-Geometry (6EACA3D4-40EC-4CC1-B786-8BED09428FC5): 1
LogDevObjectVersion:   Dev-AnimPhys (29E575DD-E0A3-4627-9D10-D276232CDCEA): 12
LogInit: Compiled (64-bit): Jan 12 2018 02:04:55
LogInit: Compiled with Visual C++: 19.00.24215.01
LogInit: Build Configuration: Development
LogInit: Branch Name: ++UE4+Release-4.18
LogInit: Command line:  
LogInit: Base directory: C:/Program Files/Epic Games/UE_4.18/Engine/Binaries/Win64/
LogInit: Installed Engine Build: 1
LogInit: Presizing for max 8388607 objects, including 0 objects not considered by GC, pre-allocating 0 bytes for permanent pool.
LogInit: Object subsystem initialized
[2018.03.26-00.35.07:590][  0]LogInit: Selected Device Profile: [Windows]
[2018.03.26-00.35.07:590][  0]LogInit: Applying CVar settings loaded from the selected device profile: [Windows]
[2018.03.26-00.35.07:612][  0]LogInit: Computer: RUDRAKSHA
[2018.03.26-00.35.07:612][  0]LogInit: User: rudra
[2018.03.26-00.35.07:612][  0]LogInit: CPU Page size=4096, Cores=4
[2018.03.26-00.35.07:612][  0]LogInit: High frequency timer resolution =2.742190 MHz
[2018.03.26-00.35.07:612][  0]LogMemory: Memory total: Physical=15.9GB (16GB approx)
[2018.03.26-00.35.07:612][  0]LogMemory: Platform Memory Stats for Windows
[2018.03.26-00.35.07:612][  0]LogMemory: Process Physical Memory: 272.71 MB used, 272.71 MB peak
[2018.03.26-00.35.07:613][  0]LogMemory: Process Virtual Memory: 271.99 MB used, 271.99 MB peak
[2018.03.26-00.35.07:613][  0]LogMemory: Physical Memory: 10649.95 MB used,  5586.00 MB free, 16235.95 MB total
[2018.03.26-00.35.07:613][  0]LogMemory: Virtual Memory: 684.59 MB used,  5586.00 MB free, 134217728.00 MB total
[2018.03.26-00.35.08:732][  0]LogInit: Using OS detected language (en-US).
[2018.03.26-00.35.08:732][  0]LogInit: Using OS detected locale (en-US).
[2018.03.26-00.35.08:792][  0]LogTextLocalizationManager: No specific localization for 'en-US' exists, so the 'en' localization will be used.
[2018.03.26-00.35.09:255][  0]LogInit: Setting process to per monitor DPI aware
[2018.03.26-00.35.11:675][  0]LogD3D11RHI: D3D11 adapters:
[2018.03.26-00.35.11:739][  0]LogD3D11RHI:    0. 'NVIDIA GeForce GTX 1050' (Feature Level 11_0)
[2018.03.26-00.35.11:739][  0]LogD3D11RHI:       4031/0/8117 MB DedicatedVideo/DedicatedSystem/SharedSystem, Outputs:1, VendorId:0x10de
[2018.03.26-00.35.11:753][  0]LogD3D11RHI:    1. 'Intel(R) HD Graphics 630' (Feature Level 11_0)
[2018.03.26-00.35.11:753][  0]LogD3D11RHI:       128/0/8117 MB DedicatedVideo/DedicatedSystem/SharedSystem, Outputs:0, VendorId:0x8086
[2018.03.26-00.35.11:755][  0]LogD3D11RHI:    2. 'Microsoft Basic Render Driver' (Feature Level 11_0)
[2018.03.26-00.35.11:755][  0]LogD3D11RHI:       0/0/8117 MB DedicatedVideo/DedicatedSystem/SharedSystem, Outputs:0, VendorId:0x1414
[2018.03.26-00.35.11:755][  0]LogD3D11RHI: Chosen D3D11 Adapter: 0
[2018.03.26-00.35.11:769][  0]LogD3D11RHI: Creating new Direct3DDevice
[2018.03.26-00.35.11:769][  0]LogD3D11RHI:     GPU DeviceId: 0x1c8d (for the marketing name, search the web for "GPU Device Id")
[2018.03.26-00.35.11:769][  0]LogWindows: EnumDisplayDevices:
[2018.03.26-00.35.11:770][  0]LogWindows:    0. 'Intel(R) HD Graphics 630' (P:1 D:1)
[2018.03.26-00.35.11:770][  0]LogWindows:    1. 'Intel(R) HD Graphics 630' (P:0 D:0)
[2018.03.26-00.35.11:770][  0]LogWindows:    2. 'Intel(R) HD Graphics 630' (P:0 D:0)
[2018.03.26-00.35.11:770][  0]LogWindows: DebugString: GetVideoDriverDetailsInvalid PrimaryIsNotTheChoosenAdapter GetVideoDriverDetailsInvalid PrimaryIsNotTheChoosenAdapter GetVideoDriverDetailsInvalid PrimaryIsNotTheChoosenAdapter FoundDriverCount:0 
[2018.03.26-00.35.11:770][  0]LogD3D11RHI:     Adapter Name: NVIDIA GeForce GTX 1050
[2018.03.26-00.35.11:770][  0]LogD3D11RHI:   Driver Version: Unknown (internal:Unknown, unified:Unknown)
[2018.03.26-00.35.11:770][  0]LogD3D11RHI:      Driver Date: Unknown
[2018.03.26-00.35.11:770][  0]LogRHI: Texture pool is 2821 MB (70% of 4031 MB)
[2018.03.26-00.35.11:804][  0]LogD3D11RHI: Async texture creation enabled
[2018.03.26-00.35.11:828][  0]LogD3D11RHI: GPU Timing Frequency: 1000.000000 (Debug: 2 1)
[2018.03.26-00.35.11:833][  0]LogShaderCompilers: Guid format shader working directory is -110 characters bigger than the processId version (../../../../../../Users/rudra/Documents/UPenn Documents/Spring 2018 Class Docs/CIS 568 Game Design Practicum/Game1 (Rishabh Git Repo)/Water-Run/WaterRunner/Intermediate/Shaders/WorkingDirectory/24352/).
[2018.03.26-00.35.11:833][  0]LogShaderCompilers: Cleaned the shader compiler working directory 'C:/Users/rudra/AppData/Local/Temp/UnrealShaderWorkingDir/ADAB2A144E0A4A0DAD5819B8F4295F7C/'.
[2018.03.26-00.35.11:834][  0]LogShaderCompilers: Display: Using Local Shader Compiler.
[2018.03.26-00.35.13:929][  0]LogTemp: Display: Loaded TP AllDesktopTargetPlatform
[2018.03.26-00.35.13:994][  0]LogTemp: Display: Loaded TP MacClientTargetPlatform
[2018.03.26-00.35.14:060][  0]LogTemp: Display: Loaded TP MacNoEditorTargetPlatform
[2018.03.26-00.35.14:124][  0]LogTemp: Display: Loaded TP MacServerTargetPlatform
[2018.03.26-00.35.14:199][  0]LogTemp: Display: Loaded TP MacTargetPlatform
[2018.03.26-00.35.14:265][  0]LogTemp: Display: Loaded TP WindowsClientTargetPlatform
[2018.03.26-00.35.14:330][  0]LogTemp: Display: Loaded TP WindowsNoEditorTargetPlatform
[2018.03.26-00.35.14:395][  0]LogTemp: Display: Loaded TP WindowsServerTargetPlatform
[2018.03.26-00.35.14:451][  0]LogTemp: Display: Loaded TP WindowsTargetPlatform
[2018.03.26-00.35.14:516][  0]LogTemp: Display: Loaded TP Android_ASTCTargetPlatform
[2018.03.26-00.35.14:579][  0]LogTemp: Display: Loaded TP Android_ATCTargetPlatform
[2018.03.26-00.35.14:645][  0]LogTemp: Display: Loaded TP Android_DXTTargetPlatform
[2018.03.26-00.35.14:714][  0]LogTemp: Display: Loaded TP Android_ETC1TargetPlatform
[2018.03.26-00.35.14:787][  0]LogTemp: Display: Loaded TP Android_ETC2TargetPlatform
[2018.03.26-00.35.14:936][  0]LogTemp: Display: Loaded TP Android_MultiTargetPlatform
[2018.03.26-00.35.14:937][  0]LogTemp: Display: Loaded TP Android_PVRTCTargetPlatform
[2018.03.26-00.35.15:007][  0]LogTemp: Display: Loaded TP AndroidTargetPlatform
[2018.03.26-00.35.15:062][  0]LogTemp: Display: Loaded TP HTML5TargetPlatform
[2018.03.26-00.35.15:184][  0]LogTemp: Display: Loaded TP IOSTargetPlatform
[2018.03.26-00.35.15:216][  0]LogTemp: Display: Loaded TP TVOSTargetPlatform
[2018.03.26-00.35.15:282][  0]LogTemp: Display: Loaded TP LinuxClientTargetPlatform
[2018.03.26-00.35.15:345][  0]LogTemp: Display: Loaded TP LinuxNoEditorTargetPlatform
[2018.03.26-00.35.15:410][  0]LogTemp: Display: Loaded TP LinuxServerTargetPlatform
[2018.03.26-00.35.15:478][  0]LogTemp: Display: Loaded TP LinuxTargetPlatform
[2018.03.26-00.35.15:478][  0]LogTargetPlatformManager: Display: Building Assets For Windows
[2018.03.26-00.35.16:164][  0]LogDerivedDataCache: Display: Max Cache Size: 512 MB
[2018.03.26-00.35.16:359][  0]LogDerivedDataCache: Loaded boot cache 0.20s 78MB C:/Users/rudra/AppData/Local/UnrealEngine/4.18/DerivedDataCache/Boot.ddc.
[2018.03.26-00.35.16:359][  0]LogDerivedDataCache: Display: Loaded Boot cache: C:/Users/rudra/AppData/Local/UnrealEngine/4.18/DerivedDataCache/Boot.ddc
[2018.03.26-00.35.16:360][  0]LogDerivedDataCache: FDerivedDataBackendGraph:  Pak pak cache file ../../../../../../Users/rudra/Documents/UPenn Documents/Spring 2018 Class Docs/CIS 568 Game Design Practicum/Game1 (Rishabh Git Repo)/Water-Run/WaterRunner/DerivedDataCache/DDC.ddp not found, will not use a pak cache.
[2018.03.26-00.35.16:360][  0]LogDerivedDataCache: Unable to find inner node Pak for hierarchical cache Hierarchy.
[2018.03.26-00.35.16:360][  0]LogDerivedDataCache: FDerivedDataBackendGraph:  CompressedPak pak cache file ../../../../../../Users/rudra/Documents/UPenn Documents/Spring 2018 Class Docs/CIS 568 Game Design Practicum/Game1 (Rishabh Git Repo)/Water-Run/WaterRunner/DerivedDataCache/Compressed.ddp not found, will not use a pak cache.
[2018.03.26-00.35.16:360][  0]LogDerivedDataCache: Unable to find inner node CompressedPak for hierarchical cache Hierarchy.
[2018.03.26-00.35.16:387][  0]LogDerivedDataCache: Display: Pak cache opened for reading ../../../Engine/DerivedDataCache/Compressed.ddp.
[2018.03.26-00.35.16:400][  0]LogDerivedDataCache: Using Local data cache path C:/Users/rudra/AppData/Local/UnrealEngine/Common/DerivedDataCache: Writable
[2018.03.26-00.35.16:413][  0]LogMaterial: Verifying Global Shaders for PCD3D_SM5
[2018.03.26-00.35.16:417][  0]LogSlate: Using Freetype 2.6.0
[2018.03.26-00.35.16:433][  0]LogSlate: SlateFontCache - WITH_FREETYPE: 1, WITH_HARFBUZZ: 1
[2018.03.26-00.35.16:434][  0]LogSlate: SlateFontCache - WITH_FREETYPE: 1, WITH_HARFBUZZ: 1
[2018.03.26-00.35.17:253][  0]LogInit: Selected Device Profile: [Windows]
[2018.03.26-00.35.17:873][  0]LogSimplygon: Simplygon DLL not present - disabling.
[2018.03.26-00.35.17:932][  0]LogMeshReduction: Using SimplygonSwarm for distributed automatic mesh merging
[2018.03.26-00.35.17:932][  0]LogMeshReduction: Using QuadricMeshReduction for automatic static mesh reduction
[2018.03.26-00.35.17:932][  0]LogMeshReduction: No automatic skeletal mesh reduction module available
[2018.03.26-00.35.17:932][  0]LogMeshReduction: No automatic mesh merging module available
[2018.03.26-00.35.17:932][  0]LogMeshMerging: No automatic mesh merging module available
[2018.03.26-00.35.18:006][  0]LogNetVersion: WaterRunnerAlpha_1 , NetCL: 3709383, EngineNetVer: 2, GameNetVer: 0 (Checksum: 1999119835)
[2018.03.26-00.35.18:480][  0]LogAssetRegistry: FAssetRegistry took 0.0298 seconds to start up
[2018.03.26-00.35.19:718][  0]LogPackageLocalizationCache: Processed 7 localized package path(s) for 2 prioritized culture(s) in 0.082106 seconds
[2018.03.26-00.35.19:725][  0]LogUObjectArray: 35870 objects as part of root set at end of initial load.
[2018.03.26-00.35.19:725][  0]LogUObjectAllocator: 7363696 out of 0 bytes used by permanent object pool.
[2018.03.26-00.35.19:725][  0]LogUObjectArray: CloseDisregardForGC: 0/0 objects in disregard for GC pool
[2018.03.26-00.35.19:807][  0]LogInit: WinSock: version 1.1 (2.2), MaxSocks=32767, MaxUdp=65467
[2018.03.26-00.35.26:450][  0]LogTcpMessaging: Initializing TcpMessaging bridge
[2018.03.26-00.35.26:507][  0]LogUdpMessaging: Initializing bridge on interface 0.0.0.0:0 to multicast group 230.0.0.1:6666.
[2018.03.26-00.35.27:509][  0]LogMaterial: Uniform references updated for custom material expression Custom.
[2018.03.26-00.35.28:106][  0]SourceControl: Source control is disabled
[2018.03.26-00.35.28:107][  0]SourceControl: Source control is disabled
[2018.03.26-00.35.28:184][  0]SourceControl: Source control is disabled
[2018.03.26-00.35.28:255][  0]SourceControl: Source control is disabled
[2018.03.26-00.35.29:383][  0]LogAndroidPermission: UAndroidPermissionCallbackProxy::GetInstance
[2018.03.26-00.35.29:736][  0]LogOcInput: OculusInput pre-init called
[2018.03.26-00.35.30:146][  0]LogEngine: Initializing Engine...
[2018.03.26-00.35.30:152][  0]LogHMD: Failed to initialize OpenVR with code 110
[2018.03.26-00.35.30:374][  0]LogStats: UGameplayTagsManager::ConstructGameplayTagTree: Construct from data asset -  0.000 s
[2018.03.26-00.35.30:374][  0]LogStats: UGameplayTagsManager::ConstructGameplayTagTree: GameplayTagTreeChangedEvent.Broadcast -  0.000 s
[2018.03.26-00.35.30:608][  0]LogAIModule: Creating AISystem for world Untitled
[2018.03.26-00.35.30:645][  0]LogInit: XAudio2 using 'Speakers / Headphones (Realtek Audio)' : 2 channels at 48 kHz using 32 bits per sample (channel mask 0x3)
[2018.03.26-00.35.30:780][  0]LogInit: FAudioDevice initialized.
[2018.03.26-00.35.30:840][  0]LogDerivedDataCache: Saved boot cache 0.06s 78MB C:/Users/rudra/AppData/Local/UnrealEngine/4.18/DerivedDataCache/Boot.ddc.
[2018.03.26-00.35.30:855][  0]LogInit: Texture streaming: Enabled
[2018.03.26-00.35.31:000][  0]LogEngineSessionManager: EngineSessionManager initialized
[2018.03.26-00.35.31:197][  0]LogInit: Transaction tracking system initialized
[2018.03.26-00.35.31:661][  0]BlueprintLog: New page: Editor Load
[2018.03.26-00.35.33:045][  0]LocalizationService: Localization service is disabled
[2018.03.26-00.35.34:208][  0]LogConsoleResponse: Display: 
[2018.03.26-00.35.34:587][  0]LogCook: Display: Max memory allowance for cook 16384mb min free memory 0mb
[2018.03.26-00.35.34:588][  0]LogCook: Display: Mobile HDR setting 1
[2018.03.26-00.35.34:588][  0]LogGameplayTags: Display: UGameplayTagsManager::DoneAddingNativeTags. DelegateIsBound: 0
[2018.03.26-00.35.35:472][  0]LogFileCache: Scanning file cache for directory 'C:/Users/rudra/Documents/UPenn Documents/Spring 2018 Class Docs/CIS 568 Game Design Practicum/Game1 (Rishabh Git Repo)/Water-Run/WaterRunner/Content/' took 0.02s
[2018.03.26-00.35.36:296][  0]SourceControl: Source control is disabled
[2018.03.26-00.35.36:299][  0]LightingResults: New page: Lighting Build
[2018.03.26-00.35.36:362][  0]MapCheck: New page: Map Check
[2018.03.26-00.35.36:362][  0]LightingResults: New page: Lighting Build
[2018.03.26-00.35.37:567][  0]LogAIModule: Creating AISystem for world ThirdPersonExampleMap
[2018.03.26-00.35.37:606][  0]LogEditorServer: Finished looking for orphan Actors (0.000 secs)
[2018.03.26-00.35.37:629][  0]Cmd: MAP CHECKDEP NOCLEARLOG
[2018.03.26-00.35.37:697][  0]MapCheck: Map check complete: 0 Error(s), 0 Warning(s), took 67.709ms to complete.
[2018.03.26-00.35.37:697][  0]LogFileHelpers: Loading map 'ThirdPersonExampleMap' took 1.401
[2018.03.26-00.35.37:951][  0]LogCollectionManager: Loaded 0 collections in 0.002308 seconds
[2018.03.26-00.35.38:066][  0]LogFileCache: Scanning file cache for directory 'C:/Users/rudra/Documents/UPenn Documents/Spring 2018 Class Docs/CIS 568 Game Design Practicum/Game1 (Rishabh Git Repo)/Water-Run/WaterRunner/Saved/Collections/' took 0.01s
[2018.03.26-00.35.38:066][  0]LogFileCache: Scanning file cache for directory 'C:/Users/rudra/Documents/UPenn Documents/Spring 2018 Class Docs/CIS 568 Game Design Practicum/Game1 (Rishabh Git Repo)/Water-Run/WaterRunner/Content/Developers/rudra/Collections/' took 0.01s
[2018.03.26-00.35.38:066][  0]LogFileCache: Scanning file cache for directory 'C:/Users/rudra/Documents/UPenn Documents/Spring 2018 Class Docs/CIS 568 Game Design Practicum/Game1 (Rishabh Git Repo)/Water-Run/WaterRunner/Content/Collections/' took 0.01s
[2018.03.26-00.35.38:066][  0]LogCollectionManager: Rebuilt the GUID cache for 0 collections in 0.000000 seconds
[2018.03.26-00.35.38:077][  0]LogContentBrowser: Native class hierarchy populated in 0.0092 seconds. Added 2363 classes and 519 folders.
[2018.03.26-00.35.38:172][  0]LogContentBrowser: Native class hierarchy updated for 'WidgetCarousel' in 0.0004 seconds. Added 0 classes and 0 folders.
[2018.03.26-00.35.38:575][  0]LogContentBrowser: Native class hierarchy updated for 'AddContentDialog' in 0.0002 seconds. Added 0 classes and 0 folders.
[2018.03.26-00.35.38:642][  0]LogContentBrowser: Native class hierarchy updated for 'SceneOutliner' in 0.0004 seconds. Added 1 classes and 2 folders.
[2018.03.26-00.35.38:722][  0]LogSlate: Took 0.006291 seconds to synchronously load lazily loaded font '../../../Engine/Content/Slate/Fonts/Roboto-Regular.ttf' (155K)
[2018.03.26-00.35.38:733][  0]LogSlate: Took 0.006983 seconds to synchronously load lazily loaded font '../../../Engine/Content/Slate/Fonts/Roboto-Bold.ttf' (160K)
[2018.03.26-00.35.38:748][  0]LogSlate: Took 0.007241 seconds to synchronously load lazily loaded font '../../../Engine/Content/Editor/Slate/Fonts/FontAwesome.ttf' (139K)
[2018.03.26-00.35.38:928][  0]LogRenderer: Reallocating scene render targets to support 1052x600 Format 10 NumSamples 1 (Frame:1).
[2018.03.26-00.35.39:034][  0]LogSlate: Took 0.004093 seconds to synchronously load lazily loaded font '../../../Engine/Content/Slate/Fonts/Roboto-Light.ttf' (159K)
[2018.03.26-00.35.39:279][  0]LogContentBrowser: Native class hierarchy updated for 'HierarchicalLODOutliner' in 0.0002 seconds. Added 1 classes and 2 folders.
[2018.03.26-00.35.39:279][  0]LogLoad: (Engine Initialization) Total time: 36.51 seconds
[2018.03.26-00.35.39:279][  0]LogLoad: (Engine Initialization) Total Blueprint compile time: 0.00 seconds
[2018.03.26-00.35.39:280][  0]LogExternalProfiler: Found external profiler: VSPerf
[2018.03.26-00.35.39:280][  0]LogExternalProfiler: Using external profiler: VSPerf
[2018.03.26-00.35.39:333][  0]LogContentStreaming: Texture pool size now 1000 MB
[2018.03.26-00.35.39:381][  1]LogAssetRegistry: Asset discovery search completed in 20.9233 seconds
[2018.03.26-00.35.39:383][  1]LogCollectionManager: Rebuilt the object cache for 0 collections in 0.000001 seconds (found 0 objects)
[2018.03.26-00.35.39:383][  1]LogCollectionManager: Fixed up redirectors for 0 collections in 0.000073 seconds (updated 0 objects)
[2018.03.26-00.35.46:430][408]LogSlate: Took 0.000154 seconds to synchronously load lazily loaded font '../../../Engine/Content/Slate/Fonts/Roboto-Light.ttf' (159K)
[2018.03.26-00.35.46:465][408]LogAIModule: Creating AISystem for world ProceduralMap
[2018.03.26-00.35.46:489][408]LightingResults: New page: Lighting Build
[2018.03.26-00.35.46:489][408]LoadErrors: New page: Loading map: ProceduralMap.umap
[2018.03.26-00.35.46:492][408]MapCheck: New page: Map Check
[2018.03.26-00.35.46:492][408]LightingResults: New page: Lighting Build
[2018.03.26-00.35.46:513][408]LogEditorServer: Finished looking for orphan Actors (0.000 secs)
[2018.03.26-00.35.46:562][408]Cmd: MAP CHECKDEP NOCLEARLOG
[2018.03.26-00.35.46:628][408]MapCheck: Map check complete: 0 Error(s), 0 Warning(s), took 65.687ms to complete.
[2018.03.26-00.35.46:628][408]LogFileHelpers: Loading map 'ProceduralMap' took 0.142
[2018.03.26-00.35.48:551][517]LogTemp: Repeating last play command: Selected Viewport
[2018.03.26-00.35.48:669][517]LogPlayLevel: PlayLevel: No blueprints needed recompiling
[2018.03.26-00.35.48:672][517]PIE: New page: PIE session: ProceduralMap (Mar 25, 2018, 4:35:48 PM)
[2018.03.26-00.35.48:672][517]LogPlayLevel: Creating play world package: /Game/ThirdPersonBP/Maps/UEDPIE_0_ProceduralMap
[2018.03.26-00.35.48:679][517]LogPlayLevel: PIE: StaticDuplicateObject took: (0.006601s)
[2018.03.26-00.35.48:680][517]LogAIModule: Creating AISystem for world ProceduralMap
[2018.03.26-00.35.48:680][517]LogPlayLevel: PIE: World Init took: (0.001341s)
[2018.03.26-00.35.48:681][517]LogPlayLevel: PIE: Created PIE world by copying editor world from /Game/ThirdPersonBP/Maps/ProceduralMap.ProceduralMap to /Game/ThirdPersonBP/Maps/UEDPIE_0_ProceduralMap.ProceduralMap (0.008564s)
[2018.03.26-00.35.48:696][517]LogInit: XAudio2 using 'Speakers / Headphones (Realtek Audio)' : 2 channels at 48 kHz using 32 bits per sample (channel mask 0x3)
[2018.03.26-00.35.48:708][517]LogInit: FAudioDevice initialized.
[2018.03.26-00.35.49:065][517]LogTexture: Display: Building textures: green_liquid_texture (AutoDXT, 256X256)
[2018.03.26-00.35.49:065][517]LogMaterial: Missing cached shader map for material M_Lamp, compiling. 
[2018.03.26-00.35.49:139][517]LogMaterial: Missing cached shader map for material drops_green_mat, compiling. 
[2018.03.26-00.35.49:505][517]LogLoad: Game class is 'RunGameMode_C'
[2018.03.26-00.35.49:513][517]LogWorld: Bringing World /Game/ThirdPersonBP/Maps/UEDPIE_0_ProceduralMap.ProceduralMap up for play (max tick rate 60) at 2018.03.25-20.35.49
[2018.03.26-00.35.49:516][517]LogWorld: Bringing up level for play took: 0.005769
[2018.03.26-00.35.49:600][517]LogContentBrowser: Native class hierarchy updated for 'MovieSceneCapture' in 0.0005 seconds. Added 11 classes and 0 folders.
[2018.03.26-00.35.49:638][517]PIE: Play in editor start time for /Game/ThirdPersonBP/Maps/UEDPIE_0_ProceduralMap 1.467
[2018.03.26-00.35.57:550][952]LogAudio: Warning: Detected orphaned looping sound 'Light01_Cue'.
[2018.03.26-00.35.57:575][953]LogAudio: Warning: Detected orphaned looping sound 'Light01_Cue'.
[2018.03.26-00.36.07:740][522]LogCharacterMovement: CHris_char is stuck and failed to move! Velocity: X=13.91 Y=13.91 Z=0.00 Location: X=14952.51 Y=12933.67 Z=623.15 Normal: X=0.71 Y=0.71 Z=-0.00 PenetrationDepth:20.760 Actor:Bucket_BP_52 Component:StaticMesh BoneName:None (0 other events since notify)
[2018.03.26-00.36.09:038][593]LogCharacterMovement: CHris_char is stuck and failed to move! Velocity: X=12.07 Y=12.07 Z=0.00 Location: X=14173.31 Y=14256.14 Z=729.92 Normal: X=0.16 Y=0.99 Z=-0.00 PenetrationDepth:20.760 Actor:Bucket_BP_52 Component:StaticMesh BoneName:None (7 other events since notify)
[2018.03.26-00.36.17:906][100]LogCharacterMovement: CHris_char is stuck and failed to move! Velocity: X=31.50 Y=0.00 Z=0.00 Location: X=23994.60 Y=17015.09 Z=580.77 Normal: X=1.00 Y=0.00 Z=-0.00 PenetrationDepth:20.760 Actor:Bucket_BP_52 Component:StaticMesh BoneName:None (5 other events since notify)
[2018.03.26-00.36.19:184][156]LogCharacterMovement: CHris_char is stuck and failed to move! Velocity: X=18.74 Y=0.00 Z=0.00 Location: X=23994.60 Y=17015.09 Z=580.77 Normal: X=1.00 Y=0.00 Z=-0.00 PenetrationDepth:20.760 Actor:Bucket_BP_52 Component:StaticMesh BoneName:None (17 other events since notify)
[2018.03.26-00.36.56:020][970]LogTemp: Repeating last play command: Selected Viewport
[2018.03.26-00.36.56:043][970]LogPlayLevel: PlayLevel: No blueprints needed recompiling
[2018.03.26-00.36.56:043][970]PIE: New page: PIE session: ProceduralMap (Mar 25, 2018, 4:36:56 PM)
[2018.03.26-00.36.56:043][970]LogPlayLevel: Creating play world package: /Game/ThirdPersonBP/Maps/UEDPIE_0_ProceduralMap
[2018.03.26-00.36.56:050][970]LogPlayLevel: PIE: StaticDuplicateObject took: (0.007082s)
[2018.03.26-00.36.56:051][970]LogAIModule: Creating AISystem for world ProceduralMap
[2018.03.26-00.36.56:051][970]LogPlayLevel: PIE: World Init took: (0.000661s)
[2018.03.26-00.36.56:051][970]LogPlayLevel: PIE: Created PIE world by copying editor world from /Game/ThirdPersonBP/Maps/ProceduralMap.ProceduralMap to /Game/ThirdPersonBP/Maps/UEDPIE_0_ProceduralMap.ProceduralMap (0.008091s)
[2018.03.26-00.36.56:063][970]LogInit: XAudio2 using 'Speakers / Headphones (Realtek Audio)' : 2 channels at 48 kHz using 32 bits per sample (channel mask 0x3)
[2018.03.26-00.36.56:077][970]LogInit: FAudioDevice initialized.
[2018.03.26-00.36.56:112][970]LogLoad: Game class is 'RunGameMode_C'
[2018.03.26-00.36.56:115][970]LogWorld: Bringing World /Game/ThirdPersonBP/Maps/UEDPIE_0_ProceduralMap.ProceduralMap up for play (max tick rate 60) at 2018.03.25-20.36.56
[2018.03.26-00.36.56:116][970]LogWorld: Bringing up level for play took: 0.002335
[2018.03.26-00.36.56:136][970]PIE: Play in editor start time for /Game/ThirdPersonBP/Maps/UEDPIE_0_ProceduralMap -0.035
[2018.03.26-00.36.57:899][ 44]LogCharacterMovement: CHris_char is stuck and failed to move! Velocity: X=308.98 Y=0.00 Z=0.00 Location: X=2713.30 Y=-0.00 Z=103.15 Normal: X=1.00 Y=0.00 Z=-0.00 PenetrationDepth:20.760 Actor:Bucket_BP_52 Component:StaticMesh BoneName:None (0 other events since notify)
[2018.03.26-00.36.59:980][166]Cmd: RestartLevel
[2018.03.26-00.36.59:993][167]LogNet: Browse: /Game/ThirdPersonBP/Maps/ProceduralMap?restart
[2018.03.26-00.36.59:993][167]LogLoad: LoadMap: /Game/ThirdPersonBP/Maps/ProceduralMap
[2018.03.26-00.37.00:013][167]LogPlayLevel: Creating play world package: /Game/ThirdPersonBP/Maps/UEDPIE_0_ProceduralMap
[2018.03.26-00.37.00:019][167]LogPlayLevel: PIE: StaticDuplicateObject took: (0.005872s)
[2018.03.26-00.37.00:020][167]LogAIModule: Creating AISystem for world ProceduralMap
[2018.03.26-00.37.00:020][167]LogPlayLevel: PIE: World Init took: (0.000842s)
[2018.03.26-00.37.00:020][167]LogPlayLevel: PIE: Created PIE world by copying editor world from /Game/ThirdPersonBP/Maps/ProceduralMap.ProceduralMap to /Game/ThirdPersonBP/Maps/UEDPIE_0_ProceduralMap.ProceduralMap (0.007097s)
[2018.03.26-00.37.00:020][167]LogLoad: Game class is 'RunGameMode_C'
[2018.03.26-00.37.00:023][167]LogWorld: Bringing World /Game/ThirdPersonBP/Maps/UEDPIE_0_ProceduralMap.ProceduralMap up for play (max tick rate 60) at 2018.03.25-20.37.00
[2018.03.26-00.37.00:023][167]LogWorld: Bringing up level for play took: 0.002070
[2018.03.26-00.37.00:048][167]LogLoad: Took 0.053878 seconds to LoadMap(/Game/ThirdPersonBP/Maps/UEDPIE_0_ProceduralMap)
[2018.03.26-00.37.06:514][510]LogAudio: Warning: Detected orphaned looping sound 'Light01_Cue'.
[2018.03.26-00.37.10:731][758]LogCharacterMovement: CHris_char is stuck and failed to move! Velocity: X=463.11 Y=188.49 Z=0.00 Location: X=16996.42 Y=123.73 Z=-819.09 Normal: X=0.89 Y=0.45 Z=0.00 PenetrationDepth:20.759 Actor:Bucket_BP_52 Component:StaticMesh BoneName:None (0 other events since notify)
[2018.03.26-00.37.11:731][818]LogCharacterMovement: CHris_char is stuck and failed to move! Velocity: X=356.29 Y=-350.80 Z=0.00 Location: X=16996.64 Y=145.36 Z=-819.09 Normal: X=0.71 Y=-0.71 Z=-0.00 PenetrationDepth:20.759 Actor:Bucket_BP_52 Component:StaticMesh BoneName:None (52 other events since notify)
[2018.03.26-00.37.43:615][727]LogTemp: Repeating last play command: Selected Viewport
[2018.03.26-00.37.43:637][727]LogPlayLevel: PlayLevel: No blueprints needed recompiling
[2018.03.26-00.37.43:637][727]PIE: New page: PIE session: ProceduralMap (Mar 25, 2018, 4:37:43 PM)
[2018.03.26-00.37.43:637][727]LogPlayLevel: Creating play world package: /Game/ThirdPersonBP/Maps/UEDPIE_0_ProceduralMap
[2018.03.26-00.37.43:643][727]LogPlayLevel: PIE: StaticDuplicateObject took: (0.005391s)
[2018.03.26-00.37.43:643][727]LogAIModule: Creating AISystem for world ProceduralMap
[2018.03.26-00.37.43:644][727]LogPlayLevel: PIE: World Init took: (0.000846s)
[2018.03.26-00.37.43:644][727]LogPlayLevel: PIE: Created PIE world by copying editor world from /Game/ThirdPersonBP/Maps/ProceduralMap.ProceduralMap to /Game/ThirdPersonBP/Maps/UEDPIE_0_ProceduralMap.ProceduralMap (0.006502s)
[2018.03.26-00.37.43:655][727]LogInit: XAudio2 using 'Speakers / Headphones (Realtek Audio)' : 2 channels at 48 kHz using 32 bits per sample (channel mask 0x3)
[2018.03.26-00.37.43:669][727]LogInit: FAudioDevice initialized.
[2018.03.26-00.37.43:703][727]LogLoad: Game class is 'RunGameMode_C'
[2018.03.26-00.37.43:706][727]LogWorld: Bringing World /Game/ThirdPersonBP/Maps/UEDPIE_0_ProceduralMap.ProceduralMap up for play (max tick rate 60) at 2018.03.25-20.37.43
[2018.03.26-00.37.43:706][727]LogWorld: Bringing up level for play took: 0.001436
[2018.03.26-00.37.43:727][727]PIE: Play in editor start time for /Game/ThirdPersonBP/Maps/UEDPIE_0_ProceduralMap -0.444
[2018.03.26-00.37.43:755][727]LogAudio: Warning: Detected orphaned looping sound 'Light01_Cue'.
[2018.03.26-00.37.45:892][844]LogAudio: Warning: Detected orphaned looping sound 'Light01_Cue'.
[2018.03.26-00.37.57:243][504]LogAudio: Warning: Detected orphaned looping sound 'Light01_Cue'.
[2018.03.26-00.37.57:352][507]LogAudio: Warning: Detected orphaned looping sound 'Light01_Cue'.
[2018.03.26-00.37.59:288][615]LogAudio: Warning: Detected orphaned looping sound 'Light01_Cue'.
[2018.03.26-00.38.05:703][  0]LogCharacterMovement: CHris_char is stuck and failed to move! Velocity: X=0.04 Y=500.00 Z=0.00 Location: X=20757.64 Y=14494.43 Z=-279.25 Normal: X=0.00 Y=1.00 Z=-0.00 PenetrationDepth:20.760 Actor:Bucket_BP_52 Component:StaticMesh BoneName:None (0 other events since notify)
[2018.03.26-00.38.06:837][ 68]LogCharacterMovement: CHris_char is stuck and failed to move! Velocity: X=12.07 Y=12.07 Z=0.00 Location: X=20952.41 Y=14518.88 Z=-276.00 Normal: X=0.71 Y=0.71 Z=-0.00 PenetrationDepth:20.760 Actor:Bucket_BP_52 Component:StaticMesh BoneName:None (36 other events since notify)
[2018.03.26-00.38.08:171][148]LogCharacterMovement: CHris_char is stuck and failed to move! Velocity: X=0.00 Y=17.07 Z=0.00 Location: X=21046.28 Y=15452.78 Z=-276.85 Normal: X=0.71 Y=0.71 Z=-0.00 PenetrationDepth:20.760 Actor:Bucket_BP_52 Component:StaticMesh BoneName:None (25 other events since notify)
[2018.03.26-00.38.09:170][208]LogCharacterMovement: CHris_char is stuck and failed to move! Velocity: X=110.21 Y=121.05 Z=0.00 Location: X=21046.28 Y=15452.78 Z=-276.85 Normal: X=0.71 Y=0.71 Z=-0.00 PenetrationDepth:20.760 Actor:Bucket_BP_52 Component:StaticMesh BoneName:None (54 other events since notify)
[2018.03.26-00.38.11:288][331]LogTemp: Repeating last play command: Selected Viewport
[2018.03.26-00.38.11:311][331]LogPlayLevel: PlayLevel: No blueprints needed recompiling
[2018.03.26-00.38.11:311][331]PIE: New page: PIE session: ProceduralMap (Mar 25, 2018, 4:38:11 PM)
[2018.03.26-00.38.11:311][331]LogPlayLevel: Creating play world package: /Game/ThirdPersonBP/Maps/UEDPIE_0_ProceduralMap
[2018.03.26-00.38.11:317][331]LogPlayLevel: PIE: StaticDuplicateObject took: (0.005628s)
[2018.03.26-00.38.11:318][331]LogAIModule: Creating AISystem for world ProceduralMap
[2018.03.26-00.38.11:318][331]LogPlayLevel: PIE: World Init took: (0.000889s)
[2018.03.26-00.38.11:318][331]LogPlayLevel: PIE: Created PIE world by copying editor world from /Game/ThirdPersonBP/Maps/ProceduralMap.ProceduralMap to /Game/ThirdPersonBP/Maps/UEDPIE_0_ProceduralMap.ProceduralMap (0.006878s)
[2018.03.26-00.38.11:330][331]LogInit: XAudio2 using 'Speakers / Headphones (Realtek Audio)' : 2 channels at 48 kHz using 32 bits per sample (channel mask 0x3)
[2018.03.26-00.38.11:343][331]LogInit: FAudioDevice initialized.
[2018.03.26-00.38.11:379][331]LogLoad: Game class is 'RunGameMode_C'
[2018.03.26-00.38.11:381][331]LogWorld: Bringing World /Game/ThirdPersonBP/Maps/UEDPIE_0_ProceduralMap.ProceduralMap up for play (max tick rate 60) at 2018.03.25-20.38.11
[2018.03.26-00.38.11:381][331]LogWorld: Bringing up level for play took: 0.001620
[2018.03.26-00.38.11:401][331]PIE: Play in editor start time for /Game/ThirdPersonBP/Maps/UEDPIE_0_ProceduralMap -0.77
[2018.03.26-00.38.22:314][946]LogCharacterMovement: CHris_char is stuck and failed to move! Velocity: X=19.00 Y=-0.00 Z=0.00 Location: X=16323.60 Y=1443.96 Z=-516.85 Normal: X=0.82 Y=0.58 Z=-0.00 PenetrationDepth:20.760 Actor:Bucket_BP_52 Component:StaticMesh BoneName:None (0 other events since notify)
[2018.03.26-00.38.24:382][ 67]Cmd: RestartLevel
[2018.03.26-00.38.24:398][ 68]LogNet: Browse: /Game/ThirdPersonBP/Maps/ProceduralMap?restart
[2018.03.26-00.38.24:399][ 68]LogLoad: LoadMap: /Game/ThirdPersonBP/Maps/ProceduralMap
[2018.03.26-00.38.24:414][ 68]LogPlayLevel: Creating play world package: /Game/ThirdPersonBP/Maps/UEDPIE_0_ProceduralMap
[2018.03.26-00.38.24:419][ 68]LogPlayLevel: PIE: StaticDuplicateObject took: (0.005749s)
[2018.03.26-00.38.24:420][ 68]LogAIModule: Creating AISystem for world ProceduralMap
[2018.03.26-00.38.24:420][ 68]LogPlayLevel: PIE: World Init took: (0.000889s)
[2018.03.26-00.38.24:421][ 68]LogPlayLevel: PIE: Created PIE world by copying editor world from /Game/ThirdPersonBP/Maps/ProceduralMap.ProceduralMap to /Game/ThirdPersonBP/Maps/UEDPIE_0_ProceduralMap.ProceduralMap (0.007007s)
[2018.03.26-00.38.24:421][ 68]LogLoad: Game class is 'RunGameMode_C'
[2018.03.26-00.38.24:423][ 68]LogWorld: Bringing World /Game/ThirdPersonBP/Maps/UEDPIE_0_ProceduralMap.ProceduralMap up for play (max tick rate 60) at 2018.03.25-20.38.24
[2018.03.26-00.38.24:424][ 68]LogWorld: Bringing up level for play took: 0.001913
[2018.03.26-00.38.24:443][ 68]LogLoad: Took 0.044669 seconds to LoadMap(/Game/ThirdPersonBP/Maps/UEDPIE_0_ProceduralMap)
[2018.03.26-00.38.31:391][475]LogAudio: Warning: Detected orphaned looping sound 'Light01_Cue'.
[2018.03.26-00.38.44:058][195]LogAudio: Warning: Detected orphaned looping sound 'Light01_Cue'.
[2018.03.26-00.38.47:542][389]LogAudio: Warning: Detected orphaned looping sound 'Light01_Cue'.
[2018.03.26-00.38.49:508][499]LogAudio: Warning: Detected orphaned looping sound 'Light01_Cue'.
[2018.03.26-00.38.56:315][886]LogCharacterMovement: CHris_char is stuck and failed to move! Velocity: X=-17.07 Y=0.00 Z=0.00 Location: X=2.67 Y=16995.31 Z=-319.04 Normal: X=-1.00 Y=0.00 Z=-0.00 PenetrationDepth:20.760 Actor:Bucket_BP_52 Component:StaticMesh BoneName:None (0 other events since notify)
[2018.03.26-00.38.57:316][946]LogCharacterMovement: CHris_char is stuck and failed to move! Velocity: X=-17.07 Y=0.00 Z=0.00 Location: X=2.67 Y=16995.31 Z=-319.04 Normal: X=-1.00 Y=0.00 Z=-0.00 PenetrationDepth:20.760 Actor:Bucket_BP_52 Component:StaticMesh BoneName:None (57 other events since notify)
[2018.03.26-00.39.03:283][286]LogAudio: Warning: Detected orphaned looping sound 'Light01_Cue'.
[2018.03.26-00.39.07:131][503]LogCharacterMovement: CHris_char is stuck and failed to move! Velocity: X=-0.41 Y=500.00 Z=0.00 Location: X=-4569.20 Y=24494.96 Z=-1219.19 Normal: X=-0.00 Y=1.00 Z=-0.00 PenetrationDepth:20.760 Actor:Bucket_BP_52 Component:StaticMesh BoneName:None (46 other events since notify)
[2018.03.26-00.39.21:482][329]LogAudio: Warning: Detected orphaned looping sound 'Light01_Cue'.
[2018.03.26-00.39.23:330][429]LogAudio: Warning: Detected orphaned looping sound 'Light01_Cue'.
[2018.03.26-00.39.27:178][659]LogCharacterMovement: CHris_char is stuck and failed to move! Velocity: X=332.53 Y=0.01 Z=0.00 Location: X=9713.19 Y=39689.58 Z=-1016.85 Normal: X=1.00 Y=0.00 Z=-0.00 PenetrationDepth:20.760 Actor:Bucket_BP_52 Component:StaticMesh BoneName:None (18 other events since notify)
[2018.03.26-00.39.29:246][783]Cmd: RestartLevel
[2018.03.26-00.39.29:262][784]LogNet: Browse: /Game/ThirdPersonBP/Maps/ProceduralMap?restart
[2018.03.26-00.39.29:262][784]LogLoad: LoadMap: /Game/ThirdPersonBP/Maps/ProceduralMap
[2018.03.26-00.39.29:276][784]LogPlayLevel: Creating play world package: /Game/ThirdPersonBP/Maps/UEDPIE_0_ProceduralMap
[2018.03.26-00.39.29:284][784]LogPlayLevel: PIE: StaticDuplicateObject took: (0.006928s)
[2018.03.26-00.39.29:284][784]LogAIModule: Creating AISystem for world ProceduralMap
[2018.03.26-00.39.29:284][784]LogPlayLevel: PIE: World Init took: (0.000785s)
[2018.03.26-00.39.29:285][784]LogPlayLevel: PIE: Created PIE world by copying editor world from /Game/ThirdPersonBP/Maps/ProceduralMap.ProceduralMap to /Game/ThirdPersonBP/Maps/UEDPIE_0_ProceduralMap.ProceduralMap (0.008348s)
[2018.03.26-00.39.29:285][784]LogLoad: Game class is 'RunGameMode_C'
[2018.03.26-00.39.29:287][784]LogWorld: Bringing World /Game/ThirdPersonBP/Maps/UEDPIE_0_ProceduralMap.ProceduralMap up for play (max tick rate 60) at 2018.03.25-20.39.29
[2018.03.26-00.39.29:288][784]LogWorld: Bringing up level for play took: 0.001653
[2018.03.26-00.39.29:307][784]LogLoad: Took 0.044873 seconds to LoadMap(/Game/ThirdPersonBP/Maps/UEDPIE_0_ProceduralMap)
[2018.03.26-00.39.31:579][900]LogAudio: Warning: Detected orphaned looping sound 'Light01_Cue'.
[2018.03.26-00.39.32:843][975]LogCharacterMovement: CHris_char is stuck and failed to move! Velocity: X=500.00 Y=0.00 Z=0.00 Location: X=5997.77 Y=0.00 Z=-499.02 Normal: X=1.00 Y=0.00 Z=-0.00 PenetrationDepth:20.760 Actor:Bucket_BP_52 Component:StaticMesh BoneName:None (0 other events since notify)
[2018.03.26-00.39.33:842][ 35]LogCharacterMovement: CHris_char is stuck and failed to move! Velocity: X=500.00 Y=0.00 Z=0.00 Location: X=5997.77 Y=0.00 Z=-499.02 Normal: X=1.00 Y=0.00 Z=-0.00 PenetrationDepth:20.760 Actor:Bucket_BP_52 Component:StaticMesh BoneName:None (59 other events since notify)
[2018.03.26-00.39.45:220][616]LogCharacterMovement: CHris_char is stuck and failed to move! Velocity: X=17.07 Y=0.00 Z=0.00 Location: X=7425.01 Y=0.00 Z=-439.74 Normal: X=1.00 Y=0.00 Z=-0.00 PenetrationDepth:20.760 Actor:Bucket_BP_52 Component:StaticMesh BoneName:None (47 other events since notify)
[2018.03.26-00.39.46:870][715]LogCharacterMovement: CHris_char is stuck and failed to move! Velocity: X=17.07 Y=0.00 Z=0.00 Location: X=8600.92 Y=-0.00 Z=-263.34 Normal: X=1.00 Y=0.00 Z=-0.00 PenetrationDepth:20.760 Actor:Bucket_BP_52 Component:StaticMesh BoneName:None (42 other events since notify)
[2018.03.26-00.39.48:486][803]LogCharacterMovement: CHris_char is stuck and failed to move! Velocity: X=18.75 Y=0.00 Z=0.00 Location: X=10050.73 Y=-0.00 Z=-215.89 Normal: X=1.00 Y=0.00 Z=-0.00 PenetrationDepth:20.760 Actor:Bucket_BP_52 Component:StaticMesh BoneName:None (22 other events since notify)
[2018.03.26-00.39.49:801][880]LogCharacterMovement: CHris_char is stuck and failed to move! Velocity: X=259.29 Y=0.00 Z=0.00 Location: X=11203.02 Y=-0.00 Z=-42.92 Normal: X=1.00 Y=0.00 Z=-0.00 PenetrationDepth:20.001 Actor:Bucket_BP_52 Component:StaticMesh BoneName:None (23 other events since notify)
[2018.03.26-00.39.56:286][240]LogAudio: Warning: Detected orphaned looping sound 'Light01_Cue'.
[2018.03.26-00.40.04:062][703]LogCharacterMovement: CHris_char is stuck and failed to move! Velocity: X=0.03 Y=500.00 Z=0.00 Location: X=18223.10 Y=13495.82 Z=300.87 Normal: X=0.00 Y=1.00 Z=-0.00 PenetrationDepth:20.760 Actor:Bucket_BP_52 Component:StaticMesh BoneName:None (26 other events since notify)
[2018.03.26-00.40.05:087][748]LogCharacterMovement: CHris_char is stuck and failed to move! Velocity: X=0.01 Y=244.36 Z=0.00 Location: X=18223.10 Y=13495.82 Z=300.87 Normal: X=0.00 Y=1.00 Z=-0.00 PenetrationDepth:20.760 Actor:Bucket_BP_52 Component:StaticMesh BoneName:None (41 other events since notify)
[2018.03.26-00.40.10:058][ 13]LogCharacterMovement: CHris_char is stuck and failed to move! Velocity: X=0.00 Y=17.07 Z=0.00 Location: X=18223.21 Y=14858.91 Z=350.35 Normal: X=0.00 Y=1.00 Z=-0.00 PenetrationDepth:20.760 Actor:Bucket_BP_52 Component:StaticMesh BoneName:None (33 other events since notify)
[2018.03.26-00.40.11:441][ 96]LogCharacterMovement: CHris_char is stuck and failed to move! Velocity: X=0.01 Y=204.82 Z=0.00 Location: X=18223.31 Y=15988.66 Z=519.92 Normal: X=0.00 Y=1.00 Z=-0.00 PenetrationDepth:17.353 Actor:Bucket_BP_52 Component:StaticMesh BoneName:None (29 other events since notify)
[2018.03.26-00.40.14:386][267]LogAudio: Warning: Detected orphaned looping sound 'Light01_Cue'.
[2018.03.26-00.42.34:990][687]LogTemp: Repeating last play command: Selected Viewport
[2018.03.26-00.42.35:013][687]LogPlayLevel: PlayLevel: No blueprints needed recompiling
[2018.03.26-00.42.35:013][687]PIE: New page: PIE session: ProceduralMap (Mar 25, 2018, 4:42:35 PM)
[2018.03.26-00.42.35:013][687]LogPlayLevel: Creating play world package: /Game/ThirdPersonBP/Maps/UEDPIE_0_ProceduralMap
[2018.03.26-00.42.35:020][687]LogPlayLevel: PIE: StaticDuplicateObject took: (0.006334s)
[2018.03.26-00.42.35:020][687]LogAIModule: Creating AISystem for world ProceduralMap
[2018.03.26-00.42.35:021][687]LogPlayLevel: PIE: World Init took: (0.000908s)
[2018.03.26-00.42.35:021][687]LogPlayLevel: PIE: Created PIE world by copying editor world from /Game/ThirdPersonBP/Maps/ProceduralMap.ProceduralMap to /Game/ThirdPersonBP/Maps/UEDPIE_0_ProceduralMap.ProceduralMap (0.007622s)
[2018.03.26-00.42.35:032][687]LogInit: XAudio2 using 'Speakers / Headphones (Realtek Audio)' : 2 channels at 48 kHz using 32 bits per sample (channel mask 0x3)
[2018.03.26-00.42.35:047][687]LogInit: FAudioDevice initialized.
[2018.03.26-00.42.35:082][687]LogLoad: Game class is 'RunGameMode_C'
[2018.03.26-00.42.35:085][687]LogWorld: Bringing World /Game/ThirdPersonBP/Maps/UEDPIE_0_ProceduralMap.ProceduralMap up for play (max tick rate 60) at 2018.03.25-20.42.35
[2018.03.26-00.42.35:085][687]LogWorld: Bringing up level for play took: 0.001791
[2018.03.26-00.42.35:105][687]PIE: Play in editor start time for /Game/ThirdPersonBP/Maps/UEDPIE_0_ProceduralMap 0.934
[2018.03.26-00.42.42:394][115]LogAudio: Warning: Detected orphaned looping sound 'Light01_Cue'.
[2018.03.26-00.42.49:419][487]LogAudio: Warning: Detected orphaned looping sound 'Light01_Cue'.
[2018.03.26-00.46.03:394][105]LogTemp: Repeating last play command: Selected Viewport
[2018.03.26-00.46.03:418][105]LogPlayLevel: PlayLevel: No blueprints needed recompiling
[2018.03.26-00.46.03:418][105]PIE: New page: PIE session: ProceduralMap (Mar 25, 2018, 4:46:03 PM)
[2018.03.26-00.46.03:418][105]LogPlayLevel: Creating play world package: /Game/ThirdPersonBP/Maps/UEDPIE_0_ProceduralMap
[2018.03.26-00.46.03:424][105]LogPlayLevel: PIE: StaticDuplicateObject took: (0.005828s)
[2018.03.26-00.46.03:425][105]LogAIModule: Creating AISystem for world ProceduralMap
[2018.03.26-00.46.03:425][105]LogPlayLevel: PIE: World Init took: (0.000982s)
[2018.03.26-00.46.03:426][105]LogPlayLevel: PIE: Created PIE world by copying editor world from /Game/ThirdPersonBP/Maps/ProceduralMap.ProceduralMap to /Game/ThirdPersonBP/Maps/UEDPIE_0_ProceduralMap.ProceduralMap (0.007208s)
[2018.03.26-00.46.03:439][105]LogInit: XAudio2 using 'Speakers / Headphones (Realtek Audio)' : 2 channels at 48 kHz using 32 bits per sample (channel mask 0x3)
[2018.03.26-00.46.03:454][105]LogInit: FAudioDevice initialized.
[2018.03.26-00.46.03:485][105]LogLoad: Game class is 'RunGameMode_C'
[2018.03.26-00.46.03:488][105]LogWorld: Bringing World /Game/ThirdPersonBP/Maps/UEDPIE_0_ProceduralMap.ProceduralMap up for play (max tick rate 60) at 2018.03.25-20.46.03
[2018.03.26-00.46.03:488][105]LogWorld: Bringing up level for play took: 0.001757
[2018.03.26-00.46.03:513][105]PIE: Play in editor start time for /Game/ThirdPersonBP/Maps/UEDPIE_0_ProceduralMap -0.659
[2018.03.26-00.46.10:989][517]LogAudio: Warning: Detected orphaned looping sound 'Light01_Cue'.
[2018.03.26-00.46.17:992][917]LogSavePackage: Save=59.79ms
[2018.03.26-00.46.17:992][917]LogSavePackage: Moving '../../../../../../Users/rudra/Documents/UPenn Documents/Spring 2018 Class Docs/CIS 568 Game Design Practicum/Game1 (Rishabh Git Repo)/Water-Run/WaterRunner/Saved/ProceduralMapB376E6D7428264AEA4C4F69CC2D77D51.tmp' to '../../../../../../Users/rudra/Documents/UPenn Documents/Spring 2018 Class Docs/CIS 568 Game Design Practicum/Game1 (Rishabh Git Repo)/Water-Run/WaterRunner/Content/ThirdPersonBP/Maps/ProceduralMap.umap'
[2018.03.26-00.46.17:996][917]LogSavePackage: Display: Finished SavePackage ../../../../../../Users/rudra/Documents/UPenn Documents/Spring 2018 Class Docs/CIS 568 Game Design Practicum/Game1 (Rishabh Git Repo)/Water-Run/WaterRunner/Content/ThirdPersonBP/Maps/ProceduralMap.umap
[2018.03.26-00.46.19:177][977]LogWindowsTextInputMethodSystem: Display: IME system now deactivated.
[2018.03.26-00.46.19:392][978]Cmd: QUIT_EDITOR
[2018.03.26-00.46.19:857][978]LogExit: Preparing to exit.
[2018.03.26-00.46.20:846][978]LogDirectoryWatcher: A directory notification for 'C:/Users/rudra/Documents/UPenn Documents/Spring 2018 Class Docs/CIS 568 Game Design Practicum/Game1 (Rishabh Git Repo)/Water-Run/WaterRunner/Content/' was aborted.
[2018.03.26-00.46.20:872][978]LogExit: Editor shut down
[2018.03.26-00.46.20:877][978]LogExit: Transaction tracking system shut down
[2018.03.26-00.46.21:072][978]LogDirectoryWatcher: A directory notification for '../../../Engine/Content/' was aborted.
[2018.03.26-00.46.21:072][978]LogDirectoryWatcher: A directory notification for '../../../../../../Users/rudra/Documents/UPenn Documents/Spring 2018 Class Docs/CIS 568 Game Design Practicum/Game1 (Rishabh Git Repo)/Water-Run/WaterRunner/Content/' was aborted.
[2018.03.26-00.46.21:072][978]LogDirectoryWatcher: A directory notification for '../../../Engine/Plugins/2D/Paper2D/Content/' was aborted.
[2018.03.26-00.46.21:072][978]LogDirectoryWatcher: A directory notification for '../../../Engine/Plugins/Media/MediaCompositing/Content/' was aborted.
[2018.03.26-00.46.21:072][978]LogDirectoryWatcher: A directory notification for '../../../Engine/Plugins/Runtime/AppleARKit/Content/' was aborted.
[2018.03.26-00.46.21:072][978]LogDirectoryWatcher: A directory notification for '../../../Engine/Plugins/Runtime/Oculus/OculusVR/Content/' was aborted.
[2018.03.26-00.46.21:072][978]LogDirectoryWatcher: A directory notification for '../../../Engine/Plugins/Runtime/Steam/SteamVR/Content/' was aborted.
[2018.03.26-00.46.21:153][978]LogExit: Object subsystem successfully closed.
[2018.03.26-00.46.21:181][978]LogD3D11RHI: Shutdown
[2018.03.26-00.46.21:181][978]LogD3D11RHI: CleanupD3DDevice
[2018.03.26-00.46.21:183][978]LogD3D11RHI: ~FD3D11DynamicRHI
[2018.03.26-00.46.21:222][978]LogModuleManager: Shutting down and abandoning module MovieSceneCapture (550)
[2018.03.26-00.46.21:222][978]LogModuleManager: Shutting down and abandoning module HierarchicalLODOutliner (548)
[2018.03.26-00.46.21:222][978]LogModuleManager: Shutting down and abandoning module SceneOutliner (546)
[2018.03.26-00.46.21:222][978]LogModuleManager: Shutting down and abandoning module AddContentDialog (544)
[2018.03.26-00.46.21:223][978]LogDirectoryWatcher: A directory notification for 'C:/Program Files/Epic Games/UE_4.18/FeaturePacks/' was aborted.
[2018.03.26-00.46.21:224][978]LogModuleManager: Shutting down and abandoning module WidgetCarousel (543)
[2018.03.26-00.46.21:224][978]LogModuleManager: Shutting down and abandoning module EditorWidgets (540)
[2018.03.26-00.46.21:224][978]LogModuleManager: Shutting down and abandoning module CollectionManager (538)
[2018.03.26-00.46.21:224][978]LogDirectoryWatcher: A directory notification for 'C:/Users/rudra/Documents/UPenn Documents/Spring 2018 Class Docs/CIS 568 Game Design Practicum/Game1 (Rishabh Git Repo)/Water-Run/WaterRunner/Content/Collections/' was aborted.
[2018.03.26-00.46.21:224][978]LogDirectoryWatcher: A directory notification for 'C:/Users/rudra/Documents/UPenn Documents/Spring 2018 Class Docs/CIS 568 Game Design Practicum/Game1 (Rishabh Git Repo)/Water-Run/WaterRunner/Content/Developers/rudra/Collections/' was aborted.
[2018.03.26-00.46.21:224][978]LogDirectoryWatcher: A directory notification for 'C:/Users/rudra/Documents/UPenn Documents/Spring 2018 Class Docs/CIS 568 Game Design Practicum/Game1 (Rishabh Git Repo)/Water-Run/WaterRunner/Saved/Collections/' was aborted.
[2018.03.26-00.46.21:224][978]LogModuleManager: Shutting down and abandoning module StatsViewer (536)
[2018.03.26-00.46.21:225][978]LogModuleManager: Shutting down and abandoning module FoliageEdit (534)
[2018.03.26-00.46.21:225][978]LogModuleManager: Shutting down and abandoning module LandscapeEditor (532)
[2018.03.26-00.46.21:226][978]LogModuleManager: Shutting down and abandoning module MeshPaintMode (530)
[2018.03.26-00.46.21:226][978]LogModuleManager: Shutting down and abandoning module SceneDepthPickerMode (528)
[2018.03.26-00.46.21:226][978]LogModuleManager: Shutting down and abandoning module ActorPickerMode (526)
[2018.03.26-00.46.21:226][978]LogModuleManager: Shutting down and abandoning module GeometryMode (524)
[2018.03.26-00.46.21:226][978]LogModuleManager: Shutting down and abandoning module TextureAlignMode (522)
[2018.03.26-00.46.21:226][978]LogModuleManager: Shutting down and abandoning module BspMode (520)
[2018.03.26-00.46.21:226][978]LogModuleManager: Shutting down and abandoning module PIEPreviewDeviceProfileSelector (518)
[2018.03.26-00.46.21:226][978]LogModuleManager: Shutting down and abandoning module HardwareSurvey (516)
[2018.03.26-00.46.21:226][978]LogModuleManager: Shutting down and abandoning module SequenceRecorderSections (514)
[2018.03.26-00.46.21:227][978]LogModuleManager: Shutting down and abandoning module AutomationWorker (512)
[2018.03.26-00.46.21:227][978]LogModuleManager: Shutting down and abandoning module MatineeToLevelSequence (510)
[2018.03.26-00.46.21:227][978]LogModuleManager: Shutting down and abandoning module LevelSequenceEditor (508)
[2018.03.26-00.46.21:229][978]LogModuleManager: Shutting down and abandoning module PlacementMode (507)
[2018.03.26-00.46.21:229][978]LogModuleManager: Shutting down and abandoning module WmfMediaFactory (504)
[2018.03.26-00.46.21:229][978]LogModuleManager: Shutting down and abandoning module WmfMediaEditor (502)
[2018.03.26-00.46.21:229][978]LogModuleManager: Shutting down and abandoning module OpenExrWrapper (500)
[2018.03.26-00.46.21:229][978]LogModuleManager: Shutting down and abandoning module ImgMediaFactory (498)
[2018.03.26-00.46.21:229][978]LogModuleManager: Shutting down and abandoning module ImgMediaEditor (496)
[2018.03.26-00.46.21:229][978]LogModuleManager: Shutting down and abandoning module AvfMediaFactory (494)
[2018.03.26-00.46.21:229][978]LogModuleManager: Shutting down and abandoning module AvfMediaEditor (492)
[2018.03.26-00.46.21:229][978]LogModuleManager: Shutting down and abandoning module AndroidMediaFactory (490)
[2018.03.26-00.46.21:229][978]LogModuleManager: Shutting down and abandoning module AndroidMediaEditor (488)
[2018.03.26-00.46.21:229][978]LogModuleManager: Shutting down and abandoning module CharacterAI (486)
[2018.03.26-00.46.21:229][978]LogModuleManager: Shutting down and abandoning module AudioCapture (484)
[2018.03.26-00.46.21:229][978]LogModuleManager: Shutting down and abandoning module SequenceRecorder (483)
[2018.03.26-00.46.21:230][978]LogModuleManager: Shutting down and abandoning module SmartSnapping (480)
[2018.03.26-00.46.21:230][978]LogModuleManager: Shutting down and abandoning module SessionServices (478)
[2018.03.26-00.46.21:230][978]LogModuleManager: Shutting down and abandoning module ViewportSnapping (476)
[2018.03.26-00.46.21:230][978]LogModuleManager: Shutting down and abandoning module ViewportInteraction (474)
[2018.03.26-00.46.21:230][978]LogModuleManager: Shutting down and abandoning module ClothPainter (472)
[2018.03.26-00.46.21:230][978]LogModuleManager: Shutting down and abandoning module SkeletalMeshEditor (471)
[2018.03.26-00.46.21:231][978]LogModuleManager: Shutting down and abandoning module LogVisualizer (468)
[2018.03.26-00.46.21:232][978]LogModuleManager: Shutting down and abandoning module IntroTutorials (466)
[2018.03.26-00.46.21:233][978]LogModuleManager: Shutting down and abandoning module GameProjectGeneration (465)
[2018.03.26-00.46.21:234][978]LogModuleManager: Shutting down and abandoning module IOSPlatformEditor (462)
[2018.03.26-00.46.21:234][978]LogModuleManager: Shutting down and abandoning module HTML5PlatformEditor (460)
[2018.03.26-00.46.21:234][978]LogModuleManager: Shutting down and abandoning module AndroidPlatformEditor (458)
[2018.03.26-00.46.21:234][978]LogModuleManager: Shutting down and abandoning module AndroidDeviceDetection (457)
[2018.03.26-00.46.21:906][978]LogModuleManager: Shutting down and abandoning module WindowsPlatformEditor (454)
[2018.03.26-00.46.21:906][978]LogModuleManager: Shutting down and abandoning module IOSRuntimeSettings (452)
[2018.03.26-00.46.21:906][978]LogModuleManager: Shutting down and abandoning module AndroidRuntimeSettings (450)
[2018.03.26-00.46.21:906][978]LogModuleManager: Shutting down and abandoning module InputBindingEditor (448)
[2018.03.26-00.46.21:909][978]LogModuleManager: Shutting down and abandoning module MergeActors (446)
[2018.03.26-00.46.21:910][978]LogModuleManager: Shutting down and abandoning module SizeMap (444)
[2018.03.26-00.46.21:910][978]LogModuleManager: Shutting down and abandoning module TreeMap (442)
[2018.03.26-00.46.21:910][978]LogModuleManager: Shutting down and abandoning module ReferenceViewer (440)
[2018.03.26-00.46.21:910][978]LogModuleManager: Shutting down and abandoning module LocalizationDashboard (438)
[2018.03.26-00.46.21:911][978]LogModuleManager: Shutting down and abandoning module LocalizationService (437)
[2018.03.26-00.46.21:911][978]LogModuleManager: Shutting down and abandoning module HardwareTargeting (434)
[2018.03.26-00.46.21:911][978]LogModuleManager: Shutting down and abandoning module DeviceProfileEditor (432)
[2018.03.26-00.46.21:911][978]LogModuleManager: Shutting down and abandoning module UndoHistory (430)
[2018.03.26-00.46.21:911][978]LogModuleManager: Shutting down and abandoning module XmlParser (428)
[2018.03.26-00.46.21:912][978]LogModuleManager: Shutting down and abandoning module Blutility (426)
[2018.03.26-00.46.21:912][978]LogModuleManager: Shutting down and abandoning module ProjectSettingsViewer (424)
[2018.03.26-00.46.21:912][978]LogModuleManager: Shutting down and abandoning module ProjectTargetPlatformEditor (423)
[2018.03.26-00.46.21:912][978]LogModuleManager: Shutting down and abandoning module EditorSettingsViewer (420)
[2018.03.26-00.46.21:912][978]LogModuleManager: Shutting down and abandoning module SettingsEditor (418)
[2018.03.26-00.46.21:913][978]LogModuleManager: Shutting down and abandoning module ProjectLauncher (416)
[2018.03.26-00.46.21:913][978]LogModuleManager: Shutting down and abandoning module SessionFrontend (414)
[2018.03.26-00.46.21:914][978]LogModuleManager: Shutting down and abandoning module ProfilerClient (412)
[2018.03.26-00.46.21:914][978]LogModuleManager: Shutting down and abandoning module DeviceManager (410)
[2018.03.26-00.46.21:914][978]LogModuleManager: Shutting down and abandoning module TargetDeviceServices (409)
[2018.03.26-00.46.21:979][978]LogModuleManager: Shutting down and abandoning module AutomationController (406)
[2018.03.26-00.46.21:982][978]LogModuleManager: Shutting down and abandoning module AutomationWindow (404)
[2018.03.26-00.46.21:984][978]LogModuleManager: Shutting down and abandoning module Layers (402)
[2018.03.26-00.46.21:986][978]LogModuleManager: Shutting down and abandoning module ComponentVisualizers (400)
[2018.03.26-00.46.21:986][978]LogModuleManager: Shutting down and abandoning module DetailCustomizations (398)
[2018.03.26-00.46.21:987][978]LogModuleManager: Shutting down and abandoning module PackagesDialog (396)
[2018.03.26-00.46.21:987][978]LogModuleManager: Shutting down and abandoning module Persona (394)
[2018.03.26-00.46.21:989][978]LogModuleManager: Shutting down and abandoning module AdvancedPreviewScene (393)
[2018.03.26-00.46.21:989][978]LogModuleManager: Shutting down and abandoning module AnimGraph (391)
[2018.03.26-00.46.21:989][978]LogModuleManager: Shutting down and abandoning module Kismet (388)
[2018.03.26-00.46.21:993][978]LogModuleManager: Shutting down and abandoning module ClassViewer (386)
[2018.03.26-00.46.21:993][978]LogModuleManager: Shutting down and abandoning module Toolbox (384)
[2018.03.26-00.46.21:993][978]LogModuleManager: Shutting down and abandoning module ModuleUI (382)
[2018.03.26-00.46.21:993][978]LogModuleManager: Shutting down and abandoning module MovieSceneTools (380)
[2018.03.26-00.46.21:994][978]LogModuleManager: Shutting down and abandoning module OutputLog (378)
[2018.03.26-00.46.21:995][978]LogModuleManager: Shutting down and abandoning module GammaUI (376)
[2018.03.26-00.46.21:995][978]LogModuleManager: Shutting down and abandoning module Documentation (374)
[2018.03.26-00.46.21:995][978]LogModuleManager: Shutting down and abandoning module MovieSceneTracks (372)
[2018.03.26-00.46.21:995][978]LogModuleManager: Shutting down and abandoning module MovieScene (370)
[2018.03.26-00.46.21:995][978]LogModuleManager: Shutting down and abandoning module StreamingPauseRendering (368)
[2018.03.26-00.46.21:995][978]LogModuleManager: Shutting down and abandoning module LauncherPlatform (366)
[2018.03.26-00.46.21:995][978]LogModuleManager: Shutting down and abandoning module AnalyticsET (364)
[2018.03.26-00.46.21:995][978]LogModuleManager: Shutting down and abandoning module PortalServices (362)
[2018.03.26-00.46.21:995][978]LogModuleManager: Shutting down and abandoning module PortalRpc (360)
[2018.03.26-00.46.21:995][978]LogModuleManager: Shutting down and abandoning module MessagingRpc (358)
[2018.03.26-00.46.21:995][978]LogModuleManager: Shutting down and abandoning module AIModule (356)
[2018.03.26-00.46.21:995][978]LogModuleManager: Shutting down and abandoning module GameplayDebugger (355)
[2018.03.26-00.46.21:995][978]LogModuleManager: Shutting down and abandoning module AITestSuite (353)
[2018.03.26-00.46.21:996][978]LogModuleManager: Shutting down and abandoning module DesktopPlatform (350)
[2018.03.26-00.46.21:996][978]LogModuleManager: Shutting down and abandoning module ProfilerService (348)
[2018.03.26-00.46.22:216][978]LogModuleManager: Shutting down and abandoning module TaskGraph (346)
[2018.03.26-00.46.22:218][978]LogModuleManager: Shutting down and abandoning module SteamVRController (344)
[2018.03.26-00.46.22:218][978]LogModuleManager: Shutting down and abandoning module ProceduralMeshComponentEditor (342)
[2018.03.26-00.46.22:218][978]LogModuleManager: Shutting down and abandoning module ProceduralMeshComponent (340)
[2018.03.26-00.46.22:218][978]LogModuleManager: Shutting down and abandoning module OculusInput (338)
[2018.03.26-00.46.22:218][978]LogModuleManager: Shutting down and abandoning module MobilePatchingUtils (336)
[2018.03.26-00.46.22:218][978]LogModuleManager: Shutting down and abandoning module CustomMeshComponent (334)
[2018.03.26-00.46.22:218][978]LogModuleManager: Shutting down and abandoning module CableComponent (332)
[2018.03.26-00.46.22:218][978]LogModuleManager: Shutting down and abandoning module ArchVisCharacter (330)
[2018.03.26-00.46.22:218][978]LogModuleManager: Shutting down and abandoning module AndroidPermission (328)
[2018.03.26-00.46.22:218][978]LogModuleManager: Shutting down and abandoning module ActorSequence (324)
[2018.03.26-00.46.22:218][978]LogModuleManager: Shutting down and abandoning module MediaPlayerEditor (322)
[2018.03.26-00.46.22:220][978]LogModuleManager: Shutting down and abandoning module MediaCompositingEditor (320)
[2018.03.26-00.46.22:220][978]LogModuleManager: Shutting down and abandoning module MediaCompositing (318)
[2018.03.26-00.46.22:220][978]LogModuleManager: Shutting down and abandoning module HTML5Networking (316)
[2018.03.26-00.46.22:220][978]LogModuleManager: Shutting down and abandoning module AlembicImporter (314)
[2018.03.26-00.46.22:221][978]LogModuleManager: Shutting down and abandoning module AlembicLibrary (313)
[2018.03.26-00.46.22:221][978]LogModuleManager: Shutting down and abandoning module GeometryCache (312)
[2018.03.26-00.46.22:221][978]LogModuleManager: Shutting down and abandoning module GeometryCacheEd (311)
[2018.03.26-00.46.22:221][978]LogModuleManager: Shutting down and abandoning module SpeedTreeImporter (306)
[2018.03.26-00.46.22:221][978]LogModuleManager: Shutting down and abandoning module PluginBrowser (304)
[2018.03.26-00.46.22:223][978]LogModuleManager: Shutting down and abandoning module MobileLauncherProfileWizard (302)
[2018.03.26-00.46.22:223][978]LogModuleManager: Shutting down and abandoning module VisualStudioSourceCodeAccess (300)
[2018.03.26-00.46.22:223][978]LogModuleManager: Shutting down and abandoning module VisualStudioCodeSourceCodeAccess (298)
[2018.03.26-00.46.22:223][978]LogModuleManager: Shutting down and abandoning module UObjectPlugin (296)
[2018.03.26-00.46.22:223][978]LogModuleManager: Shutting down and abandoning module SubversionSourceControl (294)
[2018.03.26-00.46.22:224][978]LogModuleManager: Shutting down and abandoning module PerforceSourceControl (292)
[2018.03.26-00.46.22:224][978]LogModuleManager: Shutting down and abandoning module GitSourceControl (290)
[2018.03.26-00.46.22:225][978]LogModuleManager: Shutting down and abandoning module SourceControl (289)
[2018.03.26-00.46.22:226][978]LogModuleManager: Shutting down and abandoning module LightPropagationVolumeEditor (286)
[2018.03.26-00.46.22:226][978]LogModuleManager: Shutting down and abandoning module PaperTiledImporter (284)
[2018.03.26-00.46.22:226][978]LogModuleManager: Shutting down and abandoning module PaperSpriteSheetImporter (282)
[2018.03.26-00.46.22:226][978]LogModuleManager: Shutting down and abandoning module Paper2DEditor (280)
[2018.03.26-00.46.22:226][978]LogModuleManager: Shutting down and abandoning module MeshPaint (279)
[2018.03.26-00.46.22:227][978]LogModuleManager: Shutting down and abandoning module LevelEditor (277)
[2018.03.26-00.46.22:228][978]LogModuleManager: Shutting down and abandoning module PixelInspectorModule (276)
[2018.03.26-00.46.22:228][978]LogModuleManager: Shutting down and abandoning module MainFrame (274)
[2018.03.26-00.46.22:229][978]LogModuleManager: Shutting down and abandoning module HotReload (273)
[2018.03.26-00.46.22:229][978]LogModuleManager: Shutting down and abandoning module RuntimePhysXCooking (268)
[2018.03.26-00.46.22:229][978]LogModuleManager: Shutting down and abandoning module PhysXVehiclesEditor (266)
[2018.03.26-00.46.22:229][978]LogModuleManager: Shutting down and abandoning module PhysXVehicles (264)
[2018.03.26-00.46.22:229][978]LogModuleManager: Shutting down and abandoning module OculusEditor (262)
[2018.03.26-00.46.22:229][978]LogModuleManager: Shutting down and abandoning module LocationServicesBPLibrary (260)
[2018.03.26-00.46.22:229][978]LogModuleManager: Shutting down and abandoning module ImmediatePhysicsEditor (258)
[2018.03.26-00.46.22:229][978]LogModuleManager: Shutting down and abandoning module ImmediatePhysics (256)
[2018.03.26-00.46.22:230][978]LogModuleManager: Shutting down and abandoning module UdpMessaging (254)
[2018.03.26-00.46.22:333][978]LogModuleManager: Shutting down and abandoning module TcpMessaging (252)
[2018.03.26-00.46.22:433][978]LogModuleManager: Shutting down and abandoning module GameplayTagsEditor (250)
[2018.03.26-00.46.22:434][978]LogModuleManager: Shutting down and abandoning module FacialAnimationEditor (248)
[2018.03.26-00.46.22:434][978]LogModuleManager: Shutting down and abandoning module FacialAnimation (246)
[2018.03.26-00.46.22:434][978]LogModuleManager: Shutting down and abandoning module AssetManagerEditor (244)
[2018.03.26-00.46.22:435][978]LogModuleManager: Shutting down and abandoning module GraphEditor (243)
[2018.03.26-00.46.22:436][978]LogModuleManager: Shutting down and abandoning module ContentBrowser (241)
[2018.03.26-00.46.22:437][978]LogModuleManager: Shutting down and abandoning module LightPropagationVolumeRuntime (238)
[2018.03.26-00.46.22:437][978]LogModuleManager: Shutting down and abandoning module Paper2D (236)
[2018.03.26-00.46.22:437][978]LogModuleManager: Shutting down and abandoning module WindowsMoviePlayer (234)
[2018.03.26-00.46.22:437][978]LogModuleManager: Shutting down and abandoning module WmfMedia (232)
[2018.03.26-00.46.22:440][978]LogModuleManager: Shutting down and abandoning module ImgMedia (230)
[2018.03.26-00.46.22:440][978]LogModuleManager: Shutting down and abandoning module PacketHandler (228)
[2018.03.26-00.46.22:440][978]LogModuleManager: Shutting down and abandoning module ClothingSystemEditor (226)
[2018.03.26-00.46.22:440][978]LogModuleManager: Shutting down and abandoning module ClothingSystemRuntime (224)
[2018.03.26-00.46.22:440][978]LogModuleManager: Shutting down and abandoning module MediaAssets (222)
[2018.03.26-00.46.22:440][978]LogModuleManager: Shutting down and abandoning module Media (221)
[2018.03.26-00.46.22:447][978]LogModuleManager: Shutting down and abandoning module Overlay (218)
[2018.03.26-00.46.22:447][978]LogModuleManager: Shutting down and abandoning module OverlayEditor (217)
[2018.03.26-00.46.22:447][978]LogModuleManager: Shutting down and abandoning module VREditor (214)
[2018.03.26-00.46.22:448][978]LogModuleManager: Shutting down and abandoning module StringTableEditor (212)
[2018.03.26-00.46.22:448][978]LogModuleManager: Shutting down and abandoning module GameplayTasksEditor (210)
[2018.03.26-00.46.22:448][978]LogModuleManager: Shutting down and abandoning module BehaviorTreeEditor (208)
[2018.03.26-00.46.22:450][978]LogModuleManager: Shutting down and abandoning module FunctionalTesting (206)
[2018.03.26-00.46.22:450][978]LogModuleManager: Shutting down and abandoning module CollisionAnalyzer (204)
[2018.03.26-00.46.22:451][978]LogModuleManager: Shutting down and abandoning module WorkspaceMenuStructure (203)
[2018.03.26-00.46.22:451][978]LogModuleManager: Shutting down and abandoning module UMG (200)
[2018.03.26-00.46.22:451][978]LogModuleManager: Shutting down and abandoning module UMGEditor (199)
[2018.03.26-00.46.22:454][978]LogModuleManager: Shutting down and abandoning module Sequencer (198)
[2018.03.26-00.46.22:455][978]LogModuleManager: Shutting down and abandoning module MessageLog (195)
[2018.03.26-00.46.22:455][978]LogModuleManager: Shutting down and abandoning module SlateReflector (190)
[2018.03.26-00.46.22:458][978]LogModuleManager: Shutting down and abandoning module Slate (188)
[2018.03.26-00.46.22:458][978]LogModuleManager: Shutting down and abandoning module EditorStyle (186)
[2018.03.26-00.46.22:460][978]LogModuleManager: Shutting down and abandoning module MRMesh (184)
[2018.03.26-00.46.22:460][978]LogModuleManager: Shutting down and abandoning module SourceCodeAccess (182)
[2018.03.26-00.46.22:460][978]LogModuleManager: Shutting down and abandoning module HeadMountedDisplay (180)
[2018.03.26-00.46.22:460][978]LogModuleManager: Shutting down and abandoning module XAudio2 (178)
[2018.03.26-00.46.22:460][978]LogModuleManager: Shutting down and abandoning module Networking (176)
[2018.03.26-00.46.22:460][978]LogModuleManager: Shutting down and abandoning module Core (172)
[2018.03.26-00.46.22:460][978]LogModuleManager: Shutting down and abandoning module LevelSequence (168)
[2018.03.26-00.46.22:460][978]LogModuleManager: Shutting down and abandoning module DirectoryWatcher (166)
[2018.03.26-00.46.22:461][978]LogModuleManager: Shutting down and abandoning module KismetCompiler (164)
[2018.03.26-00.46.22:461][978]LogModuleManager: Shutting down and abandoning module MeshUtilities (162)
[2018.03.26-00.46.22:462][978]LogModuleManager: Shutting down and abandoning module MeshMergeUtilities (161)
[2018.03.26-00.46.22:462][978]LogModuleManager: Shutting down and abandoning module MeshReductionInterface (160)
[2018.03.26-00.46.22:463][978]LogModuleManager: Shutting down and abandoning module SimplygonSwarm (159)
[2018.03.26-00.46.22:463][978]LogModuleManager: Shutting down and abandoning module SimplygonMeshReduction (157)
[2018.03.26-00.46.22:463][978]LogModuleManager: Shutting down and abandoning module QuadricMeshReduction (155)
[2018.03.26-00.46.22:463][978]LogModuleManager: Shutting down and abandoning module MaterialBaking (151)
[2018.03.26-00.46.22:463][978]LogModuleManager: Shutting down and abandoning module DerivedDataCache (148)
[2018.03.26-00.46.22:499][978]LogDerivedDataCache: Shutdown
[2018.03.26-00.46.22:499][978]LogModuleManager: Shutting down and abandoning module TargetPlatform (146)
[2018.03.26-00.46.22:499][978]LogModuleManager: Shutting down and abandoning module VulkanShaderFormat (145)
[2018.03.26-00.46.22:499][978]LogModuleManager: Shutting down and abandoning module ShaderFormatVectorVM (143)
[2018.03.26-00.46.22:500][978]LogModuleManager: Shutting down and abandoning module ShaderFormatOpenGL (141)
[2018.03.26-00.46.22:500][978]LogModuleManager: Shutting down and abandoning module ShaderFormatD3D (139)
[2018.03.26-00.46.22:500][978]LogModuleManager: Shutting down and abandoning module MetalShaderFormat (137)
[2018.03.26-00.46.22:501][978]LogModuleManager: Shutting down and abandoning module TextureFormatUncompressed (135)
[2018.03.26-00.46.22:501][978]LogModuleManager: Shutting down and abandoning module TextureFormatPVR (133)
[2018.03.26-00.46.22:501][978]LogModuleManager: Shutting down and abandoning module TextureFormatDXT (131)
[2018.03.26-00.46.22:501][978]LogModuleManager: Shutting down and abandoning module TextureFormatIntelISPCTexComp (129)
[2018.03.26-00.46.22:501][978]LogModuleManager: Shutting down and abandoning module TextureFormatASTC (127)
[2018.03.26-00.46.22:501][978]LogModuleManager: Shutting down and abandoning module ImageWrapper (126)
[2018.03.26-00.46.22:501][978]LogModuleManager: Shutting down and abandoning module TextureFormatAndroid (123)
[2018.03.26-00.46.22:501][978]LogModuleManager: Shutting down and abandoning module AudioFormatOpus (121)
[2018.03.26-00.46.22:501][978]LogModuleManager: Shutting down and abandoning module AudioFormatOgg (119)
[2018.03.26-00.46.22:501][978]LogModuleManager: Shutting down and abandoning module AudioFormatADPCM (117)
[2018.03.26-00.46.22:501][978]LogModuleManager: Shutting down and abandoning module LinuxTargetPlatform (115)
[2018.03.26-00.46.22:501][978]LogModuleManager: Shutting down and abandoning module LinuxServerTargetPlatform (113)
[2018.03.26-00.46.22:501][978]LogModuleManager: Shutting down and abandoning module LinuxNoEditorTargetPlatform (111)
[2018.03.26-00.46.22:501][978]LogModuleManager: Shutting down and abandoning module LinuxClientTargetPlatform (109)
[2018.03.26-00.46.22:501][978]LogModuleManager: Shutting down and abandoning module TVOSTargetPlatform (107)
[2018.03.26-00.46.22:501][978]LogModuleManager: Shutting down and abandoning module Messaging (105)
[2018.03.26-00.46.22:501][978]LogModuleManager: Shutting down and abandoning module IOSTargetPlatform (103)
[2018.03.26-00.46.22:501][978]LogModuleManager: Shutting down and abandoning module HTML5TargetPlatform (101)
[2018.03.26-00.46.22:501][978]LogModuleManager: Shutting down and abandoning module AndroidTargetPlatform (99)
[2018.03.26-00.46.22:501][978]LogModuleManager: Shutting down and abandoning module Android_PVRTCTargetPlatform (97)
[2018.03.26-00.46.22:501][978]LogModuleManager: Shutting down and abandoning module Android_MultiTargetPlatform (95)
[2018.03.26-00.46.22:501][978]LogModuleManager: Shutting down and abandoning module Android_ETC2TargetPlatform (93)
[2018.03.26-00.46.22:501][978]LogModuleManager: Shutting down and abandoning module Android_ETC1TargetPlatform (91)
[2018.03.26-00.46.22:501][978]LogModuleManager: Shutting down and abandoning module Android_DXTTargetPlatform (89)
[2018.03.26-00.46.22:501][978]LogModuleManager: Shutting down and abandoning module Android_ATCTargetPlatform (87)
[2018.03.26-00.46.22:501][978]LogModuleManager: Shutting down and abandoning module Android_ASTCTargetPlatform (85)
[2018.03.26-00.46.22:501][978]LogModuleManager: Shutting down and abandoning module WindowsTargetPlatform (83)
[2018.03.26-00.46.22:501][978]LogModuleManager: Shutting down and abandoning module WindowsServerTargetPlatform (81)
[2018.03.26-00.46.22:501][978]LogModuleManager: Shutting down and abandoning module WindowsNoEditorTargetPlatform (79)
[2018.03.26-00.46.22:501][978]LogModuleManager: Shutting down and abandoning module WindowsClientTargetPlatform (77)
[2018.03.26-00.46.22:501][978]LogModuleManager: Shutting down and abandoning module MacTargetPlatform (75)
[2018.03.26-00.46.22:501][978]LogModuleManager: Shutting down and abandoning module MacServerTargetPlatform (73)
[2018.03.26-00.46.22:501][978]LogModuleManager: Shutting down and abandoning module MacNoEditorTargetPlatform (71)
[2018.03.26-00.46.22:501][978]LogModuleManager: Shutting down and abandoning module MacClientTargetPlatform (69)
[2018.03.26-00.46.22:501][978]LogModuleManager: Shutting down and abandoning module AllDesktopTargetPlatform (67)
[2018.03.26-00.46.22:501][978]LogModuleManager: Shutting down and abandoning module InputCore (64)
[2018.03.26-00.46.22:501][978]LogModuleManager: Shutting down and abandoning module Settings (62)
[2018.03.26-00.46.22:501][978]LogModuleManager: Shutting down and abandoning module PhysXCooking (60)
[2018.03.26-00.46.22:501][978]LogModuleManager: Shutting down and abandoning module SteamVR (58)
[2018.03.26-00.46.22:501][978]LogModuleManager: Shutting down and abandoning module OculusHMD (56)
[2018.03.26-00.46.22:502][978]LogModuleManager: Shutting down and abandoning module ExampleDeviceProfileSelector (54)
[2018.03.26-00.46.22:502][978]LogModuleManager: Shutting down and abandoning module AppleARKit (52)
[2018.03.26-00.46.22:502][978]LogModuleManager: Shutting down and abandoning module AugmentedReality (51)
[2018.03.26-00.46.22:502][978]LogModuleManager: Shutting down and abandoning module OnlineBlueprintSupport (48)
[2018.03.26-00.46.22:502][978]LogModuleManager: Shutting down and abandoning module OnlineSubsystem (44)
[2018.03.26-00.46.22:502][978]LogModuleManager: Shutting down and abandoning module XMPP (43)
[2018.03.26-00.46.22:503][978]LogModuleManager: Shutting down and abandoning module HTTP (41)
[2018.03.26-00.46.22:503][978]LogHttp: Display: Http module shutting down, but needs to wait on 1 outstanding Http requests:
[2018.03.26-00.46.22:503][978]LogHttp: Display: 	verb=[POST] url=[https://datarouter.ol.epicgames.com/datarouter/api/v1/public/data?SessionID=%7BD86A4863-430D-62D8-A083-33B82750A517%7D&AppID=UEEditor.Rocket.Release&AppVersion=4.18.3-3832480%2B%2B%2BUE4%2BRelease-4.18&UserID=f53795d748fab136336c728077b84937%7C89841296403e4bcab15f22abaa4805e2%7C21e2bc3e-fe4a-4705-b0a4-3e8c393e162c&AppEnvironment=datacollector-binary&UploadType=eteventstream] status=Processing
[2018.03.26-00.46.22:524][978]LogModuleManager: Shutting down and abandoning module SSL (40)
[2018.03.26-00.46.22:525][978]LogModuleManager: Shutting down and abandoning module AnimationModifiers (36)
[2018.03.26-00.46.22:526][978]LogModuleManager: Shutting down and abandoning module PropertyEditor (35)
[2018.03.26-00.46.22:526][978]LogModuleManager: Shutting down and abandoning module AudioEditor (32)
[2018.03.26-00.46.22:527][978]LogModuleManager: Shutting down and abandoning module TextureCompressor (30)
[2018.03.26-00.46.22:527][978]LogModuleManager: Shutting down and abandoning module ShaderCore (28)
[2018.03.26-00.46.22:527][978]LogModuleManager: Shutting down and abandoning module Landscape (26)
[2018.03.26-00.46.22:527][978]LogModuleManager: Shutting down and abandoning module SlateRHIRenderer (24)
[2018.03.26-00.46.22:528][978]LogModuleManager: Shutting down and abandoning module OpenGLDrv (22)
[2018.03.26-00.46.22:529][978]LogModuleManager: Shutting down and abandoning module D3D11RHI (20)
[2018.03.26-00.46.22:529][978]LogModuleManager: Shutting down and abandoning module AnimGraphRuntime (18)
[2018.03.26-00.46.22:530][978]LogModuleManager: Shutting down and abandoning module Renderer (16)
[2018.03.26-00.46.22:530][978]LogModuleManager: Shutting down and abandoning module Engine (14)
[2018.03.26-00.46.22:530][978]LogModuleManager: Shutting down and abandoning module CoreUObject (12)
[2018.03.26-00.46.22:530][978]LogModuleManager: Shutting down and abandoning module NetworkFile (10)
[2018.03.26-00.46.22:530][978]LogModuleManager: Shutting down and abandoning module CookedIterativeFile (8)
[2018.03.26-00.46.22:530][978]LogModuleManager: Shutting down and abandoning module StreamingFile (6)
[2018.03.26-00.46.22:530][978]LogModuleManager: Shutting down and abandoning module SandboxFile (4)
[2018.03.26-00.46.22:530][978]LogModuleManager: Shutting down and abandoning module PakFile (2)
[2018.03.26-00.46.22:534][978]LogExit: Exiting.
[2018.03.26-00.46.22:554][978]Log file closed, 03/25/18 20:46:22
